This file contains any messages produced by compilers while
running configure, to aid debugging if configure makes a mistake.

It was created by GNU C Runtime Library configure 1.0, which was
generated by GNU Autoconf 2.64.  Invocation command line was

  $ /home/niranjan/labwork/gcc-4.5.1/libgcc/configure --cache-file=./config.cache --enable-multilib --prefix=/home/niranjan/labwork/gcc-4.5.1/objdir/../installdir --disable-bootstrap --with-gmp=/home/niranjan/labwork/gcc-4.5.1/objdir/../gmp_req/installdir --with-mpc=/home/niranjan/labwork/gcc-4.5.1/objdir/../mpc-0.8.2/installdir --with-ppl=/home/niranjan/labwork/gcc-4.5.1/objdir/../ppl-0.10/installdir --with-cloog=/home/niranjan/labwork/gcc-4.5.1/objdir/../cloog-ppl --with-libelf=/home/niranjan/labwork/gcc-4.5.1/objdir/../libelf-0.8.12/installdir --with-mpfr=/home/niranjan/labwork/gcc-4.5.1/objdir/../mpfr-3.0.0/installdir --with-dwarf2 --enable-languages=c,lto --program-transform-name=s,y,y, --disable-option-checking --with-target-subdir=i686-pc-linux-gnu --build=i686-pc-linux-gnu --host=i686-pc-linux-gnu --target=i686-pc-linux-gnu --srcdir=../../../libgcc

## --------- ##
## Platform. ##
## --------- ##

hostname = niranjan-seagate
uname -m = i686
uname -r = 2.6.32-34-generic
uname -s = Linux
uname -v = #77-Ubuntu SMP Tue Sep 13 19:40:53 UTC 2011

/usr/bin/uname -p = unknown
/bin/uname -X     = unknown

/bin/arch              = unknown
/usr/bin/arch -k       = unknown
/usr/convex/getsysinfo = unknown
/usr/bin/hostinfo      = unknown
/bin/machine           = unknown
/usr/bin/oslevel       = unknown
/bin/universe          = unknown

PATH: /usr/local/sbin
PATH: /usr/local/bin
PATH: /usr/sbin
PATH: /usr/bin
PATH: /sbin
PATH: /bin
PATH: /usr/games
PATH: /home/niranjan/labwork/PEBIL-0.2.3327/bin


## ----------- ##
## Core tests. ##
## ----------- ##

configure:1739: creating cache ./config.cache
configure:1900: checking for --enable-version-specific-runtime-libs
configure:1913: result: no
configure:1961: checking for a BSD-compatible install
configure:2029: result: /usr/bin/install -c
configure:2045: checking for gawk
configure:2072: result: gawk
configure:2092: checking build system type
configure:2106: result: i686-pc-linux-gnu
configure:2126: checking host system type
configure:2139: result: i686-pc-linux-gnu
configure:2210: checking for i686-pc-linux-gnu-ar
configure:2237: result: ar
configure:2302: checking for i686-pc-linux-gnu-lipo
configure:2329: result: lipo
configure:2394: checking for i686-pc-linux-gnu-nm
configure:2421: result: /home/niranjan/labwork/gcc-4.5.1/objdir/./gcc/nm
configure:2486: checking for i686-pc-linux-gnu-ranlib
configure:2513: result: ranlib
configure:2578: checking for i686-pc-linux-gnu-strip
configure:2605: result: strip
configure:2667: checking whether ln -s works
configure:2671: result: yes
configure:2688: checking for i686-pc-linux-gnu-gcc
configure:2715: result: /home/niranjan/labwork/gcc-4.5.1/objdir/./gcc/xgcc -B/home/niranjan/labwork/gcc-4.5.1/objdir/./gcc/ -B/home/niranjan/labwork/gcc-4.5.1/objdir/../installdir/i686-pc-linux-gnu/bin/ -B/home/niranjan/labwork/gcc-4.5.1/objdir/../installdir/i686-pc-linux-gnu/lib/ -isystem /home/niranjan/labwork/gcc-4.5.1/objdir/../installdir/i686-pc-linux-gnu/include -isystem /home/niranjan/labwork/gcc-4.5.1/objdir/../installdir/i686-pc-linux-gnu/sys-include   
configure:2984: checking for C compiler version
configure:2993: /home/niranjan/labwork/gcc-4.5.1/objdir/./gcc/xgcc -B/home/niranjan/labwork/gcc-4.5.1/objdir/./gcc/ -B/home/niranjan/labwork/gcc-4.5.1/objdir/../installdir/i686-pc-linux-gnu/bin/ -B/home/niranjan/labwork/gcc-4.5.1/objdir/../installdir/i686-pc-linux-gnu/lib/ -isystem /home/niranjan/labwork/gcc-4.5.1/objdir/../installdir/i686-pc-linux-gnu/include -isystem /home/niranjan/labwork/gcc-4.5.1/objdir/../installdir/i686-pc-linux-gnu/sys-include    --version >&5
xgcc (GCC) 4.5.1
Copyright (C) 2010 Free Software Foundation, Inc.
This is free software; see the source for copying conditions.  There is NO
warranty; not even for MERCHANTABILITY or FITNESS FOR A PARTICULAR PURPOSE.

configure:3004: $? = 0
configure:2993: /home/niranjan/labwork/gcc-4.5.1/objdir/./gcc/xgcc -B/home/niranjan/labwork/gcc-4.5.1/objdir/./gcc/ -B/home/niranjan/labwork/gcc-4.5.1/objdir/../installdir/i686-pc-linux-gnu/bin/ -B/home/niranjan/labwork/gcc-4.5.1/objdir/../installdir/i686-pc-linux-gnu/lib/ -isystem /home/niranjan/labwork/gcc-4.5.1/objdir/../installdir/i686-pc-linux-gnu/include -isystem /home/niranjan/labwork/gcc-4.5.1/objdir/../installdir/i686-pc-linux-gnu/sys-include    -v >&5
Reading specs from /home/niranjan/labwork/gcc-4.5.1/objdir/./gcc/specs
COLLECT_GCC=/home/niranjan/labwork/gcc-4.5.1/objdir/./gcc/xgcc
COLLECT_LTO_WRAPPER=/home/niranjan/labwork/gcc-4.5.1/objdir/./gcc/lto-wrapper
Target: i686-pc-linux-gnu
Configured with: ../configure --prefix=/home/niranjan/labwork/gcc-4.5.1/objdir/../installdir --disable-bootstrap --enable-languages=c --with-gmp=/home/niranjan/labwork/gcc-4.5.1/objdir/../gmp_req/installdir --with-mpc=/home/niranjan/labwork/gcc-4.5.1/objdir/../mpc-0.8.2/installdir --with-ppl=/home/niranjan/labwork/gcc-4.5.1/objdir/../ppl-0.10/installdir --with-cloog=/home/niranjan/labwork/gcc-4.5.1/objdir/../cloog-ppl --with-libelf=/home/niranjan/labwork/gcc-4.5.1/objdir/../libelf-0.8.12/installdir --with-mpfr=/home/niranjan/labwork/gcc-4.5.1/objdir/../mpfr-3.0.0/installdir --with-dwarf2
Thread model: posix
gcc version 4.5.1 (GCC) 
configure:3004: $? = 0
configure:2993: /home/niranjan/labwork/gcc-4.5.1/objdir/./gcc/xgcc -B/home/niranjan/labwork/gcc-4.5.1/objdir/./gcc/ -B/home/niranjan/labwork/gcc-4.5.1/objdir/../installdir/i686-pc-linux-gnu/bin/ -B/home/niranjan/labwork/gcc-4.5.1/objdir/../installdir/i686-pc-linux-gnu/lib/ -isystem /home/niranjan/labwork/gcc-4.5.1/objdir/../installdir/i686-pc-linux-gnu/include -isystem /home/niranjan/labwork/gcc-4.5.1/objdir/../installdir/i686-pc-linux-gnu/sys-include    -V >&5
xgcc: '-V' must come at the start of the command line
configure:3004: $? = 1
configure:2993: /home/niranjan/labwork/gcc-4.5.1/objdir/./gcc/xgcc -B/home/niranjan/labwork/gcc-4.5.1/objdir/./gcc/ -B/home/niranjan/labwork/gcc-4.5.1/objdir/../installdir/i686-pc-linux-gnu/bin/ -B/home/niranjan/labwork/gcc-4.5.1/objdir/../installdir/i686-pc-linux-gnu/lib/ -isystem /home/niranjan/labwork/gcc-4.5.1/objdir/../installdir/i686-pc-linux-gnu/include -isystem /home/niranjan/labwork/gcc-4.5.1/objdir/../installdir/i686-pc-linux-gnu/sys-include    -qversion >&5
xgcc: unrecognized option '-qversion'
xgcc: no input files
configure:3004: $? = 1
configure:3020: /home/niranjan/labwork/gcc-4.5.1/objdir/./gcc/xgcc -B/home/niranjan/labwork/gcc-4.5.1/objdir/./gcc/ -B/home/niranjan/labwork/gcc-4.5.1/objdir/../installdir/i686-pc-linux-gnu/bin/ -B/home/niranjan/labwork/gcc-4.5.1/objdir/../installdir/i686-pc-linux-gnu/lib/ -isystem /home/niranjan/labwork/gcc-4.5.1/objdir/../installdir/i686-pc-linux-gnu/include -isystem /home/niranjan/labwork/gcc-4.5.1/objdir/../installdir/i686-pc-linux-gnu/sys-include    -o conftest -O2 -g   conftest.c  >&5
/usr/bin/ld: crtbegin.o: No such file: No such file or directory
collect2: ld returned 1 exit status
configure:3023: $? = 1
configure:3211: checking for suffix of object files
configure:3233: /home/niranjan/labwork/gcc-4.5.1/objdir/./gcc/xgcc -B/home/niranjan/labwork/gcc-4.5.1/objdir/./gcc/ -B/home/niranjan/labwork/gcc-4.5.1/objdir/../installdir/i686-pc-linux-gnu/bin/ -B/home/niranjan/labwork/gcc-4.5.1/objdir/../installdir/i686-pc-linux-gnu/lib/ -isystem /home/niranjan/labwork/gcc-4.5.1/objdir/../installdir/i686-pc-linux-gnu/include -isystem /home/niranjan/labwork/gcc-4.5.1/objdir/../installdir/i686-pc-linux-gnu/sys-include    -c -O2 -g  conftest.c >&5
configure:3237: $? = 0
configure:3258: result: o
configure:3262: checking whether we are using the GNU C compiler
configure:3281: /home/niranjan/labwork/gcc-4.5.1/objdir/./gcc/xgcc -B/home/niranjan/labwork/gcc-4.5.1/objdir/./gcc/ -B/home/niranjan/labwork/gcc-4.5.1/objdir/../installdir/i686-pc-linux-gnu/bin/ -B/home/niranjan/labwork/gcc-4.5.1/objdir/../installdir/i686-pc-linux-gnu/lib/ -isystem /home/niranjan/labwork/gcc-4.5.1/objdir/../installdir/i686-pc-linux-gnu/include -isystem /home/niranjan/labwork/gcc-4.5.1/objdir/../installdir/i686-pc-linux-gnu/sys-include    -c -O2 -g  conftest.c >&5
configure:3281: $? = 0
configure:3290: result: yes
configure:3299: checking whether /home/niranjan/labwork/gcc-4.5.1/objdir/./gcc/xgcc -B/home/niranjan/labwork/gcc-4.5.1/objdir/./gcc/ -B/home/niranjan/labwork/gcc-4.5.1/objdir/../installdir/i686-pc-linux-gnu/bin/ -B/home/niranjan/labwork/gcc-4.5.1/objdir/../installdir/i686-pc-linux-gnu/lib/ -isystem /home/niranjan/labwork/gcc-4.5.1/objdir/../installdir/i686-pc-linux-gnu/include -isystem /home/niranjan/labwork/gcc-4.5.1/objdir/../installdir/i686-pc-linux-gnu/sys-include    accepts -g
configure:3319: /home/niranjan/labwork/gcc-4.5.1/objdir/./gcc/xgcc -B/home/niranjan/labwork/gcc-4.5.1/objdir/./gcc/ -B/home/niranjan/labwork/gcc-4.5.1/objdir/../installdir/i686-pc-linux-gnu/bin/ -B/home/niranjan/labwork/gcc-4.5.1/objdir/../installdir/i686-pc-linux-gnu/lib/ -isystem /home/niranjan/labwork/gcc-4.5.1/objdir/../installdir/i686-pc-linux-gnu/include -isystem /home/niranjan/labwork/gcc-4.5.1/objdir/../installdir/i686-pc-linux-gnu/sys-include    -c -g  conftest.c >&5
configure:3319: $? = 0
configure:3360: result: yes
configure:3377: checking for /home/niranjan/labwork/gcc-4.5.1/objdir/./gcc/xgcc -B/home/niranjan/labwork/gcc-4.5.1/objdir/./gcc/ -B/home/niranjan/labwork/gcc-4.5.1/objdir/../installdir/i686-pc-linux-gnu/bin/ -B/home/niranjan/labwork/gcc-4.5.1/objdir/../installdir/i686-pc-linux-gnu/lib/ -isystem /home/niranjan/labwork/gcc-4.5.1/objdir/../installdir/i686-pc-linux-gnu/include -isystem /home/niranjan/labwork/gcc-4.5.1/objdir/../installdir/i686-pc-linux-gnu/sys-include    option to accept ISO C89
configure:3441: /home/niranjan/labwork/gcc-4.5.1/objdir/./gcc/xgcc -B/home/niranjan/labwork/gcc-4.5.1/objdir/./gcc/ -B/home/niranjan/labwork/gcc-4.5.1/objdir/../installdir/i686-pc-linux-gnu/bin/ -B/home/niranjan/labwork/gcc-4.5.1/objdir/../installdir/i686-pc-linux-gnu/lib/ -isystem /home/niranjan/labwork/gcc-4.5.1/objdir/../installdir/i686-pc-linux-gnu/include -isystem /home/niranjan/labwork/gcc-4.5.1/objdir/../installdir/i686-pc-linux-gnu/sys-include     -c -O2 -g  conftest.c >&5
configure:3441: $? = 0
configure:3454: result: none needed
configure:3479: checking how to run the C preprocessor
configure:3510: /home/niranjan/labwork/gcc-4.5.1/objdir/./gcc/xgcc -B/home/niranjan/labwork/gcc-4.5.1/objdir/./gcc/ -B/home/niranjan/labwork/gcc-4.5.1/objdir/../installdir/i686-pc-linux-gnu/bin/ -B/home/niranjan/labwork/gcc-4.5.1/objdir/../installdir/i686-pc-linux-gnu/lib/ -isystem /home/niranjan/labwork/gcc-4.5.1/objdir/../installdir/i686-pc-linux-gnu/include -isystem /home/niranjan/labwork/gcc-4.5.1/objdir/../installdir/i686-pc-linux-gnu/sys-include    -E  conftest.c
configure:3510: $? = 0
configure:3524: /home/niranjan/labwork/gcc-4.5.1/objdir/./gcc/xgcc -B/home/niranjan/labwork/gcc-4.5.1/objdir/./gcc/ -B/home/niranjan/labwork/gcc-4.5.1/objdir/../installdir/i686-pc-linux-gnu/bin/ -B/home/niranjan/labwork/gcc-4.5.1/objdir/../installdir/i686-pc-linux-gnu/lib/ -isystem /home/niranjan/labwork/gcc-4.5.1/objdir/../installdir/i686-pc-linux-gnu/include -isystem /home/niranjan/labwork/gcc-4.5.1/objdir/../installdir/i686-pc-linux-gnu/sys-include    -E  conftest.c
conftest.c:9:28: fatal error: ac_nonexistent.h: No such file or directory
compilation terminated.
configure:3524: $? = 1
configure: failed program was:
| /* confdefs.h */
| #define PACKAGE_NAME "GNU C Runtime Library"
| #define PACKAGE_TARNAME "libgcc"
| #define PACKAGE_VERSION "1.0"
| #define PACKAGE_STRING "GNU C Runtime Library 1.0"
| #define PACKAGE_BUGREPORT ""
| #define PACKAGE_URL "http://www.gnu.org/software/libgcc/"
| /* end confdefs.h.  */
| #include <ac_nonexistent.h>
configure:3549: result: /home/niranjan/labwork/gcc-4.5.1/objdir/./gcc/xgcc -B/home/niranjan/labwork/gcc-4.5.1/objdir/./gcc/ -B/home/niranjan/labwork/gcc-4.5.1/objdir/../installdir/i686-pc-linux-gnu/bin/ -B/home/niranjan/labwork/gcc-4.5.1/objdir/../installdir/i686-pc-linux-gnu/lib/ -isystem /home/niranjan/labwork/gcc-4.5.1/objdir/../installdir/i686-pc-linux-gnu/include -isystem /home/niranjan/labwork/gcc-4.5.1/objdir/../installdir/i686-pc-linux-gnu/sys-include    -E
configure:3569: /home/niranjan/labwork/gcc-4.5.1/objdir/./gcc/xgcc -B/home/niranjan/labwork/gcc-4.5.1/objdir/./gcc/ -B/home/niranjan/labwork/gcc-4.5.1/objdir/../installdir/i686-pc-linux-gnu/bin/ -B/home/niranjan/labwork/gcc-4.5.1/objdir/../installdir/i686-pc-linux-gnu/lib/ -isystem /home/niranjan/labwork/gcc-4.5.1/objdir/../installdir/i686-pc-linux-gnu/include -isystem /home/niranjan/labwork/gcc-4.5.1/objdir/../installdir/i686-pc-linux-gnu/sys-include    -E  conftest.c
configure:3569: $? = 0
configure:3583: /home/niranjan/labwork/gcc-4.5.1/objdir/./gcc/xgcc -B/home/niranjan/labwork/gcc-4.5.1/objdir/./gcc/ -B/home/niranjan/labwork/gcc-4.5.1/objdir/../installdir/i686-pc-linux-gnu/bin/ -B/home/niranjan/labwork/gcc-4.5.1/objdir/../installdir/i686-pc-linux-gnu/lib/ -isystem /home/niranjan/labwork/gcc-4.5.1/objdir/../installdir/i686-pc-linux-gnu/include -isystem /home/niranjan/labwork/gcc-4.5.1/objdir/../installdir/i686-pc-linux-gnu/sys-include    -E  conftest.c
conftest.c:9:28: fatal error: ac_nonexistent.h: No such file or directory
compilation terminated.
configure:3583: $? = 1
configure: failed program was:
| /* confdefs.h */
| #define PACKAGE_NAME "GNU C Runtime Library"
| #define PACKAGE_TARNAME "libgcc"
| #define PACKAGE_VERSION "1.0"
| #define PACKAGE_STRING "GNU C Runtime Library 1.0"
| #define PACKAGE_BUGREPORT ""
| #define PACKAGE_URL "http://www.gnu.org/software/libgcc/"
| /* end confdefs.h.  */
| #include <ac_nonexistent.h>
configure:3616: checking whether decimal floating point is supported
configure:3625: /home/niranjan/labwork/gcc-4.5.1/objdir/./gcc/xgcc -B/home/niranjan/labwork/gcc-4.5.1/objdir/./gcc/ -B/home/niranjan/labwork/gcc-4.5.1/objdir/../installdir/i686-pc-linux-gnu/bin/ -B/home/niranjan/labwork/gcc-4.5.1/objdir/../installdir/i686-pc-linux-gnu/lib/ -isystem /home/niranjan/labwork/gcc-4.5.1/objdir/../installdir/i686-pc-linux-gnu/include -isystem /home/niranjan/labwork/gcc-4.5.1/objdir/../installdir/i686-pc-linux-gnu/sys-include    -c -O2 -g  conftest.c >&5
configure:3625: $? = 0
configure:3632: result: yes
configure:3674: checking whether fixed-point is supported
configure:3683: /home/niranjan/labwork/gcc-4.5.1/objdir/./gcc/xgcc -B/home/niranjan/labwork/gcc-4.5.1/objdir/./gcc/ -B/home/niranjan/labwork/gcc-4.5.1/objdir/../installdir/i686-pc-linux-gnu/bin/ -B/home/niranjan/labwork/gcc-4.5.1/objdir/../installdir/i686-pc-linux-gnu/lib/ -isystem /home/niranjan/labwork/gcc-4.5.1/objdir/../installdir/i686-pc-linux-gnu/include -isystem /home/niranjan/labwork/gcc-4.5.1/objdir/../installdir/i686-pc-linux-gnu/sys-include    -c -O2 -g  conftest.c >&5
conftest.c:9:6: error: fixed-point types not supported for this target
configure:3683: $? = 1
configure: failed program was:
| /* confdefs.h */
| #define PACKAGE_NAME "GNU C Runtime Library"
| #define PACKAGE_TARNAME "libgcc"
| #define PACKAGE_VERSION "1.0"
| #define PACKAGE_STRING "GNU C Runtime Library 1.0"
| #define PACKAGE_BUGREPORT ""
| #define PACKAGE_URL "http://www.gnu.org/software/libgcc/"
| /* end confdefs.h.  */
| _Sat _Fract x;
configure:3690: result: no
configure:3740: checking for __attribute__((visibility("hidden")))
configure:3749: /home/niranjan/labwork/gcc-4.5.1/objdir/./gcc/xgcc -B/home/niranjan/labwork/gcc-4.5.1/objdir/./gcc/ -B/home/niranjan/labwork/gcc-4.5.1/objdir/../installdir/i686-pc-linux-gnu/bin/ -B/home/niranjan/labwork/gcc-4.5.1/objdir/../installdir/i686-pc-linux-gnu/lib/ -isystem /home/niranjan/labwork/gcc-4.5.1/objdir/../installdir/i686-pc-linux-gnu/include -isystem /home/niranjan/labwork/gcc-4.5.1/objdir/../installdir/i686-pc-linux-gnu/sys-include    -Werror -S conftest.c -o conftest.s 1>&5
configure:3752: $? = 0
configure:3761: result: yes
configure:3789: checking whether the target assembler supports thread-local storage
configure:3799: /home/niranjan/labwork/gcc-4.5.1/objdir/./gcc/xgcc -B/home/niranjan/labwork/gcc-4.5.1/objdir/./gcc/ -B/home/niranjan/labwork/gcc-4.5.1/objdir/../installdir/i686-pc-linux-gnu/bin/ -B/home/niranjan/labwork/gcc-4.5.1/objdir/../installdir/i686-pc-linux-gnu/lib/ -isystem /home/niranjan/labwork/gcc-4.5.1/objdir/../installdir/i686-pc-linux-gnu/include -isystem /home/niranjan/labwork/gcc-4.5.1/objdir/../installdir/i686-pc-linux-gnu/sys-include    -c -O2 -g  conftest.c >&5
configure:3799: $? = 0
configure:3807: result: yes
configure:3817: checking whether the thread-local storage support is from emutls
configure:3826: /home/niranjan/labwork/gcc-4.5.1/objdir/./gcc/xgcc -B/home/niranjan/labwork/gcc-4.5.1/objdir/./gcc/ -B/home/niranjan/labwork/gcc-4.5.1/objdir/../installdir/i686-pc-linux-gnu/bin/ -B/home/niranjan/labwork/gcc-4.5.1/objdir/../installdir/i686-pc-linux-gnu/lib/ -isystem /home/niranjan/labwork/gcc-4.5.1/objdir/../installdir/i686-pc-linux-gnu/include -isystem /home/niranjan/labwork/gcc-4.5.1/objdir/../installdir/i686-pc-linux-gnu/sys-include    -Werror -S -o conftest.s conftest.c 1>&5
configure:3829: $? = 0
configure:3838: result: no
configure:3937: updating cache ./config.cache
configure:4010: creating ./config.status

## ---------------------- ##
## Running config.status. ##
## ---------------------- ##

This file was extended by GNU C Runtime Library config.status 1.0, which was
generated by GNU Autoconf 2.64.  Invocation command line was

  CONFIG_FILES    = 
  CONFIG_HEADERS  = 
  CONFIG_LINKS    = 
  CONFIG_COMMANDS = 
  $ ./config.status 

on niranjan-seagate

config.status:784: creating Makefile
config.status:934: executing default commands

## ---------------- ##
## Cache variables. ##
## ---------------- ##

ac_cv_build=i686-pc-linux-gnu
ac_cv_c_compiler_gnu=yes
ac_cv_env_CC_set=set
ac_cv_env_CC_value='/home/niranjan/labwork/gcc-4.5.1/objdir/./gcc/xgcc -B/home/niranjan/labwork/gcc-4.5.1/objdir/./gcc/ -B/home/niranjan/labwork/gcc-4.5.1/objdir/../installdir/i686-pc-linux-gnu/bin/ -B/home/niranjan/labwork/gcc-4.5.1/objdir/../installdir/i686-pc-linux-gnu/lib/ -isystem /home/niranjan/labwork/gcc-4.5.1/objdir/../installdir/i686-pc-linux-gnu/include -isystem /home/niranjan/labwork/gcc-4.5.1/objdir/../installdir/i686-pc-linux-gnu/sys-include   '
ac_cv_env_CFLAGS_set=set
ac_cv_env_CFLAGS_value='-O2 -g'
ac_cv_env_CPPFLAGS_set=set
ac_cv_env_CPPFLAGS_value=
ac_cv_env_CPP_set=
ac_cv_env_CPP_value=
ac_cv_env_LDFLAGS_set=set
ac_cv_env_LDFLAGS_value=
ac_cv_env_LIBS_set=
ac_cv_env_LIBS_value=
ac_cv_env_build_alias_set=set
ac_cv_env_build_alias_value=i686-pc-linux-gnu
ac_cv_env_host_alias_set=set
ac_cv_env_host_alias_value=i686-pc-linux-gnu
ac_cv_env_target_alias_set=set
ac_cv_env_target_alias_value=i686-pc-linux-gnu
ac_cv_host=i686-pc-linux-gnu
ac_cv_objext=o
ac_cv_prog_AR=ar
ac_cv_prog_AWK=gawk
ac_cv_prog_CC='/home/niranjan/labwork/gcc-4.5.1/objdir/./gcc/xgcc -B/home/niranjan/labwork/gcc-4.5.1/objdir/./gcc/ -B/home/niranjan/labwork/gcc-4.5.1/objdir/../installdir/i686-pc-linux-gnu/bin/ -B/home/niranjan/labwork/gcc-4.5.1/objdir/../installdir/i686-pc-linux-gnu/lib/ -isystem /home/niranjan/labwork/gcc-4.5.1/objdir/../installdir/i686-pc-linux-gnu/include -isystem /home/niranjan/labwork/gcc-4.5.1/objdir/../installdir/i686-pc-linux-gnu/sys-include   '
ac_cv_prog_CPP='/home/niranjan/labwork/gcc-4.5.1/objdir/./gcc/xgcc -B/home/niranjan/labwork/gcc-4.5.1/objdir/./gcc/ -B/home/niranjan/labwork/gcc-4.5.1/objdir/../installdir/i686-pc-linux-gnu/bin/ -B/home/niranjan/labwork/gcc-4.5.1/objdir/../installdir/i686-pc-linux-gnu/lib/ -isystem /home/niranjan/labwork/gcc-4.5.1/objdir/../installdir/i686-pc-linux-gnu/include -isystem /home/niranjan/labwork/gcc-4.5.1/objdir/../installdir/i686-pc-linux-gnu/sys-include    -E'
ac_cv_prog_LIPO=lipo
ac_cv_prog_NM=/home/niranjan/labwork/gcc-4.5.1/objdir/./gcc/nm
ac_cv_prog_RANLIB=ranlib
ac_cv_prog_STRIP=strip
ac_cv_prog_cc_c89=
ac_cv_prog_cc_g=yes
gcc_cv_have_cc_tls=yes
gcc_cv_use_emutls=no
libgcc_cv_dfp=yes
libgcc_cv_fixed_point=no
libgcc_cv_hidden_visibility_attribute=yes

## ----------------- ##
## Output variables. ##
## ----------------- ##

AR='ar'
AWK='gawk'
CC='/home/niranjan/labwork/gcc-4.5.1/objdir/./gcc/xgcc -B/home/niranjan/labwork/gcc-4.5.1/objdir/./gcc/ -B/home/niranjan/labwork/gcc-4.5.1/objdir/../installdir/i686-pc-linux-gnu/bin/ -B/home/niranjan/labwork/gcc-4.5.1/objdir/../installdir/i686-pc-linux-gnu/lib/ -isystem /home/niranjan/labwork/gcc-4.5.1/objdir/../installdir/i686-pc-linux-gnu/include -isystem /home/niranjan/labwork/gcc-4.5.1/objdir/../installdir/i686-pc-linux-gnu/sys-include   '
CFLAGS='-O2 -g'
CPP='/home/niranjan/labwork/gcc-4.5.1/objdir/./gcc/xgcc -B/home/niranjan/labwork/gcc-4.5.1/objdir/./gcc/ -B/home/niranjan/labwork/gcc-4.5.1/objdir/../installdir/i686-pc-linux-gnu/bin/ -B/home/niranjan/labwork/gcc-4.5.1/objdir/../installdir/i686-pc-linux-gnu/lib/ -isystem /home/niranjan/labwork/gcc-4.5.1/objdir/../installdir/i686-pc-linux-gnu/include -isystem /home/niranjan/labwork/gcc-4.5.1/objdir/../installdir/i686-pc-linux-gnu/sys-include    -E'
CPPFLAGS=''
DEFS='-DPACKAGE_NAME=\"GNU\ C\ Runtime\ Library\" -DPACKAGE_TARNAME=\"libgcc\" -DPACKAGE_VERSION=\"1.0\" -DPACKAGE_STRING=\"GNU\ C\ Runtime\ Library\ 1.0\" -DPACKAGE_BUGREPORT=\"\" -DPACKAGE_URL=\"http://www.gnu.org/software/libgcc/\"'
ECHO_C=''
ECHO_N='-n'
ECHO_T=''
EXEEXT=''
INSTALL_DATA='/usr/bin/install -c -m 644'
INSTALL_PROGRAM='/usr/bin/install -c'
INSTALL_SCRIPT='/usr/bin/install -c'
LDFLAGS=''
LIBOBJS=''
LIBS=''
LIPO='lipo'
LN_S='ln -s'
LTLIBOBJS=''
MAINT='#'
NM='/home/niranjan/labwork/gcc-4.5.1/objdir/./gcc/nm'
OBJEXT='o'
PACKAGE_BUGREPORT=''
PACKAGE_NAME='GNU C Runtime Library'
PACKAGE_STRING='GNU C Runtime Library 1.0'
PACKAGE_TARNAME='libgcc'
PACKAGE_URL='http://www.gnu.org/software/libgcc/'
PACKAGE_VERSION='1.0'
PATH_SEPARATOR=':'
RANLIB='ranlib'
SHELL='/bin/bash'
STRIP='strip'
ac_ct_CC=''
asm_hidden_op='.hidden'
bindir='${exec_prefix}/bin'
build='i686-pc-linux-gnu'
build_alias='i686-pc-linux-gnu'
build_cpu='i686'
build_libsubdir='build-i686-pc-linux-gnu'
build_os='linux-gnu'
build_subdir='build-i686-pc-linux-gnu'
build_vendor='pc'
datadir='${datarootdir}'
datarootdir='${prefix}/share'
decimal_float='yes'
docdir='${datarootdir}/doc/${PACKAGE_TARNAME}'
dvidir='${docdir}'
enable_decimal_float='bid'
enable_shared='yes'
exec_prefix='${prefix}'
extra_parts='crtbegin.o crtbeginS.o crtbeginT.o crtend.o crtendS.o crtprec32.o crtprec64.o crtprec80.o crtfastmath.o'
fixed_point='no'
host='i686-pc-linux-gnu'
host_alias='i686-pc-linux-gnu'
host_cpu='i686'
host_noncanonical='i686-pc-linux-gnu'
host_os='linux-gnu'
host_subdir='.'
host_vendor='pc'
htmldir='${docdir}'
includedir='${prefix}/include'
infodir='${datarootdir}/info'
libdir='${exec_prefix}/lib'
libexecdir='${exec_prefix}/libexec'
libgcc_topdir='../../../libgcc/..'
localedir='${datarootdir}/locale'
localstatedir='${prefix}/var'
mandir='${datarootdir}/man'
oldincludedir='/usr/include'
pdfdir='${docdir}'
prefix='/home/niranjan/labwork/gcc-4.5.1/objdir/../installdir'
program_transform_name='s,y,y,'
psdir='${docdir}'
sbindir='${exec_prefix}/sbin'
set_have_cc_tls='-DHAVE_CC_TLS'
set_use_emutls=''
sharedstatedir='${prefix}/com'
slibdir='$(libdir)'
sysconfdir='${prefix}/etc'
target_alias='i686-pc-linux-gnu'
target_subdir='i686-pc-linux-gnu'
tmake_file=' $(srcdir)/config/i386/t-crtpc $(srcdir)/config/i386/t-crtfm $(srcdir)/config/t-tls $(srcdir)/config/t-softfp $(srcdir)/config/i386/32/t-fprules-softfp'
vis_hide='-fvisibility=hidden -DHIDE_EXPORTS'

## ----------- ##
## confdefs.h. ##
## ----------- ##

/* confdefs.h */
#define PACKAGE_NAME "GNU C Runtime Library"
#define PACKAGE_TARNAME "libgcc"
#define PACKAGE_VERSION "1.0"
#define PACKAGE_STRING "GNU C Runtime Library 1.0"
#define PACKAGE_BUGREPORT ""
#define PACKAGE_URL "http://www.gnu.org/software/libgcc/"

configure: exit 0
