This file contains any messages produced by compilers while
running configure, to aid debugging if configure makes a mistake.

It was created by libssp configure 1.0, which was
generated by GNU Autoconf 2.64.  Invocation command line was

  $ /home/niranjan/labwork/gcc-4.5.1/libssp/configure --cache-file=./config.cache --enable-multilib --prefix=/home/niranjan/labwork/gcc-4.5.1/objdir/../installdir --disable-bootstrap --with-gmp=/home/niranjan/labwork/gcc-4.5.1/objdir/../gmp_req/installdir --with-mpc=/home/niranjan/labwork/gcc-4.5.1/objdir/../mpc-0.8.2/installdir --with-ppl=/home/niranjan/labwork/gcc-4.5.1/objdir/../ppl-0.10/installdir --with-cloog=/home/niranjan/labwork/gcc-4.5.1/objdir/../cloog-ppl --with-libelf=/home/niranjan/labwork/gcc-4.5.1/objdir/../libelf-0.8.12/installdir --with-mpfr=/home/niranjan/labwork/gcc-4.5.1/objdir/../mpfr-3.0.0/installdir --with-dwarf2 --enable-languages=c,lto --program-transform-name=s,y,y, --disable-option-checking --with-target-subdir=i686-pc-linux-gnu --build=i686-pc-linux-gnu --host=i686-pc-linux-gnu --target=i686-pc-linux-gnu --srcdir=../../../libssp

## --------- ##
## Platform. ##
## --------- ##

hostname = niranjan-seagate
uname -m = i686
uname -r = 2.6.32-34-generic
uname -s = Linux
uname -v = #77-Ubuntu SMP Tue Sep 13 19:40:53 UTC 2011

/usr/bin/uname -p = unknown
/bin/uname -X     = unknown

/bin/arch              = unknown
/usr/bin/arch -k       = unknown
/usr/convex/getsysinfo = unknown
/usr/bin/hostinfo      = unknown
/bin/machine           = unknown
/usr/bin/oslevel       = unknown
/bin/universe          = unknown

PATH: /usr/local/sbin
PATH: /usr/local/bin
PATH: /usr/sbin
PATH: /usr/bin
PATH: /sbin
PATH: /bin
PATH: /usr/games
PATH: /home/niranjan/labwork/PEBIL-0.2.3327/bin


## ----------- ##
## Core tests. ##
## ----------- ##

configure:2101: creating cache ./config.cache
configure:2205: checking build system type
configure:2219: result: i686-pc-linux-gnu
configure:2239: checking host system type
configure:2252: result: i686-pc-linux-gnu
configure:2272: checking target system type
configure:2285: result: i686-pc-linux-gnu
configure:2346: checking for a BSD-compatible install
configure:2414: result: /usr/bin/install -c
configure:2425: checking whether build environment is sane
configure:2475: result: yes
configure:2616: checking for a thread-safe mkdir -p
configure:2655: result: /bin/mkdir -p
configure:2668: checking for gawk
configure:2695: result: gawk
configure:2706: checking whether make sets $(MAKE)
configure:2728: result: yes
configure:2809: checking for --enable-version-specific-runtime-libs
configure:2822: result: no
configure:2826: checking whether to enable maintainer-specific portions of Makefiles
configure:2835: result: no
configure:2916: checking for i686-pc-linux-gnu-gcc
configure:2943: result: /home/niranjan/labwork/gcc-4.5.1/objdir/./gcc/xgcc -B/home/niranjan/labwork/gcc-4.5.1/objdir/./gcc/ -B/home/niranjan/labwork/gcc-4.5.1/objdir/../installdir/i686-pc-linux-gnu/bin/ -B/home/niranjan/labwork/gcc-4.5.1/objdir/../installdir/i686-pc-linux-gnu/lib/ -isystem /home/niranjan/labwork/gcc-4.5.1/objdir/../installdir/i686-pc-linux-gnu/include -isystem /home/niranjan/labwork/gcc-4.5.1/objdir/../installdir/i686-pc-linux-gnu/sys-include   
configure:3212: checking for C compiler version
configure:3221: /home/niranjan/labwork/gcc-4.5.1/objdir/./gcc/xgcc -B/home/niranjan/labwork/gcc-4.5.1/objdir/./gcc/ -B/home/niranjan/labwork/gcc-4.5.1/objdir/../installdir/i686-pc-linux-gnu/bin/ -B/home/niranjan/labwork/gcc-4.5.1/objdir/../installdir/i686-pc-linux-gnu/lib/ -isystem /home/niranjan/labwork/gcc-4.5.1/objdir/../installdir/i686-pc-linux-gnu/include -isystem /home/niranjan/labwork/gcc-4.5.1/objdir/../installdir/i686-pc-linux-gnu/sys-include    --version >&5
xgcc (GCC) 4.5.1
Copyright (C) 2010 Free Software Foundation, Inc.
This is free software; see the source for copying conditions.  There is NO
warranty; not even for MERCHANTABILITY or FITNESS FOR A PARTICULAR PURPOSE.

configure:3232: $? = 0
configure:3221: /home/niranjan/labwork/gcc-4.5.1/objdir/./gcc/xgcc -B/home/niranjan/labwork/gcc-4.5.1/objdir/./gcc/ -B/home/niranjan/labwork/gcc-4.5.1/objdir/../installdir/i686-pc-linux-gnu/bin/ -B/home/niranjan/labwork/gcc-4.5.1/objdir/../installdir/i686-pc-linux-gnu/lib/ -isystem /home/niranjan/labwork/gcc-4.5.1/objdir/../installdir/i686-pc-linux-gnu/include -isystem /home/niranjan/labwork/gcc-4.5.1/objdir/../installdir/i686-pc-linux-gnu/sys-include    -v >&5
Reading specs from /home/niranjan/labwork/gcc-4.5.1/objdir/./gcc/specs
COLLECT_GCC=/home/niranjan/labwork/gcc-4.5.1/objdir/./gcc/xgcc
COLLECT_LTO_WRAPPER=/home/niranjan/labwork/gcc-4.5.1/objdir/./gcc/lto-wrapper
Target: i686-pc-linux-gnu
Configured with: ../configure --prefix=/home/niranjan/labwork/gcc-4.5.1/objdir/../installdir --disable-bootstrap --enable-languages=c --with-gmp=/home/niranjan/labwork/gcc-4.5.1/objdir/../gmp_req/installdir --with-mpc=/home/niranjan/labwork/gcc-4.5.1/objdir/../mpc-0.8.2/installdir --with-ppl=/home/niranjan/labwork/gcc-4.5.1/objdir/../ppl-0.10/installdir --with-cloog=/home/niranjan/labwork/gcc-4.5.1/objdir/../cloog-ppl --with-libelf=/home/niranjan/labwork/gcc-4.5.1/objdir/../libelf-0.8.12/installdir --with-mpfr=/home/niranjan/labwork/gcc-4.5.1/objdir/../mpfr-3.0.0/installdir --with-dwarf2
Thread model: posix
gcc version 4.5.1 (GCC) 
configure:3232: $? = 0
configure:3221: /home/niranjan/labwork/gcc-4.5.1/objdir/./gcc/xgcc -B/home/niranjan/labwork/gcc-4.5.1/objdir/./gcc/ -B/home/niranjan/labwork/gcc-4.5.1/objdir/../installdir/i686-pc-linux-gnu/bin/ -B/home/niranjan/labwork/gcc-4.5.1/objdir/../installdir/i686-pc-linux-gnu/lib/ -isystem /home/niranjan/labwork/gcc-4.5.1/objdir/../installdir/i686-pc-linux-gnu/include -isystem /home/niranjan/labwork/gcc-4.5.1/objdir/../installdir/i686-pc-linux-gnu/sys-include    -V >&5
xgcc: '-V' must come at the start of the command line
configure:3232: $? = 1
configure:3221: /home/niranjan/labwork/gcc-4.5.1/objdir/./gcc/xgcc -B/home/niranjan/labwork/gcc-4.5.1/objdir/./gcc/ -B/home/niranjan/labwork/gcc-4.5.1/objdir/../installdir/i686-pc-linux-gnu/bin/ -B/home/niranjan/labwork/gcc-4.5.1/objdir/../installdir/i686-pc-linux-gnu/lib/ -isystem /home/niranjan/labwork/gcc-4.5.1/objdir/../installdir/i686-pc-linux-gnu/include -isystem /home/niranjan/labwork/gcc-4.5.1/objdir/../installdir/i686-pc-linux-gnu/sys-include    -qversion >&5
xgcc: unrecognized option '-qversion'
xgcc: no input files
configure:3232: $? = 1
configure:3248: /home/niranjan/labwork/gcc-4.5.1/objdir/./gcc/xgcc -B/home/niranjan/labwork/gcc-4.5.1/objdir/./gcc/ -B/home/niranjan/labwork/gcc-4.5.1/objdir/../installdir/i686-pc-linux-gnu/bin/ -B/home/niranjan/labwork/gcc-4.5.1/objdir/../installdir/i686-pc-linux-gnu/lib/ -isystem /home/niranjan/labwork/gcc-4.5.1/objdir/../installdir/i686-pc-linux-gnu/include -isystem /home/niranjan/labwork/gcc-4.5.1/objdir/../installdir/i686-pc-linux-gnu/sys-include    -o conftest -O2 -g   conftest.c  >&5
configure:3251: $? = 0
configure:3280: checking for C compiler default output file name
configure:3302: /home/niranjan/labwork/gcc-4.5.1/objdir/./gcc/xgcc -B/home/niranjan/labwork/gcc-4.5.1/objdir/./gcc/ -B/home/niranjan/labwork/gcc-4.5.1/objdir/../installdir/i686-pc-linux-gnu/bin/ -B/home/niranjan/labwork/gcc-4.5.1/objdir/../installdir/i686-pc-linux-gnu/lib/ -isystem /home/niranjan/labwork/gcc-4.5.1/objdir/../installdir/i686-pc-linux-gnu/include -isystem /home/niranjan/labwork/gcc-4.5.1/objdir/../installdir/i686-pc-linux-gnu/sys-include    -O2 -g   conftest.c  >&5
configure:3306: $? = 0
configure:3343: result: a.out
configure:3359: checking whether the C compiler works
configure:3368: ./a.out
configure:3372: $? = 0
configure:3387: result: yes
configure:3394: checking whether we are cross compiling
configure:3396: result: no
configure:3399: checking for suffix of executables
configure:3406: /home/niranjan/labwork/gcc-4.5.1/objdir/./gcc/xgcc -B/home/niranjan/labwork/gcc-4.5.1/objdir/./gcc/ -B/home/niranjan/labwork/gcc-4.5.1/objdir/../installdir/i686-pc-linux-gnu/bin/ -B/home/niranjan/labwork/gcc-4.5.1/objdir/../installdir/i686-pc-linux-gnu/lib/ -isystem /home/niranjan/labwork/gcc-4.5.1/objdir/../installdir/i686-pc-linux-gnu/include -isystem /home/niranjan/labwork/gcc-4.5.1/objdir/../installdir/i686-pc-linux-gnu/sys-include    -o conftest -O2 -g   conftest.c  >&5
configure:3410: $? = 0
configure:3432: result: 
configure:3439: checking for suffix of object files
configure:3461: /home/niranjan/labwork/gcc-4.5.1/objdir/./gcc/xgcc -B/home/niranjan/labwork/gcc-4.5.1/objdir/./gcc/ -B/home/niranjan/labwork/gcc-4.5.1/objdir/../installdir/i686-pc-linux-gnu/bin/ -B/home/niranjan/labwork/gcc-4.5.1/objdir/../installdir/i686-pc-linux-gnu/lib/ -isystem /home/niranjan/labwork/gcc-4.5.1/objdir/../installdir/i686-pc-linux-gnu/include -isystem /home/niranjan/labwork/gcc-4.5.1/objdir/../installdir/i686-pc-linux-gnu/sys-include    -c -O2 -g  conftest.c >&5
configure:3465: $? = 0
configure:3486: result: o
configure:3490: checking whether we are using the GNU C compiler
configure:3509: /home/niranjan/labwork/gcc-4.5.1/objdir/./gcc/xgcc -B/home/niranjan/labwork/gcc-4.5.1/objdir/./gcc/ -B/home/niranjan/labwork/gcc-4.5.1/objdir/../installdir/i686-pc-linux-gnu/bin/ -B/home/niranjan/labwork/gcc-4.5.1/objdir/../installdir/i686-pc-linux-gnu/lib/ -isystem /home/niranjan/labwork/gcc-4.5.1/objdir/../installdir/i686-pc-linux-gnu/include -isystem /home/niranjan/labwork/gcc-4.5.1/objdir/../installdir/i686-pc-linux-gnu/sys-include    -c -O2 -g  conftest.c >&5
configure:3509: $? = 0
configure:3518: result: yes
configure:3527: checking whether /home/niranjan/labwork/gcc-4.5.1/objdir/./gcc/xgcc -B/home/niranjan/labwork/gcc-4.5.1/objdir/./gcc/ -B/home/niranjan/labwork/gcc-4.5.1/objdir/../installdir/i686-pc-linux-gnu/bin/ -B/home/niranjan/labwork/gcc-4.5.1/objdir/../installdir/i686-pc-linux-gnu/lib/ -isystem /home/niranjan/labwork/gcc-4.5.1/objdir/../installdir/i686-pc-linux-gnu/include -isystem /home/niranjan/labwork/gcc-4.5.1/objdir/../installdir/i686-pc-linux-gnu/sys-include    accepts -g
configure:3547: /home/niranjan/labwork/gcc-4.5.1/objdir/./gcc/xgcc -B/home/niranjan/labwork/gcc-4.5.1/objdir/./gcc/ -B/home/niranjan/labwork/gcc-4.5.1/objdir/../installdir/i686-pc-linux-gnu/bin/ -B/home/niranjan/labwork/gcc-4.5.1/objdir/../installdir/i686-pc-linux-gnu/lib/ -isystem /home/niranjan/labwork/gcc-4.5.1/objdir/../installdir/i686-pc-linux-gnu/include -isystem /home/niranjan/labwork/gcc-4.5.1/objdir/../installdir/i686-pc-linux-gnu/sys-include    -c -g  conftest.c >&5
configure:3547: $? = 0
configure:3588: result: yes
configure:3605: checking for /home/niranjan/labwork/gcc-4.5.1/objdir/./gcc/xgcc -B/home/niranjan/labwork/gcc-4.5.1/objdir/./gcc/ -B/home/niranjan/labwork/gcc-4.5.1/objdir/../installdir/i686-pc-linux-gnu/bin/ -B/home/niranjan/labwork/gcc-4.5.1/objdir/../installdir/i686-pc-linux-gnu/lib/ -isystem /home/niranjan/labwork/gcc-4.5.1/objdir/../installdir/i686-pc-linux-gnu/include -isystem /home/niranjan/labwork/gcc-4.5.1/objdir/../installdir/i686-pc-linux-gnu/sys-include    option to accept ISO C89
configure:3669: /home/niranjan/labwork/gcc-4.5.1/objdir/./gcc/xgcc -B/home/niranjan/labwork/gcc-4.5.1/objdir/./gcc/ -B/home/niranjan/labwork/gcc-4.5.1/objdir/../installdir/i686-pc-linux-gnu/bin/ -B/home/niranjan/labwork/gcc-4.5.1/objdir/../installdir/i686-pc-linux-gnu/lib/ -isystem /home/niranjan/labwork/gcc-4.5.1/objdir/../installdir/i686-pc-linux-gnu/include -isystem /home/niranjan/labwork/gcc-4.5.1/objdir/../installdir/i686-pc-linux-gnu/sys-include     -c -O2 -g  conftest.c >&5
configure:3669: $? = 0
configure:3682: result: none needed
configure:3713: checking for style of include used by make
configure:3741: result: GNU
configure:3766: checking dependency style of /home/niranjan/labwork/gcc-4.5.1/objdir/./gcc/xgcc -B/home/niranjan/labwork/gcc-4.5.1/objdir/./gcc/ -B/home/niranjan/labwork/gcc-4.5.1/objdir/../installdir/i686-pc-linux-gnu/bin/ -B/home/niranjan/labwork/gcc-4.5.1/objdir/../installdir/i686-pc-linux-gnu/lib/ -isystem /home/niranjan/labwork/gcc-4.5.1/objdir/../installdir/i686-pc-linux-gnu/include -isystem /home/niranjan/labwork/gcc-4.5.1/objdir/../installdir/i686-pc-linux-gnu/sys-include   
configure:3876: result: gcc3
configure:3903: checking how to run the C preprocessor
configure:3934: /home/niranjan/labwork/gcc-4.5.1/objdir/./gcc/xgcc -B/home/niranjan/labwork/gcc-4.5.1/objdir/./gcc/ -B/home/niranjan/labwork/gcc-4.5.1/objdir/../installdir/i686-pc-linux-gnu/bin/ -B/home/niranjan/labwork/gcc-4.5.1/objdir/../installdir/i686-pc-linux-gnu/lib/ -isystem /home/niranjan/labwork/gcc-4.5.1/objdir/../installdir/i686-pc-linux-gnu/include -isystem /home/niranjan/labwork/gcc-4.5.1/objdir/../installdir/i686-pc-linux-gnu/sys-include    -E  conftest.c
configure:3934: $? = 0
configure:3948: /home/niranjan/labwork/gcc-4.5.1/objdir/./gcc/xgcc -B/home/niranjan/labwork/gcc-4.5.1/objdir/./gcc/ -B/home/niranjan/labwork/gcc-4.5.1/objdir/../installdir/i686-pc-linux-gnu/bin/ -B/home/niranjan/labwork/gcc-4.5.1/objdir/../installdir/i686-pc-linux-gnu/lib/ -isystem /home/niranjan/labwork/gcc-4.5.1/objdir/../installdir/i686-pc-linux-gnu/include -isystem /home/niranjan/labwork/gcc-4.5.1/objdir/../installdir/i686-pc-linux-gnu/sys-include    -E  conftest.c
conftest.c:11:28: fatal error: ac_nonexistent.h: No such file or directory
compilation terminated.
configure:3948: $? = 1
configure: failed program was:
| /* confdefs.h */
| #define PACKAGE_NAME "libssp"
| #define PACKAGE_TARNAME "libssp"
| #define PACKAGE_VERSION "1.0"
| #define PACKAGE_STRING "libssp 1.0"
| #define PACKAGE_BUGREPORT ""
| #define PACKAGE_URL ""
| #define PACKAGE "libssp"
| #define VERSION "1.0"
| /* end confdefs.h.  */
| #include <ac_nonexistent.h>
configure:3973: result: /home/niranjan/labwork/gcc-4.5.1/objdir/./gcc/xgcc -B/home/niranjan/labwork/gcc-4.5.1/objdir/./gcc/ -B/home/niranjan/labwork/gcc-4.5.1/objdir/../installdir/i686-pc-linux-gnu/bin/ -B/home/niranjan/labwork/gcc-4.5.1/objdir/../installdir/i686-pc-linux-gnu/lib/ -isystem /home/niranjan/labwork/gcc-4.5.1/objdir/../installdir/i686-pc-linux-gnu/include -isystem /home/niranjan/labwork/gcc-4.5.1/objdir/../installdir/i686-pc-linux-gnu/sys-include    -E
configure:3993: /home/niranjan/labwork/gcc-4.5.1/objdir/./gcc/xgcc -B/home/niranjan/labwork/gcc-4.5.1/objdir/./gcc/ -B/home/niranjan/labwork/gcc-4.5.1/objdir/../installdir/i686-pc-linux-gnu/bin/ -B/home/niranjan/labwork/gcc-4.5.1/objdir/../installdir/i686-pc-linux-gnu/lib/ -isystem /home/niranjan/labwork/gcc-4.5.1/objdir/../installdir/i686-pc-linux-gnu/include -isystem /home/niranjan/labwork/gcc-4.5.1/objdir/../installdir/i686-pc-linux-gnu/sys-include    -E  conftest.c
configure:3993: $? = 0
configure:4007: /home/niranjan/labwork/gcc-4.5.1/objdir/./gcc/xgcc -B/home/niranjan/labwork/gcc-4.5.1/objdir/./gcc/ -B/home/niranjan/labwork/gcc-4.5.1/objdir/../installdir/i686-pc-linux-gnu/bin/ -B/home/niranjan/labwork/gcc-4.5.1/objdir/../installdir/i686-pc-linux-gnu/lib/ -isystem /home/niranjan/labwork/gcc-4.5.1/objdir/../installdir/i686-pc-linux-gnu/include -isystem /home/niranjan/labwork/gcc-4.5.1/objdir/../installdir/i686-pc-linux-gnu/sys-include    -E  conftest.c
conftest.c:11:28: fatal error: ac_nonexistent.h: No such file or directory
compilation terminated.
configure:4007: $? = 1
configure: failed program was:
| /* confdefs.h */
| #define PACKAGE_NAME "libssp"
| #define PACKAGE_TARNAME "libssp"
| #define PACKAGE_VERSION "1.0"
| #define PACKAGE_STRING "libssp 1.0"
| #define PACKAGE_BUGREPORT ""
| #define PACKAGE_URL ""
| #define PACKAGE "libssp"
| #define VERSION "1.0"
| /* end confdefs.h.  */
| #include <ac_nonexistent.h>
configure:4036: checking whether -fstack-protector works
configure:4056: /home/niranjan/labwork/gcc-4.5.1/objdir/./gcc/xgcc -B/home/niranjan/labwork/gcc-4.5.1/objdir/./gcc/ -B/home/niranjan/labwork/gcc-4.5.1/objdir/../installdir/i686-pc-linux-gnu/bin/ -B/home/niranjan/labwork/gcc-4.5.1/objdir/../installdir/i686-pc-linux-gnu/lib/ -isystem /home/niranjan/labwork/gcc-4.5.1/objdir/../installdir/i686-pc-linux-gnu/include -isystem /home/niranjan/labwork/gcc-4.5.1/objdir/../installdir/i686-pc-linux-gnu/sys-include    -c -O2 -g -fstack-protector -Werror  conftest.c >&5
configure:4056: $? = 0
configure:4057: result: yes
configure:4066: checking whether hidden visibility is supported
configure:4080: /home/niranjan/labwork/gcc-4.5.1/objdir/./gcc/xgcc -B/home/niranjan/labwork/gcc-4.5.1/objdir/./gcc/ -B/home/niranjan/labwork/gcc-4.5.1/objdir/../installdir/i686-pc-linux-gnu/bin/ -B/home/niranjan/labwork/gcc-4.5.1/objdir/../installdir/i686-pc-linux-gnu/lib/ -isystem /home/niranjan/labwork/gcc-4.5.1/objdir/../installdir/i686-pc-linux-gnu/include -isystem /home/niranjan/labwork/gcc-4.5.1/objdir/../installdir/i686-pc-linux-gnu/sys-include    -c -O2 -g  conftest.c >&5
configure:4080: $? = 0
configure:4086: result: yes
configure:4094: checking whether symbol versioning is supported
configure:4122: /home/niranjan/labwork/gcc-4.5.1/objdir/./gcc/xgcc -B/home/niranjan/labwork/gcc-4.5.1/objdir/./gcc/ -B/home/niranjan/labwork/gcc-4.5.1/objdir/../installdir/i686-pc-linux-gnu/bin/ -B/home/niranjan/labwork/gcc-4.5.1/objdir/../installdir/i686-pc-linux-gnu/lib/ -isystem /home/niranjan/labwork/gcc-4.5.1/objdir/../installdir/i686-pc-linux-gnu/include -isystem /home/niranjan/labwork/gcc-4.5.1/objdir/../installdir/i686-pc-linux-gnu/sys-include    -o conftest -O2 -g   -fPIC -shared -Wl,--version-script,./conftest.map conftest.c  >&5
configure:4122: $? = 0
configure:4131: result: yes
configure:4143: checking for grep that handles long lines and -e
configure:4201: result: /bin/grep
configure:4206: checking for egrep
configure:4268: result: /bin/grep -E
configure:4273: checking for ANSI C header files
configure:4293: /home/niranjan/labwork/gcc-4.5.1/objdir/./gcc/xgcc -B/home/niranjan/labwork/gcc-4.5.1/objdir/./gcc/ -B/home/niranjan/labwork/gcc-4.5.1/objdir/../installdir/i686-pc-linux-gnu/bin/ -B/home/niranjan/labwork/gcc-4.5.1/objdir/../installdir/i686-pc-linux-gnu/lib/ -isystem /home/niranjan/labwork/gcc-4.5.1/objdir/../installdir/i686-pc-linux-gnu/include -isystem /home/niranjan/labwork/gcc-4.5.1/objdir/../installdir/i686-pc-linux-gnu/sys-include    -c -O2 -g  conftest.c >&5
configure:4293: $? = 0
configure:4366: /home/niranjan/labwork/gcc-4.5.1/objdir/./gcc/xgcc -B/home/niranjan/labwork/gcc-4.5.1/objdir/./gcc/ -B/home/niranjan/labwork/gcc-4.5.1/objdir/../installdir/i686-pc-linux-gnu/bin/ -B/home/niranjan/labwork/gcc-4.5.1/objdir/../installdir/i686-pc-linux-gnu/lib/ -isystem /home/niranjan/labwork/gcc-4.5.1/objdir/../installdir/i686-pc-linux-gnu/include -isystem /home/niranjan/labwork/gcc-4.5.1/objdir/../installdir/i686-pc-linux-gnu/sys-include    -o conftest -O2 -g   conftest.c  >&5
configure:4366: $? = 0
configure:4366: ./conftest
configure:4366: $? = 0
configure:4377: result: yes
configure:4390: checking for sys/types.h
configure:4390: /home/niranjan/labwork/gcc-4.5.1/objdir/./gcc/xgcc -B/home/niranjan/labwork/gcc-4.5.1/objdir/./gcc/ -B/home/niranjan/labwork/gcc-4.5.1/objdir/../installdir/i686-pc-linux-gnu/bin/ -B/home/niranjan/labwork/gcc-4.5.1/objdir/../installdir/i686-pc-linux-gnu/lib/ -isystem /home/niranjan/labwork/gcc-4.5.1/objdir/../installdir/i686-pc-linux-gnu/include -isystem /home/niranjan/labwork/gcc-4.5.1/objdir/../installdir/i686-pc-linux-gnu/sys-include    -c -O2 -g  conftest.c >&5
configure:4390: $? = 0
configure:4390: result: yes
configure:4390: checking for sys/stat.h
configure:4390: /home/niranjan/labwork/gcc-4.5.1/objdir/./gcc/xgcc -B/home/niranjan/labwork/gcc-4.5.1/objdir/./gcc/ -B/home/niranjan/labwork/gcc-4.5.1/objdir/../installdir/i686-pc-linux-gnu/bin/ -B/home/niranjan/labwork/gcc-4.5.1/objdir/../installdir/i686-pc-linux-gnu/lib/ -isystem /home/niranjan/labwork/gcc-4.5.1/objdir/../installdir/i686-pc-linux-gnu/include -isystem /home/niranjan/labwork/gcc-4.5.1/objdir/../installdir/i686-pc-linux-gnu/sys-include    -c -O2 -g  conftest.c >&5
configure:4390: $? = 0
configure:4390: result: yes
configure:4390: checking for stdlib.h
configure:4390: /home/niranjan/labwork/gcc-4.5.1/objdir/./gcc/xgcc -B/home/niranjan/labwork/gcc-4.5.1/objdir/./gcc/ -B/home/niranjan/labwork/gcc-4.5.1/objdir/../installdir/i686-pc-linux-gnu/bin/ -B/home/niranjan/labwork/gcc-4.5.1/objdir/../installdir/i686-pc-linux-gnu/lib/ -isystem /home/niranjan/labwork/gcc-4.5.1/objdir/../installdir/i686-pc-linux-gnu/include -isystem /home/niranjan/labwork/gcc-4.5.1/objdir/../installdir/i686-pc-linux-gnu/sys-include    -c -O2 -g  conftest.c >&5
configure:4390: $? = 0
configure:4390: result: yes
configure:4390: checking for string.h
configure:4390: /home/niranjan/labwork/gcc-4.5.1/objdir/./gcc/xgcc -B/home/niranjan/labwork/gcc-4.5.1/objdir/./gcc/ -B/home/niranjan/labwork/gcc-4.5.1/objdir/../installdir/i686-pc-linux-gnu/bin/ -B/home/niranjan/labwork/gcc-4.5.1/objdir/../installdir/i686-pc-linux-gnu/lib/ -isystem /home/niranjan/labwork/gcc-4.5.1/objdir/../installdir/i686-pc-linux-gnu/include -isystem /home/niranjan/labwork/gcc-4.5.1/objdir/../installdir/i686-pc-linux-gnu/sys-include    -c -O2 -g  conftest.c >&5
configure:4390: $? = 0
configure:4390: result: yes
configure:4390: checking for memory.h
configure:4390: /home/niranjan/labwork/gcc-4.5.1/objdir/./gcc/xgcc -B/home/niranjan/labwork/gcc-4.5.1/objdir/./gcc/ -B/home/niranjan/labwork/gcc-4.5.1/objdir/../installdir/i686-pc-linux-gnu/bin/ -B/home/niranjan/labwork/gcc-4.5.1/objdir/../installdir/i686-pc-linux-gnu/lib/ -isystem /home/niranjan/labwork/gcc-4.5.1/objdir/../installdir/i686-pc-linux-gnu/include -isystem /home/niranjan/labwork/gcc-4.5.1/objdir/../installdir/i686-pc-linux-gnu/sys-include    -c -O2 -g  conftest.c >&5
configure:4390: $? = 0
configure:4390: result: yes
configure:4390: checking for strings.h
configure:4390: /home/niranjan/labwork/gcc-4.5.1/objdir/./gcc/xgcc -B/home/niranjan/labwork/gcc-4.5.1/objdir/./gcc/ -B/home/niranjan/labwork/gcc-4.5.1/objdir/../installdir/i686-pc-linux-gnu/bin/ -B/home/niranjan/labwork/gcc-4.5.1/objdir/../installdir/i686-pc-linux-gnu/lib/ -isystem /home/niranjan/labwork/gcc-4.5.1/objdir/../installdir/i686-pc-linux-gnu/include -isystem /home/niranjan/labwork/gcc-4.5.1/objdir/../installdir/i686-pc-linux-gnu/sys-include    -c -O2 -g  conftest.c >&5
configure:4390: $? = 0
configure:4390: result: yes
configure:4390: checking for inttypes.h
configure:4390: /home/niranjan/labwork/gcc-4.5.1/objdir/./gcc/xgcc -B/home/niranjan/labwork/gcc-4.5.1/objdir/./gcc/ -B/home/niranjan/labwork/gcc-4.5.1/objdir/../installdir/i686-pc-linux-gnu/bin/ -B/home/niranjan/labwork/gcc-4.5.1/objdir/../installdir/i686-pc-linux-gnu/lib/ -isystem /home/niranjan/labwork/gcc-4.5.1/objdir/../installdir/i686-pc-linux-gnu/include -isystem /home/niranjan/labwork/gcc-4.5.1/objdir/../installdir/i686-pc-linux-gnu/sys-include    -c -O2 -g  conftest.c >&5
configure:4390: $? = 0
configure:4390: result: yes
configure:4390: checking for stdint.h
configure:4390: /home/niranjan/labwork/gcc-4.5.1/objdir/./gcc/xgcc -B/home/niranjan/labwork/gcc-4.5.1/objdir/./gcc/ -B/home/niranjan/labwork/gcc-4.5.1/objdir/../installdir/i686-pc-linux-gnu/bin/ -B/home/niranjan/labwork/gcc-4.5.1/objdir/../installdir/i686-pc-linux-gnu/lib/ -isystem /home/niranjan/labwork/gcc-4.5.1/objdir/../installdir/i686-pc-linux-gnu/include -isystem /home/niranjan/labwork/gcc-4.5.1/objdir/../installdir/i686-pc-linux-gnu/sys-include    -c -O2 -g  conftest.c >&5
configure:4390: $? = 0
configure:4390: result: yes
configure:4390: checking for unistd.h
configure:4390: /home/niranjan/labwork/gcc-4.5.1/objdir/./gcc/xgcc -B/home/niranjan/labwork/gcc-4.5.1/objdir/./gcc/ -B/home/niranjan/labwork/gcc-4.5.1/objdir/../installdir/i686-pc-linux-gnu/bin/ -B/home/niranjan/labwork/gcc-4.5.1/objdir/../installdir/i686-pc-linux-gnu/lib/ -isystem /home/niranjan/labwork/gcc-4.5.1/objdir/../installdir/i686-pc-linux-gnu/include -isystem /home/niranjan/labwork/gcc-4.5.1/objdir/../installdir/i686-pc-linux-gnu/sys-include    -c -O2 -g  conftest.c >&5
configure:4390: $? = 0
configure:4390: result: yes
configure:4406: checking alloca.h usability
configure:4406: /home/niranjan/labwork/gcc-4.5.1/objdir/./gcc/xgcc -B/home/niranjan/labwork/gcc-4.5.1/objdir/./gcc/ -B/home/niranjan/labwork/gcc-4.5.1/objdir/../installdir/i686-pc-linux-gnu/bin/ -B/home/niranjan/labwork/gcc-4.5.1/objdir/../installdir/i686-pc-linux-gnu/lib/ -isystem /home/niranjan/labwork/gcc-4.5.1/objdir/../installdir/i686-pc-linux-gnu/include -isystem /home/niranjan/labwork/gcc-4.5.1/objdir/../installdir/i686-pc-linux-gnu/sys-include    -c -O2 -g  conftest.c >&5
configure:4406: $? = 0
configure:4406: result: yes
configure:4406: checking alloca.h presence
configure:4406: /home/niranjan/labwork/gcc-4.5.1/objdir/./gcc/xgcc -B/home/niranjan/labwork/gcc-4.5.1/objdir/./gcc/ -B/home/niranjan/labwork/gcc-4.5.1/objdir/../installdir/i686-pc-linux-gnu/bin/ -B/home/niranjan/labwork/gcc-4.5.1/objdir/../installdir/i686-pc-linux-gnu/lib/ -isystem /home/niranjan/labwork/gcc-4.5.1/objdir/../installdir/i686-pc-linux-gnu/include -isystem /home/niranjan/labwork/gcc-4.5.1/objdir/../installdir/i686-pc-linux-gnu/sys-include    -E  conftest.c
configure:4406: $? = 0
configure:4406: result: yes
configure:4406: checking for alloca.h
configure:4406: result: yes
configure:4406: checking malloc.h usability
configure:4406: /home/niranjan/labwork/gcc-4.5.1/objdir/./gcc/xgcc -B/home/niranjan/labwork/gcc-4.5.1/objdir/./gcc/ -B/home/niranjan/labwork/gcc-4.5.1/objdir/../installdir/i686-pc-linux-gnu/bin/ -B/home/niranjan/labwork/gcc-4.5.1/objdir/../installdir/i686-pc-linux-gnu/lib/ -isystem /home/niranjan/labwork/gcc-4.5.1/objdir/../installdir/i686-pc-linux-gnu/include -isystem /home/niranjan/labwork/gcc-4.5.1/objdir/../installdir/i686-pc-linux-gnu/sys-include    -c -O2 -g  conftest.c >&5
configure:4406: $? = 0
configure:4406: result: yes
configure:4406: checking malloc.h presence
configure:4406: /home/niranjan/labwork/gcc-4.5.1/objdir/./gcc/xgcc -B/home/niranjan/labwork/gcc-4.5.1/objdir/./gcc/ -B/home/niranjan/labwork/gcc-4.5.1/objdir/../installdir/i686-pc-linux-gnu/bin/ -B/home/niranjan/labwork/gcc-4.5.1/objdir/../installdir/i686-pc-linux-gnu/lib/ -isystem /home/niranjan/labwork/gcc-4.5.1/objdir/../installdir/i686-pc-linux-gnu/include -isystem /home/niranjan/labwork/gcc-4.5.1/objdir/../installdir/i686-pc-linux-gnu/sys-include    -E  conftest.c
configure:4406: $? = 0
configure:4406: result: yes
configure:4406: checking for malloc.h
configure:4406: result: yes
configure:4406: checking paths.h usability
configure:4406: /home/niranjan/labwork/gcc-4.5.1/objdir/./gcc/xgcc -B/home/niranjan/labwork/gcc-4.5.1/objdir/./gcc/ -B/home/niranjan/labwork/gcc-4.5.1/objdir/../installdir/i686-pc-linux-gnu/bin/ -B/home/niranjan/labwork/gcc-4.5.1/objdir/../installdir/i686-pc-linux-gnu/lib/ -isystem /home/niranjan/labwork/gcc-4.5.1/objdir/../installdir/i686-pc-linux-gnu/include -isystem /home/niranjan/labwork/gcc-4.5.1/objdir/../installdir/i686-pc-linux-gnu/sys-include    -c -O2 -g  conftest.c >&5
configure:4406: $? = 0
configure:4406: result: yes
configure:4406: checking paths.h presence
configure:4406: /home/niranjan/labwork/gcc-4.5.1/objdir/./gcc/xgcc -B/home/niranjan/labwork/gcc-4.5.1/objdir/./gcc/ -B/home/niranjan/labwork/gcc-4.5.1/objdir/../installdir/i686-pc-linux-gnu/bin/ -B/home/niranjan/labwork/gcc-4.5.1/objdir/../installdir/i686-pc-linux-gnu/lib/ -isystem /home/niranjan/labwork/gcc-4.5.1/objdir/../installdir/i686-pc-linux-gnu/include -isystem /home/niranjan/labwork/gcc-4.5.1/objdir/../installdir/i686-pc-linux-gnu/sys-include    -E  conftest.c
configure:4406: $? = 0
configure:4406: result: yes
configure:4406: checking for paths.h
configure:4406: result: yes
configure:4406: checking syslog.h usability
configure:4406: /home/niranjan/labwork/gcc-4.5.1/objdir/./gcc/xgcc -B/home/niranjan/labwork/gcc-4.5.1/objdir/./gcc/ -B/home/niranjan/labwork/gcc-4.5.1/objdir/../installdir/i686-pc-linux-gnu/bin/ -B/home/niranjan/labwork/gcc-4.5.1/objdir/../installdir/i686-pc-linux-gnu/lib/ -isystem /home/niranjan/labwork/gcc-4.5.1/objdir/../installdir/i686-pc-linux-gnu/include -isystem /home/niranjan/labwork/gcc-4.5.1/objdir/../installdir/i686-pc-linux-gnu/sys-include    -c -O2 -g  conftest.c >&5
configure:4406: $? = 0
configure:4406: result: yes
configure:4406: checking syslog.h presence
configure:4406: /home/niranjan/labwork/gcc-4.5.1/objdir/./gcc/xgcc -B/home/niranjan/labwork/gcc-4.5.1/objdir/./gcc/ -B/home/niranjan/labwork/gcc-4.5.1/objdir/../installdir/i686-pc-linux-gnu/bin/ -B/home/niranjan/labwork/gcc-4.5.1/objdir/../installdir/i686-pc-linux-gnu/lib/ -isystem /home/niranjan/labwork/gcc-4.5.1/objdir/../installdir/i686-pc-linux-gnu/include -isystem /home/niranjan/labwork/gcc-4.5.1/objdir/../installdir/i686-pc-linux-gnu/sys-include    -E  conftest.c
configure:4406: $? = 0
configure:4406: result: yes
configure:4406: checking for syslog.h
configure:4406: result: yes
configure:4406: checking for string.h
configure:4406: result: yes
configure:4406: checking for unistd.h
configure:4406: result: yes
configure:4406: checking fcntl.h usability
configure:4406: /home/niranjan/labwork/gcc-4.5.1/objdir/./gcc/xgcc -B/home/niranjan/labwork/gcc-4.5.1/objdir/./gcc/ -B/home/niranjan/labwork/gcc-4.5.1/objdir/../installdir/i686-pc-linux-gnu/bin/ -B/home/niranjan/labwork/gcc-4.5.1/objdir/../installdir/i686-pc-linux-gnu/lib/ -isystem /home/niranjan/labwork/gcc-4.5.1/objdir/../installdir/i686-pc-linux-gnu/include -isystem /home/niranjan/labwork/gcc-4.5.1/objdir/../installdir/i686-pc-linux-gnu/sys-include    -c -O2 -g  conftest.c >&5
configure:4406: $? = 0
configure:4406: result: yes
configure:4406: checking fcntl.h presence
configure:4406: /home/niranjan/labwork/gcc-4.5.1/objdir/./gcc/xgcc -B/home/niranjan/labwork/gcc-4.5.1/objdir/./gcc/ -B/home/niranjan/labwork/gcc-4.5.1/objdir/../installdir/i686-pc-linux-gnu/bin/ -B/home/niranjan/labwork/gcc-4.5.1/objdir/../installdir/i686-pc-linux-gnu/lib/ -isystem /home/niranjan/labwork/gcc-4.5.1/objdir/../installdir/i686-pc-linux-gnu/include -isystem /home/niranjan/labwork/gcc-4.5.1/objdir/../installdir/i686-pc-linux-gnu/sys-include    -E  conftest.c
configure:4406: $? = 0
configure:4406: result: yes
configure:4406: checking for fcntl.h
configure:4406: result: yes
configure:4406: checking stdio.h usability
configure:4406: /home/niranjan/labwork/gcc-4.5.1/objdir/./gcc/xgcc -B/home/niranjan/labwork/gcc-4.5.1/objdir/./gcc/ -B/home/niranjan/labwork/gcc-4.5.1/objdir/../installdir/i686-pc-linux-gnu/bin/ -B/home/niranjan/labwork/gcc-4.5.1/objdir/../installdir/i686-pc-linux-gnu/lib/ -isystem /home/niranjan/labwork/gcc-4.5.1/objdir/../installdir/i686-pc-linux-gnu/include -isystem /home/niranjan/labwork/gcc-4.5.1/objdir/../installdir/i686-pc-linux-gnu/sys-include    -c -O2 -g  conftest.c >&5
configure:4406: $? = 0
configure:4406: result: yes
configure:4406: checking stdio.h presence
configure:4406: /home/niranjan/labwork/gcc-4.5.1/objdir/./gcc/xgcc -B/home/niranjan/labwork/gcc-4.5.1/objdir/./gcc/ -B/home/niranjan/labwork/gcc-4.5.1/objdir/../installdir/i686-pc-linux-gnu/bin/ -B/home/niranjan/labwork/gcc-4.5.1/objdir/../installdir/i686-pc-linux-gnu/lib/ -isystem /home/niranjan/labwork/gcc-4.5.1/objdir/../installdir/i686-pc-linux-gnu/include -isystem /home/niranjan/labwork/gcc-4.5.1/objdir/../installdir/i686-pc-linux-gnu/sys-include    -E  conftest.c
configure:4406: $? = 0
configure:4406: result: yes
configure:4406: checking for stdio.h
configure:4406: result: yes
configure:4406: checking limits.h usability
configure:4406: /home/niranjan/labwork/gcc-4.5.1/objdir/./gcc/xgcc -B/home/niranjan/labwork/gcc-4.5.1/objdir/./gcc/ -B/home/niranjan/labwork/gcc-4.5.1/objdir/../installdir/i686-pc-linux-gnu/bin/ -B/home/niranjan/labwork/gcc-4.5.1/objdir/../installdir/i686-pc-linux-gnu/lib/ -isystem /home/niranjan/labwork/gcc-4.5.1/objdir/../installdir/i686-pc-linux-gnu/include -isystem /home/niranjan/labwork/gcc-4.5.1/objdir/../installdir/i686-pc-linux-gnu/sys-include    -c -O2 -g  conftest.c >&5
configure:4406: $? = 0
configure:4406: result: yes
configure:4406: checking limits.h presence
configure:4406: /home/niranjan/labwork/gcc-4.5.1/objdir/./gcc/xgcc -B/home/niranjan/labwork/gcc-4.5.1/objdir/./gcc/ -B/home/niranjan/labwork/gcc-4.5.1/objdir/../installdir/i686-pc-linux-gnu/bin/ -B/home/niranjan/labwork/gcc-4.5.1/objdir/../installdir/i686-pc-linux-gnu/lib/ -isystem /home/niranjan/labwork/gcc-4.5.1/objdir/../installdir/i686-pc-linux-gnu/include -isystem /home/niranjan/labwork/gcc-4.5.1/objdir/../installdir/i686-pc-linux-gnu/sys-include    -E  conftest.c
configure:4406: $? = 0
configure:4406: result: yes
configure:4406: checking for limits.h
configure:4406: result: yes
configure:4429: checking for mempcpy
configure:4429: /home/niranjan/labwork/gcc-4.5.1/objdir/./gcc/xgcc -B/home/niranjan/labwork/gcc-4.5.1/objdir/./gcc/ -B/home/niranjan/labwork/gcc-4.5.1/objdir/../installdir/i686-pc-linux-gnu/bin/ -B/home/niranjan/labwork/gcc-4.5.1/objdir/../installdir/i686-pc-linux-gnu/lib/ -isystem /home/niranjan/labwork/gcc-4.5.1/objdir/../installdir/i686-pc-linux-gnu/include -isystem /home/niranjan/labwork/gcc-4.5.1/objdir/../installdir/i686-pc-linux-gnu/sys-include    -o conftest -O2 -g   conftest.c  >&5
conftest.c:54:6: warning: conflicting types for built-in function 'mempcpy'
configure:4429: $? = 0
configure:4429: result: yes
configure:4429: checking for strncpy
configure:4429: /home/niranjan/labwork/gcc-4.5.1/objdir/./gcc/xgcc -B/home/niranjan/labwork/gcc-4.5.1/objdir/./gcc/ -B/home/niranjan/labwork/gcc-4.5.1/objdir/../installdir/i686-pc-linux-gnu/bin/ -B/home/niranjan/labwork/gcc-4.5.1/objdir/../installdir/i686-pc-linux-gnu/lib/ -isystem /home/niranjan/labwork/gcc-4.5.1/objdir/../installdir/i686-pc-linux-gnu/include -isystem /home/niranjan/labwork/gcc-4.5.1/objdir/../installdir/i686-pc-linux-gnu/sys-include    -o conftest -O2 -g   conftest.c  >&5
conftest.c:55:6: warning: conflicting types for built-in function 'strncpy'
configure:4429: $? = 0
configure:4429: result: yes
configure:4429: checking for strncat
configure:4429: /home/niranjan/labwork/gcc-4.5.1/objdir/./gcc/xgcc -B/home/niranjan/labwork/gcc-4.5.1/objdir/./gcc/ -B/home/niranjan/labwork/gcc-4.5.1/objdir/../installdir/i686-pc-linux-gnu/bin/ -B/home/niranjan/labwork/gcc-4.5.1/objdir/../installdir/i686-pc-linux-gnu/lib/ -isystem /home/niranjan/labwork/gcc-4.5.1/objdir/../installdir/i686-pc-linux-gnu/include -isystem /home/niranjan/labwork/gcc-4.5.1/objdir/../installdir/i686-pc-linux-gnu/sys-include    -o conftest -O2 -g   conftest.c  >&5
conftest.c:56:6: warning: conflicting types for built-in function 'strncat'
configure:4429: $? = 0
configure:4429: result: yes
configure:4441: checking whether vsnprintf is usable
configure:4472: /home/niranjan/labwork/gcc-4.5.1/objdir/./gcc/xgcc -B/home/niranjan/labwork/gcc-4.5.1/objdir/./gcc/ -B/home/niranjan/labwork/gcc-4.5.1/objdir/../installdir/i686-pc-linux-gnu/bin/ -B/home/niranjan/labwork/gcc-4.5.1/objdir/../installdir/i686-pc-linux-gnu/lib/ -isystem /home/niranjan/labwork/gcc-4.5.1/objdir/../installdir/i686-pc-linux-gnu/include -isystem /home/niranjan/labwork/gcc-4.5.1/objdir/../installdir/i686-pc-linux-gnu/sys-include    -o conftest -O2 -g   conftest.c  >&5
configure:4472: $? = 0
configure:4472: ./conftest
configure:4472: $? = 0
configure:4482: result: yes
configure:4539: checking how to print strings
configure:4566: result: printf
configure:4587: checking for a sed that does not truncate output
configure:4651: result: /bin/sed
configure:4669: checking for fgrep
configure:4731: result: /bin/grep -F
configure:4766: checking for ld used by /home/niranjan/labwork/gcc-4.5.1/objdir/./gcc/xgcc -B/home/niranjan/labwork/gcc-4.5.1/objdir/./gcc/ -B/home/niranjan/labwork/gcc-4.5.1/objdir/../installdir/i686-pc-linux-gnu/bin/ -B/home/niranjan/labwork/gcc-4.5.1/objdir/../installdir/i686-pc-linux-gnu/lib/ -isystem /home/niranjan/labwork/gcc-4.5.1/objdir/../installdir/i686-pc-linux-gnu/include -isystem /home/niranjan/labwork/gcc-4.5.1/objdir/../installdir/i686-pc-linux-gnu/sys-include   
configure:4833: result: /home/niranjan/labwork/gcc-4.5.1/objdir/./gcc/collect-ld
configure:4840: checking if the linker (/home/niranjan/labwork/gcc-4.5.1/objdir/./gcc/collect-ld) is GNU ld
configure:4855: result: yes
configure:4867: checking for BSD- or MS-compatible name lister (nm)
configure:4916: result: /home/niranjan/labwork/gcc-4.5.1/objdir/./gcc/nm
configure:5046: checking the name lister (/home/niranjan/labwork/gcc-4.5.1/objdir/./gcc/nm) interface
configure:5053: /home/niranjan/labwork/gcc-4.5.1/objdir/./gcc/xgcc -B/home/niranjan/labwork/gcc-4.5.1/objdir/./gcc/ -B/home/niranjan/labwork/gcc-4.5.1/objdir/../installdir/i686-pc-linux-gnu/bin/ -B/home/niranjan/labwork/gcc-4.5.1/objdir/../installdir/i686-pc-linux-gnu/lib/ -isystem /home/niranjan/labwork/gcc-4.5.1/objdir/../installdir/i686-pc-linux-gnu/include -isystem /home/niranjan/labwork/gcc-4.5.1/objdir/../installdir/i686-pc-linux-gnu/sys-include    -c -O2 -g  conftest.c >&5
configure:5056: /home/niranjan/labwork/gcc-4.5.1/objdir/./gcc/nm "conftest.o"
configure:5059: output
00000000 B some_variable
configure:5066: result: BSD nm
configure:5069: checking whether ln -s works
configure:5073: result: yes
configure:5081: checking the maximum length of command line arguments
configure:5206: result: 805306365
configure:5223: checking whether the shell understands some XSI constructs
configure:5233: result: yes
configure:5237: checking whether the shell understands "+="
configure:5243: result: yes
configure:5278: checking for /home/niranjan/labwork/gcc-4.5.1/objdir/./gcc/collect-ld option to reload object files
configure:5285: result: -r
configure:5314: checking for i686-pc-linux-gnu-objdump
configure:5341: result: objdump
configure:5413: checking how to recognize dependent libraries
configure:5614: result: pass_all
configure:5634: checking for i686-pc-linux-gnu-ar
configure:5661: result: ar
configure:5739: checking for i686-pc-linux-gnu-strip
configure:5766: result: strip
configure:5838: checking for i686-pc-linux-gnu-ranlib
configure:5865: result: ranlib
configure:6007: checking command to parse /home/niranjan/labwork/gcc-4.5.1/objdir/./gcc/nm output from /home/niranjan/labwork/gcc-4.5.1/objdir/./gcc/xgcc -B/home/niranjan/labwork/gcc-4.5.1/objdir/./gcc/ -B/home/niranjan/labwork/gcc-4.5.1/objdir/../installdir/i686-pc-linux-gnu/bin/ -B/home/niranjan/labwork/gcc-4.5.1/objdir/../installdir/i686-pc-linux-gnu/lib/ -isystem /home/niranjan/labwork/gcc-4.5.1/objdir/../installdir/i686-pc-linux-gnu/include -isystem /home/niranjan/labwork/gcc-4.5.1/objdir/../installdir/i686-pc-linux-gnu/sys-include    object
configure:6125: /home/niranjan/labwork/gcc-4.5.1/objdir/./gcc/xgcc -B/home/niranjan/labwork/gcc-4.5.1/objdir/./gcc/ -B/home/niranjan/labwork/gcc-4.5.1/objdir/../installdir/i686-pc-linux-gnu/bin/ -B/home/niranjan/labwork/gcc-4.5.1/objdir/../installdir/i686-pc-linux-gnu/lib/ -isystem /home/niranjan/labwork/gcc-4.5.1/objdir/../installdir/i686-pc-linux-gnu/include -isystem /home/niranjan/labwork/gcc-4.5.1/objdir/../installdir/i686-pc-linux-gnu/sys-include    -c -O2 -g  conftest.c >&5
configure:6128: $? = 0
configure:6132: /home/niranjan/labwork/gcc-4.5.1/objdir/./gcc/nm conftest.o \| sed -n -e 's/^.*[ ]\([ABCDGIRSTW][ABCDGIRSTW]*\)[ ][ ]*\([_A-Za-z][_A-Za-z0-9]*\)$/\1 \2 \2/p' \> conftest.nm
configure:6135: $? = 0
configure:6189: /home/niranjan/labwork/gcc-4.5.1/objdir/./gcc/xgcc -B/home/niranjan/labwork/gcc-4.5.1/objdir/./gcc/ -B/home/niranjan/labwork/gcc-4.5.1/objdir/../installdir/i686-pc-linux-gnu/bin/ -B/home/niranjan/labwork/gcc-4.5.1/objdir/../installdir/i686-pc-linux-gnu/lib/ -isystem /home/niranjan/labwork/gcc-4.5.1/objdir/../installdir/i686-pc-linux-gnu/include -isystem /home/niranjan/labwork/gcc-4.5.1/objdir/../installdir/i686-pc-linux-gnu/sys-include    -o conftest -O2 -g   conftest.c conftstm.o >&5
configure:6192: $? = 0
configure:6230: result: ok
configure:7071: checking for dlfcn.h
configure:7071: /home/niranjan/labwork/gcc-4.5.1/objdir/./gcc/xgcc -B/home/niranjan/labwork/gcc-4.5.1/objdir/./gcc/ -B/home/niranjan/labwork/gcc-4.5.1/objdir/../installdir/i686-pc-linux-gnu/bin/ -B/home/niranjan/labwork/gcc-4.5.1/objdir/../installdir/i686-pc-linux-gnu/lib/ -isystem /home/niranjan/labwork/gcc-4.5.1/objdir/../installdir/i686-pc-linux-gnu/include -isystem /home/niranjan/labwork/gcc-4.5.1/objdir/../installdir/i686-pc-linux-gnu/sys-include    -c -O2 -g  conftest.c >&5
configure:7071: $? = 0
configure:7071: result: yes
configure:7258: checking for objdir
configure:7273: result: .libs
configure:7544: checking if /home/niranjan/labwork/gcc-4.5.1/objdir/./gcc/xgcc -B/home/niranjan/labwork/gcc-4.5.1/objdir/./gcc/ -B/home/niranjan/labwork/gcc-4.5.1/objdir/../installdir/i686-pc-linux-gnu/bin/ -B/home/niranjan/labwork/gcc-4.5.1/objdir/../installdir/i686-pc-linux-gnu/lib/ -isystem /home/niranjan/labwork/gcc-4.5.1/objdir/../installdir/i686-pc-linux-gnu/include -isystem /home/niranjan/labwork/gcc-4.5.1/objdir/../installdir/i686-pc-linux-gnu/sys-include    supports -fno-rtti -fno-exceptions
configure:7562: /home/niranjan/labwork/gcc-4.5.1/objdir/./gcc/xgcc -B/home/niranjan/labwork/gcc-4.5.1/objdir/./gcc/ -B/home/niranjan/labwork/gcc-4.5.1/objdir/../installdir/i686-pc-linux-gnu/bin/ -B/home/niranjan/labwork/gcc-4.5.1/objdir/../installdir/i686-pc-linux-gnu/lib/ -isystem /home/niranjan/labwork/gcc-4.5.1/objdir/../installdir/i686-pc-linux-gnu/include -isystem /home/niranjan/labwork/gcc-4.5.1/objdir/../installdir/i686-pc-linux-gnu/sys-include    -c -O2 -g  -fno-rtti -fno-exceptions conftest.c >&5
cc1: warning: command line option "-fno-rtti" is valid for C++/ObjC++ but not for C
configure:7566: $? = 0
configure:7579: result: no
configure:7599: checking for /home/niranjan/labwork/gcc-4.5.1/objdir/./gcc/xgcc -B/home/niranjan/labwork/gcc-4.5.1/objdir/./gcc/ -B/home/niranjan/labwork/gcc-4.5.1/objdir/../installdir/i686-pc-linux-gnu/bin/ -B/home/niranjan/labwork/gcc-4.5.1/objdir/../installdir/i686-pc-linux-gnu/lib/ -isystem /home/niranjan/labwork/gcc-4.5.1/objdir/../installdir/i686-pc-linux-gnu/include -isystem /home/niranjan/labwork/gcc-4.5.1/objdir/../installdir/i686-pc-linux-gnu/sys-include    option to produce PIC
configure:7884: result: -fPIC -DPIC
configure:7896: checking if /home/niranjan/labwork/gcc-4.5.1/objdir/./gcc/xgcc -B/home/niranjan/labwork/gcc-4.5.1/objdir/./gcc/ -B/home/niranjan/labwork/gcc-4.5.1/objdir/../installdir/i686-pc-linux-gnu/bin/ -B/home/niranjan/labwork/gcc-4.5.1/objdir/../installdir/i686-pc-linux-gnu/lib/ -isystem /home/niranjan/labwork/gcc-4.5.1/objdir/../installdir/i686-pc-linux-gnu/include -isystem /home/niranjan/labwork/gcc-4.5.1/objdir/../installdir/i686-pc-linux-gnu/sys-include    PIC flag -fPIC -DPIC works
configure:7914: /home/niranjan/labwork/gcc-4.5.1/objdir/./gcc/xgcc -B/home/niranjan/labwork/gcc-4.5.1/objdir/./gcc/ -B/home/niranjan/labwork/gcc-4.5.1/objdir/../installdir/i686-pc-linux-gnu/bin/ -B/home/niranjan/labwork/gcc-4.5.1/objdir/../installdir/i686-pc-linux-gnu/lib/ -isystem /home/niranjan/labwork/gcc-4.5.1/objdir/../installdir/i686-pc-linux-gnu/include -isystem /home/niranjan/labwork/gcc-4.5.1/objdir/../installdir/i686-pc-linux-gnu/sys-include    -c -O2 -g  -fPIC -DPIC -DPIC conftest.c >&5
configure:7918: $? = 0
configure:7931: result: yes
configure:7955: checking if /home/niranjan/labwork/gcc-4.5.1/objdir/./gcc/xgcc -B/home/niranjan/labwork/gcc-4.5.1/objdir/./gcc/ -B/home/niranjan/labwork/gcc-4.5.1/objdir/../installdir/i686-pc-linux-gnu/bin/ -B/home/niranjan/labwork/gcc-4.5.1/objdir/../installdir/i686-pc-linux-gnu/lib/ -isystem /home/niranjan/labwork/gcc-4.5.1/objdir/../installdir/i686-pc-linux-gnu/include -isystem /home/niranjan/labwork/gcc-4.5.1/objdir/../installdir/i686-pc-linux-gnu/sys-include    static flag -static works
configure:7983: result: yes
configure:7998: checking if /home/niranjan/labwork/gcc-4.5.1/objdir/./gcc/xgcc -B/home/niranjan/labwork/gcc-4.5.1/objdir/./gcc/ -B/home/niranjan/labwork/gcc-4.5.1/objdir/../installdir/i686-pc-linux-gnu/bin/ -B/home/niranjan/labwork/gcc-4.5.1/objdir/../installdir/i686-pc-linux-gnu/lib/ -isystem /home/niranjan/labwork/gcc-4.5.1/objdir/../installdir/i686-pc-linux-gnu/include -isystem /home/niranjan/labwork/gcc-4.5.1/objdir/../installdir/i686-pc-linux-gnu/sys-include    supports -c -o file.o
configure:8019: /home/niranjan/labwork/gcc-4.5.1/objdir/./gcc/xgcc -B/home/niranjan/labwork/gcc-4.5.1/objdir/./gcc/ -B/home/niranjan/labwork/gcc-4.5.1/objdir/../installdir/i686-pc-linux-gnu/bin/ -B/home/niranjan/labwork/gcc-4.5.1/objdir/../installdir/i686-pc-linux-gnu/lib/ -isystem /home/niranjan/labwork/gcc-4.5.1/objdir/../installdir/i686-pc-linux-gnu/include -isystem /home/niranjan/labwork/gcc-4.5.1/objdir/../installdir/i686-pc-linux-gnu/sys-include    -c -O2 -g  -o out/conftest2.o conftest.c >&5
configure:8023: $? = 0
configure:8045: result: yes
configure:8053: checking if /home/niranjan/labwork/gcc-4.5.1/objdir/./gcc/xgcc -B/home/niranjan/labwork/gcc-4.5.1/objdir/./gcc/ -B/home/niranjan/labwork/gcc-4.5.1/objdir/../installdir/i686-pc-linux-gnu/bin/ -B/home/niranjan/labwork/gcc-4.5.1/objdir/../installdir/i686-pc-linux-gnu/lib/ -isystem /home/niranjan/labwork/gcc-4.5.1/objdir/../installdir/i686-pc-linux-gnu/include -isystem /home/niranjan/labwork/gcc-4.5.1/objdir/../installdir/i686-pc-linux-gnu/sys-include    supports -c -o file.o
configure:8100: result: yes
configure:8133: checking whether the /home/niranjan/labwork/gcc-4.5.1/objdir/./gcc/xgcc -B/home/niranjan/labwork/gcc-4.5.1/objdir/./gcc/ -B/home/niranjan/labwork/gcc-4.5.1/objdir/../installdir/i686-pc-linux-gnu/bin/ -B/home/niranjan/labwork/gcc-4.5.1/objdir/../installdir/i686-pc-linux-gnu/lib/ -isystem /home/niranjan/labwork/gcc-4.5.1/objdir/../installdir/i686-pc-linux-gnu/include -isystem /home/niranjan/labwork/gcc-4.5.1/objdir/../installdir/i686-pc-linux-gnu/sys-include    linker (/home/niranjan/labwork/gcc-4.5.1/objdir/./gcc/collect-ld) supports shared libraries
configure:9217: result: yes
configure:9254: checking whether -lc should be explicitly linked in
configure:9262: /home/niranjan/labwork/gcc-4.5.1/objdir/./gcc/xgcc -B/home/niranjan/labwork/gcc-4.5.1/objdir/./gcc/ -B/home/niranjan/labwork/gcc-4.5.1/objdir/../installdir/i686-pc-linux-gnu/bin/ -B/home/niranjan/labwork/gcc-4.5.1/objdir/../installdir/i686-pc-linux-gnu/lib/ -isystem /home/niranjan/labwork/gcc-4.5.1/objdir/../installdir/i686-pc-linux-gnu/include -isystem /home/niranjan/labwork/gcc-4.5.1/objdir/../installdir/i686-pc-linux-gnu/sys-include    -c -O2 -g  conftest.c >&5
configure:9265: $? = 0
configure:9280: /home/niranjan/labwork/gcc-4.5.1/objdir/./gcc/xgcc -B/home/niranjan/labwork/gcc-4.5.1/objdir/./gcc/ -B/home/niranjan/labwork/gcc-4.5.1/objdir/../installdir/i686-pc-linux-gnu/bin/ -B/home/niranjan/labwork/gcc-4.5.1/objdir/../installdir/i686-pc-linux-gnu/lib/ -isystem /home/niranjan/labwork/gcc-4.5.1/objdir/../installdir/i686-pc-linux-gnu/include -isystem /home/niranjan/labwork/gcc-4.5.1/objdir/../installdir/i686-pc-linux-gnu/sys-include    -shared conftest.o  -v -Wl,-soname -Wl,conftest -o conftest 2\>\&1 \| /bin/grep  -lc  \>/dev/null 2\>\&1
configure:9283: $? = 0
configure:9297: result: no
configure:9462: checking dynamic linker characteristics
configure:9920: /home/niranjan/labwork/gcc-4.5.1/objdir/./gcc/xgcc -B/home/niranjan/labwork/gcc-4.5.1/objdir/./gcc/ -B/home/niranjan/labwork/gcc-4.5.1/objdir/../installdir/i686-pc-linux-gnu/bin/ -B/home/niranjan/labwork/gcc-4.5.1/objdir/../installdir/i686-pc-linux-gnu/lib/ -isystem /home/niranjan/labwork/gcc-4.5.1/objdir/../installdir/i686-pc-linux-gnu/include -isystem /home/niranjan/labwork/gcc-4.5.1/objdir/../installdir/i686-pc-linux-gnu/sys-include    -o conftest -O2 -g   -Wl,-rpath -Wl,/foo conftest.c  >&5
configure:9920: $? = 0
configure:10142: result: GNU/Linux ld.so
configure:10249: checking how to hardcode library paths into programs
configure:10274: result: immediate
configure:10829: checking whether stripping libraries is possible
configure:10834: result: yes
configure:10869: checking if libtool supports shared libraries
configure:10871: result: yes
configure:10874: checking whether to build shared libraries
configure:10895: result: yes
configure:10898: checking whether to build static libraries
configure:10902: result: yes
configure:11043: updating cache ./config.cache
configure:11104: creating ./config.status

## ---------------------- ##
## Running config.status. ##
## ---------------------- ##

This file was extended by libssp config.status 1.0, which was
generated by GNU Autoconf 2.64.  Invocation command line was

  CONFIG_FILES    = 
  CONFIG_HEADERS  = 
  CONFIG_LINKS    = 
  CONFIG_COMMANDS = 
  $ ./config.status 

on niranjan-seagate

config.status:1112: creating Makefile
config.status:1112: creating ssp/ssp.h
config.status:1112: creating config.h
config.status:1325: executing default-1 commands
config.status:1325: executing depfiles commands
config.status:1325: executing libtool commands

## ---------------- ##
## Cache variables. ##
## ---------------- ##

ac_cv_build=i686-pc-linux-gnu
ac_cv_c_compiler_gnu=yes
ac_cv_env_CPPFLAGS_set=set
ac_cv_env_CPPFLAGS_value=
ac_cv_env_CPP_set=
ac_cv_env_CPP_value=
ac_cv_env_build_alias_set=set
ac_cv_env_build_alias_value=i686-pc-linux-gnu
ac_cv_env_host_alias_set=set
ac_cv_env_host_alias_value=i686-pc-linux-gnu
ac_cv_env_target_alias_set=set
ac_cv_env_target_alias_value=i686-pc-linux-gnu
ac_cv_func_mempcpy=yes
ac_cv_func_strncat=yes
ac_cv_func_strncpy=yes
ac_cv_header_alloca_h=yes
ac_cv_header_dlfcn_h=yes
ac_cv_header_fcntl_h=yes
ac_cv_header_inttypes_h=yes
ac_cv_header_limits_h=yes
ac_cv_header_malloc_h=yes
ac_cv_header_memory_h=yes
ac_cv_header_paths_h=yes
ac_cv_header_stdc=yes
ac_cv_header_stdint_h=yes
ac_cv_header_stdio_h=yes
ac_cv_header_stdlib_h=yes
ac_cv_header_string_h=yes
ac_cv_header_strings_h=yes
ac_cv_header_sys_stat_h=yes
ac_cv_header_sys_types_h=yes
ac_cv_header_syslog_h=yes
ac_cv_header_unistd_h=yes
ac_cv_host=i686-pc-linux-gnu
ac_cv_objext=o
ac_cv_path_EGREP='/bin/grep -E'
ac_cv_path_FGREP='/bin/grep -F'
ac_cv_path_GREP=/bin/grep
ac_cv_path_SED=/bin/sed
ac_cv_path_mkdir=/bin/mkdir
ac_cv_prog_AR=ar
ac_cv_prog_AWK=gawk
ac_cv_prog_CC='/home/niranjan/labwork/gcc-4.5.1/objdir/./gcc/xgcc -B/home/niranjan/labwork/gcc-4.5.1/objdir/./gcc/ -B/home/niranjan/labwork/gcc-4.5.1/objdir/../installdir/i686-pc-linux-gnu/bin/ -B/home/niranjan/labwork/gcc-4.5.1/objdir/../installdir/i686-pc-linux-gnu/lib/ -isystem /home/niranjan/labwork/gcc-4.5.1/objdir/../installdir/i686-pc-linux-gnu/include -isystem /home/niranjan/labwork/gcc-4.5.1/objdir/../installdir/i686-pc-linux-gnu/sys-include   '
ac_cv_prog_CPP='/home/niranjan/labwork/gcc-4.5.1/objdir/./gcc/xgcc -B/home/niranjan/labwork/gcc-4.5.1/objdir/./gcc/ -B/home/niranjan/labwork/gcc-4.5.1/objdir/../installdir/i686-pc-linux-gnu/bin/ -B/home/niranjan/labwork/gcc-4.5.1/objdir/../installdir/i686-pc-linux-gnu/lib/ -isystem /home/niranjan/labwork/gcc-4.5.1/objdir/../installdir/i686-pc-linux-gnu/include -isystem /home/niranjan/labwork/gcc-4.5.1/objdir/../installdir/i686-pc-linux-gnu/sys-include    -E'
ac_cv_prog_OBJDUMP=objdump
ac_cv_prog_RANLIB=ranlib
ac_cv_prog_STRIP=strip
ac_cv_prog_cc_c89=
ac_cv_prog_cc_g=yes
ac_cv_prog_make_make_set=yes
ac_cv_target=i686-pc-linux-gnu
am_cv_CC_dependencies_compiler_type=gcc3
lt_cv_archive_cmds_need_lc=no
lt_cv_deplibs_check_method=pass_all
lt_cv_file_magic_cmd='$MAGIC_CMD'
lt_cv_file_magic_test_file=
lt_cv_ld_reload_flag=-r
lt_cv_nm_interface='BSD nm'
lt_cv_objdir=.libs
lt_cv_path_LD=/home/niranjan/labwork/gcc-4.5.1/objdir/./gcc/collect-ld
lt_cv_path_NM=/home/niranjan/labwork/gcc-4.5.1/objdir/./gcc/nm
lt_cv_prog_compiler_c_o=yes
lt_cv_prog_compiler_pic_works=yes
lt_cv_prog_compiler_rtti_exceptions=no
lt_cv_prog_compiler_static_works=yes
lt_cv_prog_gnu_ld=yes
lt_cv_shlibpath_overrides_runpath=no
lt_cv_sys_global_symbol_pipe='sed -n -e '\''s/^.*[	 ]\([ABCDGIRSTW][ABCDGIRSTW]*\)[	 ][	 ]*\([_A-Za-z][_A-Za-z0-9]*\)$/\1 \2 \2/p'\'''
lt_cv_sys_global_symbol_to_c_name_address='sed -n -e '\''s/^: \([^ ]*\) $/  {\"\1\", (void *) 0},/p'\'' -e '\''s/^[ABCDGIRSTW]* \([^ ]*\) \([^ ]*\)$/  {"\2", (void *) \&\2},/p'\'''
lt_cv_sys_global_symbol_to_c_name_address_lib_prefix='sed -n -e '\''s/^: \([^ ]*\) $/  {\"\1\", (void *) 0},/p'\'' -e '\''s/^[ABCDGIRSTW]* \([^ ]*\) \(lib[^ ]*\)$/  {"\2", (void *) \&\2},/p'\'' -e '\''s/^[ABCDGIRSTW]* \([^ ]*\) \([^ ]*\)$/  {"lib\2", (void *) \&\2},/p'\'''
lt_cv_sys_global_symbol_to_cdecl='sed -n -e '\''s/^T .* \(.*\)$/extern int \1();/p'\'' -e '\''s/^[ABCDGIRSTW]* .* \(.*\)$/extern char \1;/p'\'''
lt_cv_sys_max_cmd_len=805306365

## ----------------- ##
## Output variables. ##
## ----------------- ##

ACLOCAL='${SHELL} /home/niranjan/labwork/gcc-4.5.1/missing --run aclocal-1.11'
AMDEPBACKSLASH='\'
AMDEP_FALSE='#'
AMDEP_TRUE=''
AMTAR='${SHELL} /home/niranjan/labwork/gcc-4.5.1/missing --run tar'
AR='ar'
AUTOCONF='${SHELL} /home/niranjan/labwork/gcc-4.5.1/missing --run autoconf'
AUTOHEADER='${SHELL} /home/niranjan/labwork/gcc-4.5.1/missing --run autoheader'
AUTOMAKE='${SHELL} /home/niranjan/labwork/gcc-4.5.1/missing --run automake-1.11'
AWK='gawk'
CC='/home/niranjan/labwork/gcc-4.5.1/objdir/./gcc/xgcc -B/home/niranjan/labwork/gcc-4.5.1/objdir/./gcc/ -B/home/niranjan/labwork/gcc-4.5.1/objdir/../installdir/i686-pc-linux-gnu/bin/ -B/home/niranjan/labwork/gcc-4.5.1/objdir/../installdir/i686-pc-linux-gnu/lib/ -isystem /home/niranjan/labwork/gcc-4.5.1/objdir/../installdir/i686-pc-linux-gnu/include -isystem /home/niranjan/labwork/gcc-4.5.1/objdir/../installdir/i686-pc-linux-gnu/sys-include   '
CCDEPMODE='depmode=gcc3'
CFLAGS='-O2 -g'
CPP='/home/niranjan/labwork/gcc-4.5.1/objdir/./gcc/xgcc -B/home/niranjan/labwork/gcc-4.5.1/objdir/./gcc/ -B/home/niranjan/labwork/gcc-4.5.1/objdir/../installdir/i686-pc-linux-gnu/bin/ -B/home/niranjan/labwork/gcc-4.5.1/objdir/../installdir/i686-pc-linux-gnu/lib/ -isystem /home/niranjan/labwork/gcc-4.5.1/objdir/../installdir/i686-pc-linux-gnu/include -isystem /home/niranjan/labwork/gcc-4.5.1/objdir/../installdir/i686-pc-linux-gnu/sys-include    -E'
CPPFLAGS=''
CYGPATH_W='echo'
DEFS='-DHAVE_CONFIG_H'
DEPDIR='.deps'
DSYMUTIL=''
DUMPBIN=''
ECHO_C=''
ECHO_N='-n'
ECHO_T=''
EGREP='/bin/grep -E'
EXEEXT=''
FGREP='/bin/grep -F'
GREP='/bin/grep'
INSTALL_DATA='/usr/bin/install -c -m 644'
INSTALL_PROGRAM='/usr/bin/install -c'
INSTALL_SCRIPT='/usr/bin/install -c'
INSTALL_STRIP_PROGRAM='$(install_sh) -c -s'
LD='/home/niranjan/labwork/gcc-4.5.1/objdir/./gcc/collect-ld'
LDFLAGS=''
LIBOBJS=''
LIBS=''
LIBSSP_USE_SYMVER_FALSE='#'
LIBSSP_USE_SYMVER_TRUE=''
LIBTOOL='$(SHELL) $(top_builddir)/libtool'
LIPO='lipo'
LN_S='ln -s'
LTLIBOBJS=''
MAINT='#'
MAINTAINER_MODE_FALSE=''
MAINTAINER_MODE_TRUE='#'
MAKEINFO='/home/niranjan/labwork/gcc-4.5.1/missing makeinfo --split-size=5000000'
MKDIR_P='/bin/mkdir -p'
NM='/home/niranjan/labwork/gcc-4.5.1/objdir/./gcc/nm'
NMEDIT=''
OBJDUMP='objdump'
OBJEXT='o'
OTOOL64=''
OTOOL=''
PACKAGE='libssp'
PACKAGE_BUGREPORT=''
PACKAGE_NAME='libssp'
PACKAGE_STRING='libssp 1.0'
PACKAGE_TARNAME='libssp'
PACKAGE_URL=''
PACKAGE_VERSION='1.0'
PATH_SEPARATOR=':'
RANLIB='ranlib'
SED='/bin/sed'
SET_MAKE=''
SHELL='/bin/bash'
STRIP='strip'
VERSION='1.0'
ac_ct_CC=''
ac_ct_DUMPBIN=''
am__EXEEXT_FALSE=''
am__EXEEXT_TRUE='#'
am__fastdepCC_FALSE='#'
am__fastdepCC_TRUE=''
am__include='include'
am__isrc=' -I$(srcdir)'
am__leading_dot='.'
am__quote=''
am__tar='${AMTAR} chof - "$$tardir"'
am__untar='${AMTAR} xf -'
bindir='${exec_prefix}/bin'
build='i686-pc-linux-gnu'
build_alias='i686-pc-linux-gnu'
build_cpu='i686'
build_os='linux-gnu'
build_vendor='pc'
datadir='${datarootdir}'
datarootdir='${prefix}/share'
docdir='${datarootdir}/doc/${PACKAGE_TARNAME}'
dvidir='${docdir}'
enable_shared='yes'
enable_static='yes'
exec_prefix='${prefix}'
host='i686-pc-linux-gnu'
host_alias='i686-pc-linux-gnu'
host_cpu='i686'
host_os='linux-gnu'
host_vendor='pc'
htmldir='${docdir}'
includedir='${prefix}/include'
infodir='${datarootdir}/info'
install_sh='${SHELL} /home/niranjan/labwork/gcc-4.5.1/install-sh'
libdir='${exec_prefix}/lib'
libexecdir='${exec_prefix}/libexec'
localedir='${datarootdir}/locale'
localstatedir='${prefix}/var'
mandir='${datarootdir}/man'
mkdir_p='/bin/mkdir -p'
multi_basedir='../../../libssp/..'
oldincludedir='/usr/include'
pdfdir='${docdir}'
prefix='/home/niranjan/labwork/gcc-4.5.1/objdir/../installdir'
program_transform_name='s,y,y,'
psdir='${docdir}'
sbindir='${exec_prefix}/sbin'
sharedstatedir='${prefix}/com'
ssp_have_usable_vsnprintf='define'
sysconfdir='${prefix}/etc'
target='i686-pc-linux-gnu'
target_alias='i686-pc-linux-gnu'
target_cpu='i686'
target_noncanonical='i686-pc-linux-gnu'
target_os='linux-gnu'
target_vendor='pc'
toolexecdir='$(libdir)/gcc-lib/$(target_alias)'
toolexeclibdir='$(libdir)'

## ----------- ##
## confdefs.h. ##
## ----------- ##

/* confdefs.h */
#define PACKAGE_NAME "libssp"
#define PACKAGE_TARNAME "libssp"
#define PACKAGE_VERSION "1.0"
#define PACKAGE_STRING "libssp 1.0"
#define PACKAGE_BUGREPORT ""
#define PACKAGE_URL ""
#define PACKAGE "libssp"
#define VERSION "1.0"
#define HAVE_HIDDEN_VISIBILITY 1
#define STDC_HEADERS 1
#define HAVE_SYS_TYPES_H 1
#define HAVE_SYS_STAT_H 1
#define HAVE_STDLIB_H 1
#define HAVE_STRING_H 1
#define HAVE_MEMORY_H 1
#define HAVE_STRINGS_H 1
#define HAVE_INTTYPES_H 1
#define HAVE_STDINT_H 1
#define HAVE_UNISTD_H 1
#define HAVE_ALLOCA_H 1
#define HAVE_MALLOC_H 1
#define HAVE_PATHS_H 1
#define HAVE_SYSLOG_H 1
#define HAVE_STRING_H 1
#define HAVE_UNISTD_H 1
#define HAVE_FCNTL_H 1
#define HAVE_STDIO_H 1
#define HAVE_LIMITS_H 1
#define HAVE_MEMPCPY 1
#define HAVE_STRNCPY 1
#define HAVE_STRNCAT 1
#define HAVE_USABLE_VSNPRINTF 1
#define HAVE_DLFCN_H 1
#define LT_OBJDIR ".libs/"

configure: exit 0
