This file contains any messages produced by compilers while
running configure, to aid debugging if configure makes a mistake.

It was created by mpc configure 0.8.2, which was
generated by GNU Autoconf 2.65.  Invocation command line was

  $ ./configure --prefix=/media/work_stonybrook/labwork/gcc-4.5.1/mpc-0.8.2/installdir

## --------- ##
## Platform. ##
## --------- ##

hostname = niranjan-laptop
uname -m = i686
uname -r = 2.6.28-19-generic
uname -s = Linux
uname -v = #66-Ubuntu SMP Sat Oct 16 17:39:04 UTC 2010

/usr/bin/uname -p = unknown
/bin/uname -X     = unknown

/bin/arch              = unknown
/usr/bin/arch -k       = unknown
/usr/convex/getsysinfo = unknown
/usr/bin/hostinfo      = unknown
/bin/machine           = unknown
/usr/bin/oslevel       = unknown
/bin/universe          = unknown

PATH: /usr/local/sbin
PATH: /usr/local/bin
PATH: /usr/sbin
PATH: /usr/bin
PATH: /sbin
PATH: /bin
PATH: /usr/games


## ----------- ##
## Core tests. ##
## ----------- ##

configure:2419: checking for a BSD-compatible install
configure:2487: result: /usr/bin/install -c
configure:2498: checking whether build environment is sane
configure:2548: result: yes
configure:2689: checking for a thread-safe mkdir -p
configure:2728: result: /bin/mkdir -p
configure:2741: checking for gawk
configure:2757: found /usr/bin/gawk
configure:2768: result: gawk
configure:2779: checking whether make sets $(MAKE)
configure:2801: result: yes
configure:2882: checking whether to enable maintainer-specific portions of Makefiles
configure:2891: result: no
configure:2909: checking build system type
configure:2923: result: i686-pc-linux-gnu
configure:2943: checking host system type
configure:2956: result: i686-pc-linux-gnu
configure:3088: checking for gcc
configure:3104: found /usr/bin/gcc
configure:3115: result: gcc
configure:3344: checking for C compiler version
configure:3353: gcc --version >&5
gcc (Ubuntu 4.3.3-5ubuntu4) 4.3.3
Copyright (C) 2008 Free Software Foundation, Inc.
This is free software; see the source for copying conditions.  There is NO
warranty; not even for MERCHANTABILITY or FITNESS FOR A PARTICULAR PURPOSE.

configure:3364: $? = 0
configure:3353: gcc -v >&5
Using built-in specs.
Target: i486-linux-gnu
Configured with: ../src/configure -v --with-pkgversion='Ubuntu 4.3.3-5ubuntu4' --with-bugurl=file:///usr/share/doc/gcc-4.3/README.Bugs --enable-languages=c,c++,fortran,objc,obj-c++ --prefix=/usr --enable-shared --with-system-zlib --libexecdir=/usr/lib --without-included-gettext --enable-threads=posix --enable-nls --with-gxx-include-dir=/usr/include/c++/4.3 --program-suffix=-4.3 --enable-clocale=gnu --enable-libstdcxx-debug --enable-objc-gc --enable-mpfr --enable-targets=all --with-tune=generic --enable-checking=release --build=i486-linux-gnu --host=i486-linux-gnu --target=i486-linux-gnu
Thread model: posix
gcc version 4.3.3 (Ubuntu 4.3.3-5ubuntu4) 
configure:3364: $? = 0
configure:3353: gcc -V >&5
gcc: '-V' option must have argument
configure:3364: $? = 1
configure:3353: gcc -qversion >&5
gcc: unrecognized option '-qversion'
gcc: no input files
configure:3364: $? = 1
configure:3384: checking whether the C compiler works
configure:3406: gcc    conftest.c  >&5
configure:3410: $? = 0
configure:3459: result: yes
configure:3462: checking for C compiler default output file name
configure:3464: result: a.out
configure:3470: checking for suffix of executables
configure:3477: gcc -o conftest    conftest.c  >&5
configure:3481: $? = 0
configure:3503: result: 
configure:3525: checking whether we are cross compiling
configure:3533: gcc -o conftest    conftest.c  >&5
configure:3537: $? = 0
configure:3544: ./conftest
configure:3548: $? = 0
configure:3563: result: no
configure:3568: checking for suffix of object files
configure:3590: gcc -c   conftest.c >&5
configure:3594: $? = 0
configure:3615: result: o
configure:3619: checking whether we are using the GNU C compiler
configure:3638: gcc -c   conftest.c >&5
configure:3638: $? = 0
configure:3647: result: yes
configure:3656: checking whether gcc accepts -g
configure:3676: gcc -c -g  conftest.c >&5
configure:3676: $? = 0
configure:3717: result: yes
configure:3734: checking for gcc option to accept ISO C89
configure:3798: gcc  -c -g -O2  conftest.c >&5
configure:3798: $? = 0
configure:3811: result: none needed
configure:3842: checking for style of include used by make
configure:3870: result: GNU
configure:3895: checking dependency style of gcc
configure:4005: result: gcc3
configure:4025: checking how to run the C preprocessor
configure:4056: gcc -E  conftest.c
configure:4056: $? = 0
configure:4070: gcc -E  conftest.c
conftest.c:11:28: error: ac_nonexistent.h: No such file or directory
configure:4070: $? = 1
configure: failed program was:
| /* confdefs.h */
| #define PACKAGE_NAME "mpc"
| #define PACKAGE_TARNAME "mpc"
| #define PACKAGE_VERSION "0.8.2"
| #define PACKAGE_STRING "mpc 0.8.2"
| #define PACKAGE_BUGREPORT "mpc-discuss@lists.gforge.inria.fr"
| #define PACKAGE_URL ""
| #define PACKAGE "mpc"
| #define VERSION "0.8.2"
| /* end confdefs.h.  */
| #include <ac_nonexistent.h>
configure:4095: result: gcc -E
configure:4115: gcc -E  conftest.c
configure:4115: $? = 0
configure:4129: gcc -E  conftest.c
conftest.c:11:28: error: ac_nonexistent.h: No such file or directory
configure:4129: $? = 1
configure: failed program was:
| /* confdefs.h */
| #define PACKAGE_NAME "mpc"
| #define PACKAGE_TARNAME "mpc"
| #define PACKAGE_VERSION "0.8.2"
| #define PACKAGE_STRING "mpc 0.8.2"
| #define PACKAGE_BUGREPORT "mpc-discuss@lists.gforge.inria.fr"
| #define PACKAGE_URL ""
| #define PACKAGE "mpc"
| #define VERSION "0.8.2"
| /* end confdefs.h.  */
| #include <ac_nonexistent.h>
configure:4157: checking for grep that handles long lines and -e
configure:4215: result: /bin/grep
configure:4220: checking for egrep
configure:4282: result: /bin/grep -E
configure:4287: checking for a sed that does not truncate output
configure:4351: result: /bin/sed
configure:4366: checking for CC and CFLAGS in gmp.h
configure:4383: result: yes CC=gcc CFLAGS=-m32 -O2 -fomit-frame-pointer -mtune=k8 -march=k8
configure:4392: checking for CC=gcc and CFLAGS=-m32 -O2 -fomit-frame-pointer -mtune=k8 -march=k8
configure:4405: gcc -c -m32 -O2 -fomit-frame-pointer -mtune=k8 -march=k8  conftest.c >&5
configure:4405: $? = 0
configure:4407: result: yes
configure:4435: gcc -c -m32 -O2 -fomit-frame-pointer -mtune=k8 -march=k8  conftest.c >&5
configure:4435: $? = 0
configure:4571: checking for a sed that does not truncate output
configure:4635: result: /bin/sed
configure:4653: checking for fgrep
configure:4715: result: /bin/grep -F
configure:4750: checking for ld used by gcc
configure:4817: result: /usr/bin/ld
configure:4824: checking if the linker (/usr/bin/ld) is GNU ld
configure:4839: result: yes
configure:4851: checking for BSD- or MS-compatible name lister (nm)
configure:4900: result: /usr/bin/nm -B
configure:5018: checking the name lister (/usr/bin/nm -B) interface
configure:5025: gcc -c -m32 -O2 -fomit-frame-pointer -mtune=k8 -march=k8  conftest.c >&5
configure:5028: /usr/bin/nm -B "conftest.o"
configure:5031: output
00000000 B some_variable
configure:5038: result: BSD nm
configure:5041: checking whether ln -s works
configure:5045: result: yes
configure:5053: checking the maximum length of command line arguments
configure:5173: result: 1572864
configure:5190: checking whether the shell understands some XSI constructs
configure:5200: result: yes
configure:5204: checking whether the shell understands "+="
configure:5210: result: yes
configure:5245: checking for /usr/bin/ld option to reload object files
configure:5252: result: -r
configure:5321: checking for objdump
configure:5337: found /usr/bin/objdump
configure:5348: result: objdump
configure:5380: checking how to recognize dependent libraries
configure:5576: result: pass_all
configure:5636: checking for ar
configure:5652: found /usr/bin/ar
configure:5663: result: ar
configure:5741: checking for strip
configure:5757: found /usr/bin/strip
configure:5768: result: strip
configure:5840: checking for ranlib
configure:5856: found /usr/bin/ranlib
configure:5867: result: ranlib
configure:5957: checking command to parse /usr/bin/nm -B output from gcc object
configure:6075: gcc -c -m32 -O2 -fomit-frame-pointer -mtune=k8 -march=k8  conftest.c >&5
configure:6078: $? = 0
configure:6082: /usr/bin/nm -B conftest.o \| sed -n -e 's/^.*[	 ]\([ABCDGIRSTW][ABCDGIRSTW]*\)[	 ][	 ]*\([_A-Za-z][_A-Za-z0-9]*\)$/\1 \2 \2/p' \> conftest.nm
configure:6085: $? = 0
configure:6139: gcc -o conftest -m32 -O2 -fomit-frame-pointer -mtune=k8 -march=k8   conftest.c conftstm.o >&5
configure:6142: $? = 0
configure:6180: result: ok
configure:6984: checking for ANSI C header files
configure:7004: gcc -c -m32 -O2 -fomit-frame-pointer -mtune=k8 -march=k8  conftest.c >&5
configure:7004: $? = 0
configure:7077: gcc -o conftest -m32 -O2 -fomit-frame-pointer -mtune=k8 -march=k8   conftest.c  >&5
configure:7077: $? = 0
configure:7077: ./conftest
configure:7077: $? = 0
configure:7088: result: yes
configure:7101: checking for sys/types.h
configure:7101: gcc -c -m32 -O2 -fomit-frame-pointer -mtune=k8 -march=k8  conftest.c >&5
configure:7101: $? = 0
configure:7101: result: yes
configure:7101: checking for sys/stat.h
configure:7101: gcc -c -m32 -O2 -fomit-frame-pointer -mtune=k8 -march=k8  conftest.c >&5
configure:7101: $? = 0
configure:7101: result: yes
configure:7101: checking for stdlib.h
configure:7101: gcc -c -m32 -O2 -fomit-frame-pointer -mtune=k8 -march=k8  conftest.c >&5
configure:7101: $? = 0
configure:7101: result: yes
configure:7101: checking for string.h
configure:7101: gcc -c -m32 -O2 -fomit-frame-pointer -mtune=k8 -march=k8  conftest.c >&5
configure:7101: $? = 0
configure:7101: result: yes
configure:7101: checking for memory.h
configure:7101: gcc -c -m32 -O2 -fomit-frame-pointer -mtune=k8 -march=k8  conftest.c >&5
configure:7101: $? = 0
configure:7101: result: yes
configure:7101: checking for strings.h
configure:7101: gcc -c -m32 -O2 -fomit-frame-pointer -mtune=k8 -march=k8  conftest.c >&5
configure:7101: $? = 0
configure:7101: result: yes
configure:7101: checking for inttypes.h
configure:7101: gcc -c -m32 -O2 -fomit-frame-pointer -mtune=k8 -march=k8  conftest.c >&5
configure:7101: $? = 0
configure:7101: result: yes
configure:7101: checking for stdint.h
configure:7101: gcc -c -m32 -O2 -fomit-frame-pointer -mtune=k8 -march=k8  conftest.c >&5
configure:7101: $? = 0
configure:7101: result: yes
configure:7101: checking for unistd.h
configure:7101: gcc -c -m32 -O2 -fomit-frame-pointer -mtune=k8 -march=k8  conftest.c >&5
configure:7101: $? = 0
configure:7101: result: yes
configure:7116: checking for dlfcn.h
configure:7116: gcc -c -m32 -O2 -fomit-frame-pointer -mtune=k8 -march=k8  conftest.c >&5
configure:7116: $? = 0
configure:7116: result: yes
configure:7300: checking for objdir
configure:7315: result: .libs
configure:7607: checking if gcc supports -fno-rtti -fno-exceptions
configure:7625: gcc -c -m32 -O2 -fomit-frame-pointer -mtune=k8 -march=k8  -fno-rtti -fno-exceptions conftest.c >&5
cc1: warning: command line option "-fno-rtti" is valid for C++/ObjC++ but not for C
configure:7629: $? = 0
configure:7642: result: no
configure:7662: checking for gcc option to produce PIC
configure:7934: result: -fPIC -DPIC
configure:7946: checking if gcc PIC flag -fPIC -DPIC works
configure:7964: gcc -c -m32 -O2 -fomit-frame-pointer -mtune=k8 -march=k8  -fPIC -DPIC -DPIC conftest.c >&5
configure:7968: $? = 0
configure:7981: result: yes
configure:8005: checking if gcc static flag -static works
configure:8033: result: yes
configure:8048: checking if gcc supports -c -o file.o
configure:8069: gcc -c -m32 -O2 -fomit-frame-pointer -mtune=k8 -march=k8  -o out/conftest2.o conftest.c >&5
configure:8073: $? = 0
configure:8095: result: yes
configure:8103: checking if gcc supports -c -o file.o
configure:8150: result: yes
configure:8183: checking whether the gcc linker (/usr/bin/ld) supports shared libraries
configure:9174: result: yes
configure:9211: checking whether -lc should be explicitly linked in
configure:9216: gcc -c -m32 -O2 -fomit-frame-pointer -mtune=k8 -march=k8  conftest.c >&5
configure:9219: $? = 0
configure:9234: gcc -shared conftest.o  -v -Wl,-soname -Wl,conftest -o conftest 2\>\&1 \| /bin/grep  -lc  \>/dev/null 2\>\&1
configure:9237: $? = 0
configure:9249: result: no
configure:9413: checking dynamic linker characteristics
configure:9846: gcc -o conftest -m32 -O2 -fomit-frame-pointer -mtune=k8 -march=k8   -Wl,-rpath -Wl,/foo conftest.c  >&5
configure:9846: $? = 0
configure:10076: result: GNU/Linux ld.so
configure:10178: checking how to hardcode library paths into programs
configure:10203: result: immediate
configure:10723: checking whether stripping libraries is possible
configure:10728: result: yes
configure:10763: checking if libtool supports shared libraries
configure:10765: result: yes
configure:10768: checking whether to build shared libraries
configure:10789: result: yes
configure:10792: checking whether to build static libraries
configure:10796: result: yes
configure:10833: checking for __gmpz_init in -lgmp
configure:10858: gcc -o conftest -m32 -O2 -fomit-frame-pointer -mtune=k8 -march=k8   conftest.c -lgmp   >&5
configure:10858: $? = 0
configure:10867: result: yes
configure:10875: checking for MPFR
configure:10890: gcc -o conftest -m32 -O2 -fomit-frame-pointer -mtune=k8 -march=k8   conftest.c -lmpfr -lgmp  >&5
configure:10890: $? = 0
configure:10891: result: yes
configure:10904: checking for recent GMP
configure:10916: gcc -c -m32 -O2 -fomit-frame-pointer -mtune=k8 -march=k8  conftest.c >&5
configure:10916: $? = 0
configure:10917: result: yes
configure:10931: checking for recent MPFR
configure:10943: gcc -c -m32 -O2 -fomit-frame-pointer -mtune=k8 -march=k8  conftest.c >&5
configure:10943: $? = 0
configure:10944: result: yes
configure:10956: checking for ANSI C header files
configure:11060: result: yes
configure:11071: checking locale.h usability
configure:11071: gcc -c -m32 -O2 -fomit-frame-pointer -mtune=k8 -march=k8  conftest.c >&5
configure:11071: $? = 0
configure:11071: result: yes
configure:11071: checking locale.h presence
configure:11071: gcc -E  conftest.c
configure:11071: $? = 0
configure:11071: result: yes
configure:11071: checking for locale.h
configure:11071: result: yes
configure:11071: checking for inttypes.h
configure:11071: result: yes
configure:11071: checking limits.h usability
configure:11071: gcc -c -m32 -O2 -fomit-frame-pointer -mtune=k8 -march=k8  conftest.c >&5
configure:11071: $? = 0
configure:11071: result: yes
configure:11071: checking limits.h presence
configure:11071: gcc -E  conftest.c
configure:11071: $? = 0
configure:11071: result: yes
configure:11071: checking for limits.h
configure:11071: result: yes
configure:11071: checking for unistd.h
configure:11071: result: yes
configure:11071: checking sys/time.h usability
configure:11071: gcc -c -m32 -O2 -fomit-frame-pointer -mtune=k8 -march=k8  conftest.c >&5
configure:11071: $? = 0
configure:11071: result: yes
configure:11071: checking sys/time.h presence
configure:11071: gcc -E  conftest.c
configure:11071: $? = 0
configure:11071: result: yes
configure:11071: checking for sys/time.h
configure:11071: result: yes
configure:11084: checking for an ANSI C-conforming const
configure:11149: gcc -c -m32 -O2 -fomit-frame-pointer -mtune=k8 -march=k8  conftest.c >&5
configure:11149: $? = 0
configure:11156: result: yes
configure:11164: checking for size_t
configure:11164: gcc -c -m32 -O2 -fomit-frame-pointer -mtune=k8 -march=k8  conftest.c >&5
configure:11164: $? = 0
configure:11164: gcc -c -m32 -O2 -fomit-frame-pointer -mtune=k8 -march=k8  conftest.c >&5
conftest.c: In function 'main':
conftest.c:65: error: expected expression before ')' token
configure:11164: $? = 1
configure: failed program was:
| /* confdefs.h */
| #define PACKAGE_NAME "mpc"
| #define PACKAGE_TARNAME "mpc"
| #define PACKAGE_VERSION "0.8.2"
| #define PACKAGE_STRING "mpc 0.8.2"
| #define PACKAGE_BUGREPORT "mpc-discuss@lists.gforge.inria.fr"
| #define PACKAGE_URL ""
| #define PACKAGE "mpc"
| #define VERSION "0.8.2"
| #define STDC_HEADERS 1
| #define HAVE_SYS_TYPES_H 1
| #define HAVE_SYS_STAT_H 1
| #define HAVE_STDLIB_H 1
| #define HAVE_STRING_H 1
| #define HAVE_MEMORY_H 1
| #define HAVE_STRINGS_H 1
| #define HAVE_INTTYPES_H 1
| #define HAVE_STDINT_H 1
| #define HAVE_UNISTD_H 1
| #define HAVE_DLFCN_H 1
| #define LT_OBJDIR ".libs/"
| #define STDC_HEADERS 1
| #define HAVE_LOCALE_H 1
| #define HAVE_INTTYPES_H 1
| #define HAVE_LIMITS_H 1
| #define HAVE_UNISTD_H 1
| #define HAVE_SYS_TIME_H 1
| /* end confdefs.h.  */
| #include <stdio.h>
| #ifdef HAVE_SYS_TYPES_H
| # include <sys/types.h>
| #endif
| #ifdef HAVE_SYS_STAT_H
| # include <sys/stat.h>
| #endif
| #ifdef STDC_HEADERS
| # include <stdlib.h>
| # include <stddef.h>
| #else
| # ifdef HAVE_STDLIB_H
| #  include <stdlib.h>
| # endif
| #endif
| #ifdef HAVE_STRING_H
| # if !defined STDC_HEADERS && defined HAVE_MEMORY_H
| #  include <memory.h>
| # endif
| # include <string.h>
| #endif
| #ifdef HAVE_STRINGS_H
| # include <strings.h>
| #endif
| #ifdef HAVE_INTTYPES_H
| # include <inttypes.h>
| #endif
| #ifdef HAVE_STDINT_H
| # include <stdint.h>
| #endif
| #ifdef HAVE_UNISTD_H
| # include <unistd.h>
| #endif
| int
| main ()
| {
| if (sizeof ((size_t)))
| 	    return 0;
|   ;
|   return 0;
| }
configure:11164: result: yes
configure:11175: checking whether time.h and sys/time.h may both be included
configure:11195: gcc -c -m32 -O2 -fomit-frame-pointer -mtune=k8 -march=k8  conftest.c >&5
configure:11195: $? = 0
configure:11202: result: yes
configure:11686: checking for gettimeofday
configure:11686: gcc -o conftest -m32 -O2 -fomit-frame-pointer -mtune=k8 -march=k8    conftest.c -lmpfr -lgmp  >&5
configure:11686: $? = 0
configure:11686: result: yes
configure:11686: checking for localeconv
configure:11686: gcc -o conftest -m32 -O2 -fomit-frame-pointer -mtune=k8 -march=k8    conftest.c -lmpfr -lgmp  >&5
configure:11686: $? = 0
configure:11686: result: yes
configure:11686: checking for setlocale
configure:11686: gcc -o conftest -m32 -O2 -fomit-frame-pointer -mtune=k8 -march=k8    conftest.c -lmpfr -lgmp  >&5
configure:11686: $? = 0
configure:11686: result: yes
configure:11699: checking for dup
configure:11699: gcc -o conftest -m32 -O2 -fomit-frame-pointer -mtune=k8 -march=k8    conftest.c -lmpfr -lgmp  >&5
configure:11699: $? = 0
configure:11699: result: yes
configure:11699: checking for dup2
configure:11699: gcc -o conftest -m32 -O2 -fomit-frame-pointer -mtune=k8 -march=k8    conftest.c -lmpfr -lgmp  >&5
configure:11699: $? = 0
configure:11699: result: yes
configure:11699: checking for fileno
configure:11699: gcc -o conftest -m32 -O2 -fomit-frame-pointer -mtune=k8 -march=k8    conftest.c -lmpfr -lgmp  >&5
configure:11699: $? = 0
configure:11699: result: yes
configure:11839: creating ./config.status

## ---------------------- ##
## Running config.status. ##
## ---------------------- ##

This file was extended by mpc config.status 0.8.2, which was
generated by GNU Autoconf 2.65.  Invocation command line was

  CONFIG_FILES    = 
  CONFIG_HEADERS  = 
  CONFIG_LINKS    = 
  CONFIG_COMMANDS = 
  $ ./config.status 

on niranjan-laptop

config.status:1082: creating Makefile
config.status:1082: creating src/Makefile
config.status:1082: creating tests/Makefile
config.status:1082: creating doc/Makefile
config.status:1082: creating config.h
config.status:1302: executing depfiles commands
config.status:1302: executing libtool commands

## ---------------- ##
## Cache variables. ##
## ---------------- ##

ac_cv_build=i686-pc-linux-gnu
ac_cv_c_compiler_gnu=yes
ac_cv_c_const=yes
ac_cv_env_CC_set=
ac_cv_env_CC_value=
ac_cv_env_CFLAGS_set=
ac_cv_env_CFLAGS_value=
ac_cv_env_CPPFLAGS_set=
ac_cv_env_CPPFLAGS_value=
ac_cv_env_CPP_set=
ac_cv_env_CPP_value=
ac_cv_env_LDFLAGS_set=
ac_cv_env_LDFLAGS_value=
ac_cv_env_LIBS_set=
ac_cv_env_LIBS_value=
ac_cv_env_build_alias_set=
ac_cv_env_build_alias_value=
ac_cv_env_host_alias_set=
ac_cv_env_host_alias_value=
ac_cv_env_target_alias_set=
ac_cv_env_target_alias_value=
ac_cv_func_dup2=yes
ac_cv_func_dup=yes
ac_cv_func_fileno=yes
ac_cv_func_gettimeofday=yes
ac_cv_func_localeconv=yes
ac_cv_func_setlocale=yes
ac_cv_header_dlfcn_h=yes
ac_cv_header_inttypes_h=yes
ac_cv_header_limits_h=yes
ac_cv_header_locale_h=yes
ac_cv_header_memory_h=yes
ac_cv_header_stdc=yes
ac_cv_header_stdint_h=yes
ac_cv_header_stdlib_h=yes
ac_cv_header_string_h=yes
ac_cv_header_strings_h=yes
ac_cv_header_sys_stat_h=yes
ac_cv_header_sys_time_h=yes
ac_cv_header_sys_types_h=yes
ac_cv_header_time=yes
ac_cv_header_unistd_h=yes
ac_cv_host=i686-pc-linux-gnu
ac_cv_lib_gmp___gmpz_init=yes
ac_cv_objext=o
ac_cv_path_EGREP='/bin/grep -E'
ac_cv_path_FGREP='/bin/grep -F'
ac_cv_path_GREP=/bin/grep
ac_cv_path_SED=/bin/sed
ac_cv_path_install='/usr/bin/install -c'
ac_cv_path_mkdir=/bin/mkdir
ac_cv_prog_AWK=gawk
ac_cv_prog_CPP='gcc -E'
ac_cv_prog_ac_ct_AR=ar
ac_cv_prog_ac_ct_CC=gcc
ac_cv_prog_ac_ct_OBJDUMP=objdump
ac_cv_prog_ac_ct_RANLIB=ranlib
ac_cv_prog_ac_ct_STRIP=strip
ac_cv_prog_cc_c89=
ac_cv_prog_cc_g=yes
ac_cv_prog_make_make_set=yes
ac_cv_type_size_t=yes
am_cv_CC_dependencies_compiler_type=gcc3
lt_cv_deplibs_check_method=pass_all
lt_cv_file_magic_cmd='$MAGIC_CMD'
lt_cv_file_magic_test_file=
lt_cv_ld_reload_flag=-r
lt_cv_nm_interface='BSD nm'
lt_cv_objdir=.libs
lt_cv_path_LD=/usr/bin/ld
lt_cv_path_NM='/usr/bin/nm -B'
lt_cv_prog_compiler_c_o=yes
lt_cv_prog_compiler_pic_works=yes
lt_cv_prog_compiler_rtti_exceptions=no
lt_cv_prog_compiler_static_works=yes
lt_cv_prog_gnu_ld=yes
lt_cv_sys_global_symbol_pipe='sed -n -e '\''s/^.*[	 ]\([ABCDGIRSTW][ABCDGIRSTW]*\)[	 ][	 ]*\([_A-Za-z][_A-Za-z0-9]*\)$/\1 \2 \2/p'\'''
lt_cv_sys_global_symbol_to_c_name_address='sed -n -e '\''s/^: \([^ ]*\) $/  {\"\1\", (void *) 0},/p'\'' -e '\''s/^[ABCDGIRSTW]* \([^ ]*\) \([^ ]*\)$/  {"\2", (void *) \&\2},/p'\'''
lt_cv_sys_global_symbol_to_c_name_address_lib_prefix='sed -n -e '\''s/^: \([^ ]*\) $/  {\"\1\", (void *) 0},/p'\'' -e '\''s/^[ABCDGIRSTW]* \([^ ]*\) \(lib[^ ]*\)$/  {"\2", (void *) \&\2},/p'\'' -e '\''s/^[ABCDGIRSTW]* \([^ ]*\) \([^ ]*\)$/  {"lib\2", (void *) \&\2},/p'\'''
lt_cv_sys_global_symbol_to_cdecl='sed -n -e '\''s/^T .* \(.*\)$/extern int \1();/p'\'' -e '\''s/^[ABCDGIRSTW]* .* \(.*\)$/extern char \1;/p'\'''
lt_cv_sys_max_cmd_len=1572864

## ----------------- ##
## Output variables. ##
## ----------------- ##

ACLOCAL='${SHELL} /media/work_stonybrook/labwork/gcc-4.5.1/mpc-0.8.2/missing --run aclocal-1.11'
AMDEPBACKSLASH='\'
AMDEP_FALSE='#'
AMDEP_TRUE=''
AMTAR='${SHELL} /media/work_stonybrook/labwork/gcc-4.5.1/mpc-0.8.2/missing --run tar'
AR='ar'
AUTOCONF='${SHELL} /media/work_stonybrook/labwork/gcc-4.5.1/mpc-0.8.2/missing --run autoconf'
AUTOHEADER='${SHELL} /media/work_stonybrook/labwork/gcc-4.5.1/mpc-0.8.2/missing --run autoheader'
AUTOMAKE='${SHELL} /media/work_stonybrook/labwork/gcc-4.5.1/mpc-0.8.2/missing --run automake-1.11'
AWK='gawk'
CC='gcc'
CCDEPMODE='depmode=gcc3'
CFLAGS='-m32 -O2 -fomit-frame-pointer -mtune=k8 -march=k8'
CPP='gcc -E'
CPPFLAGS=''
CYGPATH_W='echo'
DEFS='-DHAVE_CONFIG_H'
DEPDIR='.deps'
DSYMUTIL=''
DUMPBIN=''
ECHO_C=''
ECHO_N='-n'
ECHO_T=''
EGREP='/bin/grep -E'
EXEEXT=''
FGREP='/bin/grep -F'
GREP='/bin/grep'
INSTALL_DATA='${INSTALL} -m 644'
INSTALL_PROGRAM='${INSTALL}'
INSTALL_SCRIPT='${INSTALL}'
INSTALL_STRIP_PROGRAM='$(install_sh) -c -s'
LD='/usr/bin/ld'
LDFLAGS=''
LIBOBJS=''
LIBS='-lmpfr -lgmp '
LIBTOOL='$(SHELL) $(top_builddir)/libtool'
LIPO=''
LN_S='ln -s'
LTLIBOBJS=''
MAINT='#'
MAINTAINER_MODE_FALSE=''
MAINTAINER_MODE_TRUE='#'
MAKEINFO='${SHELL} /media/work_stonybrook/labwork/gcc-4.5.1/mpc-0.8.2/missing --run makeinfo'
MKDIR_P='/bin/mkdir -p'
NM='/usr/bin/nm -B'
NMEDIT=''
OBJDUMP='objdump'
OBJEXT='o'
OTOOL64=''
OTOOL=''
PACKAGE='mpc'
PACKAGE_BUGREPORT='mpc-discuss@lists.gforge.inria.fr'
PACKAGE_NAME='mpc'
PACKAGE_STRING='mpc 0.8.2'
PACKAGE_TARNAME='mpc'
PACKAGE_URL=''
PACKAGE_VERSION='0.8.2'
PATH_SEPARATOR=':'
RANLIB='ranlib'
SED='/bin/sed'
SET_MAKE=''
SHELL='/bin/bash'
STRIP='strip'
VERSION='0.8.2'
WARNINGCFLAGS=''
ac_ct_CC='gcc'
ac_ct_DUMPBIN=''
am__EXEEXT_FALSE=''
am__EXEEXT_TRUE='#'
am__fastdepCC_FALSE='#'
am__fastdepCC_TRUE=''
am__include='include'
am__isrc=''
am__leading_dot='.'
am__quote=''
am__tar='${AMTAR} chof - "$$tardir"'
am__untar='${AMTAR} xf -'
bindir='${exec_prefix}/bin'
build='i686-pc-linux-gnu'
build_alias=''
build_cpu='i686'
build_os='linux-gnu'
build_vendor='pc'
datadir='${datarootdir}'
datarootdir='${prefix}/share'
docdir='${datarootdir}/doc/${PACKAGE_TARNAME}'
dvidir='${docdir}'
exec_prefix='${prefix}'
host='i686-pc-linux-gnu'
host_alias=''
host_cpu='i686'
host_os='linux-gnu'
host_vendor='pc'
htmldir='${docdir}'
includedir='${prefix}/include'
infodir='${datarootdir}/info'
install_sh='${SHELL} /media/work_stonybrook/labwork/gcc-4.5.1/mpc-0.8.2/install-sh'
libdir='${exec_prefix}/lib'
libexecdir='${exec_prefix}/libexec'
localedir='${datarootdir}/locale'
localstatedir='${prefix}/var'
lt_ECHO='echo'
mandir='${datarootdir}/man'
mkdir_p='/bin/mkdir -p'
oldincludedir='/usr/include'
pdfdir='${docdir}'
prefix='/media/work_stonybrook/labwork/gcc-4.5.1/mpc-0.8.2/installdir'
program_transform_name='s,x,x,'
psdir='${docdir}'
sbindir='${exec_prefix}/sbin'
sharedstatedir='${prefix}/com'
sysconfdir='${prefix}/etc'
target_alias=''

## ----------- ##
## confdefs.h. ##
## ----------- ##

/* confdefs.h */
#define PACKAGE_NAME "mpc"
#define PACKAGE_TARNAME "mpc"
#define PACKAGE_VERSION "0.8.2"
#define PACKAGE_STRING "mpc 0.8.2"
#define PACKAGE_BUGREPORT "mpc-discuss@lists.gforge.inria.fr"
#define PACKAGE_URL ""
#define PACKAGE "mpc"
#define VERSION "0.8.2"
#define STDC_HEADERS 1
#define HAVE_SYS_TYPES_H 1
#define HAVE_SYS_STAT_H 1
#define HAVE_STDLIB_H 1
#define HAVE_STRING_H 1
#define HAVE_MEMORY_H 1
#define HAVE_STRINGS_H 1
#define HAVE_INTTYPES_H 1
#define HAVE_STDINT_H 1
#define HAVE_UNISTD_H 1
#define HAVE_DLFCN_H 1
#define LT_OBJDIR ".libs/"
#define STDC_HEADERS 1
#define HAVE_LOCALE_H 1
#define HAVE_INTTYPES_H 1
#define HAVE_LIMITS_H 1
#define HAVE_UNISTD_H 1
#define HAVE_SYS_TIME_H 1
#define TIME_WITH_SYS_TIME 1
#define HAVE_GETTIMEOFDAY 1
#define HAVE_LOCALECONV 1
#define HAVE_SETLOCALE 1
#define HAVE_DUP 1
#define HAVE_DUP2 1
#define HAVE_FILENO 1

configure: exit 0
