This file contains any messages produced by compilers while
running configure, to aid debugging if configure makes a mistake.

It was created by configure, which was
generated by GNU Autoconf 2.64.  Invocation command line was

  $ ./configure --prefix=/home/niranjan/labwork/gcc-4.5.1/zlib/installdir

## --------- ##
## Platform. ##
## --------- ##

hostname = niranjan-acer
uname -m = i686
uname -r = 3.13.0-49-generic
uname -s = Linux
uname -v = #83-Ubuntu SMP Fri Apr 10 20:14:51 UTC 2015

/usr/bin/uname -p = unknown
/bin/uname -X     = unknown

/bin/arch              = unknown
/usr/bin/arch -k       = unknown
/usr/convex/getsysinfo = unknown
/usr/bin/hostinfo      = unknown
/bin/machine           = unknown
/usr/bin/oslevel       = unknown
/bin/universe          = unknown

PATH: /usr/local/sbin
PATH: /usr/local/bin
PATH: /usr/sbin
PATH: /usr/bin
PATH: /sbin
PATH: /bin
PATH: /usr/games
PATH: /usr/local/games
PATH: /home/niranjan/bin
PATH: /usr/local/java/jdk1.7.0_51/bin
PATH: /home/niranjan/bin
PATH: /usr/local/java/jre1.7.0_51/bin


## ----------- ##
## Core tests. ##
## ----------- ##

configure:2246: checking build system type
configure:2260: result: i686-pc-linux-gnu
configure:2280: checking host system type
configure:2293: result: i686-pc-linux-gnu
configure:2313: checking target system type
configure:2326: result: i686-pc-linux-gnu
configure:2374: checking for a BSD-compatible install
configure:2442: result: /usr/bin/install -c
configure:2453: checking whether build environment is sane
configure:2503: result: yes
configure:2644: checking for a thread-safe mkdir -p
configure:2683: result: /bin/mkdir -p
configure:2696: checking for gawk
configure:2712: found /usr/bin/gawk
configure:2723: result: gawk
configure:2734: checking whether make sets $(MAKE)
configure:2756: result: yes
configure:2838: checking whether to enable maintainer-specific portions of Makefiles
configure:2847: result: no
configure:2958: checking for gcc
configure:2974: found /usr/bin/gcc
configure:2985: result: gcc
configure:3214: checking for C compiler version
configure:3223: gcc --version >&5
gcc (Ubuntu 4.8.2-19ubuntu1) 4.8.2
Copyright (C) 2013 Free Software Foundation, Inc.
This is free software; see the source for copying conditions.  There is NO
warranty; not even for MERCHANTABILITY or FITNESS FOR A PARTICULAR PURPOSE.

configure:3234: $? = 0
configure:3223: gcc -v >&5
Using built-in specs.
COLLECT_GCC=gcc
COLLECT_LTO_WRAPPER=/usr/lib/gcc/i686-linux-gnu/4.8/lto-wrapper
Target: i686-linux-gnu
Configured with: ../src/configure -v --with-pkgversion='Ubuntu 4.8.2-19ubuntu1' --with-bugurl=file:///usr/share/doc/gcc-4.8/README.Bugs --enable-languages=c,c++,java,go,d,fortran,objc,obj-c++ --prefix=/usr --program-suffix=-4.8 --enable-shared --enable-linker-build-id --libexecdir=/usr/lib --without-included-gettext --enable-threads=posix --with-gxx-include-dir=/usr/include/c++/4.8 --libdir=/usr/lib --enable-nls --with-sysroot=/ --enable-clocale=gnu --enable-libstdcxx-debug --enable-libstdcxx-time=yes --enable-gnu-unique-object --disable-libmudflap --enable-plugin --with-system-zlib --disable-browser-plugin --enable-java-awt=gtk --enable-gtk-cairo --with-java-home=/usr/lib/jvm/java-1.5.0-gcj-4.8-i386/jre --enable-java-home --with-jvm-root-dir=/usr/lib/jvm/java-1.5.0-gcj-4.8-i386 --with-jvm-jar-dir=/usr/lib/jvm-exports/java-1.5.0-gcj-4.8-i386 --with-arch-directory=i386 --with-ecj-jar=/usr/share/java/eclipse-ecj.jar --enable-objc-gc --enable-targets=all --enable-multiarch --disable-werror --with-arch-32=i686 --with-multilib-list=m32,m64,mx32 --with-tune=generic --enable-checking=release --build=i686-linux-gnu --host=i686-linux-gnu --target=i686-linux-gnu
Thread model: posix
gcc version 4.8.2 (Ubuntu 4.8.2-19ubuntu1) 
configure:3234: $? = 0
configure:3223: gcc -V >&5
gcc: error: unrecognized command line option '-V'
gcc: fatal error: no input files
compilation terminated.
configure:3234: $? = 4
configure:3223: gcc -qversion >&5
gcc: error: unrecognized command line option '-qversion'
gcc: fatal error: no input files
compilation terminated.
configure:3234: $? = 4
configure:3250: gcc -o conftest    conftest.c  >&5
configure:3253: $? = 0
configure:3282: checking for C compiler default output file name
configure:3304: gcc    conftest.c  >&5
configure:3308: $? = 0
configure:3345: result: a.out
configure:3361: checking whether the C compiler works
configure:3370: ./a.out
configure:3374: $? = 0
configure:3389: result: yes
configure:3396: checking whether we are cross compiling
configure:3398: result: no
configure:3401: checking for suffix of executables
configure:3408: gcc -o conftest    conftest.c  >&5
configure:3412: $? = 0
configure:3434: result: 
configure:3441: checking for suffix of object files
configure:3463: gcc -c   conftest.c >&5
configure:3467: $? = 0
configure:3488: result: o
configure:3492: checking whether we are using the GNU C compiler
configure:3511: gcc -c   conftest.c >&5
configure:3511: $? = 0
configure:3520: result: yes
configure:3529: checking whether gcc accepts -g
configure:3549: gcc -c -g  conftest.c >&5
configure:3549: $? = 0
configure:3590: result: yes
configure:3607: checking for gcc option to accept ISO C89
configure:3671: gcc  -c -g -O2  conftest.c >&5
configure:3671: $? = 0
configure:3684: result: none needed
configure:3715: checking for style of include used by make
configure:3743: result: GNU
configure:3768: checking dependency style of gcc
configure:3878: result: gcc3
configure:3943: checking how to print strings
configure:3970: result: printf
configure:3991: checking for a sed that does not truncate output
configure:4055: result: /bin/sed
configure:4073: checking for grep that handles long lines and -e
configure:4131: result: /bin/grep
configure:4136: checking for egrep
configure:4198: result: /bin/grep -E
configure:4203: checking for fgrep
configure:4265: result: /bin/grep -F
configure:4300: checking for ld used by gcc
configure:4367: result: /usr/bin/ld
configure:4374: checking if the linker (/usr/bin/ld) is GNU ld
configure:4389: result: yes
configure:4401: checking for BSD- or MS-compatible name lister (nm)
configure:4450: result: /usr/bin/nm -B
configure:4580: checking the name lister (/usr/bin/nm -B) interface
configure:4587: gcc -c -g -O2  conftest.c >&5
configure:4590: /usr/bin/nm -B "conftest.o"
configure:4593: output
00000000 B some_variable
configure:4600: result: BSD nm
configure:4603: checking whether ln -s works
configure:4607: result: yes
configure:4615: checking the maximum length of command line arguments
configure:4740: result: 1572864
configure:4757: checking whether the shell understands some XSI constructs
configure:4767: result: yes
configure:4771: checking whether the shell understands "+="
configure:4777: result: yes
configure:4812: checking for /usr/bin/ld option to reload object files
configure:4819: result: -r
configure:4888: checking for objdump
configure:4904: found /usr/bin/objdump
configure:4915: result: objdump
configure:4947: checking how to recognize dependent libraries
configure:5148: result: pass_all
configure:5208: checking for ar
configure:5224: found /usr/bin/ar
configure:5235: result: ar
configure:5313: checking for strip
configure:5329: found /usr/bin/strip
configure:5340: result: strip
configure:5412: checking for ranlib
configure:5428: found /usr/bin/ranlib
configure:5439: result: ranlib
configure:5541: checking command to parse /usr/bin/nm -B output from gcc object
configure:5659: gcc -c -g -O2  conftest.c >&5
configure:5662: $? = 0
configure:5666: /usr/bin/nm -B conftest.o \| sed -n -e 's/^.*[ ]\([ABCDGIRSTW][ABCDGIRSTW]*\)[ ][ ]*\([_A-Za-z][_A-Za-z0-9]*\)$/\1 \2 \2/p' \> conftest.nm
configure:5669: $? = 0
configure:5723: gcc -o conftest -g -O2   conftest.c conftstm.o >&5
configure:5726: $? = 0
configure:5764: result: ok
configure:6609: checking how to run the C preprocessor
configure:6640: gcc -E  conftest.c
configure:6640: $? = 0
configure:6654: gcc -E  conftest.c
conftest.c:11:28: fatal error: ac_nonexistent.h: No such file or directory
 #include <ac_nonexistent.h>
                            ^
compilation terminated.
configure:6654: $? = 1
configure: failed program was:
| /* confdefs.h */
| #define PACKAGE_NAME ""
| #define PACKAGE_TARNAME ""
| #define PACKAGE_VERSION ""
| #define PACKAGE_STRING ""
| #define PACKAGE_BUGREPORT ""
| #define PACKAGE_URL ""
| #define PACKAGE "zlib"
| #define VERSION "1.1.4"
| /* end confdefs.h.  */
| #include <ac_nonexistent.h>
configure:6679: result: gcc -E
configure:6699: gcc -E  conftest.c
configure:6699: $? = 0
configure:6713: gcc -E  conftest.c
conftest.c:11:28: fatal error: ac_nonexistent.h: No such file or directory
 #include <ac_nonexistent.h>
                            ^
compilation terminated.
configure:6713: $? = 1
configure: failed program was:
| /* confdefs.h */
| #define PACKAGE_NAME ""
| #define PACKAGE_TARNAME ""
| #define PACKAGE_VERSION ""
| #define PACKAGE_STRING ""
| #define PACKAGE_BUGREPORT ""
| #define PACKAGE_URL ""
| #define PACKAGE "zlib"
| #define VERSION "1.1.4"
| /* end confdefs.h.  */
| #include <ac_nonexistent.h>
configure:6742: checking for ANSI C header files
configure:6762: gcc -c -g -O2  conftest.c >&5
configure:6762: $? = 0
configure:6835: gcc -o conftest -g -O2   conftest.c  >&5
configure:6835: $? = 0
configure:6835: ./conftest
configure:6835: $? = 0
configure:6846: result: yes
configure:6859: checking for sys/types.h
configure:6859: gcc -c -g -O2  conftest.c >&5
configure:6859: $? = 0
configure:6859: result: yes
configure:6859: checking for sys/stat.h
configure:6859: gcc -c -g -O2  conftest.c >&5
configure:6859: $? = 0
configure:6859: result: yes
configure:6859: checking for stdlib.h
configure:6859: gcc -c -g -O2  conftest.c >&5
configure:6859: $? = 0
configure:6859: result: yes
configure:6859: checking for string.h
configure:6859: gcc -c -g -O2  conftest.c >&5
configure:6859: $? = 0
configure:6859: result: yes
configure:6859: checking for memory.h
configure:6859: gcc -c -g -O2  conftest.c >&5
configure:6859: $? = 0
configure:6859: result: yes
configure:6859: checking for strings.h
configure:6859: gcc -c -g -O2  conftest.c >&5
configure:6859: $? = 0
configure:6859: result: yes
configure:6859: checking for inttypes.h
configure:6859: gcc -c -g -O2  conftest.c >&5
configure:6859: $? = 0
configure:6859: result: yes
configure:6859: checking for stdint.h
configure:6859: gcc -c -g -O2  conftest.c >&5
configure:6859: $? = 0
configure:6859: result: yes
configure:6859: checking for unistd.h
configure:6859: gcc -c -g -O2  conftest.c >&5
configure:6859: $? = 0
configure:6859: result: yes
configure:6874: checking for dlfcn.h
configure:6874: gcc -c -g -O2  conftest.c >&5
configure:6874: $? = 0
configure:6874: result: yes
configure:7061: checking for objdir
configure:7076: result: .libs
configure:7347: checking if gcc supports -fno-rtti -fno-exceptions
configure:7365: gcc -c -g -O2  -fno-rtti -fno-exceptions conftest.c >&5
cc1: warning: command line option '-fno-rtti' is valid for C++/ObjC++ but not for C [enabled by default]
configure:7369: $? = 0
configure:7382: result: no
configure:7402: checking for gcc option to produce PIC
configure:7687: result: -fPIC -DPIC
configure:7699: checking if gcc PIC flag -fPIC -DPIC works
configure:7717: gcc -c -g -O2  -fPIC -DPIC -DPIC conftest.c >&5
configure:7721: $? = 0
configure:7734: result: yes
configure:7758: checking if gcc static flag -static works
configure:7786: result: yes
configure:7801: checking if gcc supports -c -o file.o
configure:7822: gcc -c -g -O2  -o out/conftest2.o conftest.c >&5
configure:7826: $? = 0
configure:7848: result: yes
configure:7856: checking if gcc supports -c -o file.o
configure:7903: result: yes
configure:7936: checking whether the gcc linker (/usr/bin/ld) supports shared libraries
configure:9020: result: yes
configure:9057: checking whether -lc should be explicitly linked in
configure:9065: gcc -c -g -O2  conftest.c >&5
configure:9068: $? = 0
configure:9083: gcc -shared conftest.o  -v -Wl,-soname -Wl,conftest -o conftest 2\>\&1 \| /bin/grep  -lc  \>/dev/null 2\>\&1
configure:9086: $? = 0
configure:9100: result: no
configure:9265: checking dynamic linker characteristics
configure:9723: gcc -o conftest -g -O2   -Wl,-rpath -Wl,/foo conftest.c  >&5
configure:9723: $? = 0
configure:9945: result: GNU/Linux ld.so
configure:10052: checking how to hardcode library paths into programs
configure:10077: result: immediate
configure:10632: checking whether stripping libraries is possible
configure:10637: result: yes
configure:10672: checking if libtool supports shared libraries
configure:10674: result: yes
configure:10677: checking whether to build shared libraries
configure:10698: result: yes
configure:10701: checking whether to build static libraries
configure:10705: result: yes
configure:10748: checking how to run the C preprocessor
configure:10818: result: gcc -E
configure:10838: gcc -E  conftest.c
configure:10838: $? = 0
configure:10852: gcc -E  conftest.c
conftest.c:23:28: fatal error: ac_nonexistent.h: No such file or directory
 #include <ac_nonexistent.h>
                            ^
compilation terminated.
configure:10852: $? = 1
configure: failed program was:
| /* confdefs.h */
| #define PACKAGE_NAME ""
| #define PACKAGE_TARNAME ""
| #define PACKAGE_VERSION ""
| #define PACKAGE_STRING ""
| #define PACKAGE_BUGREPORT ""
| #define PACKAGE_URL ""
| #define PACKAGE "zlib"
| #define VERSION "1.1.4"
| #define STDC_HEADERS 1
| #define HAVE_SYS_TYPES_H 1
| #define HAVE_SYS_STAT_H 1
| #define HAVE_STDLIB_H 1
| #define HAVE_STRING_H 1
| #define HAVE_MEMORY_H 1
| #define HAVE_STRINGS_H 1
| #define HAVE_INTTYPES_H 1
| #define HAVE_STDINT_H 1
| #define HAVE_UNISTD_H 1
| #define HAVE_DLFCN_H 1
| #define LT_OBJDIR ".libs/"
| /* end confdefs.h.  */
| #include <ac_nonexistent.h>
configure:10905: checking for stdlib.h
configure:10905: result: yes
configure:10905: checking for unistd.h
configure:10905: result: yes
configure:10918: checking for getpagesize
configure:10918: gcc -o conftest -g -O2   conftest.c  >&5
configure:10918: $? = 0
configure:10918: result: yes
configure:10927: checking for working mmap
configure:11064: gcc -o conftest -g -O2   conftest.c  >&5
configure:11064: $? = 0
configure:11064: ./conftest
configure:11064: $? = 0
configure:11074: result: yes
configure:11087: checking for memcpy
configure:11087: gcc -o conftest -g -O2   conftest.c  >&5
conftest.c:50:6: warning: conflicting types for built-in function 'memcpy' [enabled by default]
 char memcpy ();
      ^
configure:11087: $? = 0
configure:11087: result: yes
configure:11087: checking for strerror
configure:11087: gcc -o conftest -g -O2   conftest.c  >&5
configure:11087: $? = 0
configure:11087: result: yes
configure:11153: checking for unistd.h
configure:11153: result: yes
configure:11363: creating ./config.status

## ---------------------- ##
## Running config.status. ##
## ---------------------- ##

This file was extended by config.status, which was
generated by GNU Autoconf 2.64.  Invocation command line was

  CONFIG_FILES    = 
  CONFIG_HEADERS  = 
  CONFIG_LINKS    = 
  CONFIG_COMMANDS = 
  $ ./config.status 

on niranjan-acer

config.status:1014: creating Makefile
config.status:1177: executing default-1 commands

## ---------------- ##
## Cache variables. ##
## ---------------- ##

ac_cv_build=i686-pc-linux-gnu
ac_cv_c_compiler_gnu=yes
ac_cv_env_CPPFLAGS_set=
ac_cv_env_CPPFLAGS_value=
ac_cv_env_CPP_set=
ac_cv_env_CPP_value=
ac_cv_env_build_alias_set=
ac_cv_env_build_alias_value=
ac_cv_env_host_alias_set=
ac_cv_env_host_alias_value=
ac_cv_env_target_alias_set=
ac_cv_env_target_alias_value=
ac_cv_func_getpagesize=yes
ac_cv_func_memcpy=yes
ac_cv_func_mmap_fixed_mapped=yes
ac_cv_func_strerror=yes
ac_cv_header_dlfcn_h=yes
ac_cv_header_inttypes_h=yes
ac_cv_header_memory_h=yes
ac_cv_header_stdc=yes
ac_cv_header_stdint_h=yes
ac_cv_header_stdlib_h=yes
ac_cv_header_string_h=yes
ac_cv_header_strings_h=yes
ac_cv_header_sys_stat_h=yes
ac_cv_header_sys_types_h=yes
ac_cv_header_unistd_h=yes
ac_cv_host=i686-pc-linux-gnu
ac_cv_objext=o
ac_cv_path_EGREP='/bin/grep -E'
ac_cv_path_FGREP='/bin/grep -F'
ac_cv_path_GREP=/bin/grep
ac_cv_path_SED=/bin/sed
ac_cv_path_install='/usr/bin/install -c'
ac_cv_path_mkdir=/bin/mkdir
ac_cv_prog_AWK=gawk
ac_cv_prog_CPP='gcc -E'
ac_cv_prog_ac_ct_AR=ar
ac_cv_prog_ac_ct_CC=gcc
ac_cv_prog_ac_ct_OBJDUMP=objdump
ac_cv_prog_ac_ct_RANLIB=ranlib
ac_cv_prog_ac_ct_STRIP=strip
ac_cv_prog_cc_c89=
ac_cv_prog_cc_g=yes
ac_cv_prog_make_make_set=yes
ac_cv_target=i686-pc-linux-gnu
am_cv_CC_dependencies_compiler_type=gcc3
lt_cv_archive_cmds_need_lc=no
lt_cv_deplibs_check_method=pass_all
lt_cv_file_magic_cmd='$MAGIC_CMD'
lt_cv_file_magic_test_file=
lt_cv_ld_reload_flag=-r
lt_cv_nm_interface='BSD nm'
lt_cv_objdir=.libs
lt_cv_path_LD=/usr/bin/ld
lt_cv_path_NM='/usr/bin/nm -B'
lt_cv_prog_compiler_c_o=yes
lt_cv_prog_compiler_pic_works=yes
lt_cv_prog_compiler_rtti_exceptions=no
lt_cv_prog_compiler_static_works=yes
lt_cv_prog_gnu_ld=yes
lt_cv_shlibpath_overrides_runpath=no
lt_cv_sys_global_symbol_pipe='sed -n -e '\''s/^.*[	 ]\([ABCDGIRSTW][ABCDGIRSTW]*\)[	 ][	 ]*\([_A-Za-z][_A-Za-z0-9]*\)$/\1 \2 \2/p'\'''
lt_cv_sys_global_symbol_to_c_name_address='sed -n -e '\''s/^: \([^ ]*\) $/  {\"\1\", (void *) 0},/p'\'' -e '\''s/^[ABCDGIRSTW]* \([^ ]*\) \([^ ]*\)$/  {"\2", (void *) \&\2},/p'\'''
lt_cv_sys_global_symbol_to_c_name_address_lib_prefix='sed -n -e '\''s/^: \([^ ]*\) $/  {\"\1\", (void *) 0},/p'\'' -e '\''s/^[ABCDGIRSTW]* \([^ ]*\) \(lib[^ ]*\)$/  {"\2", (void *) \&\2},/p'\'' -e '\''s/^[ABCDGIRSTW]* \([^ ]*\) \([^ ]*\)$/  {"lib\2", (void *) \&\2},/p'\'''
lt_cv_sys_global_symbol_to_cdecl='sed -n -e '\''s/^T .* \(.*\)$/extern int \1();/p'\'' -e '\''s/^[ABCDGIRSTW]* .* \(.*\)$/extern char \1;/p'\'''
lt_cv_sys_max_cmd_len=1572864

## ----------------- ##
## Output variables. ##
## ----------------- ##

ACLOCAL='${SHELL} /home/niranjan/labwork/gcc-4.5.1/missing --run aclocal-1.11'
AMDEPBACKSLASH='\'
AMDEP_FALSE='#'
AMDEP_TRUE=''
AMTAR='${SHELL} /home/niranjan/labwork/gcc-4.5.1/missing --run tar'
AR='ar'
AUTOCONF='${SHELL} /home/niranjan/labwork/gcc-4.5.1/missing --run autoconf'
AUTOHEADER='${SHELL} /home/niranjan/labwork/gcc-4.5.1/missing --run autoheader'
AUTOMAKE='${SHELL} /home/niranjan/labwork/gcc-4.5.1/missing --run automake-1.11'
AWK='gawk'
CC='gcc'
CCDEPMODE='depmode=gcc3'
CFLAGS='-g -O2'
COMPPATH='.'
CPP='gcc -E'
CPPFLAGS=''
CYGPATH_W='echo'
DEFS='-DPACKAGE_NAME=\"\" -DPACKAGE_TARNAME=\"\" -DPACKAGE_VERSION=\"\" -DPACKAGE_STRING=\"\" -DPACKAGE_BUGREPORT=\"\" -DPACKAGE_URL=\"\" -DPACKAGE=\"zlib\" -DVERSION=\"1.1.4\" -DSTDC_HEADERS=1 -DHAVE_SYS_TYPES_H=1 -DHAVE_SYS_STAT_H=1 -DHAVE_STDLIB_H=1 -DHAVE_STRING_H=1 -DHAVE_MEMORY_H=1 -DHAVE_STRINGS_H=1 -DHAVE_INTTYPES_H=1 -DHAVE_STDINT_H=1 -DHAVE_UNISTD_H=1 -DHAVE_DLFCN_H=1 -DLT_OBJDIR=\".libs/\" -DHAVE_STDLIB_H=1 -DHAVE_UNISTD_H=1 -DHAVE_GETPAGESIZE=1 -DHAVE_MMAP=1 -DHAVE_MEMCPY=1 -DHAVE_STRERROR=1 -DHAVE_UNISTD_H=1'
DEPDIR='.deps'
DSYMUTIL=''
DUMPBIN=''
ECHO_C=''
ECHO_N='-n'
ECHO_T=''
EGREP='/bin/grep -E'
EXEEXT=''
FGREP='/bin/grep -F'
GREP='/bin/grep'
INSTALL_DATA='${INSTALL} -m 644'
INSTALL_PROGRAM='${INSTALL}'
INSTALL_SCRIPT='${INSTALL}'
INSTALL_STRIP_PROGRAM='$(install_sh) -c -s'
LD='/usr/bin/ld'
LDFLAGS=''
LIBOBJS=''
LIBS=''
LIBTOOL='$(SHELL) $(top_builddir)/libtool'
LIPO=''
LN_S='ln -s'
LTLIBOBJS=''
MAINT='#'
MAINTAINER_MODE_FALSE=''
MAINTAINER_MODE_TRUE='#'
MAKEINFO='${SHELL} /home/niranjan/labwork/gcc-4.5.1/missing --run makeinfo'
MKDIR_P='/bin/mkdir -p'
NM='/usr/bin/nm -B'
NMEDIT=''
OBJDUMP='objdump'
OBJEXT='o'
OTOOL64=''
OTOOL=''
PACKAGE='zlib'
PACKAGE_BUGREPORT=''
PACKAGE_NAME=''
PACKAGE_STRING=''
PACKAGE_TARNAME=''
PACKAGE_URL=''
PACKAGE_VERSION=''
PATH_SEPARATOR=':'
RANLIB='ranlib'
SED='/bin/sed'
SET_MAKE=''
SHELL='/bin/bash'
STRIP='strip'
TARGET_LIBRARY_FALSE=''
TARGET_LIBRARY_TRUE='#'
VERSION='1.1.4'
ac_ct_CC='gcc'
ac_ct_DUMPBIN=''
am__EXEEXT_FALSE=''
am__EXEEXT_TRUE='#'
am__fastdepCC_FALSE='#'
am__fastdepCC_TRUE=''
am__include='include'
am__isrc=''
am__leading_dot='.'
am__quote=''
am__tar='${AMTAR} chof - "$$tardir"'
am__untar='${AMTAR} xf -'
bindir='${exec_prefix}/bin'
build='i686-pc-linux-gnu'
build_alias=''
build_cpu='i686'
build_os='linux-gnu'
build_vendor='pc'
datadir='${datarootdir}'
datarootdir='${prefix}/share'
docdir='${datarootdir}/doc/${PACKAGE}'
dvidir='${docdir}'
exec_prefix='${prefix}'
host='i686-pc-linux-gnu'
host_alias=''
host_cpu='i686'
host_os='linux-gnu'
host_vendor='pc'
htmldir='${docdir}'
includedir='${prefix}/include'
infodir='${datarootdir}/info'
install_sh='${SHELL} /home/niranjan/labwork/gcc-4.5.1/install-sh'
libdir='${exec_prefix}/lib'
libexecdir='${exec_prefix}/libexec'
localedir='${datarootdir}/locale'
localstatedir='${prefix}/var'
mandir='${datarootdir}/man'
mkdir_p='/bin/mkdir -p'
mkinstalldirs='/home/niranjan/labwork/gcc-4.5.1/mkinstalldirs'
multi_basedir='./../..'
oldincludedir='/usr/include'
pdfdir='${docdir}'
prefix='/home/niranjan/labwork/gcc-4.5.1/zlib/installdir'
program_transform_name='s,x,x,'
psdir='${docdir}'
sbindir='${exec_prefix}/sbin'
sharedstatedir='${prefix}/com'
sysconfdir='${prefix}/etc'
target='i686-pc-linux-gnu'
target_alias=''
target_all='libzgcj.la'
target_cpu='i686'
target_os='linux-gnu'
target_vendor='pc'
toolexecdir='$(libdir)/gcc-lib/$(target_alias)'
toolexeclibdir='$(libdir)/../lib'

## ----------- ##
## confdefs.h. ##
## ----------- ##

/* confdefs.h */
#define PACKAGE_NAME ""
#define PACKAGE_TARNAME ""
#define PACKAGE_VERSION ""
#define PACKAGE_STRING ""
#define PACKAGE_BUGREPORT ""
#define PACKAGE_URL ""
#define PACKAGE "zlib"
#define VERSION "1.1.4"
#define STDC_HEADERS 1
#define HAVE_SYS_TYPES_H 1
#define HAVE_SYS_STAT_H 1
#define HAVE_STDLIB_H 1
#define HAVE_STRING_H 1
#define HAVE_MEMORY_H 1
#define HAVE_STRINGS_H 1
#define HAVE_INTTYPES_H 1
#define HAVE_STDINT_H 1
#define HAVE_UNISTD_H 1
#define HAVE_DLFCN_H 1
#define LT_OBJDIR ".libs/"
#define HAVE_STDLIB_H 1
#define HAVE_UNISTD_H 1
#define HAVE_GETPAGESIZE 1
#define HAVE_MMAP 1
#define HAVE_MEMCPY 1
#define HAVE_STRERROR 1
#define HAVE_UNISTD_H 1

configure: exit 1
