This file contains any messages produced by compilers while
running configure, to aid debugging if configure makes a mistake.

It was created by the Parma Watchdog Library configure 0.5, which was
generated by GNU Autoconf 2.63.  Invocation command line was

  $ ./configure --disable-option-checking --prefix=/media/work_stonybrook/labwork/gcc-4.5.1/ppl-0.10/installdir --cache-file=/dev/null --srcdir=.

## --------- ##
## Platform. ##
## --------- ##

hostname = niranjan-laptop
uname -m = i686
uname -r = 2.6.28-19-generic
uname -s = Linux
uname -v = #66-Ubuntu SMP Sat Oct 16 17:39:04 UTC 2010

/usr/bin/uname -p = unknown
/bin/uname -X     = unknown

/bin/arch              = unknown
/usr/bin/arch -k       = unknown
/usr/convex/getsysinfo = unknown
/usr/bin/hostinfo      = unknown
/bin/machine           = unknown
/usr/bin/oslevel       = unknown
/bin/universe          = unknown

PATH: /usr/local/sbin
PATH: /usr/local/bin
PATH: /usr/sbin
PATH: /usr/bin
PATH: /sbin
PATH: /bin
PATH: /usr/games


## ----------- ##
## Core tests. ##
## ----------- ##

configure:2122: checking build system type
configure:2140: result: i686-pc-linux-gnu
configure:2162: checking host system type
configure:2177: result: i686-pc-linux-gnu
configure:2217: checking for a BSD-compatible install
configure:2285: result: /usr/bin/install -c
configure:2296: checking whether build environment is sane
configure:2339: result: yes
configure:2364: checking for a thread-safe mkdir -p
configure:2403: result: /bin/mkdir -p
configure:2416: checking for gawk
configure:2432: found /usr/bin/gawk
configure:2443: result: gawk
configure:2454: checking whether make sets $(MAKE)
configure:2476: result: yes
configure:2671: checking for style of include used by make
configure:2699: result: GNU
configure:2769: checking for gcc
configure:2785: found /usr/bin/gcc
configure:2796: result: gcc
configure:3028: checking for C compiler version
configure:3036: gcc --version >&5
gcc (Ubuntu 4.3.3-5ubuntu4) 4.3.3
Copyright (C) 2008 Free Software Foundation, Inc.
This is free software; see the source for copying conditions.  There is NO
warranty; not even for MERCHANTABILITY or FITNESS FOR A PARTICULAR PURPOSE.

configure:3040: $? = 0
configure:3047: gcc -v >&5
Using built-in specs.
Target: i486-linux-gnu
Configured with: ../src/configure -v --with-pkgversion='Ubuntu 4.3.3-5ubuntu4' --with-bugurl=file:///usr/share/doc/gcc-4.3/README.Bugs --enable-languages=c,c++,fortran,objc,obj-c++ --prefix=/usr --enable-shared --with-system-zlib --libexecdir=/usr/lib --without-included-gettext --enable-threads=posix --enable-nls --with-gxx-include-dir=/usr/include/c++/4.3 --program-suffix=-4.3 --enable-clocale=gnu --enable-libstdcxx-debug --enable-objc-gc --enable-mpfr --enable-targets=all --with-tune=generic --enable-checking=release --build=i486-linux-gnu --host=i486-linux-gnu --target=i486-linux-gnu
Thread model: posix
gcc version 4.3.3 (Ubuntu 4.3.3-5ubuntu4) 
configure:3051: $? = 0
configure:3058: gcc -V >&5
gcc: '-V' option must have argument
configure:3062: $? = 1
configure:3085: checking for C compiler default output file name
configure:3107: gcc    conftest.c  >&5
configure:3111: $? = 0
configure:3149: result: a.out
configure:3168: checking whether the C compiler works
configure:3178: ./a.out
configure:3182: $? = 0
configure:3201: result: yes
configure:3208: checking whether we are cross compiling
configure:3210: result: no
configure:3213: checking for suffix of executables
configure:3220: gcc -o conftest    conftest.c  >&5
configure:3224: $? = 0
configure:3250: result: 
configure:3256: checking for suffix of object files
configure:3282: gcc -c   conftest.c >&5
configure:3286: $? = 0
configure:3311: result: o
configure:3315: checking whether we are using the GNU C compiler
configure:3344: gcc -c   conftest.c >&5
configure:3351: $? = 0
configure:3368: result: yes
configure:3377: checking whether gcc accepts -g
configure:3407: gcc -c -g  conftest.c >&5
configure:3414: $? = 0
configure:3515: result: yes
configure:3532: checking for gcc option to accept ISO C89
configure:3606: gcc  -c -g -O2  conftest.c >&5
configure:3613: $? = 0
configure:3636: result: none needed
configure:3656: checking dependency style of gcc
configure:3747: result: gcc3
configure:3786: checking for ld used by GCC
configure:3850: result: /usr/bin/ld
configure:3859: checking if the linker (/usr/bin/ld) is GNU ld
configure:3872: result: yes
configure:3879: checking for shared library run path origin
configure:3892: result: done
configure:3992: checking for gcc
configure:4019: result: gcc
configure:4251: checking for C compiler version
configure:4259: gcc --version >&5
gcc (Ubuntu 4.3.3-5ubuntu4) 4.3.3
Copyright (C) 2008 Free Software Foundation, Inc.
This is free software; see the source for copying conditions.  There is NO
warranty; not even for MERCHANTABILITY or FITNESS FOR A PARTICULAR PURPOSE.

configure:4263: $? = 0
configure:4270: gcc -v >&5
Using built-in specs.
Target: i486-linux-gnu
Configured with: ../src/configure -v --with-pkgversion='Ubuntu 4.3.3-5ubuntu4' --with-bugurl=file:///usr/share/doc/gcc-4.3/README.Bugs --enable-languages=c,c++,fortran,objc,obj-c++ --prefix=/usr --enable-shared --with-system-zlib --libexecdir=/usr/lib --without-included-gettext --enable-threads=posix --enable-nls --with-gxx-include-dir=/usr/include/c++/4.3 --program-suffix=-4.3 --enable-clocale=gnu --enable-libstdcxx-debug --enable-objc-gc --enable-mpfr --enable-targets=all --with-tune=generic --enable-checking=release --build=i486-linux-gnu --host=i486-linux-gnu --target=i486-linux-gnu
Thread model: posix
gcc version 4.3.3 (Ubuntu 4.3.3-5ubuntu4) 
configure:4274: $? = 0
configure:4281: gcc -V >&5
gcc: '-V' option must have argument
configure:4285: $? = 1
configure:4288: checking whether we are using the GNU C compiler
configure:4341: result: yes
configure:4350: checking whether gcc accepts -g
configure:4488: result: yes
configure:4505: checking for gcc option to accept ISO C89
configure:4609: result: none needed
configure:4629: checking dependency style of gcc
configure:4720: result: gcc3
configure:4749: checking whether we are actually using the Intel C compiler
configure:4776: gcc -c -g -O2  conftest.c >&5
conftest.c:10: error: expected '=', ',', ';', 'asm' or '__attribute__' before 'me'
configure:4783: $? = 1
configure: failed program was:
| /* confdefs.h.  */
| #define PACKAGE_NAME "the Parma Watchdog Library"
| #define PACKAGE_TARNAME "pwl"
| #define PACKAGE_VERSION "0.5"
| #define PACKAGE_STRING "the Parma Watchdog Library 0.5"
| #define PACKAGE_BUGREPORT "bagnara@cs.unipr.it"
| /* end confdefs.h.  */
| 
| #ifndef __INTEL_COMPILER
| choke me
| #endif
| 
configure:4795: result: no
configure:4868: checking for g++
configure:4884: found /usr/bin/g++
configure:4895: result: g++
configure:4922: checking for C++ compiler version
configure:4930: g++ --version >&5
g++ (Ubuntu 4.3.3-5ubuntu4) 4.3.3
Copyright (C) 2008 Free Software Foundation, Inc.
This is free software; see the source for copying conditions.  There is NO
warranty; not even for MERCHANTABILITY or FITNESS FOR A PARTICULAR PURPOSE.

configure:4934: $? = 0
configure:4941: g++ -v >&5
Using built-in specs.
Target: i486-linux-gnu
Configured with: ../src/configure -v --with-pkgversion='Ubuntu 4.3.3-5ubuntu4' --with-bugurl=file:///usr/share/doc/gcc-4.3/README.Bugs --enable-languages=c,c++,fortran,objc,obj-c++ --prefix=/usr --enable-shared --with-system-zlib --libexecdir=/usr/lib --without-included-gettext --enable-threads=posix --enable-nls --with-gxx-include-dir=/usr/include/c++/4.3 --program-suffix=-4.3 --enable-clocale=gnu --enable-libstdcxx-debug --enable-objc-gc --enable-mpfr --enable-targets=all --with-tune=generic --enable-checking=release --build=i486-linux-gnu --host=i486-linux-gnu --target=i486-linux-gnu
Thread model: posix
gcc version 4.3.3 (Ubuntu 4.3.3-5ubuntu4) 
configure:4945: $? = 0
configure:4952: g++ -V >&5
g++: '-V' option must have argument
configure:4956: $? = 1
configure:4959: checking whether we are using the GNU C++ compiler
configure:4988: g++ -c   conftest.cpp >&5
configure:4995: $? = 0
configure:5012: result: yes
configure:5021: checking whether g++ accepts -g
configure:5051: g++ -c -g  conftest.cpp >&5
configure:5058: $? = 0
configure:5159: result: yes
configure:5184: checking dependency style of g++
configure:5275: result: gcc3
configure:5295: checking whether we are actually using the Intel C++ compiler
configure:5322: g++ -c   conftest.cpp >&5
conftest.cpp:10: error: 'choke' does not name a type
configure:5329: $? = 1
configure: failed program was:
| /* confdefs.h.  */
| #define PACKAGE_NAME "the Parma Watchdog Library"
| #define PACKAGE_TARNAME "pwl"
| #define PACKAGE_VERSION "0.5"
| #define PACKAGE_STRING "the Parma Watchdog Library 0.5"
| #define PACKAGE_BUGREPORT "bagnara@cs.unipr.it"
| /* end confdefs.h.  */
| 
| #ifndef __INTEL_COMPILER
| choke me
| #endif
| 
configure:5341: result: no
configure:5355: checking for a sed that does not truncate output
configure:5421: result: /bin/sed
configure:5431: checking how to run the C++ preprocessor
configure:5467: g++ -E  conftest.cpp
configure:5474: $? = 0
configure:5505: g++ -E  conftest.cpp
conftest.cpp:8:28: error: ac_nonexistent.h: No such file or directory
configure:5512: $? = 1
configure: failed program was:
| /* confdefs.h.  */
| #define PACKAGE_NAME "the Parma Watchdog Library"
| #define PACKAGE_TARNAME "pwl"
| #define PACKAGE_VERSION "0.5"
| #define PACKAGE_STRING "the Parma Watchdog Library 0.5"
| #define PACKAGE_BUGREPORT "bagnara@cs.unipr.it"
| /* end confdefs.h.  */
| #include <ac_nonexistent.h>
configure:5545: result: g++ -E
configure:5574: g++ -E  conftest.cpp
configure:5581: $? = 0
configure:5612: g++ -E  conftest.cpp
conftest.cpp:8:28: error: ac_nonexistent.h: No such file or directory
configure:5619: $? = 1
configure: failed program was:
| /* confdefs.h.  */
| #define PACKAGE_NAME "the Parma Watchdog Library"
| #define PACKAGE_TARNAME "pwl"
| #define PACKAGE_VERSION "0.5"
| #define PACKAGE_STRING "the Parma Watchdog Library 0.5"
| #define PACKAGE_BUGREPORT "bagnara@cs.unipr.it"
| /* end confdefs.h.  */
| #include <ac_nonexistent.h>
configure:5658: checking whether make sets $(MAKE)
configure:5680: result: yes
configure:5703: checking for a BSD-compatible install
configure:5771: result: /usr/bin/install -c
configure:5789: checking whether to compile with debug info
configure:5798: result: yes
configure:5814: checking whether to compile for profiling
configure:5829: result: no
configure:5840: checking whether to compile for test coverage
configure:5855: result: no
configure:5866: checking whether to enable checking of run-time assertions
configure:5879: result: no
configure:5897: checking whether to enable optimizations
configure:5924: result: standard
configure:5950: checking for which architecture to optimize
configure:5973: result: default
configure:6025: checking for perl
configure:6043: found /usr/bin/perl
configure:6056: result: /usr/bin/perl
configure:6081: checking for an ANSI C-conforming const
configure:6156: gcc -c  -g -O2 -g -O2  conftest.c >&5
configure:6163: $? = 0
configure:6178: result: yes
configure:6190: checking whether tests should be run under Valgrind
configure:6248: result: no
configure:6268: checking whether to build the Parma Watchdog Library
configure:6277: result: yes
configure:6303: checking whether time.h and sys/time.h may both be included
configure:6333: gcc -c  -g -O2 -g -O2  conftest.c >&5
configure:6340: $? = 0
configure:6355: result: yes
configure:6370: checking how to run the C preprocessor
configure:6410: gcc -E  conftest.c
configure:6417: $? = 0
configure:6448: gcc -E  conftest.c
conftest.c:10:28: error: ac_nonexistent.h: No such file or directory
configure:6455: $? = 1
configure: failed program was:
| /* confdefs.h.  */
| #define PACKAGE_NAME "the Parma Watchdog Library"
| #define PACKAGE_TARNAME "pwl"
| #define PACKAGE_VERSION "0.5"
| #define PACKAGE_STRING "the Parma Watchdog Library 0.5"
| #define PACKAGE_BUGREPORT "bagnara@cs.unipr.it"
| #define NDEBUG 1
| #define TIME_WITH_SYS_TIME 1
| /* end confdefs.h.  */
| #include <ac_nonexistent.h>
configure:6488: result: gcc -E
configure:6517: gcc -E  conftest.c
configure:6524: $? = 0
configure:6555: gcc -E  conftest.c
conftest.c:10:28: error: ac_nonexistent.h: No such file or directory
configure:6562: $? = 1
configure: failed program was:
| /* confdefs.h.  */
| #define PACKAGE_NAME "the Parma Watchdog Library"
| #define PACKAGE_TARNAME "pwl"
| #define PACKAGE_VERSION "0.5"
| #define PACKAGE_STRING "the Parma Watchdog Library 0.5"
| #define PACKAGE_BUGREPORT "bagnara@cs.unipr.it"
| #define NDEBUG 1
| #define TIME_WITH_SYS_TIME 1
| /* end confdefs.h.  */
| #include <ac_nonexistent.h>
configure:6602: checking for grep that handles long lines and -e
configure:6662: result: /bin/grep
configure:6667: checking for egrep
configure:6731: result: /bin/grep -E
configure:6736: checking for ANSI C header files
configure:6766: gcc -c  -g -O2 -g -O2  conftest.c >&5
configure:6773: $? = 0
configure:6872: gcc -o conftest  -g -O2 -g -O2   conftest.c  >&5
configure:6876: $? = 0
configure:6882: ./conftest
configure:6886: $? = 0
configure:6904: result: yes
configure:6928: checking for sys/types.h
configure:6949: gcc -c  -g -O2 -g -O2  conftest.c >&5
configure:6956: $? = 0
configure:6973: result: yes
configure:6928: checking for sys/stat.h
configure:6949: gcc -c  -g -O2 -g -O2  conftest.c >&5
configure:6956: $? = 0
configure:6973: result: yes
configure:6928: checking for stdlib.h
configure:6949: gcc -c  -g -O2 -g -O2  conftest.c >&5
configure:6956: $? = 0
configure:6973: result: yes
configure:6928: checking for string.h
configure:6949: gcc -c  -g -O2 -g -O2  conftest.c >&5
configure:6956: $? = 0
configure:6973: result: yes
configure:6928: checking for memory.h
configure:6949: gcc -c  -g -O2 -g -O2  conftest.c >&5
configure:6956: $? = 0
configure:6973: result: yes
configure:6928: checking for strings.h
configure:6949: gcc -c  -g -O2 -g -O2  conftest.c >&5
configure:6956: $? = 0
configure:6973: result: yes
configure:6928: checking for inttypes.h
configure:6949: gcc -c  -g -O2 -g -O2  conftest.c >&5
configure:6956: $? = 0
configure:6973: result: yes
configure:6928: checking for stdint.h
configure:6949: gcc -c  -g -O2 -g -O2  conftest.c >&5
configure:6956: $? = 0
configure:6973: result: yes
configure:6928: checking for unistd.h
configure:6949: gcc -c  -g -O2 -g -O2  conftest.c >&5
configure:6956: $? = 0
configure:6973: result: yes
configure:7004: checking fenv.h usability
configure:7021: gcc -c  -g -O2 -g -O2  conftest.c >&5
configure:7028: $? = 0
configure:7042: result: yes
configure:7046: checking fenv.h presence
configure:7061: gcc -E  conftest.c
configure:7068: $? = 0
configure:7082: result: yes
configure:7115: checking for fenv.h
configure:7124: result: yes
configure:7004: checking sys/time.h usability
configure:7021: gcc -c  -g -O2 -g -O2  conftest.c >&5
configure:7028: $? = 0
configure:7042: result: yes
configure:7046: checking sys/time.h presence
configure:7061: gcc -E  conftest.c
configure:7068: $? = 0
configure:7082: result: yes
configure:7115: checking for sys/time.h
configure:7124: result: yes
configure:7140: checking whether getenv is declared
configure:7170: gcc -c  -g -O2 -g -O2  conftest.c >&5
conftest.c:22:19: error: cstdlib: No such file or directory
conftest.c: In function 'main':
conftest.c:28: error: 'getenv' undeclared (first use in this function)
conftest.c:28: error: (Each undeclared identifier is reported only once
conftest.c:28: error: for each function it appears in.)
configure:7177: $? = 1
configure: failed program was:
| /* confdefs.h.  */
| #define PACKAGE_NAME "the Parma Watchdog Library"
| #define PACKAGE_TARNAME "pwl"
| #define PACKAGE_VERSION "0.5"
| #define PACKAGE_STRING "the Parma Watchdog Library 0.5"
| #define PACKAGE_BUGREPORT "bagnara@cs.unipr.it"
| #define NDEBUG 1
| #define TIME_WITH_SYS_TIME 1
| #define STDC_HEADERS 1
| #define HAVE_SYS_TYPES_H 1
| #define HAVE_SYS_STAT_H 1
| #define HAVE_STDLIB_H 1
| #define HAVE_STRING_H 1
| #define HAVE_MEMORY_H 1
| #define HAVE_STRINGS_H 1
| #define HAVE_INTTYPES_H 1
| #define HAVE_STDINT_H 1
| #define HAVE_UNISTD_H 1
| #define HAVE_FENV_H 1
| #define HAVE_SYS_TIME_H 1
| /* end confdefs.h.  */
| #include <cstdlib>
| 
| int
| main ()
| {
| #ifndef getenv
|   (void) getenv;
| #endif
| 
|   ;
|   return 0;
| }
configure:7192: result: no
configure:7225: checking for setitimer
configure:7281: gcc -o conftest  -g -O2 -g -O2   conftest.c  >&5
configure:7288: $? = 0
configure:7310: result: yes
configure:7362: checking for a sed that does not truncate output
configure:7428: result: /bin/sed
configure:7446: checking for fgrep
configure:7510: result: /bin/grep -F
configure:7545: checking for ld used by gcc
configure:7612: result: /usr/bin/ld
configure:7621: checking if the linker (/usr/bin/ld) is GNU ld
configure:7636: result: yes
configure:7648: checking for BSD- or MS-compatible name lister (nm)
configure:7697: result: /usr/bin/nm -B
configure:7815: checking the name lister (/usr/bin/nm -B) interface
configure:7822: gcc -c  -g -O2 -g -O2  conftest.c >&5
configure:7825: /usr/bin/nm -B "conftest.o"
configure:7828: output
00000000 B some_variable
configure:7835: result: BSD nm
configure:7838: checking whether ln -s works
configure:7842: result: yes
configure:7850: checking the maximum length of command line arguments
configure:7970: result: 1572864
configure:7987: checking whether the shell understands some XSI constructs
configure:7997: result: yes
configure:8001: checking whether the shell understands "+="
configure:8007: result: yes
configure:8042: checking for /usr/bin/ld option to reload object files
configure:8049: result: -r
configure:8118: checking for objdump
configure:8134: found /usr/bin/objdump
configure:8145: result: objdump
configure:8177: checking how to recognize dependent libraries
configure:8373: result: pass_all
configure:8433: checking for ar
configure:8449: found /usr/bin/ar
configure:8460: result: ar
configure:8538: checking for strip
configure:8554: found /usr/bin/strip
configure:8565: result: strip
configure:8637: checking for ranlib
configure:8653: found /usr/bin/ranlib
configure:8664: result: ranlib
configure:8754: checking command to parse /usr/bin/nm -B output from gcc object
configure:8872: gcc -c  -g -O2 -g -O2  conftest.c >&5
configure:8875: $? = 0
configure:8879: /usr/bin/nm -B conftest.o \| sed -n -e 's/^.*[	 ]\([ABCDGIRSTW][ABCDGIRSTW]*\)[	 ][	 ]*\([_A-Za-z][_A-Za-z0-9]*\)$/\1 \2 \2/p' \> conftest.nm
configure:8882: $? = 0
configure:8936: gcc -o conftest  -g -O2 -g -O2   conftest.c conftstm.o >&5
configure:8939: $? = 0
configure:8977: result: ok
configure:9842: checking for dlfcn.h
configure:9863: gcc -c  -g -O2 -g -O2  conftest.c >&5
configure:9870: $? = 0
configure:9887: result: yes
configure:10014: checking for C++ compiler version
configure:10022: g++ --version >&5
g++ (Ubuntu 4.3.3-5ubuntu4) 4.3.3
Copyright (C) 2008 Free Software Foundation, Inc.
This is free software; see the source for copying conditions.  There is NO
warranty; not even for MERCHANTABILITY or FITNESS FOR A PARTICULAR PURPOSE.

configure:10026: $? = 0
configure:10033: g++ -v >&5
Using built-in specs.
Target: i486-linux-gnu
Configured with: ../src/configure -v --with-pkgversion='Ubuntu 4.3.3-5ubuntu4' --with-bugurl=file:///usr/share/doc/gcc-4.3/README.Bugs --enable-languages=c,c++,fortran,objc,obj-c++ --prefix=/usr --enable-shared --with-system-zlib --libexecdir=/usr/lib --without-included-gettext --enable-threads=posix --enable-nls --with-gxx-include-dir=/usr/include/c++/4.3 --program-suffix=-4.3 --enable-clocale=gnu --enable-libstdcxx-debug --enable-objc-gc --enable-mpfr --enable-targets=all --with-tune=generic --enable-checking=release --build=i486-linux-gnu --host=i486-linux-gnu --target=i486-linux-gnu
Thread model: posix
gcc version 4.3.3 (Ubuntu 4.3.3-5ubuntu4) 
configure:10037: $? = 0
configure:10044: g++ -V >&5
g++: '-V' option must have argument
configure:10048: $? = 1
configure:10051: checking whether we are using the GNU C++ compiler
configure:10104: result: yes
configure:10113: checking whether g++ accepts -g
configure:10251: result: yes
configure:10276: checking dependency style of g++
configure:10367: result: gcc3
configure:10390: checking how to run the C++ preprocessor
configure:10504: result: g++ -E
configure:10533: g++ -E  conftest.cpp
configure:10540: $? = 0
configure:10571: g++ -E  conftest.cpp
conftest.cpp:25:28: error: ac_nonexistent.h: No such file or directory
configure:10578: $? = 1
configure: failed program was:
| /* confdefs.h.  */
| #define PACKAGE_NAME "the Parma Watchdog Library"
| #define PACKAGE_TARNAME "pwl"
| #define PACKAGE_VERSION "0.5"
| #define PACKAGE_STRING "the Parma Watchdog Library 0.5"
| #define PACKAGE_BUGREPORT "bagnara@cs.unipr.it"
| #define NDEBUG 1
| #define TIME_WITH_SYS_TIME 1
| #define STDC_HEADERS 1
| #define HAVE_SYS_TYPES_H 1
| #define HAVE_SYS_STAT_H 1
| #define HAVE_STDLIB_H 1
| #define HAVE_STRING_H 1
| #define HAVE_MEMORY_H 1
| #define HAVE_STRINGS_H 1
| #define HAVE_INTTYPES_H 1
| #define HAVE_STDINT_H 1
| #define HAVE_UNISTD_H 1
| #define HAVE_FENV_H 1
| #define HAVE_SYS_TIME_H 1
| #define HAVE_DECL_GETENV 0
| #define HAVE_SETITIMER 1
| #define HAVE_DLFCN_H 1
| /* end confdefs.h.  */
| #include <ac_nonexistent.h>
configure:10790: checking for objdir
configure:10805: result: .libs
configure:11101: checking if gcc supports -fno-rtti -fno-exceptions
configure:11119: gcc -c  -g -O2 -g -O2  -fno-rtti -fno-exceptions conftest.c >&5
cc1: warning: command line option "-fno-rtti" is valid for C++/ObjC++ but not for C
configure:11123: $? = 0
configure:11136: result: no
configure:11156: checking for gcc option to produce PIC
configure:11428: result: -fPIC -DPIC
configure:11440: checking if gcc PIC flag -fPIC -DPIC works
configure:11458: gcc -c  -g -O2 -g -O2  -fPIC -DPIC -DPIC conftest.c >&5
configure:11462: $? = 0
configure:11475: result: yes
configure:11499: checking if gcc static flag -static works
configure:11527: result: yes
configure:11542: checking if gcc supports -c -o file.o
configure:11563: gcc -c  -g -O2 -g -O2  -o out/conftest2.o conftest.c >&5
configure:11567: $? = 0
configure:11589: result: yes
configure:11597: checking if gcc supports -c -o file.o
configure:11644: result: yes
configure:11677: checking whether the gcc linker (/usr/bin/ld) supports shared libraries
configure:12751: result: yes
configure:12788: checking whether -lc should be explicitly linked in
configure:12793: gcc -c  -g -O2 -g -O2  conftest.c >&5
configure:12796: $? = 0
configure:12811: gcc -shared conftest.o  -v -Wl,-soname -Wl,conftest -o conftest 2\>\&1 \| /bin/grep  -lc  \>/dev/null 2\>\&1
configure:12814: $? = 0
configure:12826: result: no
configure:12990: checking dynamic linker characteristics
configure:13433: gcc -o conftest  -g -O2 -g -O2   -Wl,-rpath -Wl,/foo conftest.c  >&5
configure:13440: $? = 0
configure:13673: result: GNU/Linux ld.so
configure:13775: checking how to hardcode library paths into programs
configure:13800: result: immediate
configure:13923: checking for shl_load
configure:13979: gcc -o conftest  -g -O2 -g -O2   conftest.c  >&5
/tmp/cc4N66Cs.o: In function `main':
/media/work_stonybrook/labwork/gcc-4.5.1/ppl-0.10/Watchdog/conftest.c:60: undefined reference to `shl_load'
collect2: ld returned 1 exit status
configure:13986: $? = 1
configure: failed program was:
| /* confdefs.h.  */
| #define PACKAGE_NAME "the Parma Watchdog Library"
| #define PACKAGE_TARNAME "pwl"
| #define PACKAGE_VERSION "0.5"
| #define PACKAGE_STRING "the Parma Watchdog Library 0.5"
| #define PACKAGE_BUGREPORT "bagnara@cs.unipr.it"
| #define NDEBUG 1
| #define TIME_WITH_SYS_TIME 1
| #define STDC_HEADERS 1
| #define HAVE_SYS_TYPES_H 1
| #define HAVE_SYS_STAT_H 1
| #define HAVE_STDLIB_H 1
| #define HAVE_STRING_H 1
| #define HAVE_MEMORY_H 1
| #define HAVE_STRINGS_H 1
| #define HAVE_INTTYPES_H 1
| #define HAVE_STDINT_H 1
| #define HAVE_UNISTD_H 1
| #define HAVE_FENV_H 1
| #define HAVE_SYS_TIME_H 1
| #define HAVE_DECL_GETENV 0
| #define HAVE_SETITIMER 1
| #define HAVE_DLFCN_H 1
| #define LT_OBJDIR ".libs/"
| /* end confdefs.h.  */
| /* Define shl_load to an innocuous variant, in case <limits.h> declares shl_load.
|    For example, HP-UX 11i <limits.h> declares gettimeofday.  */
| #define shl_load innocuous_shl_load
| 
| /* System header to define __stub macros and hopefully few prototypes,
|     which can conflict with char shl_load (); below.
|     Prefer <limits.h> to <assert.h> if __STDC__ is defined, since
|     <limits.h> exists even on freestanding compilers.  */
| 
| #ifdef __STDC__
| # include <limits.h>
| #else
| # include <assert.h>
| #endif
| 
| #undef shl_load
| 
| /* Override any GCC internal prototype to avoid an error.
|    Use char because int might match the return type of a GCC
|    builtin and then its argument prototype would still apply.  */
| #ifdef __cplusplus
| extern "C"
| #endif
| char shl_load ();
| /* The GNU C library defines this for functions which it implements
|     to always fail with ENOSYS.  Some functions are actually named
|     something starting with __ and the normal name is an alias.  */
| #if defined __stub_shl_load || defined __stub___shl_load
| choke me
| #endif
| 
| int
| main ()
| {
| return shl_load ();
|   ;
|   return 0;
| }
configure:14006: result: no
configure:14011: checking for shl_load in -ldld
configure:14046: gcc -o conftest  -g -O2 -g -O2   conftest.c -ldld   >&5
/usr/bin/ld: cannot find -ldld
collect2: ld returned 1 exit status
configure:14053: $? = 1
configure: failed program was:
| /* confdefs.h.  */
| #define PACKAGE_NAME "the Parma Watchdog Library"
| #define PACKAGE_TARNAME "pwl"
| #define PACKAGE_VERSION "0.5"
| #define PACKAGE_STRING "the Parma Watchdog Library 0.5"
| #define PACKAGE_BUGREPORT "bagnara@cs.unipr.it"
| #define NDEBUG 1
| #define TIME_WITH_SYS_TIME 1
| #define STDC_HEADERS 1
| #define HAVE_SYS_TYPES_H 1
| #define HAVE_SYS_STAT_H 1
| #define HAVE_STDLIB_H 1
| #define HAVE_STRING_H 1
| #define HAVE_MEMORY_H 1
| #define HAVE_STRINGS_H 1
| #define HAVE_INTTYPES_H 1
| #define HAVE_STDINT_H 1
| #define HAVE_UNISTD_H 1
| #define HAVE_FENV_H 1
| #define HAVE_SYS_TIME_H 1
| #define HAVE_DECL_GETENV 0
| #define HAVE_SETITIMER 1
| #define HAVE_DLFCN_H 1
| #define LT_OBJDIR ".libs/"
| /* end confdefs.h.  */
| 
| /* Override any GCC internal prototype to avoid an error.
|    Use char because int might match the return type of a GCC
|    builtin and then its argument prototype would still apply.  */
| #ifdef __cplusplus
| extern "C"
| #endif
| char shl_load ();
| int
| main ()
| {
| return shl_load ();
|   ;
|   return 0;
| }
configure:14074: result: no
configure:14079: checking for dlopen
configure:14135: gcc -o conftest  -g -O2 -g -O2   conftest.c  >&5
/tmp/ccgUmEul.o: In function `main':
/media/work_stonybrook/labwork/gcc-4.5.1/ppl-0.10/Watchdog/conftest.c:60: undefined reference to `dlopen'
collect2: ld returned 1 exit status
configure:14142: $? = 1
configure: failed program was:
| /* confdefs.h.  */
| #define PACKAGE_NAME "the Parma Watchdog Library"
| #define PACKAGE_TARNAME "pwl"
| #define PACKAGE_VERSION "0.5"
| #define PACKAGE_STRING "the Parma Watchdog Library 0.5"
| #define PACKAGE_BUGREPORT "bagnara@cs.unipr.it"
| #define NDEBUG 1
| #define TIME_WITH_SYS_TIME 1
| #define STDC_HEADERS 1
| #define HAVE_SYS_TYPES_H 1
| #define HAVE_SYS_STAT_H 1
| #define HAVE_STDLIB_H 1
| #define HAVE_STRING_H 1
| #define HAVE_MEMORY_H 1
| #define HAVE_STRINGS_H 1
| #define HAVE_INTTYPES_H 1
| #define HAVE_STDINT_H 1
| #define HAVE_UNISTD_H 1
| #define HAVE_FENV_H 1
| #define HAVE_SYS_TIME_H 1
| #define HAVE_DECL_GETENV 0
| #define HAVE_SETITIMER 1
| #define HAVE_DLFCN_H 1
| #define LT_OBJDIR ".libs/"
| /* end confdefs.h.  */
| /* Define dlopen to an innocuous variant, in case <limits.h> declares dlopen.
|    For example, HP-UX 11i <limits.h> declares gettimeofday.  */
| #define dlopen innocuous_dlopen
| 
| /* System header to define __stub macros and hopefully few prototypes,
|     which can conflict with char dlopen (); below.
|     Prefer <limits.h> to <assert.h> if __STDC__ is defined, since
|     <limits.h> exists even on freestanding compilers.  */
| 
| #ifdef __STDC__
| # include <limits.h>
| #else
| # include <assert.h>
| #endif
| 
| #undef dlopen
| 
| /* Override any GCC internal prototype to avoid an error.
|    Use char because int might match the return type of a GCC
|    builtin and then its argument prototype would still apply.  */
| #ifdef __cplusplus
| extern "C"
| #endif
| char dlopen ();
| /* The GNU C library defines this for functions which it implements
|     to always fail with ENOSYS.  Some functions are actually named
|     something starting with __ and the normal name is an alias.  */
| #if defined __stub_dlopen || defined __stub___dlopen
| choke me
| #endif
| 
| int
| main ()
| {
| return dlopen ();
|   ;
|   return 0;
| }
configure:14162: result: no
configure:14167: checking for dlopen in -ldl
configure:14202: gcc -o conftest  -g -O2 -g -O2   conftest.c -ldl   >&5
configure:14209: $? = 0
configure:14230: result: yes
configure:14407: checking whether a program can dlopen itself
configure:14477: gcc -o conftest  -g -O2 -g -O2  -DHAVE_DLFCN_H  -Wl,--export-dynamic conftest.c -ldl  >&5
configure:14480: $? = 0
configure:14498: result: yes
configure:14503: checking whether a statically linked program can dlopen itself
configure:14573: gcc -o conftest  -g -O2 -g -O2  -DHAVE_DLFCN_H  -Wl,--export-dynamic -static conftest.c -ldl  >&5
/tmp/ccQh7JNy.o: In function `main':
/media/work_stonybrook/labwork/gcc-4.5.1/ppl-0.10/Watchdog/configure:14557: warning: Using 'dlopen' in statically linked applications requires at runtime the shared libraries from the glibc version used for linking
configure:14576: $? = 0
/lib/: cannot read file data: Is a directory
configure:14594: result: no
configure:14633: checking whether stripping libraries is possible
configure:14638: result: yes
configure:14673: checking if libtool supports shared libraries
configure:14675: result: yes
configure:14678: checking whether to build shared libraries
configure:14699: result: yes
configure:14702: checking whether to build static libraries
configure:14706: result: yes
configure:14856: checking for ld used by g++
configure:14923: result: /usr/bin/ld
configure:14932: checking if the linker (/usr/bin/ld) is GNU ld
configure:14947: result: yes
configure:15002: checking whether the g++ linker (/usr/bin/ld) supports shared libraries
configure:15977: result: yes
configure:16005: g++ -c  -g -O2   conftest.cpp >&5
configure:16008: $? = 0
configure:16190: checking for g++ option to produce PIC
configure:16507: result: -fPIC -DPIC
configure:16516: checking if g++ PIC flag -fPIC -DPIC works
configure:16534: g++ -c  -g -O2   -fPIC -DPIC -DPIC conftest.cpp >&5
configure:16538: $? = 0
configure:16551: result: yes
configure:16572: checking if g++ static flag -static works
configure:16600: result: yes
configure:16612: checking if g++ supports -c -o file.o
configure:16633: g++ -c  -g -O2   -o out/conftest2.o conftest.cpp >&5
configure:16637: $? = 0
configure:16659: result: yes
configure:16664: checking if g++ supports -c -o file.o
configure:16711: result: yes
configure:16741: checking whether the g++ linker (/usr/bin/ld) supports shared libraries
configure:16767: result: yes
configure:16904: checking dynamic linker characteristics
configure:17295: g++ -o conftest  -g -O2    -Wl,-rpath -Wl,/foo conftest.cpp  >&5
configure:17302: $? = 0
configure:17535: result: GNU/Linux ld.so
configure:17586: checking how to hardcode library paths into programs
configure:17611: result: immediate
configure:17867: creating ./config.status

## ---------------------- ##
## Running config.status. ##
## ---------------------- ##

This file was extended by the Parma Watchdog Library config.status 0.5, which was
generated by GNU Autoconf 2.63.  Invocation command line was

  CONFIG_FILES    = 
  CONFIG_HEADERS  = 
  CONFIG_LINKS    = 
  CONFIG_COMMANDS = 
  $ ./config.status 

on niranjan-laptop

config.status:1072: creating Makefile
config.status:1072: creating src/Makefile
config.status:1072: creating m4/Makefile
config.status:1072: creating doc/Makefile
config.status:1072: creating doc/user.doxyconf-latex
config.status:1072: creating doc/devref.doxyconf-latex
config.status:1072: creating doc/user.doxyconf-html
config.status:1072: creating doc/devref.doxyconf-html
config.status:1072: creating tests/Makefile
config.status:1072: creating utils/Makefile
config.status:1072: creating config.h
config.status:1346: executing depfiles commands
config.status:1346: executing pwl-config.h commands
config.status:1510: creating pwl-config.h - prefix PWL for config.h defines
config.status:1346: executing libtool commands

## ---------------- ##
## Cache variables. ##
## ---------------- ##

ac_cv_build=i686-pc-linux-gnu
ac_cv_c_compiler_gnu=yes
ac_cv_c_const=yes
ac_cv_cxx_compiler_gnu=yes
ac_cv_env_CCC_set=
ac_cv_env_CCC_value=
ac_cv_env_CC_set=
ac_cv_env_CC_value=
ac_cv_env_CFLAGS_set=
ac_cv_env_CFLAGS_value=
ac_cv_env_CPPFLAGS_set=
ac_cv_env_CPPFLAGS_value=
ac_cv_env_CPP_set=
ac_cv_env_CPP_value=
ac_cv_env_CXXCPP_set=
ac_cv_env_CXXCPP_value=
ac_cv_env_CXXFLAGS_set=
ac_cv_env_CXXFLAGS_value=
ac_cv_env_CXX_set=
ac_cv_env_CXX_value=
ac_cv_env_LDFLAGS_set=
ac_cv_env_LDFLAGS_value=
ac_cv_env_LIBS_set=
ac_cv_env_LIBS_value=
ac_cv_env_build_alias_set=
ac_cv_env_build_alias_value=
ac_cv_env_host_alias_set=
ac_cv_env_host_alias_value=
ac_cv_env_target_alias_set=
ac_cv_env_target_alias_value=
ac_cv_func_dlopen=no
ac_cv_func_setitimer=yes
ac_cv_func_shl_load=no
ac_cv_have_decl_getenv=no
ac_cv_header_dlfcn_h=yes
ac_cv_header_fenv_h=yes
ac_cv_header_inttypes_h=yes
ac_cv_header_memory_h=yes
ac_cv_header_stdc=yes
ac_cv_header_stdint_h=yes
ac_cv_header_stdlib_h=yes
ac_cv_header_string_h=yes
ac_cv_header_strings_h=yes
ac_cv_header_sys_stat_h=yes
ac_cv_header_sys_time_h=yes
ac_cv_header_sys_types_h=yes
ac_cv_header_time=yes
ac_cv_header_unistd_h=yes
ac_cv_host=i686-pc-linux-gnu
ac_cv_lib_dl_dlopen=yes
ac_cv_lib_dld_shl_load=no
ac_cv_objext=o
ac_cv_path_EGREP='/bin/grep -E'
ac_cv_path_FGREP='/bin/grep -F'
ac_cv_path_GREP=/bin/grep
ac_cv_path_PERL=/usr/bin/perl
ac_cv_path_SED=/bin/sed
ac_cv_path_install='/usr/bin/install -c'
ac_cv_path_mkdir=/bin/mkdir
ac_cv_prog_AWK=gawk
ac_cv_prog_CPP='gcc -E'
ac_cv_prog_CXXCPP='g++ -E'
ac_cv_prog_ac_ct_AR=ar
ac_cv_prog_ac_ct_CC=gcc
ac_cv_prog_ac_ct_CXX=g++
ac_cv_prog_ac_ct_OBJDUMP=objdump
ac_cv_prog_ac_ct_RANLIB=ranlib
ac_cv_prog_ac_ct_STRIP=strip
ac_cv_prog_cc_c89=
ac_cv_prog_cc_g=yes
ac_cv_prog_cxx_g=yes
ac_cv_prog_make_make_set=yes
acl_cv_hardcode_direct=no
acl_cv_hardcode_libdir_flag_spec='${wl}-rpath ${wl}$libdir'
acl_cv_hardcode_libdir_separator=
acl_cv_hardcode_minus_L=no
acl_cv_libext=a
acl_cv_libname_spec='lib$name'
acl_cv_library_names_spec='$libname$shrext'
acl_cv_path_LD=/usr/bin/ld
acl_cv_prog_gnu_ld=yes
acl_cv_rpath=done
acl_cv_shlibext=so
acl_cv_wl=-Wl,
am_cv_CC_dependencies_compiler_type=gcc3
am_cv_CXX_dependencies_compiler_type=gcc3
lt_cv_deplibs_check_method=pass_all
lt_cv_dlopen=dlopen
lt_cv_dlopen_libs=-ldl
lt_cv_dlopen_self=yes
lt_cv_dlopen_self_static=no
lt_cv_file_magic_cmd='$MAGIC_CMD'
lt_cv_file_magic_test_file=
lt_cv_ld_reload_flag=-r
lt_cv_nm_interface='BSD nm'
lt_cv_objdir=.libs
lt_cv_path_LD=/usr/bin/ld
lt_cv_path_LDCXX=/usr/bin/ld
lt_cv_path_NM='/usr/bin/nm -B'
lt_cv_prog_compiler_c_o=yes
lt_cv_prog_compiler_c_o_CXX=yes
lt_cv_prog_compiler_pic_works=yes
lt_cv_prog_compiler_pic_works_CXX=yes
lt_cv_prog_compiler_rtti_exceptions=no
lt_cv_prog_compiler_static_works=yes
lt_cv_prog_compiler_static_works_CXX=yes
lt_cv_prog_gnu_ld=yes
lt_cv_prog_gnu_ldcxx=yes
lt_cv_sys_global_symbol_pipe='sed -n -e '\''s/^.*[	 ]\([ABCDGIRSTW][ABCDGIRSTW]*\)[	 ][	 ]*\([_A-Za-z][_A-Za-z0-9]*\)$/\1 \2 \2/p'\'''
lt_cv_sys_global_symbol_to_c_name_address='sed -n -e '\''s/^: \([^ ]*\) $/  {\"\1\", (void *) 0},/p'\'' -e '\''s/^[ABCDGIRSTW]* \([^ ]*\) \([^ ]*\)$/  {"\2", (void *) \&\2},/p'\'''
lt_cv_sys_global_symbol_to_c_name_address_lib_prefix='sed -n -e '\''s/^: \([^ ]*\) $/  {\"\1\", (void *) 0},/p'\'' -e '\''s/^[ABCDGIRSTW]* \([^ ]*\) \(lib[^ ]*\)$/  {"\2", (void *) \&\2},/p'\'' -e '\''s/^[ABCDGIRSTW]* \([^ ]*\) \([^ ]*\)$/  {"lib\2", (void *) \&\2},/p'\'''
lt_cv_sys_global_symbol_to_cdecl='sed -n -e '\''s/^T .* \(.*\)$/extern int \1();/p'\'' -e '\''s/^[ABCDGIRSTW]* .* \(.*\)$/extern char \1;/p'\'''
lt_cv_sys_max_cmd_len=1572864

## ----------------- ##
## Output variables. ##
## ----------------- ##

ACLOCAL='${SHELL} /media/work_stonybrook/labwork/gcc-4.5.1/ppl-0.10/Watchdog/missing --run aclocal-1.10'
AMDEPBACKSLASH='\'
AMDEP_FALSE='#'
AMDEP_TRUE=''
AMTAR='${SHELL} /media/work_stonybrook/labwork/gcc-4.5.1/ppl-0.10/Watchdog/missing --run tar'
AR='ar'
AUTOCONF='${SHELL} /media/work_stonybrook/labwork/gcc-4.5.1/ppl-0.10/Watchdog/missing --run autoconf'
AUTOHEADER='${SHELL} /media/work_stonybrook/labwork/gcc-4.5.1/ppl-0.10/Watchdog/missing --run autoheader'
AUTOMAKE='${SHELL} /media/work_stonybrook/labwork/gcc-4.5.1/ppl-0.10/Watchdog/missing --run automake-1.10'
AWK='gawk'
BUILD_WATCHDOG_LIBRARY_FALSE='#'
BUILD_WATCHDOG_LIBRARY_TRUE=''
CC='gcc'
CCDEPMODE='depmode=gcc3'
CFLAGS=' -g -O2 -g -O2 -W -Wall'
CPP='gcc -E'
CPPFLAGS=''
CXX='g++'
CXXCPP='g++ -E'
CXXDEPMODE='depmode=gcc3'
CXXFLAGS=' -g -O2  -W -Wall'
CYGPATH_W='echo'
DEFS='-DHAVE_CONFIG_H'
DEPDIR='.deps'
DSYMUTIL=''
DUMPBIN=''
ECHO_C=''
ECHO_N='-n'
ECHO_T=''
EGREP='/bin/grep -E'
EXEEXT=''
FGREP='/bin/grep -F'
GCC_FALSE='#'
GCC_TRUE=''
GREP='/bin/grep'
HAVE_PERL_FALSE='#'
HAVE_PERL_TRUE=''
INSTALL_DATA='${INSTALL} -m 644'
INSTALL_PROGRAM='${INSTALL}'
INSTALL_SCRIPT='${INSTALL}'
INSTALL_STRIP_PROGRAM='$(install_sh) -c -s'
ISODATE='2010-11-19'
LD='/usr/bin/ld'
LDFLAGS=''
LIBOBJS=''
LIBS=''
LIBTOOL='$(SHELL) $(top_builddir)/libtool'
LIPO=''
LN_S='ln -s'
LTLIBOBJS=''
MAKEINFO='${SHELL} /media/work_stonybrook/labwork/gcc-4.5.1/ppl-0.10/Watchdog/missing --run makeinfo'
MKDIR_P='/bin/mkdir -p'
NM='/usr/bin/nm -B'
NMEDIT=''
NO_UNDEFINED_FALSE=''
NO_UNDEFINED_TRUE='#'
OBJDUMP='objdump'
OBJEXT='o'
OTOOL64=''
OTOOL=''
PACKAGE='pwl'
PACKAGE_BUGREPORT='bagnara@cs.unipr.it'
PACKAGE_NAME='the Parma Watchdog Library'
PACKAGE_STRING='the Parma Watchdog Library 0.5'
PACKAGE_TARNAME='pwl'
PACKAGE_VERSION='0.5'
PATH_SEPARATOR=':'
PERL='/usr/bin/perl'
RANLIB='ranlib'
SED='/bin/sed'
SET_MAKE=''
SHELL='/bin/bash'
STRIP='strip'
VALGRIND=''
VALGRIND_TESTS_ENABLED_FALSE=''
VALGRIND_TESTS_ENABLED_TRUE='#'
VERSION='0.5'
ac_ct_CC='gcc'
ac_ct_CXX='g++'
ac_ct_DUMPBIN=''
am__fastdepCC_FALSE='#'
am__fastdepCC_TRUE=''
am__fastdepCXX_FALSE='#'
am__fastdepCXX_TRUE=''
am__include='include'
am__isrc=''
am__leading_dot='.'
am__quote=''
am__tar='${AMTAR} chof - "$$tardir"'
am__untar='${AMTAR} xf -'
bindir='${exec_prefix}/bin'
build='i686-pc-linux-gnu'
build_alias=''
build_cpu='i686'
build_os='linux-gnu'
build_vendor='pc'
datadir='${datarootdir}'
datarootdir='${prefix}/share'
debug_flag='-DNDEBUG=1'
docdir='${datarootdir}/doc/${PACKAGE_TARNAME}'
dvidir='${docdir}'
exec_prefix='${prefix}'
host='i686-pc-linux-gnu'
host_alias=''
host_cpu='i686'
host_os='linux-gnu'
host_vendor='pc'
htmldir='${docdir}'
includedir='${prefix}/include'
infodir='${datarootdir}/info'
install_sh='$(SHELL) /media/work_stonybrook/labwork/gcc-4.5.1/ppl-0.10/Watchdog/install-sh'
libdir='${exec_prefix}/lib'
libexecdir='${exec_prefix}/libexec'
localedir='${datarootdir}/locale'
localstatedir='${prefix}/var'
lt_ECHO='echo'
mandir='${datarootdir}/man'
mkdir_p='/bin/mkdir -p'
oldincludedir='/usr/include'
pdfdir='${docdir}'
prefix='/media/work_stonybrook/labwork/gcc-4.5.1/ppl-0.10/installdir'
program_transform_name='s,x,x,'
psdir='${docdir}'
sbindir='${exec_prefix}/sbin'
sharedstatedir='${prefix}/com'
sysconfdir='${prefix}/etc'
target_alias=''

## ----------- ##
## confdefs.h. ##
## ----------- ##

#define PACKAGE_NAME "the Parma Watchdog Library"
#define PACKAGE_TARNAME "pwl"
#define PACKAGE_VERSION "0.5"
#define PACKAGE_STRING "the Parma Watchdog Library 0.5"
#define PACKAGE_BUGREPORT "bagnara@cs.unipr.it"
#define NDEBUG 1
#define TIME_WITH_SYS_TIME 1
#define STDC_HEADERS 1
#define HAVE_SYS_TYPES_H 1
#define HAVE_SYS_STAT_H 1
#define HAVE_STDLIB_H 1
#define HAVE_STRING_H 1
#define HAVE_MEMORY_H 1
#define HAVE_STRINGS_H 1
#define HAVE_INTTYPES_H 1
#define HAVE_STDINT_H 1
#define HAVE_UNISTD_H 1
#define HAVE_FENV_H 1
#define HAVE_SYS_TIME_H 1
#define HAVE_DECL_GETENV 0
#define HAVE_SETITIMER 1
#define HAVE_DLFCN_H 1
#define LT_OBJDIR ".libs/"

configure: exit 0
