This file contains any messages produced by compilers while
running configure, to aid debugging if configure makes a mistake.

It was created by MPFR configure 3.0.0, which was
generated by GNU Autoconf 2.65.  Invocation command line was

  $ ./configure --prefix=/media/work_stonybrook/labwork/gcc-4.5.1/mpfr-3.0.0/installdir --with-gmp=/media/work_stonybrook/labwork/gcc-4.5.1/mpfr-3.0.0/../gmp_req

## --------- ##
## Platform. ##
## --------- ##

hostname = niranjan-laptop
uname -m = i686
uname -r = 2.6.28-19-generic
uname -s = Linux
uname -v = #66-Ubuntu SMP Sat Oct 16 17:39:04 UTC 2010

/usr/bin/uname -p = unknown
/bin/uname -X     = unknown

/bin/arch              = unknown
/usr/bin/arch -k       = unknown
/usr/convex/getsysinfo = unknown
/usr/bin/hostinfo      = unknown
/bin/machine           = unknown
/usr/bin/oslevel       = unknown
/bin/universe          = unknown

PATH: /usr/local/sbin
PATH: /usr/local/bin
PATH: /usr/sbin
PATH: /usr/bin
PATH: /sbin
PATH: /bin
PATH: /usr/games


## ----------- ##
## Core tests. ##
## ----------- ##

configure:2647: checking for a BSD-compatible install
configure:2715: result: /usr/bin/install -c
configure:2726: checking whether build environment is sane
configure:2776: result: yes
configure:2917: checking for a thread-safe mkdir -p
configure:2956: result: /bin/mkdir -p
configure:2969: checking for gawk
configure:2985: found /usr/bin/gawk
configure:2996: result: gawk
configure:3007: checking whether make sets $(MAKE)
configure:3029: result: yes
configure:3101: checking whether to disable maintainer-specific portions of Makefiles
configure:3110: result: yes
configure:3133: checking build system type
configure:3147: result: i686-pc-linux-gnu
configure:3167: checking host system type
configure:3180: result: i686-pc-linux-gnu
configure:3342: checking for grep that handles long lines and -e
configure:3400: result: /bin/grep
configure:3405: checking for egrep
configure:3467: result: /bin/grep -E
configure:3472: checking for a sed that does not truncate output
configure:3536: result: /bin/sed
configure:3546: checking for CC and CFLAGS in gmp.h
configure:3573: result: yes CC=gcc CFLAGS=-m32 -O2 -fomit-frame-pointer -mtune=k8 -march=k8
configure:3579: checking for CC=gcc and CFLAGS=-m32 -O2 -fomit-frame-pointer -mtune=k8 -march=k8
configure:3583: result: yes
configure:3645: checking for gcc
configure:3672: result: gcc
configure:3901: checking for C compiler version
configure:3910: gcc --version >&5
gcc (Ubuntu 4.3.3-5ubuntu4) 4.3.3
Copyright (C) 2008 Free Software Foundation, Inc.
This is free software; see the source for copying conditions.  There is NO
warranty; not even for MERCHANTABILITY or FITNESS FOR A PARTICULAR PURPOSE.

configure:3921: $? = 0
configure:3910: gcc -v >&5
Using built-in specs.
Target: i486-linux-gnu
Configured with: ../src/configure -v --with-pkgversion='Ubuntu 4.3.3-5ubuntu4' --with-bugurl=file:///usr/share/doc/gcc-4.3/README.Bugs --enable-languages=c,c++,fortran,objc,obj-c++ --prefix=/usr --enable-shared --with-system-zlib --libexecdir=/usr/lib --without-included-gettext --enable-threads=posix --enable-nls --with-gxx-include-dir=/usr/include/c++/4.3 --program-suffix=-4.3 --enable-clocale=gnu --enable-libstdcxx-debug --enable-objc-gc --enable-mpfr --enable-targets=all --with-tune=generic --enable-checking=release --build=i486-linux-gnu --host=i486-linux-gnu --target=i486-linux-gnu
Thread model: posix
gcc version 4.3.3 (Ubuntu 4.3.3-5ubuntu4) 
configure:3921: $? = 0
configure:3910: gcc -V >&5
gcc: '-V' option must have argument
configure:3921: $? = 1
configure:3910: gcc -qversion >&5
gcc: unrecognized option '-qversion'
gcc: no input files
configure:3921: $? = 1
configure:3941: checking whether the C compiler works
configure:3963: gcc -m32 -O2 -fomit-frame-pointer -mtune=k8 -march=k8  -I/media/work_stonybrook/labwork/gcc-4.5.1/mpfr-3.0.0/../gmp_req/include  -L/media/work_stonybrook/labwork/gcc-4.5.1/mpfr-3.0.0/../gmp_req/lib conftest.c  >&5
configure:3967: $? = 0
configure:4016: result: yes
configure:4019: checking for C compiler default output file name
configure:4021: result: a.out
configure:4027: checking for suffix of executables
configure:4034: gcc -o conftest -m32 -O2 -fomit-frame-pointer -mtune=k8 -march=k8  -I/media/work_stonybrook/labwork/gcc-4.5.1/mpfr-3.0.0/../gmp_req/include  -L/media/work_stonybrook/labwork/gcc-4.5.1/mpfr-3.0.0/../gmp_req/lib conftest.c  >&5
configure:4038: $? = 0
configure:4060: result: 
configure:4082: checking whether we are cross compiling
configure:4090: gcc -o conftest -m32 -O2 -fomit-frame-pointer -mtune=k8 -march=k8  -I/media/work_stonybrook/labwork/gcc-4.5.1/mpfr-3.0.0/../gmp_req/include  -L/media/work_stonybrook/labwork/gcc-4.5.1/mpfr-3.0.0/../gmp_req/lib conftest.c  >&5
configure:4094: $? = 0
configure:4101: ./conftest
configure:4105: $? = 0
configure:4120: result: no
configure:4125: checking for suffix of object files
configure:4147: gcc -c -m32 -O2 -fomit-frame-pointer -mtune=k8 -march=k8  -I/media/work_stonybrook/labwork/gcc-4.5.1/mpfr-3.0.0/../gmp_req/include conftest.c >&5
configure:4151: $? = 0
configure:4172: result: o
configure:4176: checking whether we are using the GNU C compiler
configure:4195: gcc -c -m32 -O2 -fomit-frame-pointer -mtune=k8 -march=k8  -I/media/work_stonybrook/labwork/gcc-4.5.1/mpfr-3.0.0/../gmp_req/include conftest.c >&5
configure:4195: $? = 0
configure:4204: result: yes
configure:4213: checking whether gcc accepts -g
configure:4233: gcc -c -g  -I/media/work_stonybrook/labwork/gcc-4.5.1/mpfr-3.0.0/../gmp_req/include conftest.c >&5
configure:4233: $? = 0
configure:4274: result: yes
configure:4291: checking for gcc option to accept ISO C89
configure:4355: gcc  -c -m32 -O2 -fomit-frame-pointer -mtune=k8 -march=k8  -I/media/work_stonybrook/labwork/gcc-4.5.1/mpfr-3.0.0/../gmp_req/include conftest.c >&5
configure:4355: $? = 0
configure:4368: result: none needed
configure:4399: checking for style of include used by make
configure:4427: result: GNU
configure:4452: checking dependency style of gcc
configure:4562: result: gcc3
configure:4582: checking how to run the C preprocessor
configure:4613: gcc -E  -I/media/work_stonybrook/labwork/gcc-4.5.1/mpfr-3.0.0/../gmp_req/include conftest.c
configure:4613: $? = 0
configure:4627: gcc -E  -I/media/work_stonybrook/labwork/gcc-4.5.1/mpfr-3.0.0/../gmp_req/include conftest.c
conftest.c:9:28: error: ac_nonexistent.h: No such file or directory
configure:4627: $? = 1
configure: failed program was:
| /* confdefs.h */
| #define PACKAGE_NAME "MPFR"
| #define PACKAGE_TARNAME "mpfr"
| #define PACKAGE_VERSION "3.0.0"
| #define PACKAGE_STRING "MPFR 3.0.0"
| #define PACKAGE_BUGREPORT ""
| #define PACKAGE_URL ""
| /* end confdefs.h.  */
| #include <ac_nonexistent.h>
configure:4652: result: gcc -E
configure:4672: gcc -E  -I/media/work_stonybrook/labwork/gcc-4.5.1/mpfr-3.0.0/../gmp_req/include conftest.c
configure:4672: $? = 0
configure:4686: gcc -E  -I/media/work_stonybrook/labwork/gcc-4.5.1/mpfr-3.0.0/../gmp_req/include conftest.c
conftest.c:9:28: error: ac_nonexistent.h: No such file or directory
configure:4686: $? = 1
configure: failed program was:
| /* confdefs.h */
| #define PACKAGE_NAME "MPFR"
| #define PACKAGE_TARNAME "mpfr"
| #define PACKAGE_VERSION "3.0.0"
| #define PACKAGE_STRING "MPFR 3.0.0"
| #define PACKAGE_BUGREPORT ""
| #define PACKAGE_URL ""
| /* end confdefs.h.  */
| #include <ac_nonexistent.h>
configure:4825: checking for ICC
configure:4843: gcc -c -m32 -O2 -fomit-frame-pointer -mtune=k8 -march=k8  -I/media/work_stonybrook/labwork/gcc-4.5.1/mpfr-3.0.0/../gmp_req/include conftest.c >&5
conftest.c:11:3: error: #error "ICC Not Found"
conftest.c:15: error: expected '=', ',', ';', 'asm' or '__attribute__' before 'int'
configure:4843: $? = 1
configure: failed program was:
| /* confdefs.h */
| #define PACKAGE_NAME "MPFR"
| #define PACKAGE_TARNAME "mpfr"
| #define PACKAGE_VERSION "3.0.0"
| #define PACKAGE_STRING "MPFR 3.0.0"
| #define PACKAGE_BUGREPORT ""
| #define PACKAGE_URL ""
| /* end confdefs.h.  */
| 
| #if !defined(__ICC)
| # error "ICC Not Found"
| error
| #endif
| 
| int
| main ()
| {
| 
|   ;
|   return 0;
| }
configure:4850: result: no
configure:4863: checking whether gcc and cc understand -c and -o together
configure:4894: gcc -c conftest.c -o conftest2.o >&5
configure:4898: $? = 0
configure:4904: gcc -c conftest.c -o conftest2.o >&5
configure:4908: $? = 0
configure:4919: cc -c conftest.c >&5
configure:4923: $? = 0
configure:4931: cc -c conftest.c -o conftest2.o >&5
configure:4935: $? = 0
configure:4941: cc -c conftest.c -o conftest2.o >&5
configure:4945: $? = 0
configure:4963: result: yes
configure:4988: checking for function prototypes
configure:4991: result: yes
configure:5005: checking for ANSI C header files
configure:5025: gcc -c -Wall -Wmissing-prototypes -Wpointer-arith -m32 -O2 -fomit-frame-pointer -mtune=k8 -march=k8  -I/media/work_stonybrook/labwork/gcc-4.5.1/mpfr-3.0.0/../gmp_req/include conftest.c >&5
configure:5025: $? = 0
configure:5098: gcc -o conftest -Wall -Wmissing-prototypes -Wpointer-arith -m32 -O2 -fomit-frame-pointer -mtune=k8 -march=k8  -I/media/work_stonybrook/labwork/gcc-4.5.1/mpfr-3.0.0/../gmp_req/include  -L/media/work_stonybrook/labwork/gcc-4.5.1/mpfr-3.0.0/../gmp_req/lib conftest.c  >&5
configure:5098: $? = 0
configure:5098: ./conftest
configure:5098: $? = 0
configure:5109: result: yes
configure:5122: checking for sys/types.h
configure:5122: gcc -c -Wall -Wmissing-prototypes -Wpointer-arith -m32 -O2 -fomit-frame-pointer -mtune=k8 -march=k8  -I/media/work_stonybrook/labwork/gcc-4.5.1/mpfr-3.0.0/../gmp_req/include conftest.c >&5
configure:5122: $? = 0
configure:5122: result: yes
configure:5122: checking for sys/stat.h
configure:5122: gcc -c -Wall -Wmissing-prototypes -Wpointer-arith -m32 -O2 -fomit-frame-pointer -mtune=k8 -march=k8  -I/media/work_stonybrook/labwork/gcc-4.5.1/mpfr-3.0.0/../gmp_req/include conftest.c >&5
configure:5122: $? = 0
configure:5122: result: yes
configure:5122: checking for stdlib.h
configure:5122: gcc -c -Wall -Wmissing-prototypes -Wpointer-arith -m32 -O2 -fomit-frame-pointer -mtune=k8 -march=k8  -I/media/work_stonybrook/labwork/gcc-4.5.1/mpfr-3.0.0/../gmp_req/include conftest.c >&5
configure:5122: $? = 0
configure:5122: result: yes
configure:5122: checking for string.h
configure:5122: gcc -c -Wall -Wmissing-prototypes -Wpointer-arith -m32 -O2 -fomit-frame-pointer -mtune=k8 -march=k8  -I/media/work_stonybrook/labwork/gcc-4.5.1/mpfr-3.0.0/../gmp_req/include conftest.c >&5
configure:5122: $? = 0
configure:5122: result: yes
configure:5122: checking for memory.h
configure:5122: gcc -c -Wall -Wmissing-prototypes -Wpointer-arith -m32 -O2 -fomit-frame-pointer -mtune=k8 -march=k8  -I/media/work_stonybrook/labwork/gcc-4.5.1/mpfr-3.0.0/../gmp_req/include conftest.c >&5
configure:5122: $? = 0
configure:5122: result: yes
configure:5122: checking for strings.h
configure:5122: gcc -c -Wall -Wmissing-prototypes -Wpointer-arith -m32 -O2 -fomit-frame-pointer -mtune=k8 -march=k8  -I/media/work_stonybrook/labwork/gcc-4.5.1/mpfr-3.0.0/../gmp_req/include conftest.c >&5
configure:5122: $? = 0
configure:5122: result: yes
configure:5122: checking for inttypes.h
configure:5122: gcc -c -Wall -Wmissing-prototypes -Wpointer-arith -m32 -O2 -fomit-frame-pointer -mtune=k8 -march=k8  -I/media/work_stonybrook/labwork/gcc-4.5.1/mpfr-3.0.0/../gmp_req/include conftest.c >&5
configure:5122: $? = 0
configure:5122: result: yes
configure:5122: checking for stdint.h
configure:5122: gcc -c -Wall -Wmissing-prototypes -Wpointer-arith -m32 -O2 -fomit-frame-pointer -mtune=k8 -march=k8  -I/media/work_stonybrook/labwork/gcc-4.5.1/mpfr-3.0.0/../gmp_req/include conftest.c >&5
configure:5122: $? = 0
configure:5122: result: yes
configure:5122: checking for unistd.h
configure:5122: gcc -c -Wall -Wmissing-prototypes -Wpointer-arith -m32 -O2 -fomit-frame-pointer -mtune=k8 -march=k8  -I/media/work_stonybrook/labwork/gcc-4.5.1/mpfr-3.0.0/../gmp_req/include conftest.c >&5
configure:5122: $? = 0
configure:5122: result: yes
configure:5145: checking for string.h
configure:5145: result: yes
configure:5191: checking for an ANSI C-conforming const
configure:5256: gcc -c -Wall -Wmissing-prototypes -Wpointer-arith -m32 -O2 -fomit-frame-pointer -mtune=k8 -march=k8  -I/media/work_stonybrook/labwork/gcc-4.5.1/mpfr-3.0.0/../gmp_req/include conftest.c >&5
conftest.c: In function 'main':
conftest.c:51: warning: 't' is used uninitialized in this function
conftest.c:67: warning: 'b' may be used uninitialized in this function
conftest.c:73: warning: 'cs[0]' is used uninitialized in this function
configure:5256: $? = 0
configure:5263: result: yes
configure:5271: checking for working volatile
configure:5290: gcc -c -Wall -Wmissing-prototypes -Wpointer-arith -m32 -O2 -fomit-frame-pointer -mtune=k8 -march=k8  -I/media/work_stonybrook/labwork/gcc-4.5.1/mpfr-3.0.0/../gmp_req/include conftest.c >&5
configure:5290: $? = 0
configure:5297: result: yes
configure:5463: checking for main in -lm
configure:5482: gcc -o conftest -Wall -Wmissing-prototypes -Wpointer-arith -m32 -O2 -fomit-frame-pointer -mtune=k8 -march=k8  -I/media/work_stonybrook/labwork/gcc-4.5.1/mpfr-3.0.0/../gmp_req/include  -L/media/work_stonybrook/labwork/gcc-4.5.1/mpfr-3.0.0/../gmp_req/lib conftest.c -lm   >&5
configure:5482: $? = 0
configure:5491: result: yes
configure:5500: checking whether time.h and sys/time.h may both be included
configure:5520: gcc -c -Wall -Wmissing-prototypes -Wpointer-arith -m32 -O2 -fomit-frame-pointer -mtune=k8 -march=k8  -I/media/work_stonybrook/labwork/gcc-4.5.1/mpfr-3.0.0/../gmp_req/include conftest.c >&5
configure:5520: $? = 0
configure:5527: result: yes
configure:5541: checking limits.h usability
configure:5541: gcc -c -Wall -Wmissing-prototypes -Wpointer-arith -m32 -O2 -fomit-frame-pointer -mtune=k8 -march=k8  -I/media/work_stonybrook/labwork/gcc-4.5.1/mpfr-3.0.0/../gmp_req/include conftest.c >&5
configure:5541: $? = 0
configure:5541: result: yes
configure:5541: checking limits.h presence
configure:5541: gcc -E  -I/media/work_stonybrook/labwork/gcc-4.5.1/mpfr-3.0.0/../gmp_req/include conftest.c
configure:5541: $? = 0
configure:5541: result: yes
configure:5541: checking for limits.h
configure:5541: result: yes
configure:5549: checking float.h usability
configure:5549: gcc -c -Wall -Wmissing-prototypes -Wpointer-arith -m32 -O2 -fomit-frame-pointer -mtune=k8 -march=k8  -I/media/work_stonybrook/labwork/gcc-4.5.1/mpfr-3.0.0/../gmp_req/include conftest.c >&5
configure:5549: $? = 0
configure:5549: result: yes
configure:5549: checking float.h presence
configure:5549: gcc -E  -I/media/work_stonybrook/labwork/gcc-4.5.1/mpfr-3.0.0/../gmp_req/include conftest.c
configure:5549: $? = 0
configure:5549: result: yes
configure:5549: checking for float.h
configure:5549: result: yes
configure:5557: checking for string.h
configure:5557: result: yes
configure:5568: checking locale.h usability
configure:5568: gcc -c -Wall -Wmissing-prototypes -Wpointer-arith -m32 -O2 -fomit-frame-pointer -mtune=k8 -march=k8  -I/media/work_stonybrook/labwork/gcc-4.5.1/mpfr-3.0.0/../gmp_req/include conftest.c >&5
configure:5568: $? = 0
configure:5568: result: yes
configure:5568: checking locale.h presence
configure:5568: gcc -E  -I/media/work_stonybrook/labwork/gcc-4.5.1/mpfr-3.0.0/../gmp_req/include conftest.c
configure:5568: $? = 0
configure:5568: result: yes
configure:5568: checking for locale.h
configure:5568: result: yes
configure:5581: checking wchar.h usability
configure:5581: gcc -c -Wall -Wmissing-prototypes -Wpointer-arith -m32 -O2 -fomit-frame-pointer -mtune=k8 -march=k8  -I/media/work_stonybrook/labwork/gcc-4.5.1/mpfr-3.0.0/../gmp_req/include conftest.c >&5
configure:5581: $? = 0
configure:5581: result: yes
configure:5581: checking wchar.h presence
configure:5581: gcc -E  -I/media/work_stonybrook/labwork/gcc-4.5.1/mpfr-3.0.0/../gmp_req/include conftest.c
configure:5581: $? = 0
configure:5581: result: yes
configure:5581: checking for wchar.h
configure:5581: result: yes
configure:5592: checking stdarg.h usability
configure:5592: gcc -c -Wall -Wmissing-prototypes -Wpointer-arith -m32 -O2 -fomit-frame-pointer -mtune=k8 -march=k8  -I/media/work_stonybrook/labwork/gcc-4.5.1/mpfr-3.0.0/../gmp_req/include conftest.c >&5
configure:5592: $? = 0
configure:5592: result: yes
configure:5592: checking stdarg.h presence
configure:5592: gcc -E  -I/media/work_stonybrook/labwork/gcc-4.5.1/mpfr-3.0.0/../gmp_req/include conftest.c
configure:5592: $? = 0
configure:5592: result: yes
configure:5592: checking for stdarg.h
configure:5592: result: yes
configure:5613: checking sys/time.h usability
configure:5613: gcc -c -Wall -Wmissing-prototypes -Wpointer-arith -m32 -O2 -fomit-frame-pointer -mtune=k8 -march=k8  -I/media/work_stonybrook/labwork/gcc-4.5.1/mpfr-3.0.0/../gmp_req/include conftest.c >&5
configure:5613: $? = 0
configure:5613: result: yes
configure:5613: checking sys/time.h presence
configure:5613: gcc -E  -I/media/work_stonybrook/labwork/gcc-4.5.1/mpfr-3.0.0/../gmp_req/include conftest.c
configure:5613: $? = 0
configure:5613: result: yes
configure:5613: checking for sys/time.h
configure:5613: result: yes
configure:5613: checking sys/fpu.h usability
configure:5613: gcc -c -Wall -Wmissing-prototypes -Wpointer-arith -m32 -O2 -fomit-frame-pointer -mtune=k8 -march=k8  -I/media/work_stonybrook/labwork/gcc-4.5.1/mpfr-3.0.0/../gmp_req/include conftest.c >&5
conftest.c:60:21: error: sys/fpu.h: No such file or directory
configure:5613: $? = 1
configure: failed program was:
| /* confdefs.h */
| #define PACKAGE_NAME "MPFR"
| #define PACKAGE_TARNAME "mpfr"
| #define PACKAGE_VERSION "3.0.0"
| #define PACKAGE_STRING "MPFR 3.0.0"
| #define PACKAGE_BUGREPORT ""
| #define PACKAGE_URL ""
| #define PROTOTYPES 1
| #define __PROTOTYPES 1
| #define STDC_HEADERS 1
| #define HAVE_SYS_TYPES_H 1
| #define HAVE_SYS_STAT_H 1
| #define HAVE_STDLIB_H 1
| #define HAVE_STRING_H 1
| #define HAVE_MEMORY_H 1
| #define HAVE_STRINGS_H 1
| #define HAVE_INTTYPES_H 1
| #define HAVE_STDINT_H 1
| #define HAVE_UNISTD_H 1
| #define HAVE_STRING_H 1
| #define TIME_WITH_SYS_TIME 1
| #define HAVE_LOCALE_H 1
| #define HAVE_WCHAR_H 1
| #define HAVE_STDARG 1
| #define HAVE_SYS_TIME_H 1
| /* end confdefs.h.  */
| #include <stdio.h>
| #ifdef HAVE_SYS_TYPES_H
| # include <sys/types.h>
| #endif
| #ifdef HAVE_SYS_STAT_H
| # include <sys/stat.h>
| #endif
| #ifdef STDC_HEADERS
| # include <stdlib.h>
| # include <stddef.h>
| #else
| # ifdef HAVE_STDLIB_H
| #  include <stdlib.h>
| # endif
| #endif
| #ifdef HAVE_STRING_H
| # if !defined STDC_HEADERS && defined HAVE_MEMORY_H
| #  include <memory.h>
| # endif
| # include <string.h>
| #endif
| #ifdef HAVE_STRINGS_H
| # include <strings.h>
| #endif
| #ifdef HAVE_INTTYPES_H
| # include <inttypes.h>
| #endif
| #ifdef HAVE_STDINT_H
| # include <stdint.h>
| #endif
| #ifdef HAVE_UNISTD_H
| # include <unistd.h>
| #endif
| #include <sys/fpu.h>
configure:5613: result: no
configure:5613: checking sys/fpu.h presence
configure:5613: gcc -E  -I/media/work_stonybrook/labwork/gcc-4.5.1/mpfr-3.0.0/../gmp_req/include conftest.c
conftest.c:27:21: error: sys/fpu.h: No such file or directory
configure:5613: $? = 1
configure: failed program was:
| /* confdefs.h */
| #define PACKAGE_NAME "MPFR"
| #define PACKAGE_TARNAME "mpfr"
| #define PACKAGE_VERSION "3.0.0"
| #define PACKAGE_STRING "MPFR 3.0.0"
| #define PACKAGE_BUGREPORT ""
| #define PACKAGE_URL ""
| #define PROTOTYPES 1
| #define __PROTOTYPES 1
| #define STDC_HEADERS 1
| #define HAVE_SYS_TYPES_H 1
| #define HAVE_SYS_STAT_H 1
| #define HAVE_STDLIB_H 1
| #define HAVE_STRING_H 1
| #define HAVE_MEMORY_H 1
| #define HAVE_STRINGS_H 1
| #define HAVE_INTTYPES_H 1
| #define HAVE_STDINT_H 1
| #define HAVE_UNISTD_H 1
| #define HAVE_STRING_H 1
| #define TIME_WITH_SYS_TIME 1
| #define HAVE_LOCALE_H 1
| #define HAVE_WCHAR_H 1
| #define HAVE_STDARG 1
| #define HAVE_SYS_TIME_H 1
| /* end confdefs.h.  */
| #include <sys/fpu.h>
configure:5613: result: no
configure:5613: checking for sys/fpu.h
configure:5613: result: no
configure:5628: checking for stdint.h
configure:5628: result: yes
configure:5638: checking for SIZE_MAX
configure:5710: result: yes
configure:5721: checking how to copy va_list
configure:5739: gcc -o conftest -Wall -Wmissing-prototypes -Wpointer-arith -m32 -O2 -fomit-frame-pointer -mtune=k8 -march=k8  -I/media/work_stonybrook/labwork/gcc-4.5.1/mpfr-3.0.0/../gmp_req/include  -L/media/work_stonybrook/labwork/gcc-4.5.1/mpfr-3.0.0/../gmp_req/lib conftest.c  >&5
conftest.c: In function 'main':
conftest.c:36: warning: 'ap2' is used uninitialized in this function
configure:5739: $? = 0
configure:5741: result: va_copy
configure:5780: checking for memmove
configure:5780: gcc -o conftest -Wall -Wmissing-prototypes -Wpointer-arith -m32 -O2 -fomit-frame-pointer -mtune=k8 -march=k8  -I/media/work_stonybrook/labwork/gcc-4.5.1/mpfr-3.0.0/../gmp_req/include  -L/media/work_stonybrook/labwork/gcc-4.5.1/mpfr-3.0.0/../gmp_req/lib conftest.c  >&5
conftest.c:52: warning: conflicting types for built-in function 'memmove'
configure:5780: $? = 0
configure:5780: result: yes
configure:5780: checking for memset
configure:5780: gcc -o conftest -Wall -Wmissing-prototypes -Wpointer-arith -m32 -O2 -fomit-frame-pointer -mtune=k8 -march=k8  -I/media/work_stonybrook/labwork/gcc-4.5.1/mpfr-3.0.0/../gmp_req/include  -L/media/work_stonybrook/labwork/gcc-4.5.1/mpfr-3.0.0/../gmp_req/lib conftest.c  >&5
conftest.c:53: warning: conflicting types for built-in function 'memset'
configure:5780: $? = 0
configure:5780: result: yes
configure:5780: checking for setlocale
configure:5780: gcc -o conftest -Wall -Wmissing-prototypes -Wpointer-arith -m32 -O2 -fomit-frame-pointer -mtune=k8 -march=k8  -I/media/work_stonybrook/labwork/gcc-4.5.1/mpfr-3.0.0/../gmp_req/include  -L/media/work_stonybrook/labwork/gcc-4.5.1/mpfr-3.0.0/../gmp_req/lib conftest.c  >&5
configure:5780: $? = 0
configure:5780: result: yes
configure:5780: checking for strtol
configure:5780: gcc -o conftest -Wall -Wmissing-prototypes -Wpointer-arith -m32 -O2 -fomit-frame-pointer -mtune=k8 -march=k8  -I/media/work_stonybrook/labwork/gcc-4.5.1/mpfr-3.0.0/../gmp_req/include  -L/media/work_stonybrook/labwork/gcc-4.5.1/mpfr-3.0.0/../gmp_req/lib conftest.c  >&5
configure:5780: $? = 0
configure:5780: result: yes
configure:5780: checking for gettimeofday
configure:5780: gcc -o conftest -Wall -Wmissing-prototypes -Wpointer-arith -m32 -O2 -fomit-frame-pointer -mtune=k8 -march=k8  -I/media/work_stonybrook/labwork/gcc-4.5.1/mpfr-3.0.0/../gmp_req/include  -L/media/work_stonybrook/labwork/gcc-4.5.1/mpfr-3.0.0/../gmp_req/lib conftest.c  >&5
configure:5780: $? = 0
configure:5780: result: yes
configure:5834: checking for long long int
configure:5834: gcc -c -Wall -Wmissing-prototypes -Wpointer-arith -m32 -O2 -fomit-frame-pointer -mtune=k8 -march=k8  -I/media/work_stonybrook/labwork/gcc-4.5.1/mpfr-3.0.0/../gmp_req/include conftest.c >&5
configure:5834: $? = 0
configure:5834: gcc -c -Wall -Wmissing-prototypes -Wpointer-arith -m32 -O2 -fomit-frame-pointer -mtune=k8 -march=k8  -I/media/work_stonybrook/labwork/gcc-4.5.1/mpfr-3.0.0/../gmp_req/include conftest.c >&5
conftest.c: In function 'main':
conftest.c:70: error: expected expression before ')' token
configure:5834: $? = 1
configure: failed program was:
| /* confdefs.h */
| #define PACKAGE_NAME "MPFR"
| #define PACKAGE_TARNAME "mpfr"
| #define PACKAGE_VERSION "3.0.0"
| #define PACKAGE_STRING "MPFR 3.0.0"
| #define PACKAGE_BUGREPORT ""
| #define PACKAGE_URL ""
| #define PROTOTYPES 1
| #define __PROTOTYPES 1
| #define STDC_HEADERS 1
| #define HAVE_SYS_TYPES_H 1
| #define HAVE_SYS_STAT_H 1
| #define HAVE_STDLIB_H 1
| #define HAVE_STRING_H 1
| #define HAVE_MEMORY_H 1
| #define HAVE_STRINGS_H 1
| #define HAVE_INTTYPES_H 1
| #define HAVE_STDINT_H 1
| #define HAVE_UNISTD_H 1
| #define HAVE_STRING_H 1
| #define TIME_WITH_SYS_TIME 1
| #define HAVE_LOCALE_H 1
| #define HAVE_WCHAR_H 1
| #define HAVE_STDARG 1
| #define HAVE_SYS_TIME_H 1
| #define HAVE_STDINT_H 1
| #define HAVE_VA_COPY 1
| #define HAVE_MEMMOVE 1
| #define HAVE_MEMSET 1
| #define HAVE_SETLOCALE 1
| #define HAVE_STRTOL 1
| #define HAVE_GETTIMEOFDAY 1
| /* end confdefs.h.  */
| #include <stdio.h>
| #ifdef HAVE_SYS_TYPES_H
| # include <sys/types.h>
| #endif
| #ifdef HAVE_SYS_STAT_H
| # include <sys/stat.h>
| #endif
| #ifdef STDC_HEADERS
| # include <stdlib.h>
| # include <stddef.h>
| #else
| # ifdef HAVE_STDLIB_H
| #  include <stdlib.h>
| # endif
| #endif
| #ifdef HAVE_STRING_H
| # if !defined STDC_HEADERS && defined HAVE_MEMORY_H
| #  include <memory.h>
| # endif
| # include <string.h>
| #endif
| #ifdef HAVE_STRINGS_H
| # include <strings.h>
| #endif
| #ifdef HAVE_INTTYPES_H
| # include <inttypes.h>
| #endif
| #ifdef HAVE_STDINT_H
| # include <stdint.h>
| #endif
| #ifdef HAVE_UNISTD_H
| # include <unistd.h>
| #endif
| int
| main ()
| {
| if (sizeof ((long long int)))
| 	    return 0;
|   ;
|   return 0;
| }
configure:5834: result: yes
configure:5842: checking for intmax_t
configure:5842: gcc -c -Wall -Wmissing-prototypes -Wpointer-arith -m32 -O2 -fomit-frame-pointer -mtune=k8 -march=k8  -I/media/work_stonybrook/labwork/gcc-4.5.1/mpfr-3.0.0/../gmp_req/include conftest.c >&5
configure:5842: $? = 0
configure:5842: gcc -c -Wall -Wmissing-prototypes -Wpointer-arith -m32 -O2 -fomit-frame-pointer -mtune=k8 -march=k8  -I/media/work_stonybrook/labwork/gcc-4.5.1/mpfr-3.0.0/../gmp_req/include conftest.c >&5
conftest.c: In function 'main':
conftest.c:71: error: expected expression before ')' token
configure:5842: $? = 1
configure: failed program was:
| /* confdefs.h */
| #define PACKAGE_NAME "MPFR"
| #define PACKAGE_TARNAME "mpfr"
| #define PACKAGE_VERSION "3.0.0"
| #define PACKAGE_STRING "MPFR 3.0.0"
| #define PACKAGE_BUGREPORT ""
| #define PACKAGE_URL ""
| #define PROTOTYPES 1
| #define __PROTOTYPES 1
| #define STDC_HEADERS 1
| #define HAVE_SYS_TYPES_H 1
| #define HAVE_SYS_STAT_H 1
| #define HAVE_STDLIB_H 1
| #define HAVE_STRING_H 1
| #define HAVE_MEMORY_H 1
| #define HAVE_STRINGS_H 1
| #define HAVE_INTTYPES_H 1
| #define HAVE_STDINT_H 1
| #define HAVE_UNISTD_H 1
| #define HAVE_STRING_H 1
| #define TIME_WITH_SYS_TIME 1
| #define HAVE_LOCALE_H 1
| #define HAVE_WCHAR_H 1
| #define HAVE_STDARG 1
| #define HAVE_SYS_TIME_H 1
| #define HAVE_STDINT_H 1
| #define HAVE_VA_COPY 1
| #define HAVE_MEMMOVE 1
| #define HAVE_MEMSET 1
| #define HAVE_SETLOCALE 1
| #define HAVE_STRTOL 1
| #define HAVE_GETTIMEOFDAY 1
| #define HAVE_LONG_LONG 1
| /* end confdefs.h.  */
| #include <stdio.h>
| #ifdef HAVE_SYS_TYPES_H
| # include <sys/types.h>
| #endif
| #ifdef HAVE_SYS_STAT_H
| # include <sys/stat.h>
| #endif
| #ifdef STDC_HEADERS
| # include <stdlib.h>
| # include <stddef.h>
| #else
| # ifdef HAVE_STDLIB_H
| #  include <stdlib.h>
| # endif
| #endif
| #ifdef HAVE_STRING_H
| # if !defined STDC_HEADERS && defined HAVE_MEMORY_H
| #  include <memory.h>
| # endif
| # include <string.h>
| #endif
| #ifdef HAVE_STRINGS_H
| # include <strings.h>
| #endif
| #ifdef HAVE_INTTYPES_H
| # include <inttypes.h>
| #endif
| #ifdef HAVE_STDINT_H
| # include <stdint.h>
| #endif
| #ifdef HAVE_UNISTD_H
| # include <unistd.h>
| #endif
| int
| main ()
| {
| if (sizeof ((intmax_t)))
| 	    return 0;
|   ;
|   return 0;
| }
configure:5842: result: yes
configure:5853: checking for working INTMAX_MAX
configure:5870: gcc -c -Wall -Wmissing-prototypes -Wpointer-arith -m32 -O2 -fomit-frame-pointer -mtune=k8 -march=k8  -I/media/work_stonybrook/labwork/gcc-4.5.1/mpfr-3.0.0/../gmp_req/include conftest.c >&5
conftest.c: In function 'main':
conftest.c:40: warning: unused variable 'x'
configure:5870: $? = 0
configure:5878: result: yes
configure:5887: checking for union fpc_csr
configure:5887: gcc -c -Wall -Wmissing-prototypes -Wpointer-arith -m32 -O2 -fomit-frame-pointer -mtune=k8 -march=k8  -I/media/work_stonybrook/labwork/gcc-4.5.1/mpfr-3.0.0/../gmp_req/include conftest.c >&5
conftest.c: In function 'main':
conftest.c:46: error: invalid application of 'sizeof' to incomplete type 'union fpc_csr' 
configure:5887: $? = 1
configure: failed program was:
| /* confdefs.h */
| #define PACKAGE_NAME "MPFR"
| #define PACKAGE_TARNAME "mpfr"
| #define PACKAGE_VERSION "3.0.0"
| #define PACKAGE_STRING "MPFR 3.0.0"
| #define PACKAGE_BUGREPORT ""
| #define PACKAGE_URL ""
| #define PROTOTYPES 1
| #define __PROTOTYPES 1
| #define STDC_HEADERS 1
| #define HAVE_SYS_TYPES_H 1
| #define HAVE_SYS_STAT_H 1
| #define HAVE_STDLIB_H 1
| #define HAVE_STRING_H 1
| #define HAVE_MEMORY_H 1
| #define HAVE_STRINGS_H 1
| #define HAVE_INTTYPES_H 1
| #define HAVE_STDINT_H 1
| #define HAVE_UNISTD_H 1
| #define HAVE_STRING_H 1
| #define TIME_WITH_SYS_TIME 1
| #define HAVE_LOCALE_H 1
| #define HAVE_WCHAR_H 1
| #define HAVE_STDARG 1
| #define HAVE_SYS_TIME_H 1
| #define HAVE_STDINT_H 1
| #define HAVE_VA_COPY 1
| #define HAVE_MEMMOVE 1
| #define HAVE_MEMSET 1
| #define HAVE_SETLOCALE 1
| #define HAVE_STRTOL 1
| #define HAVE_GETTIMEOFDAY 1
| #define HAVE_LONG_LONG 1
| #define HAVE_INTMAX_T 1
| #define MPFR_HAVE_INTMAX_MAX 1
| /* end confdefs.h.  */
| 
| #if HAVE_SYS_FPU_H
| #  include <sys/fpu.h>
| #endif
| 
| 
| int
| main ()
| {
| if (sizeof (union fpc_csr))
| 	 return 0;
|   ;
|   return 0;
| }
configure:5887: result: no
configure:5900: checking for fesetround
configure:5919: gcc -o conftest -Wall -Wmissing-prototypes -Wpointer-arith -m32 -O2 -fomit-frame-pointer -mtune=k8 -march=k8  -I/media/work_stonybrook/labwork/gcc-4.5.1/mpfr-3.0.0/../gmp_req/include  -L/media/work_stonybrook/labwork/gcc-4.5.1/mpfr-3.0.0/../gmp_req/lib conftest.c  -lm >&5
configure:5919: $? = 0
configure:5929: result: yes
configure:5938: checking for gcc float-conversion bug
configure:5978: gcc -o conftest -Wall -Wmissing-prototypes -Wpointer-arith -m32 -O2 -fomit-frame-pointer -mtune=k8 -march=k8  -I/media/work_stonybrook/labwork/gcc-4.5.1/mpfr-3.0.0/../gmp_req/include  -L/media/work_stonybrook/labwork/gcc-4.5.1/mpfr-3.0.0/../gmp_req/lib conftest.c  -lm >&5
configure:5978: $? = 0
configure:5978: ./conftest
configure:5978: $? = 1
configure: program exited with status 1
configure: failed program was:
| /* confdefs.h */
| #define PACKAGE_NAME "MPFR"
| #define PACKAGE_TARNAME "mpfr"
| #define PACKAGE_VERSION "3.0.0"
| #define PACKAGE_STRING "MPFR 3.0.0"
| #define PACKAGE_BUGREPORT ""
| #define PACKAGE_URL ""
| #define PROTOTYPES 1
| #define __PROTOTYPES 1
| #define STDC_HEADERS 1
| #define HAVE_SYS_TYPES_H 1
| #define HAVE_SYS_STAT_H 1
| #define HAVE_STDLIB_H 1
| #define HAVE_STRING_H 1
| #define HAVE_MEMORY_H 1
| #define HAVE_STRINGS_H 1
| #define HAVE_INTTYPES_H 1
| #define HAVE_STDINT_H 1
| #define HAVE_UNISTD_H 1
| #define HAVE_STRING_H 1
| #define TIME_WITH_SYS_TIME 1
| #define HAVE_LOCALE_H 1
| #define HAVE_WCHAR_H 1
| #define HAVE_STDARG 1
| #define HAVE_SYS_TIME_H 1
| #define HAVE_STDINT_H 1
| #define HAVE_VA_COPY 1
| #define HAVE_MEMMOVE 1
| #define HAVE_MEMSET 1
| #define HAVE_SETLOCALE 1
| #define HAVE_STRTOL 1
| #define HAVE_GETTIMEOFDAY 1
| #define HAVE_LONG_LONG 1
| #define HAVE_INTMAX_T 1
| #define MPFR_HAVE_INTMAX_MAX 1
| #define MPFR_HAVE_FESETROUND 1
| /* end confdefs.h.  */
| 
| #include <float.h>
| #ifdef MPFR_HAVE_FESETROUND
| #include <fenv.h>
| #endif
| static double get_max (void);
| int main() {
|   double x = 0.5;
|   double y;
|   int i;
|   for (i = 1; i <= 11; i++)
|     x *= x;
|   if (x != 0)
|     return 1;
| #ifdef MPFR_HAVE_FESETROUND
|   /* Useful test for the G4 PowerPC */
|   fesetround(FE_TOWARDZERO);
|   x = y = get_max ();
|   x *= 2.0;
|   if (x != y)
|     return 1;
| #endif
|   return 0;
| }
| static double get_max (void) { static volatile double d = DBL_MAX; return d; }
| 
configure:5990: result: yes, use -ffloat-store
configure:5997: checking for denormalized numbers
configure:6018: gcc -o conftest -Wall -Wmissing-prototypes -Wpointer-arith -m32 -O2 -fomit-frame-pointer -mtune=k8 -march=k8 -ffloat-store  -I/media/work_stonybrook/labwork/gcc-4.5.1/mpfr-3.0.0/../gmp_req/include  -L/media/work_stonybrook/labwork/gcc-4.5.1/mpfr-3.0.0/../gmp_req/lib conftest.c  >&5
configure:6018: $? = 0
configure:6018: ./conftest
1.112537e-308
configure:6018: $? = 0
configure:6029: result: yes
configure:6037: checking if NAN == NAN
configure:6061: gcc -o conftest -Wall -Wmissing-prototypes -Wpointer-arith -m32 -O2 -fomit-frame-pointer -mtune=k8 -march=k8 -ffloat-store  -I/media/work_stonybrook/labwork/gcc-4.5.1/mpfr-3.0.0/../gmp_req/include  -L/media/work_stonybrook/labwork/gcc-4.5.1/mpfr-3.0.0/../gmp_req/lib conftest.c  >&5
configure:6061: $? = 0
configure:6061: ./conftest
configure:6061: $? = 1
configure: program exited with status 1
configure: failed program was:
| /* confdefs.h */
| #define PACKAGE_NAME "MPFR"
| #define PACKAGE_TARNAME "mpfr"
| #define PACKAGE_VERSION "3.0.0"
| #define PACKAGE_STRING "MPFR 3.0.0"
| #define PACKAGE_BUGREPORT ""
| #define PACKAGE_URL ""
| #define PROTOTYPES 1
| #define __PROTOTYPES 1
| #define STDC_HEADERS 1
| #define HAVE_SYS_TYPES_H 1
| #define HAVE_SYS_STAT_H 1
| #define HAVE_STDLIB_H 1
| #define HAVE_STRING_H 1
| #define HAVE_MEMORY_H 1
| #define HAVE_STRINGS_H 1
| #define HAVE_INTTYPES_H 1
| #define HAVE_STDINT_H 1
| #define HAVE_UNISTD_H 1
| #define HAVE_STRING_H 1
| #define TIME_WITH_SYS_TIME 1
| #define HAVE_LOCALE_H 1
| #define HAVE_WCHAR_H 1
| #define HAVE_STDARG 1
| #define HAVE_SYS_TIME_H 1
| #define HAVE_STDINT_H 1
| #define HAVE_VA_COPY 1
| #define HAVE_MEMMOVE 1
| #define HAVE_MEMSET 1
| #define HAVE_SETLOCALE 1
| #define HAVE_STRTOL 1
| #define HAVE_GETTIMEOFDAY 1
| #define HAVE_LONG_LONG 1
| #define HAVE_INTMAX_T 1
| #define MPFR_HAVE_INTMAX_MAX 1
| #define MPFR_HAVE_FESETROUND 1
| #define HAVE_DENORMS 1
| /* end confdefs.h.  */
| 
| #include <stdio.h>
| #include <math.h>
| #ifndef NAN
| # define NAN (0.0/0.0)
| #endif
| int main() {
|   double d;
|   d = NAN;
|   return d != d;
| }
| 
configure:6072: result: no
configure:6100: checking if charset has consecutive values
configure:6130: gcc -o conftest -Wall -Wmissing-prototypes -Wpointer-arith -m32 -O2 -fomit-frame-pointer -mtune=k8 -march=k8 -ffloat-store  -I/media/work_stonybrook/labwork/gcc-4.5.1/mpfr-3.0.0/../gmp_req/include  -L/media/work_stonybrook/labwork/gcc-4.5.1/mpfr-3.0.0/../gmp_req/lib conftest.c  >&5
configure:6130: $? = 0
configure:6130: ./conftest
configure:6130: $? = 0
configure:6131: result: yes
configure:6149: checking for math/round
configure:6169: gcc -o conftest -Wall -Wmissing-prototypes -Wpointer-arith -m32 -O2 -fomit-frame-pointer -mtune=k8 -march=k8 -ffloat-store  -I/media/work_stonybrook/labwork/gcc-4.5.1/mpfr-3.0.0/../gmp_req/include  -L/media/work_stonybrook/labwork/gcc-4.5.1/mpfr-3.0.0/../gmp_req/lib conftest.c  -lm >&5
conftest.c:41: warning: no previous prototype for 'f'
conftest.c: In function 'main':
conftest.c:48: error: 'round' undeclared (first use in this function)
conftest.c:48: error: (Each undeclared identifier is reported only once
conftest.c:48: error: for each function it appears in.)
configure:6169: $? = 1
configure: failed program was:
| /* confdefs.h */
| #define PACKAGE_NAME "MPFR"
| #define PACKAGE_TARNAME "mpfr"
| #define PACKAGE_VERSION "3.0.0"
| #define PACKAGE_STRING "MPFR 3.0.0"
| #define PACKAGE_BUGREPORT ""
| #define PACKAGE_URL ""
| #define PROTOTYPES 1
| #define __PROTOTYPES 1
| #define STDC_HEADERS 1
| #define HAVE_SYS_TYPES_H 1
| #define HAVE_SYS_STAT_H 1
| #define HAVE_STDLIB_H 1
| #define HAVE_STRING_H 1
| #define HAVE_MEMORY_H 1
| #define HAVE_STRINGS_H 1
| #define HAVE_INTTYPES_H 1
| #define HAVE_STDINT_H 1
| #define HAVE_UNISTD_H 1
| #define HAVE_STRING_H 1
| #define TIME_WITH_SYS_TIME 1
| #define HAVE_LOCALE_H 1
| #define HAVE_WCHAR_H 1
| #define HAVE_STDARG 1
| #define HAVE_SYS_TIME_H 1
| #define HAVE_STDINT_H 1
| #define HAVE_VA_COPY 1
| #define HAVE_MEMMOVE 1
| #define HAVE_MEMSET 1
| #define HAVE_SETLOCALE 1
| #define HAVE_STRTOL 1
| #define HAVE_GETTIMEOFDAY 1
| #define HAVE_LONG_LONG 1
| #define HAVE_INTMAX_T 1
| #define MPFR_HAVE_INTMAX_MAX 1
| #define MPFR_HAVE_FESETROUND 1
| #define HAVE_DENORMS 1
| /* end confdefs.h.  */
| 
| #include <math.h>
| int f (double (*func)(double)) { return 0;}
| 
| int
| main ()
| {
| 
|  double a = 17.42;
|  a = f (round);
|  return 0;
| 
|   ;
|   return 0;
| }
configure:6178: result: no
configure:6184: checking for math/trunc
configure:6204: gcc -o conftest -Wall -Wmissing-prototypes -Wpointer-arith -m32 -O2 -fomit-frame-pointer -mtune=k8 -march=k8 -ffloat-store  -I/media/work_stonybrook/labwork/gcc-4.5.1/mpfr-3.0.0/../gmp_req/include  -L/media/work_stonybrook/labwork/gcc-4.5.1/mpfr-3.0.0/../gmp_req/lib conftest.c  -lm >&5
conftest.c:41: warning: no previous prototype for 'f'
conftest.c: In function 'main':
conftest.c:48: error: 'trunc' undeclared (first use in this function)
conftest.c:48: error: (Each undeclared identifier is reported only once
conftest.c:48: error: for each function it appears in.)
configure:6204: $? = 1
configure: failed program was:
| /* confdefs.h */
| #define PACKAGE_NAME "MPFR"
| #define PACKAGE_TARNAME "mpfr"
| #define PACKAGE_VERSION "3.0.0"
| #define PACKAGE_STRING "MPFR 3.0.0"
| #define PACKAGE_BUGREPORT ""
| #define PACKAGE_URL ""
| #define PROTOTYPES 1
| #define __PROTOTYPES 1
| #define STDC_HEADERS 1
| #define HAVE_SYS_TYPES_H 1
| #define HAVE_SYS_STAT_H 1
| #define HAVE_STDLIB_H 1
| #define HAVE_STRING_H 1
| #define HAVE_MEMORY_H 1
| #define HAVE_STRINGS_H 1
| #define HAVE_INTTYPES_H 1
| #define HAVE_STDINT_H 1
| #define HAVE_UNISTD_H 1
| #define HAVE_STRING_H 1
| #define TIME_WITH_SYS_TIME 1
| #define HAVE_LOCALE_H 1
| #define HAVE_WCHAR_H 1
| #define HAVE_STDARG 1
| #define HAVE_SYS_TIME_H 1
| #define HAVE_STDINT_H 1
| #define HAVE_VA_COPY 1
| #define HAVE_MEMMOVE 1
| #define HAVE_MEMSET 1
| #define HAVE_SETLOCALE 1
| #define HAVE_STRTOL 1
| #define HAVE_GETTIMEOFDAY 1
| #define HAVE_LONG_LONG 1
| #define HAVE_INTMAX_T 1
| #define MPFR_HAVE_INTMAX_MAX 1
| #define MPFR_HAVE_FESETROUND 1
| #define HAVE_DENORMS 1
| /* end confdefs.h.  */
| 
| #include <math.h>
| int f (double (*func)(double)) { return 0;}
| 
| int
| main ()
| {
| 
|  double a = 17.42;
|  a = f(trunc);
|  return 0;
| 
|   ;
|   return 0;
| }
configure:6213: result: no
configure:6219: checking for math/floor
configure:6239: gcc -o conftest -Wall -Wmissing-prototypes -Wpointer-arith -m32 -O2 -fomit-frame-pointer -mtune=k8 -march=k8 -ffloat-store  -I/media/work_stonybrook/labwork/gcc-4.5.1/mpfr-3.0.0/../gmp_req/include  -L/media/work_stonybrook/labwork/gcc-4.5.1/mpfr-3.0.0/../gmp_req/lib conftest.c  -lm >&5
conftest.c:41: warning: no previous prototype for 'f'
configure:6239: $? = 0
configure:6241: result: yes
configure:6254: checking for math/ceil
configure:6274: gcc -o conftest -Wall -Wmissing-prototypes -Wpointer-arith -m32 -O2 -fomit-frame-pointer -mtune=k8 -march=k8 -ffloat-store  -I/media/work_stonybrook/labwork/gcc-4.5.1/mpfr-3.0.0/../gmp_req/include  -L/media/work_stonybrook/labwork/gcc-4.5.1/mpfr-3.0.0/../gmp_req/lib conftest.c  -lm >&5
conftest.c:42: warning: no previous prototype for 'f'
configure:6274: $? = 0
configure:6276: result: yes
configure:6289: checking for math/rint
configure:6309: gcc -o conftest -Wall -Wmissing-prototypes -Wpointer-arith -m32 -O2 -fomit-frame-pointer -mtune=k8 -march=k8 -ffloat-store  -I/media/work_stonybrook/labwork/gcc-4.5.1/mpfr-3.0.0/../gmp_req/include  -L/media/work_stonybrook/labwork/gcc-4.5.1/mpfr-3.0.0/../gmp_req/lib conftest.c  -lm >&5
conftest.c:43: warning: no previous prototype for 'f'
conftest.c: In function 'main':
conftest.c:50: error: 'nearbyint' undeclared (first use in this function)
conftest.c:50: error: (Each undeclared identifier is reported only once
conftest.c:50: error: for each function it appears in.)
configure:6309: $? = 1
configure: failed program was:
| /* confdefs.h */
| #define PACKAGE_NAME "MPFR"
| #define PACKAGE_TARNAME "mpfr"
| #define PACKAGE_VERSION "3.0.0"
| #define PACKAGE_STRING "MPFR 3.0.0"
| #define PACKAGE_BUGREPORT ""
| #define PACKAGE_URL ""
| #define PROTOTYPES 1
| #define __PROTOTYPES 1
| #define STDC_HEADERS 1
| #define HAVE_SYS_TYPES_H 1
| #define HAVE_SYS_STAT_H 1
| #define HAVE_STDLIB_H 1
| #define HAVE_STRING_H 1
| #define HAVE_MEMORY_H 1
| #define HAVE_STRINGS_H 1
| #define HAVE_INTTYPES_H 1
| #define HAVE_STDINT_H 1
| #define HAVE_UNISTD_H 1
| #define HAVE_STRING_H 1
| #define TIME_WITH_SYS_TIME 1
| #define HAVE_LOCALE_H 1
| #define HAVE_WCHAR_H 1
| #define HAVE_STDARG 1
| #define HAVE_SYS_TIME_H 1
| #define HAVE_STDINT_H 1
| #define HAVE_VA_COPY 1
| #define HAVE_MEMMOVE 1
| #define HAVE_MEMSET 1
| #define HAVE_SETLOCALE 1
| #define HAVE_STRTOL 1
| #define HAVE_GETTIMEOFDAY 1
| #define HAVE_LONG_LONG 1
| #define HAVE_INTMAX_T 1
| #define MPFR_HAVE_INTMAX_MAX 1
| #define MPFR_HAVE_FESETROUND 1
| #define HAVE_DENORMS 1
| #define HAVE_FLOOR 1
| #define HAVE_CEIL 1
| /* end confdefs.h.  */
| 
| #include <math.h>
| int f (double (*func)(double)) { return 0;}
| 
| int
| main ()
| {
| 
|  double a = 17.42;
|  a = f(nearbyint);
|  return 0;
| 
|   ;
|   return 0;
| }
configure:6318: result: no
configure:6329: checking for long double
configure:6329: gcc -c -Wall -Wmissing-prototypes -Wpointer-arith -m32 -O2 -fomit-frame-pointer -mtune=k8 -march=k8 -ffloat-store  -I/media/work_stonybrook/labwork/gcc-4.5.1/mpfr-3.0.0/../gmp_req/include conftest.c >&5
configure:6329: $? = 0
configure:6329: gcc -c -Wall -Wmissing-prototypes -Wpointer-arith -m32 -O2 -fomit-frame-pointer -mtune=k8 -march=k8 -ffloat-store  -I/media/work_stonybrook/labwork/gcc-4.5.1/mpfr-3.0.0/../gmp_req/include conftest.c >&5
conftest.c: In function 'main':
conftest.c:77: error: expected expression before ')' token
configure:6329: $? = 1
configure: failed program was:
| /* confdefs.h */
| #define PACKAGE_NAME "MPFR"
| #define PACKAGE_TARNAME "mpfr"
| #define PACKAGE_VERSION "3.0.0"
| #define PACKAGE_STRING "MPFR 3.0.0"
| #define PACKAGE_BUGREPORT ""
| #define PACKAGE_URL ""
| #define PROTOTYPES 1
| #define __PROTOTYPES 1
| #define STDC_HEADERS 1
| #define HAVE_SYS_TYPES_H 1
| #define HAVE_SYS_STAT_H 1
| #define HAVE_STDLIB_H 1
| #define HAVE_STRING_H 1
| #define HAVE_MEMORY_H 1
| #define HAVE_STRINGS_H 1
| #define HAVE_INTTYPES_H 1
| #define HAVE_STDINT_H 1
| #define HAVE_UNISTD_H 1
| #define HAVE_STRING_H 1
| #define TIME_WITH_SYS_TIME 1
| #define HAVE_LOCALE_H 1
| #define HAVE_WCHAR_H 1
| #define HAVE_STDARG 1
| #define HAVE_SYS_TIME_H 1
| #define HAVE_STDINT_H 1
| #define HAVE_VA_COPY 1
| #define HAVE_MEMMOVE 1
| #define HAVE_MEMSET 1
| #define HAVE_SETLOCALE 1
| #define HAVE_STRTOL 1
| #define HAVE_GETTIMEOFDAY 1
| #define HAVE_LONG_LONG 1
| #define HAVE_INTMAX_T 1
| #define MPFR_HAVE_INTMAX_MAX 1
| #define MPFR_HAVE_FESETROUND 1
| #define HAVE_DENORMS 1
| #define HAVE_FLOOR 1
| #define HAVE_CEIL 1
| /* end confdefs.h.  */
| #include <stdio.h>
| #ifdef HAVE_SYS_TYPES_H
| # include <sys/types.h>
| #endif
| #ifdef HAVE_SYS_STAT_H
| # include <sys/stat.h>
| #endif
| #ifdef STDC_HEADERS
| # include <stdlib.h>
| # include <stddef.h>
| #else
| # ifdef HAVE_STDLIB_H
| #  include <stdlib.h>
| # endif
| #endif
| #ifdef HAVE_STRING_H
| # if !defined STDC_HEADERS && defined HAVE_MEMORY_H
| #  include <memory.h>
| # endif
| # include <string.h>
| #endif
| #ifdef HAVE_STRINGS_H
| # include <strings.h>
| #endif
| #ifdef HAVE_INTTYPES_H
| # include <inttypes.h>
| #endif
| #ifdef HAVE_STDINT_H
| # include <stdint.h>
| #endif
| #ifdef HAVE_UNISTD_H
| # include <unistd.h>
| #endif
| int
| main ()
| {
| if (sizeof ((long double)))
| 	    return 0;
|   ;
|   return 0;
| }
configure:6329: result: yes
configure:6339: checking format of `long double' floating point
configure:6366: gcc -Wall -Wmissing-prototypes -Wpointer-arith -m32 -O2 -fomit-frame-pointer -mtune=k8 -march=k8 -ffloat-store  -I/media/work_stonybrook/labwork/gcc-4.5.1/mpfr-3.0.0/../gmp_req/include -c conftest.c >&5 2>&1
configure:6369: $? = 0
configure:6620: result: IEEE extended, little endian
configure:6700: checking for gmp.h
configure:6708: gcc -c -Wall -Wmissing-prototypes -Wpointer-arith -m32 -O2 -fomit-frame-pointer -mtune=k8 -march=k8 -ffloat-store  -I/media/work_stonybrook/labwork/gcc-4.5.1/mpfr-3.0.0/../gmp_req/include conftest.c >&5
configure:6708: $? = 0
configure:6709: result: yes
configure:7113: checking for a sed that does not truncate output
configure:7177: result: /bin/sed
configure:7195: checking for fgrep
configure:7257: result: /bin/grep -F
configure:7292: checking for ld used by gcc
configure:7359: result: /usr/bin/ld
configure:7366: checking if the linker (/usr/bin/ld) is GNU ld
configure:7381: result: yes
configure:7393: checking for BSD- or MS-compatible name lister (nm)
configure:7442: result: /usr/bin/nm -B
configure:7560: checking the name lister (/usr/bin/nm -B) interface
configure:7567: gcc -c -Wall -Wmissing-prototypes -Wpointer-arith -m32 -O2 -fomit-frame-pointer -mtune=k8 -march=k8 -ffloat-store  -I/media/work_stonybrook/labwork/gcc-4.5.1/mpfr-3.0.0/../gmp_req/include conftest.c >&5
configure:7570: /usr/bin/nm -B "conftest.o"
configure:7573: output
00000000 B some_variable
configure:7580: result: BSD nm
configure:7583: checking whether ln -s works
configure:7587: result: yes
configure:7595: checking the maximum length of command line arguments
configure:7715: result: 1572864
configure:7732: checking whether the shell understands some XSI constructs
configure:7742: result: yes
configure:7746: checking whether the shell understands "+="
configure:7752: result: yes
configure:7787: checking for /usr/bin/ld option to reload object files
configure:7794: result: -r
configure:7863: checking for objdump
configure:7890: result: objdump
configure:7919: checking how to recognize dependent libraries
configure:8115: result: pass_all
configure:8175: checking for ar
configure:8191: found /usr/bin/ar
configure:8202: result: ar
configure:8280: checking for strip
configure:8296: found /usr/bin/strip
configure:8307: result: strip
configure:8379: checking for ranlib
configure:8395: found /usr/bin/ranlib
configure:8406: result: ranlib
configure:8496: checking command to parse /usr/bin/nm -B output from gcc object
configure:8614: gcc -c -Wall -Wmissing-prototypes -Wpointer-arith -m32 -O2 -fomit-frame-pointer -mtune=k8 -march=k8 -ffloat-store  -I/media/work_stonybrook/labwork/gcc-4.5.1/mpfr-3.0.0/../gmp_req/include conftest.c >&5
configure:8617: $? = 0
configure:8621: /usr/bin/nm -B conftest.o \| sed -n -e 's/^.*[	 ]\([ABCDGIRSTW][ABCDGIRSTW]*\)[	 ][	 ]*\([_A-Za-z][_A-Za-z0-9]*\)$/\1 \2 \2/p' \> conftest.nm
configure:8624: $? = 0
configure:8678: gcc -o conftest -Wall -Wmissing-prototypes -Wpointer-arith -m32 -O2 -fomit-frame-pointer -mtune=k8 -march=k8 -ffloat-store  -I/media/work_stonybrook/labwork/gcc-4.5.1/mpfr-3.0.0/../gmp_req/include  -L/media/work_stonybrook/labwork/gcc-4.5.1/mpfr-3.0.0/../gmp_req/lib conftest.c conftstm.o >&5
configure:8681: $? = 0
configure:8719: result: ok
configure:9524: checking for dlfcn.h
configure:9524: gcc -c -Wall -Wmissing-prototypes -Wpointer-arith -m32 -O2 -fomit-frame-pointer -mtune=k8 -march=k8 -ffloat-store  -I/media/work_stonybrook/labwork/gcc-4.5.1/mpfr-3.0.0/../gmp_req/include conftest.c >&5
configure:9524: $? = 0
configure:9524: result: yes
configure:9706: checking for objdir
configure:9721: result: .libs
configure:10017: checking if gcc supports -fno-rtti -fno-exceptions
configure:10035: gcc -c -Wall -Wmissing-prototypes -Wpointer-arith -m32 -O2 -fomit-frame-pointer -mtune=k8 -march=k8 -ffloat-store  -I/media/work_stonybrook/labwork/gcc-4.5.1/mpfr-3.0.0/../gmp_req/include -fno-rtti -fno-exceptions conftest.c >&5
cc1: warning: command line option "-fno-rtti" is valid for C++/ObjC++ but not for C
configure:10039: $? = 0
configure:10052: result: no
configure:10072: checking for gcc option to produce PIC
configure:10344: result: -fPIC -DPIC
configure:10356: checking if gcc PIC flag -fPIC -DPIC works
configure:10374: gcc -c -Wall -Wmissing-prototypes -Wpointer-arith -m32 -O2 -fomit-frame-pointer -mtune=k8 -march=k8 -ffloat-store  -I/media/work_stonybrook/labwork/gcc-4.5.1/mpfr-3.0.0/../gmp_req/include -fPIC -DPIC -DPIC conftest.c >&5
configure:10378: $? = 0
configure:10391: result: yes
configure:10415: checking if gcc static flag -static works
configure:10443: result: yes
configure:10458: checking if gcc supports -c -o file.o
configure:10479: gcc -c -Wall -Wmissing-prototypes -Wpointer-arith -m32 -O2 -fomit-frame-pointer -mtune=k8 -march=k8 -ffloat-store  -I/media/work_stonybrook/labwork/gcc-4.5.1/mpfr-3.0.0/../gmp_req/include -o out/conftest2.o conftest.c >&5
configure:10483: $? = 0
configure:10505: result: yes
configure:10513: checking if gcc supports -c -o file.o
configure:10560: result: yes
configure:10593: checking whether the gcc linker (/usr/bin/ld) supports shared libraries
configure:11584: result: yes
configure:11621: checking whether -lc should be explicitly linked in
configure:11626: gcc -c -Wall -Wmissing-prototypes -Wpointer-arith -m32 -O2 -fomit-frame-pointer -mtune=k8 -march=k8 -ffloat-store  -I/media/work_stonybrook/labwork/gcc-4.5.1/mpfr-3.0.0/../gmp_req/include conftest.c >&5
configure:11629: $? = 0
configure:11644: gcc -shared conftest.o  -v -Wl,-soname -Wl,conftest -o conftest 2\>\&1 \| /bin/grep  -lc  \>/dev/null 2\>\&1
configure:11647: $? = 0
configure:11659: result: no
configure:11823: checking dynamic linker characteristics
configure:12256: gcc -o conftest -Wall -Wmissing-prototypes -Wpointer-arith -m32 -O2 -fomit-frame-pointer -mtune=k8 -march=k8 -ffloat-store  -I/media/work_stonybrook/labwork/gcc-4.5.1/mpfr-3.0.0/../gmp_req/include  -L/media/work_stonybrook/labwork/gcc-4.5.1/mpfr-3.0.0/../gmp_req/lib -Wl,-rpath -Wl,/foo conftest.c  >&5
configure:12256: $? = 0
configure:12486: result: GNU/Linux ld.so
configure:12588: checking how to hardcode library paths into programs
configure:12613: result: immediate
configure:13133: checking whether stripping libraries is possible
configure:13138: result: yes
configure:13173: checking if libtool supports shared libraries
configure:13175: result: yes
configure:13178: checking whether to build shared libraries
configure:13199: result: yes
configure:13202: checking whether to build static libraries
configure:13206: result: yes
configure:13244: checking whether gcc __attribute__ ((mode (XX))) works
configure:13260: gcc -c -Wall -Wmissing-prototypes -Wpointer-arith -m32 -O2 -fomit-frame-pointer -mtune=k8 -march=k8 -ffloat-store  -I/media/work_stonybrook/labwork/gcc-4.5.1/mpfr-3.0.0/../gmp_req/include conftest.c >&5
configure:13260: $? = 0
configure:13268: result: yes
configure:13279: checking for recent GMP
configure:13291: gcc -c -Wall -Wmissing-prototypes -Wpointer-arith -m32 -O2 -fomit-frame-pointer -mtune=k8 -march=k8 -ffloat-store  -I/media/work_stonybrook/labwork/gcc-4.5.1/mpfr-3.0.0/../gmp_req/include conftest.c >&5
configure:13291: $? = 0
configure:13292: result: yes
configure:13376: checking for __gmpz_init in -lgmp
configure:13401: gcc -o conftest -Wall -Wmissing-prototypes -Wpointer-arith -m32 -O2 -fomit-frame-pointer -mtune=k8 -march=k8 -ffloat-store  -I/media/work_stonybrook/labwork/gcc-4.5.1/mpfr-3.0.0/../gmp_req/include  -L/media/work_stonybrook/labwork/gcc-4.5.1/mpfr-3.0.0/../gmp_req/lib conftest.c -lgmp   >&5
configure:13401: $? = 0
configure:13410: result: yes
configure:13420: checking if gmp.h version and libgmp version are the same
configure:13456: gcc -o conftest -Wall -Wmissing-prototypes -Wpointer-arith -m32 -O2 -fomit-frame-pointer -mtune=k8 -march=k8 -ffloat-store  -I/media/work_stonybrook/labwork/gcc-4.5.1/mpfr-3.0.0/../gmp_req/include  -L/media/work_stonybrook/labwork/gcc-4.5.1/mpfr-3.0.0/../gmp_req/lib conftest.c -lgmp  >&5
configure:13456: $? = 0
configure:13456: ./conftest
configure:13456: $? = 0
configure:13457: result: yes
configure:13462: checking if gmp_printf supports "%jd"
configure:13498: gcc -o conftest -Wall -Wmissing-prototypes -Wpointer-arith -m32 -O2 -fomit-frame-pointer -mtune=k8 -march=k8 -ffloat-store  -I/media/work_stonybrook/labwork/gcc-4.5.1/mpfr-3.0.0/../gmp_req/include  -L/media/work_stonybrook/labwork/gcc-4.5.1/mpfr-3.0.0/../gmp_req/lib conftest.c -lgmp  >&5
conftest.c: In function 'main':
conftest.c:66: warning: implicit declaration of function 'strcmp'
configure:13498: $? = 0
configure:13498: ./conftest
configure:13498: $? = 0
configure:13499: result: yes
configure:13517: checking if gmp_printf supports "%hhd"
configure:13548: gcc -o conftest -Wall -Wmissing-prototypes -Wpointer-arith -m32 -O2 -fomit-frame-pointer -mtune=k8 -march=k8 -ffloat-store  -I/media/work_stonybrook/labwork/gcc-4.5.1/mpfr-3.0.0/../gmp_req/include  -L/media/work_stonybrook/labwork/gcc-4.5.1/mpfr-3.0.0/../gmp_req/lib conftest.c -lgmp  >&5
conftest.c: In function 'main':
conftest.c:61: warning: implicit declaration of function 'strcmp'
configure:13548: $? = 0
configure:13548: ./conftest
configure:13548: $? = 0
configure:13549: result: yes
configure:13566: checking if gmp_printf supports "%lld"
configure:13597: gcc -o conftest -Wall -Wmissing-prototypes -Wpointer-arith -m32 -O2 -fomit-frame-pointer -mtune=k8 -march=k8 -ffloat-store  -I/media/work_stonybrook/labwork/gcc-4.5.1/mpfr-3.0.0/../gmp_req/include  -L/media/work_stonybrook/labwork/gcc-4.5.1/mpfr-3.0.0/../gmp_req/lib conftest.c -lgmp  >&5
conftest.c: In function 'main':
conftest.c:61: warning: implicit declaration of function 'strcmp'
configure:13597: $? = 0
configure:13597: ./conftest
configure:13597: $? = 0
configure:13598: result: yes
configure:13615: checking if gmp_printf supports "%Lf"
configure:13646: gcc -o conftest -Wall -Wmissing-prototypes -Wpointer-arith -m32 -O2 -fomit-frame-pointer -mtune=k8 -march=k8 -ffloat-store  -I/media/work_stonybrook/labwork/gcc-4.5.1/mpfr-3.0.0/../gmp_req/include  -L/media/work_stonybrook/labwork/gcc-4.5.1/mpfr-3.0.0/../gmp_req/lib conftest.c -lgmp  >&5
conftest.c: In function 'main':
conftest.c:61: warning: implicit declaration of function 'strcmp'
configure:13646: $? = 0
configure:13646: ./conftest
configure:13646: $? = 0
configure:13647: result: yes
configure:13664: checking if gmp_printf supports "%td"
configure:13700: gcc -o conftest -Wall -Wmissing-prototypes -Wpointer-arith -m32 -O2 -fomit-frame-pointer -mtune=k8 -march=k8 -ffloat-store  -I/media/work_stonybrook/labwork/gcc-4.5.1/mpfr-3.0.0/../gmp_req/include  -L/media/work_stonybrook/labwork/gcc-4.5.1/mpfr-3.0.0/../gmp_req/lib conftest.c -lgmp  >&5
conftest.c: In function 'main':
conftest.c:66: warning: implicit declaration of function 'strcmp'
configure:13700: $? = 0
configure:13700: ./conftest
configure:13700: $? = 0
configure:13701: result: yes
configure:13922: creating ./config.status

## ---------------------- ##
## Running config.status. ##
## ---------------------- ##

This file was extended by MPFR config.status 3.0.0, which was
generated by GNU Autoconf 2.65.  Invocation command line was

  CONFIG_FILES    = 
  CONFIG_HEADERS  = 
  CONFIG_LINKS    = 
  CONFIG_COMMANDS = 
  $ ./config.status 

on niranjan-laptop

config.status:996: creating Makefile
config.status:996: creating tests/Makefile
config.status:996: creating mparam.h
config.status:1159: executing depfiles commands
config.status:1159: executing libtool commands

## ---------------- ##
## Cache variables. ##
## ---------------- ##

ac_cv_build=i686-pc-linux-gnu
ac_cv_c_compiler_gnu=yes
ac_cv_c_const=yes
ac_cv_c_volatile=yes
ac_cv_env_CC_set=
ac_cv_env_CC_value=
ac_cv_env_CFLAGS_set=
ac_cv_env_CFLAGS_value=
ac_cv_env_CPPFLAGS_set=
ac_cv_env_CPPFLAGS_value=
ac_cv_env_CPP_set=
ac_cv_env_CPP_value=
ac_cv_env_LDFLAGS_set=
ac_cv_env_LDFLAGS_value=
ac_cv_env_LIBS_set=
ac_cv_env_LIBS_value=
ac_cv_env_build_alias_set=
ac_cv_env_build_alias_value=
ac_cv_env_host_alias_set=
ac_cv_env_host_alias_value=
ac_cv_env_target_alias_set=
ac_cv_env_target_alias_value=
ac_cv_func_gettimeofday=yes
ac_cv_func_memmove=yes
ac_cv_func_memset=yes
ac_cv_func_setlocale=yes
ac_cv_func_strtol=yes
ac_cv_header_dlfcn_h=yes
ac_cv_header_float_h=yes
ac_cv_header_inttypes_h=yes
ac_cv_header_limits_h=yes
ac_cv_header_locale_h=yes
ac_cv_header_memory_h=yes
ac_cv_header_stdarg_h=yes
ac_cv_header_stdc=yes
ac_cv_header_stdint_h=yes
ac_cv_header_stdlib_h=yes
ac_cv_header_string_h=yes
ac_cv_header_strings_h=yes
ac_cv_header_sys_fpu_h=no
ac_cv_header_sys_stat_h=yes
ac_cv_header_sys_time_h=yes
ac_cv_header_sys_types_h=yes
ac_cv_header_time=yes
ac_cv_header_unistd_h=yes
ac_cv_header_wchar_h=yes
ac_cv_host=i686-pc-linux-gnu
ac_cv_lib_gmp___gmpz_init=yes
ac_cv_lib_m_main=yes
ac_cv_objext=o
ac_cv_path_EGREP='/bin/grep -E'
ac_cv_path_FGREP='/bin/grep -F'
ac_cv_path_GREP=/bin/grep
ac_cv_path_SED=/bin/sed
ac_cv_path_install='/usr/bin/install -c'
ac_cv_path_mkdir=/bin/mkdir
ac_cv_prog_AWK=gawk
ac_cv_prog_CPP='gcc -E'
ac_cv_prog_ac_ct_AR=ar
ac_cv_prog_ac_ct_CC=gcc
ac_cv_prog_ac_ct_OBJDUMP=objdump
ac_cv_prog_ac_ct_RANLIB=ranlib
ac_cv_prog_ac_ct_STRIP=strip
ac_cv_prog_cc_c89=
ac_cv_prog_cc_g=yes
ac_cv_prog_cc_gcc_c_o=yes
ac_cv_prog_make_make_set=yes
ac_cv_type_intmax_t=yes
ac_cv_type_long_double=yes
ac_cv_type_long_long_int=yes
ac_cv_type_union_fpc_csr=no
am_cv_CC_dependencies_compiler_type=gcc3
gl_cv_size_max=yes
gmp_cv_c_attribute_mode=yes
lt_cv_deplibs_check_method=pass_all
lt_cv_file_magic_cmd='$MAGIC_CMD'
lt_cv_file_magic_test_file=
lt_cv_ld_reload_flag=-r
lt_cv_nm_interface='BSD nm'
lt_cv_objdir=.libs
lt_cv_path_LD=/usr/bin/ld
lt_cv_path_NM='/usr/bin/nm -B'
lt_cv_prog_compiler_c_o=yes
lt_cv_prog_compiler_pic_works=yes
lt_cv_prog_compiler_rtti_exceptions=no
lt_cv_prog_compiler_static_works=yes
lt_cv_prog_gnu_ld=yes
lt_cv_sys_global_symbol_pipe='sed -n -e '\''s/^.*[	 ]\([ABCDGIRSTW][ABCDGIRSTW]*\)[	 ][	 ]*\([_A-Za-z][_A-Za-z0-9]*\)$/\1 \2 \2/p'\'''
lt_cv_sys_global_symbol_to_c_name_address='sed -n -e '\''s/^: \([^ ]*\) $/  {\"\1\", (void *) 0},/p'\'' -e '\''s/^[ABCDGIRSTW]* \([^ ]*\) \([^ ]*\)$/  {"\2", (void *) \&\2},/p'\'''
lt_cv_sys_global_symbol_to_c_name_address_lib_prefix='sed -n -e '\''s/^: \([^ ]*\) $/  {\"\1\", (void *) 0},/p'\'' -e '\''s/^[ABCDGIRSTW]* \([^ ]*\) \(lib[^ ]*\)$/  {"\2", (void *) \&\2},/p'\'' -e '\''s/^[ABCDGIRSTW]* \([^ ]*\) \([^ ]*\)$/  {"lib\2", (void *) \&\2},/p'\'''
lt_cv_sys_global_symbol_to_cdecl='sed -n -e '\''s/^T .* \(.*\)$/extern int \1();/p'\'' -e '\''s/^[ABCDGIRSTW]* .* \(.*\)$/extern char \1;/p'\'''
lt_cv_sys_max_cmd_len=1572864
mpfr_cv_c_long_double_format='IEEE extended, little endian'
mpfr_cv_gcc_floatconv_bug='yes, use -ffloat-store'
mpfr_cv_have_denorms=yes
mpfr_cv_have_fesetround=yes
mpfr_cv_have_intmax_max=yes
mpfr_cv_nanisnan=no

## ----------------- ##
## Output variables. ##
## ----------------- ##

ACLOCAL='${SHELL} /media/work_stonybrook/labwork/gcc-4.5.1/mpfr-3.0.0/missing --run aclocal-1.11'
AMDEPBACKSLASH='\'
AMDEP_FALSE='#'
AMDEP_TRUE=''
AMTAR='${SHELL} /media/work_stonybrook/labwork/gcc-4.5.1/mpfr-3.0.0/missing --run tar'
ANSI2KNR=''
AR='ar'
AS='as'
AUTOCONF='${SHELL} /media/work_stonybrook/labwork/gcc-4.5.1/mpfr-3.0.0/missing --run autoconf'
AUTOHEADER='${SHELL} /media/work_stonybrook/labwork/gcc-4.5.1/mpfr-3.0.0/missing --run autoheader'
AUTOMAKE='${SHELL} /media/work_stonybrook/labwork/gcc-4.5.1/mpfr-3.0.0/missing --run automake-1.11'
AWK='gawk'
CC='gcc'
CCDEPMODE='depmode=gcc3'
CFLAGS='-Wall -Wmissing-prototypes -Wpointer-arith -m32 -O2 -fomit-frame-pointer -mtune=k8 -march=k8 -ffloat-store'
CPP='gcc -E'
CPPFLAGS=' -I/media/work_stonybrook/labwork/gcc-4.5.1/mpfr-3.0.0/../gmp_req/include'
CYGPATH_W='echo'
DEFS='-DHAVE_INTTYPES_H=1 -DHAVE_STDINT_H=1 -DTIME_WITH_SYS_TIME=1 -DHAVE_LOCALE_H=1 -DHAVE_WCHAR_H=1 -DHAVE_STDARG=1 -DHAVE_SYS_TIME_H=1 -DHAVE_STDINT_H=1 -DHAVE_VA_COPY=1 -DHAVE_SETLOCALE=1 -DHAVE_GETTIMEOFDAY=1 -DHAVE_LONG_LONG=1 -DHAVE_INTMAX_T=1 -DMPFR_HAVE_INTMAX_MAX=1 -DMPFR_HAVE_FESETROUND=1 -DHAVE_DENORMS=1 -DHAVE_FLOOR=1 -DHAVE_CEIL=1 -DHAVE_LDOUBLE_IEEE_EXT_LITTLE=1 -DLT_OBJDIR=\".libs/\" -DHAVE_ATTRIBUTE_MODE=1'
DEPDIR='.deps'
DLLTOOL='dlltool'
DSYMUTIL=''
DUMPBIN=''
ECHO_C=''
ECHO_N='-n'
ECHO_T=''
EGREP='/bin/grep -E'
EXEEXT=''
FGREP='/bin/grep -F'
GREP='/bin/grep'
INSTALL_DATA='${INSTALL} -m 644'
INSTALL_PROGRAM='${INSTALL}'
INSTALL_SCRIPT='${INSTALL}'
INSTALL_STRIP_PROGRAM='$(install_sh) -c -s'
LD='/usr/bin/ld'
LDFLAGS=' -L/media/work_stonybrook/labwork/gcc-4.5.1/mpfr-3.0.0/../gmp_req/lib'
LIBOBJS=''
LIBS='-lgmp '
LIBTOOL='$(SHELL) $(top_builddir)/libtool'
LIPO=''
LN_S='ln -s'
LTLIBOBJS=''
MAINT=''
MAINTAINER_MODE_FALSE='#'
MAINTAINER_MODE_TRUE=''
MAKEINFO='${SHELL} /media/work_stonybrook/labwork/gcc-4.5.1/mpfr-3.0.0/missing --run makeinfo'
MKDIR_P='/bin/mkdir -p'
MPFR_LIBM='-lm'
NM='/usr/bin/nm -B'
NMEDIT=''
OBJDUMP='objdump'
OBJEXT='o'
OTOOL64=''
OTOOL=''
PACKAGE='mpfr'
PACKAGE_BUGREPORT=''
PACKAGE_NAME='MPFR'
PACKAGE_STRING='MPFR 3.0.0'
PACKAGE_TARNAME='mpfr'
PACKAGE_URL=''
PACKAGE_VERSION='3.0.0'
PATH_SEPARATOR=':'
RANLIB='ranlib'
SED='/bin/sed'
SET_MAKE=''
SHELL='/bin/bash'
STRIP='strip'
U=''
VERSION='3.0.0'
ac_ct_CC='gcc'
ac_ct_DUMPBIN=''
am__EXEEXT_FALSE=''
am__EXEEXT_TRUE='#'
am__fastdepCC_FALSE='#'
am__fastdepCC_TRUE=''
am__include='include'
am__isrc=''
am__leading_dot='.'
am__quote=''
am__tar='${AMTAR} chof - "$$tardir"'
am__untar='${AMTAR} xf -'
bindir='${exec_prefix}/bin'
build='i686-pc-linux-gnu'
build_alias=''
build_cpu='i686'
build_os='linux-gnu'
build_vendor='pc'
datadir='${datarootdir}'
datarootdir='${prefix}/share'
docdir='${datarootdir}/doc/${PACKAGE_TARNAME}'
dvidir='${docdir}'
exec_prefix='${prefix}'
host='i686-pc-linux-gnu'
host_alias=''
host_cpu='i686'
host_os='linux-gnu'
host_vendor='pc'
htmldir='${docdir}'
includedir='${prefix}/include'
infodir='${datarootdir}/info'
install_sh='${SHELL} /media/work_stonybrook/labwork/gcc-4.5.1/mpfr-3.0.0/install-sh'
libdir='${exec_prefix}/lib'
libexecdir='${exec_prefix}/libexec'
localedir='${datarootdir}/locale'
localstatedir='${prefix}/var'
lt_ECHO='echo'
mandir='${datarootdir}/man'
mkdir_p='/bin/mkdir -p'
oldincludedir='/usr/include'
pdfdir='${docdir}'
prefix='/media/work_stonybrook/labwork/gcc-4.5.1/mpfr-3.0.0/installdir'
program_transform_name='s,x,x,'
psdir='${docdir}'
sbindir='${exec_prefix}/sbin'
sharedstatedir='${prefix}/com'
sysconfdir='${prefix}/etc'
target_alias=''

## ----------- ##
## confdefs.h. ##
## ----------- ##

/* confdefs.h */
#define HAVE_INTTYPES_H 1
#define HAVE_STDINT_H 1
#define TIME_WITH_SYS_TIME 1
#define HAVE_LOCALE_H 1
#define HAVE_WCHAR_H 1
#define HAVE_STDARG 1
#define HAVE_SYS_TIME_H 1
#define HAVE_STDINT_H 1
#define HAVE_VA_COPY 1
#define HAVE_SETLOCALE 1
#define HAVE_GETTIMEOFDAY 1
#define HAVE_LONG_LONG 1
#define HAVE_INTMAX_T 1
#define MPFR_HAVE_INTMAX_MAX 1
#define MPFR_HAVE_FESETROUND 1
#define HAVE_DENORMS 1
#define HAVE_FLOOR 1
#define HAVE_CEIL 1
#define HAVE_LDOUBLE_IEEE_EXT_LITTLE 1
#define LT_OBJDIR ".libs/"
#define HAVE_ATTRIBUTE_MODE 1

configure: exit 0
