This file contains any messages produced by compilers while
running configure, to aid debugging if configure makes a mistake.

It was created by GNU OpenMP Runtime Library configure 1.0, which was
generated by GNU Autoconf 2.64.  Invocation command line was

  $ /home/niranjan/labwork/gcc-4.5.1/libgomp/configure --cache-file=./config.cache --enable-multilib --prefix=/home/niranjan/labwork/gcc-4.5.1/objdir/../installdir --disable-bootstrap --with-gmp=/home/niranjan/labwork/gcc-4.5.1/objdir/../gmp_req/installdir --with-mpc=/home/niranjan/labwork/gcc-4.5.1/objdir/../mpc-0.8.2/installdir --with-ppl=/home/niranjan/labwork/gcc-4.5.1/objdir/../ppl-0.10/installdir --with-cloog=/home/niranjan/labwork/gcc-4.5.1/objdir/../cloog-ppl --with-libelf=/home/niranjan/labwork/gcc-4.5.1/objdir/../libelf-0.8.12/installdir --with-mpfr=/home/niranjan/labwork/gcc-4.5.1/objdir/../mpfr-3.0.0/installdir --with-dwarf2 --enable-languages=c,lto --program-transform-name=s,y,y, --disable-option-checking --with-target-subdir=i686-pc-linux-gnu --build=i686-pc-linux-gnu --host=i686-pc-linux-gnu --target=i686-pc-linux-gnu --srcdir=../../../libgomp

## --------- ##
## Platform. ##
## --------- ##

hostname = niranjan-seagate
uname -m = i686
uname -r = 2.6.32-34-generic
uname -s = Linux
uname -v = #77-Ubuntu SMP Tue Sep 13 19:40:53 UTC 2011

/usr/bin/uname -p = unknown
/bin/uname -X     = unknown

/bin/arch              = unknown
/usr/bin/arch -k       = unknown
/usr/convex/getsysinfo = unknown
/usr/bin/hostinfo      = unknown
/bin/machine           = unknown
/usr/bin/oslevel       = unknown
/bin/universe          = unknown

PATH: /usr/local/sbin
PATH: /usr/local/bin
PATH: /usr/sbin
PATH: /usr/bin
PATH: /sbin
PATH: /bin
PATH: /usr/games
PATH: /home/niranjan/labwork/PEBIL-0.2.3327/bin


## ----------- ##
## Core tests. ##
## ----------- ##

configure:2462: creating cache ./config.cache
configure:2545: checking for --enable-version-specific-runtime-libs
configure:2560: result: no
configure:2568: checking for --enable-generated-files-in-srcdir
configure:2583: result: no
configure:2640: checking build system type
configure:2654: result: i686-pc-linux-gnu
configure:2674: checking host system type
configure:2687: result: i686-pc-linux-gnu
configure:2707: checking target system type
configure:2720: result: i686-pc-linux-gnu
configure:2776: checking for a BSD-compatible install
configure:2844: result: /usr/bin/install -c
configure:2855: checking whether build environment is sane
configure:2905: result: yes
configure:3046: checking for a thread-safe mkdir -p
configure:3085: result: /bin/mkdir -p
configure:3098: checking for gawk
configure:3125: result: gawk
configure:3136: checking whether make sets $(MAKE)
configure:3158: result: yes
configure:3322: checking for i686-pc-linux-gnu-gcc
configure:3349: result: /home/niranjan/labwork/gcc-4.5.1/objdir/./gcc/xgcc -B/home/niranjan/labwork/gcc-4.5.1/objdir/./gcc/ -B/home/niranjan/labwork/gcc-4.5.1/objdir/../installdir/i686-pc-linux-gnu/bin/ -B/home/niranjan/labwork/gcc-4.5.1/objdir/../installdir/i686-pc-linux-gnu/lib/ -isystem /home/niranjan/labwork/gcc-4.5.1/objdir/../installdir/i686-pc-linux-gnu/include -isystem /home/niranjan/labwork/gcc-4.5.1/objdir/../installdir/i686-pc-linux-gnu/sys-include   
configure:3618: checking for C compiler version
configure:3627: /home/niranjan/labwork/gcc-4.5.1/objdir/./gcc/xgcc -B/home/niranjan/labwork/gcc-4.5.1/objdir/./gcc/ -B/home/niranjan/labwork/gcc-4.5.1/objdir/../installdir/i686-pc-linux-gnu/bin/ -B/home/niranjan/labwork/gcc-4.5.1/objdir/../installdir/i686-pc-linux-gnu/lib/ -isystem /home/niranjan/labwork/gcc-4.5.1/objdir/../installdir/i686-pc-linux-gnu/include -isystem /home/niranjan/labwork/gcc-4.5.1/objdir/../installdir/i686-pc-linux-gnu/sys-include    --version >&5
xgcc (GCC) 4.5.1
Copyright (C) 2010 Free Software Foundation, Inc.
This is free software; see the source for copying conditions.  There is NO
warranty; not even for MERCHANTABILITY or FITNESS FOR A PARTICULAR PURPOSE.

configure:3638: $? = 0
configure:3627: /home/niranjan/labwork/gcc-4.5.1/objdir/./gcc/xgcc -B/home/niranjan/labwork/gcc-4.5.1/objdir/./gcc/ -B/home/niranjan/labwork/gcc-4.5.1/objdir/../installdir/i686-pc-linux-gnu/bin/ -B/home/niranjan/labwork/gcc-4.5.1/objdir/../installdir/i686-pc-linux-gnu/lib/ -isystem /home/niranjan/labwork/gcc-4.5.1/objdir/../installdir/i686-pc-linux-gnu/include -isystem /home/niranjan/labwork/gcc-4.5.1/objdir/../installdir/i686-pc-linux-gnu/sys-include    -v >&5
Reading specs from /home/niranjan/labwork/gcc-4.5.1/objdir/./gcc/specs
COLLECT_GCC=/home/niranjan/labwork/gcc-4.5.1/objdir/./gcc/xgcc
COLLECT_LTO_WRAPPER=/home/niranjan/labwork/gcc-4.5.1/objdir/./gcc/lto-wrapper
Target: i686-pc-linux-gnu
Configured with: ../configure --prefix=/home/niranjan/labwork/gcc-4.5.1/objdir/../installdir --disable-bootstrap --enable-languages=c --with-gmp=/home/niranjan/labwork/gcc-4.5.1/objdir/../gmp_req/installdir --with-mpc=/home/niranjan/labwork/gcc-4.5.1/objdir/../mpc-0.8.2/installdir --with-ppl=/home/niranjan/labwork/gcc-4.5.1/objdir/../ppl-0.10/installdir --with-cloog=/home/niranjan/labwork/gcc-4.5.1/objdir/../cloog-ppl --with-libelf=/home/niranjan/labwork/gcc-4.5.1/objdir/../libelf-0.8.12/installdir --with-mpfr=/home/niranjan/labwork/gcc-4.5.1/objdir/../mpfr-3.0.0/installdir --with-dwarf2
Thread model: posix
gcc version 4.5.1 (GCC) 
configure:3638: $? = 0
configure:3627: /home/niranjan/labwork/gcc-4.5.1/objdir/./gcc/xgcc -B/home/niranjan/labwork/gcc-4.5.1/objdir/./gcc/ -B/home/niranjan/labwork/gcc-4.5.1/objdir/../installdir/i686-pc-linux-gnu/bin/ -B/home/niranjan/labwork/gcc-4.5.1/objdir/../installdir/i686-pc-linux-gnu/lib/ -isystem /home/niranjan/labwork/gcc-4.5.1/objdir/../installdir/i686-pc-linux-gnu/include -isystem /home/niranjan/labwork/gcc-4.5.1/objdir/../installdir/i686-pc-linux-gnu/sys-include    -V >&5
xgcc: '-V' must come at the start of the command line
configure:3638: $? = 1
configure:3627: /home/niranjan/labwork/gcc-4.5.1/objdir/./gcc/xgcc -B/home/niranjan/labwork/gcc-4.5.1/objdir/./gcc/ -B/home/niranjan/labwork/gcc-4.5.1/objdir/../installdir/i686-pc-linux-gnu/bin/ -B/home/niranjan/labwork/gcc-4.5.1/objdir/../installdir/i686-pc-linux-gnu/lib/ -isystem /home/niranjan/labwork/gcc-4.5.1/objdir/../installdir/i686-pc-linux-gnu/include -isystem /home/niranjan/labwork/gcc-4.5.1/objdir/../installdir/i686-pc-linux-gnu/sys-include    -qversion >&5
xgcc: unrecognized option '-qversion'
xgcc: no input files
configure:3638: $? = 1
configure:3658: checking for C compiler default output file name
configure:3680: /home/niranjan/labwork/gcc-4.5.1/objdir/./gcc/xgcc -B/home/niranjan/labwork/gcc-4.5.1/objdir/./gcc/ -B/home/niranjan/labwork/gcc-4.5.1/objdir/../installdir/i686-pc-linux-gnu/bin/ -B/home/niranjan/labwork/gcc-4.5.1/objdir/../installdir/i686-pc-linux-gnu/lib/ -isystem /home/niranjan/labwork/gcc-4.5.1/objdir/../installdir/i686-pc-linux-gnu/include -isystem /home/niranjan/labwork/gcc-4.5.1/objdir/../installdir/i686-pc-linux-gnu/sys-include    -O2 -g   conftest.c  >&5
configure:3684: $? = 0
configure:3721: result: a.out
configure:3737: checking whether the C compiler works
configure:3746: ./a.out
configure:3750: $? = 0
configure:3765: result: yes
configure:3772: checking whether we are cross compiling
configure:3774: result: no
configure:3777: checking for suffix of executables
configure:3784: /home/niranjan/labwork/gcc-4.5.1/objdir/./gcc/xgcc -B/home/niranjan/labwork/gcc-4.5.1/objdir/./gcc/ -B/home/niranjan/labwork/gcc-4.5.1/objdir/../installdir/i686-pc-linux-gnu/bin/ -B/home/niranjan/labwork/gcc-4.5.1/objdir/../installdir/i686-pc-linux-gnu/lib/ -isystem /home/niranjan/labwork/gcc-4.5.1/objdir/../installdir/i686-pc-linux-gnu/include -isystem /home/niranjan/labwork/gcc-4.5.1/objdir/../installdir/i686-pc-linux-gnu/sys-include    -o conftest -O2 -g   conftest.c  >&5
configure:3788: $? = 0
configure:3810: result: 
configure:3816: checking for suffix of object files
configure:3838: /home/niranjan/labwork/gcc-4.5.1/objdir/./gcc/xgcc -B/home/niranjan/labwork/gcc-4.5.1/objdir/./gcc/ -B/home/niranjan/labwork/gcc-4.5.1/objdir/../installdir/i686-pc-linux-gnu/bin/ -B/home/niranjan/labwork/gcc-4.5.1/objdir/../installdir/i686-pc-linux-gnu/lib/ -isystem /home/niranjan/labwork/gcc-4.5.1/objdir/../installdir/i686-pc-linux-gnu/include -isystem /home/niranjan/labwork/gcc-4.5.1/objdir/../installdir/i686-pc-linux-gnu/sys-include    -c -O2 -g  conftest.c >&5
configure:3842: $? = 0
configure:3863: result: o
configure:3867: checking whether we are using the GNU C compiler
configure:3886: /home/niranjan/labwork/gcc-4.5.1/objdir/./gcc/xgcc -B/home/niranjan/labwork/gcc-4.5.1/objdir/./gcc/ -B/home/niranjan/labwork/gcc-4.5.1/objdir/../installdir/i686-pc-linux-gnu/bin/ -B/home/niranjan/labwork/gcc-4.5.1/objdir/../installdir/i686-pc-linux-gnu/lib/ -isystem /home/niranjan/labwork/gcc-4.5.1/objdir/../installdir/i686-pc-linux-gnu/include -isystem /home/niranjan/labwork/gcc-4.5.1/objdir/../installdir/i686-pc-linux-gnu/sys-include    -c -O2 -g  conftest.c >&5
configure:3886: $? = 0
configure:3895: result: yes
configure:3904: checking whether /home/niranjan/labwork/gcc-4.5.1/objdir/./gcc/xgcc -B/home/niranjan/labwork/gcc-4.5.1/objdir/./gcc/ -B/home/niranjan/labwork/gcc-4.5.1/objdir/../installdir/i686-pc-linux-gnu/bin/ -B/home/niranjan/labwork/gcc-4.5.1/objdir/../installdir/i686-pc-linux-gnu/lib/ -isystem /home/niranjan/labwork/gcc-4.5.1/objdir/../installdir/i686-pc-linux-gnu/include -isystem /home/niranjan/labwork/gcc-4.5.1/objdir/../installdir/i686-pc-linux-gnu/sys-include    accepts -g
configure:3924: /home/niranjan/labwork/gcc-4.5.1/objdir/./gcc/xgcc -B/home/niranjan/labwork/gcc-4.5.1/objdir/./gcc/ -B/home/niranjan/labwork/gcc-4.5.1/objdir/../installdir/i686-pc-linux-gnu/bin/ -B/home/niranjan/labwork/gcc-4.5.1/objdir/../installdir/i686-pc-linux-gnu/lib/ -isystem /home/niranjan/labwork/gcc-4.5.1/objdir/../installdir/i686-pc-linux-gnu/include -isystem /home/niranjan/labwork/gcc-4.5.1/objdir/../installdir/i686-pc-linux-gnu/sys-include    -c -g  conftest.c >&5
configure:3924: $? = 0
configure:3965: result: yes
configure:3982: checking for /home/niranjan/labwork/gcc-4.5.1/objdir/./gcc/xgcc -B/home/niranjan/labwork/gcc-4.5.1/objdir/./gcc/ -B/home/niranjan/labwork/gcc-4.5.1/objdir/../installdir/i686-pc-linux-gnu/bin/ -B/home/niranjan/labwork/gcc-4.5.1/objdir/../installdir/i686-pc-linux-gnu/lib/ -isystem /home/niranjan/labwork/gcc-4.5.1/objdir/../installdir/i686-pc-linux-gnu/include -isystem /home/niranjan/labwork/gcc-4.5.1/objdir/../installdir/i686-pc-linux-gnu/sys-include    option to accept ISO C89
configure:4046: /home/niranjan/labwork/gcc-4.5.1/objdir/./gcc/xgcc -B/home/niranjan/labwork/gcc-4.5.1/objdir/./gcc/ -B/home/niranjan/labwork/gcc-4.5.1/objdir/../installdir/i686-pc-linux-gnu/bin/ -B/home/niranjan/labwork/gcc-4.5.1/objdir/../installdir/i686-pc-linux-gnu/lib/ -isystem /home/niranjan/labwork/gcc-4.5.1/objdir/../installdir/i686-pc-linux-gnu/include -isystem /home/niranjan/labwork/gcc-4.5.1/objdir/../installdir/i686-pc-linux-gnu/sys-include     -c -O2 -g  conftest.c >&5
configure:4046: $? = 0
configure:4059: result: none needed
configure:4090: checking for style of include used by make
configure:4118: result: GNU
configure:4143: checking dependency style of /home/niranjan/labwork/gcc-4.5.1/objdir/./gcc/xgcc -B/home/niranjan/labwork/gcc-4.5.1/objdir/./gcc/ -B/home/niranjan/labwork/gcc-4.5.1/objdir/../installdir/i686-pc-linux-gnu/bin/ -B/home/niranjan/labwork/gcc-4.5.1/objdir/../installdir/i686-pc-linux-gnu/lib/ -isystem /home/niranjan/labwork/gcc-4.5.1/objdir/../installdir/i686-pc-linux-gnu/include -isystem /home/niranjan/labwork/gcc-4.5.1/objdir/../installdir/i686-pc-linux-gnu/sys-include   
configure:4253: result: gcc3
configure:4286: checking for i686-pc-linux-gnu-ar
configure:4313: result: ar
configure:4378: checking for i686-pc-linux-gnu-ranlib
configure:4405: result: ranlib
configure:4469: checking for perl
configure:4487: found /usr/bin/perl
configure:4500: result: /usr/bin/perl
configure:4508: checking whether make sets $(MAKE)
configure:4530: result: yes
configure:4546: checking for makeinfo
configure:4573: result: /home/niranjan/labwork/gcc-4.5.1/missing makeinfo --split-size=5000000
configure:4583: checking for modern makeinfo
configure:4598: result: no
configure:4664: checking how to print strings
configure:4691: result: printf
configure:4712: checking for a sed that does not truncate output
configure:4776: result: /bin/sed
configure:4794: checking for grep that handles long lines and -e
configure:4852: result: /bin/grep
configure:4857: checking for egrep
configure:4919: result: /bin/grep -E
configure:4924: checking for fgrep
configure:4986: result: /bin/grep -F
configure:5021: checking for ld used by /home/niranjan/labwork/gcc-4.5.1/objdir/./gcc/xgcc -B/home/niranjan/labwork/gcc-4.5.1/objdir/./gcc/ -B/home/niranjan/labwork/gcc-4.5.1/objdir/../installdir/i686-pc-linux-gnu/bin/ -B/home/niranjan/labwork/gcc-4.5.1/objdir/../installdir/i686-pc-linux-gnu/lib/ -isystem /home/niranjan/labwork/gcc-4.5.1/objdir/../installdir/i686-pc-linux-gnu/include -isystem /home/niranjan/labwork/gcc-4.5.1/objdir/../installdir/i686-pc-linux-gnu/sys-include   
configure:5088: result: /home/niranjan/labwork/gcc-4.5.1/objdir/./gcc/collect-ld
configure:5095: checking if the linker (/home/niranjan/labwork/gcc-4.5.1/objdir/./gcc/collect-ld) is GNU ld
configure:5110: result: yes
configure:5122: checking for BSD- or MS-compatible name lister (nm)
configure:5171: result: /home/niranjan/labwork/gcc-4.5.1/objdir/./gcc/nm
configure:5301: checking the name lister (/home/niranjan/labwork/gcc-4.5.1/objdir/./gcc/nm) interface
configure:5308: /home/niranjan/labwork/gcc-4.5.1/objdir/./gcc/xgcc -B/home/niranjan/labwork/gcc-4.5.1/objdir/./gcc/ -B/home/niranjan/labwork/gcc-4.5.1/objdir/../installdir/i686-pc-linux-gnu/bin/ -B/home/niranjan/labwork/gcc-4.5.1/objdir/../installdir/i686-pc-linux-gnu/lib/ -isystem /home/niranjan/labwork/gcc-4.5.1/objdir/../installdir/i686-pc-linux-gnu/include -isystem /home/niranjan/labwork/gcc-4.5.1/objdir/../installdir/i686-pc-linux-gnu/sys-include    -c -O2 -g  conftest.c >&5
configure:5311: /home/niranjan/labwork/gcc-4.5.1/objdir/./gcc/nm "conftest.o"
configure:5314: output
00000000 B some_variable
configure:5321: result: BSD nm
configure:5324: checking whether ln -s works
configure:5328: result: yes
configure:5336: checking the maximum length of command line arguments
configure:5461: result: 805306365
configure:5478: checking whether the shell understands some XSI constructs
configure:5488: result: yes
configure:5492: checking whether the shell understands "+="
configure:5498: result: yes
configure:5533: checking for /home/niranjan/labwork/gcc-4.5.1/objdir/./gcc/collect-ld option to reload object files
configure:5540: result: -r
configure:5569: checking for i686-pc-linux-gnu-objdump
configure:5596: result: objdump
configure:5668: checking how to recognize dependent libraries
configure:5869: result: pass_all
configure:5889: checking for i686-pc-linux-gnu-ar
configure:5916: result: ar
configure:5994: checking for i686-pc-linux-gnu-strip
configure:6021: result: strip
configure:6093: checking for i686-pc-linux-gnu-ranlib
configure:6120: result: ranlib
configure:6262: checking command to parse /home/niranjan/labwork/gcc-4.5.1/objdir/./gcc/nm output from /home/niranjan/labwork/gcc-4.5.1/objdir/./gcc/xgcc -B/home/niranjan/labwork/gcc-4.5.1/objdir/./gcc/ -B/home/niranjan/labwork/gcc-4.5.1/objdir/../installdir/i686-pc-linux-gnu/bin/ -B/home/niranjan/labwork/gcc-4.5.1/objdir/../installdir/i686-pc-linux-gnu/lib/ -isystem /home/niranjan/labwork/gcc-4.5.1/objdir/../installdir/i686-pc-linux-gnu/include -isystem /home/niranjan/labwork/gcc-4.5.1/objdir/../installdir/i686-pc-linux-gnu/sys-include    object
configure:6380: /home/niranjan/labwork/gcc-4.5.1/objdir/./gcc/xgcc -B/home/niranjan/labwork/gcc-4.5.1/objdir/./gcc/ -B/home/niranjan/labwork/gcc-4.5.1/objdir/../installdir/i686-pc-linux-gnu/bin/ -B/home/niranjan/labwork/gcc-4.5.1/objdir/../installdir/i686-pc-linux-gnu/lib/ -isystem /home/niranjan/labwork/gcc-4.5.1/objdir/../installdir/i686-pc-linux-gnu/include -isystem /home/niranjan/labwork/gcc-4.5.1/objdir/../installdir/i686-pc-linux-gnu/sys-include    -c -O2 -g  conftest.c >&5
configure:6383: $? = 0
configure:6387: /home/niranjan/labwork/gcc-4.5.1/objdir/./gcc/nm conftest.o \| sed -n -e 's/^.*[ ]\([ABCDGIRSTW][ABCDGIRSTW]*\)[ ][ ]*\([_A-Za-z][_A-Za-z0-9]*\)$/\1 \2 \2/p' \> conftest.nm
configure:6390: $? = 0
configure:6444: /home/niranjan/labwork/gcc-4.5.1/objdir/./gcc/xgcc -B/home/niranjan/labwork/gcc-4.5.1/objdir/./gcc/ -B/home/niranjan/labwork/gcc-4.5.1/objdir/../installdir/i686-pc-linux-gnu/bin/ -B/home/niranjan/labwork/gcc-4.5.1/objdir/../installdir/i686-pc-linux-gnu/lib/ -isystem /home/niranjan/labwork/gcc-4.5.1/objdir/../installdir/i686-pc-linux-gnu/include -isystem /home/niranjan/labwork/gcc-4.5.1/objdir/../installdir/i686-pc-linux-gnu/sys-include    -o conftest -O2 -g   conftest.c conftstm.o >&5
configure:6447: $? = 0
configure:6485: result: ok
configure:7324: checking how to run the C preprocessor
configure:7355: /home/niranjan/labwork/gcc-4.5.1/objdir/./gcc/xgcc -B/home/niranjan/labwork/gcc-4.5.1/objdir/./gcc/ -B/home/niranjan/labwork/gcc-4.5.1/objdir/../installdir/i686-pc-linux-gnu/bin/ -B/home/niranjan/labwork/gcc-4.5.1/objdir/../installdir/i686-pc-linux-gnu/lib/ -isystem /home/niranjan/labwork/gcc-4.5.1/objdir/../installdir/i686-pc-linux-gnu/include -isystem /home/niranjan/labwork/gcc-4.5.1/objdir/../installdir/i686-pc-linux-gnu/sys-include    -E  conftest.c
configure:7355: $? = 0
configure:7369: /home/niranjan/labwork/gcc-4.5.1/objdir/./gcc/xgcc -B/home/niranjan/labwork/gcc-4.5.1/objdir/./gcc/ -B/home/niranjan/labwork/gcc-4.5.1/objdir/../installdir/i686-pc-linux-gnu/bin/ -B/home/niranjan/labwork/gcc-4.5.1/objdir/../installdir/i686-pc-linux-gnu/lib/ -isystem /home/niranjan/labwork/gcc-4.5.1/objdir/../installdir/i686-pc-linux-gnu/include -isystem /home/niranjan/labwork/gcc-4.5.1/objdir/../installdir/i686-pc-linux-gnu/sys-include    -E  conftest.c
conftest.c:11:28: fatal error: ac_nonexistent.h: No such file or directory
compilation terminated.
configure:7369: $? = 1
configure: failed program was:
| /* confdefs.h */
| #define PACKAGE_NAME "GNU OpenMP Runtime Library"
| #define PACKAGE_TARNAME "libgomp"
| #define PACKAGE_VERSION "1.0"
| #define PACKAGE_STRING "GNU OpenMP Runtime Library 1.0"
| #define PACKAGE_BUGREPORT ""
| #define PACKAGE_URL "http://www.gnu.org/software/libgomp/"
| #define PACKAGE "libgomp"
| #define VERSION "1.0"
| /* end confdefs.h.  */
| #include <ac_nonexistent.h>
configure:7394: result: /home/niranjan/labwork/gcc-4.5.1/objdir/./gcc/xgcc -B/home/niranjan/labwork/gcc-4.5.1/objdir/./gcc/ -B/home/niranjan/labwork/gcc-4.5.1/objdir/../installdir/i686-pc-linux-gnu/bin/ -B/home/niranjan/labwork/gcc-4.5.1/objdir/../installdir/i686-pc-linux-gnu/lib/ -isystem /home/niranjan/labwork/gcc-4.5.1/objdir/../installdir/i686-pc-linux-gnu/include -isystem /home/niranjan/labwork/gcc-4.5.1/objdir/../installdir/i686-pc-linux-gnu/sys-include    -E
configure:7414: /home/niranjan/labwork/gcc-4.5.1/objdir/./gcc/xgcc -B/home/niranjan/labwork/gcc-4.5.1/objdir/./gcc/ -B/home/niranjan/labwork/gcc-4.5.1/objdir/../installdir/i686-pc-linux-gnu/bin/ -B/home/niranjan/labwork/gcc-4.5.1/objdir/../installdir/i686-pc-linux-gnu/lib/ -isystem /home/niranjan/labwork/gcc-4.5.1/objdir/../installdir/i686-pc-linux-gnu/include -isystem /home/niranjan/labwork/gcc-4.5.1/objdir/../installdir/i686-pc-linux-gnu/sys-include    -E  conftest.c
configure:7414: $? = 0
configure:7428: /home/niranjan/labwork/gcc-4.5.1/objdir/./gcc/xgcc -B/home/niranjan/labwork/gcc-4.5.1/objdir/./gcc/ -B/home/niranjan/labwork/gcc-4.5.1/objdir/../installdir/i686-pc-linux-gnu/bin/ -B/home/niranjan/labwork/gcc-4.5.1/objdir/../installdir/i686-pc-linux-gnu/lib/ -isystem /home/niranjan/labwork/gcc-4.5.1/objdir/../installdir/i686-pc-linux-gnu/include -isystem /home/niranjan/labwork/gcc-4.5.1/objdir/../installdir/i686-pc-linux-gnu/sys-include    -E  conftest.c
conftest.c:11:28: fatal error: ac_nonexistent.h: No such file or directory
compilation terminated.
configure:7428: $? = 1
configure: failed program was:
| /* confdefs.h */
| #define PACKAGE_NAME "GNU OpenMP Runtime Library"
| #define PACKAGE_TARNAME "libgomp"
| #define PACKAGE_VERSION "1.0"
| #define PACKAGE_STRING "GNU OpenMP Runtime Library 1.0"
| #define PACKAGE_BUGREPORT ""
| #define PACKAGE_URL "http://www.gnu.org/software/libgomp/"
| #define PACKAGE "libgomp"
| #define VERSION "1.0"
| /* end confdefs.h.  */
| #include <ac_nonexistent.h>
configure:7457: checking for ANSI C header files
configure:7477: /home/niranjan/labwork/gcc-4.5.1/objdir/./gcc/xgcc -B/home/niranjan/labwork/gcc-4.5.1/objdir/./gcc/ -B/home/niranjan/labwork/gcc-4.5.1/objdir/../installdir/i686-pc-linux-gnu/bin/ -B/home/niranjan/labwork/gcc-4.5.1/objdir/../installdir/i686-pc-linux-gnu/lib/ -isystem /home/niranjan/labwork/gcc-4.5.1/objdir/../installdir/i686-pc-linux-gnu/include -isystem /home/niranjan/labwork/gcc-4.5.1/objdir/../installdir/i686-pc-linux-gnu/sys-include    -c -O2 -g  conftest.c >&5
configure:7477: $? = 0
configure:7550: /home/niranjan/labwork/gcc-4.5.1/objdir/./gcc/xgcc -B/home/niranjan/labwork/gcc-4.5.1/objdir/./gcc/ -B/home/niranjan/labwork/gcc-4.5.1/objdir/../installdir/i686-pc-linux-gnu/bin/ -B/home/niranjan/labwork/gcc-4.5.1/objdir/../installdir/i686-pc-linux-gnu/lib/ -isystem /home/niranjan/labwork/gcc-4.5.1/objdir/../installdir/i686-pc-linux-gnu/include -isystem /home/niranjan/labwork/gcc-4.5.1/objdir/../installdir/i686-pc-linux-gnu/sys-include    -o conftest -O2 -g   conftest.c  >&5
configure:7550: $? = 0
configure:7550: ./conftest
configure:7550: $? = 0
configure:7561: result: yes
configure:7574: checking for sys/types.h
configure:7574: /home/niranjan/labwork/gcc-4.5.1/objdir/./gcc/xgcc -B/home/niranjan/labwork/gcc-4.5.1/objdir/./gcc/ -B/home/niranjan/labwork/gcc-4.5.1/objdir/../installdir/i686-pc-linux-gnu/bin/ -B/home/niranjan/labwork/gcc-4.5.1/objdir/../installdir/i686-pc-linux-gnu/lib/ -isystem /home/niranjan/labwork/gcc-4.5.1/objdir/../installdir/i686-pc-linux-gnu/include -isystem /home/niranjan/labwork/gcc-4.5.1/objdir/../installdir/i686-pc-linux-gnu/sys-include    -c -O2 -g  conftest.c >&5
configure:7574: $? = 0
configure:7574: result: yes
configure:7574: checking for sys/stat.h
configure:7574: /home/niranjan/labwork/gcc-4.5.1/objdir/./gcc/xgcc -B/home/niranjan/labwork/gcc-4.5.1/objdir/./gcc/ -B/home/niranjan/labwork/gcc-4.5.1/objdir/../installdir/i686-pc-linux-gnu/bin/ -B/home/niranjan/labwork/gcc-4.5.1/objdir/../installdir/i686-pc-linux-gnu/lib/ -isystem /home/niranjan/labwork/gcc-4.5.1/objdir/../installdir/i686-pc-linux-gnu/include -isystem /home/niranjan/labwork/gcc-4.5.1/objdir/../installdir/i686-pc-linux-gnu/sys-include    -c -O2 -g  conftest.c >&5
configure:7574: $? = 0
configure:7574: result: yes
configure:7574: checking for stdlib.h
configure:7574: /home/niranjan/labwork/gcc-4.5.1/objdir/./gcc/xgcc -B/home/niranjan/labwork/gcc-4.5.1/objdir/./gcc/ -B/home/niranjan/labwork/gcc-4.5.1/objdir/../installdir/i686-pc-linux-gnu/bin/ -B/home/niranjan/labwork/gcc-4.5.1/objdir/../installdir/i686-pc-linux-gnu/lib/ -isystem /home/niranjan/labwork/gcc-4.5.1/objdir/../installdir/i686-pc-linux-gnu/include -isystem /home/niranjan/labwork/gcc-4.5.1/objdir/../installdir/i686-pc-linux-gnu/sys-include    -c -O2 -g  conftest.c >&5
configure:7574: $? = 0
configure:7574: result: yes
configure:7574: checking for string.h
configure:7574: /home/niranjan/labwork/gcc-4.5.1/objdir/./gcc/xgcc -B/home/niranjan/labwork/gcc-4.5.1/objdir/./gcc/ -B/home/niranjan/labwork/gcc-4.5.1/objdir/../installdir/i686-pc-linux-gnu/bin/ -B/home/niranjan/labwork/gcc-4.5.1/objdir/../installdir/i686-pc-linux-gnu/lib/ -isystem /home/niranjan/labwork/gcc-4.5.1/objdir/../installdir/i686-pc-linux-gnu/include -isystem /home/niranjan/labwork/gcc-4.5.1/objdir/../installdir/i686-pc-linux-gnu/sys-include    -c -O2 -g  conftest.c >&5
configure:7574: $? = 0
configure:7574: result: yes
configure:7574: checking for memory.h
configure:7574: /home/niranjan/labwork/gcc-4.5.1/objdir/./gcc/xgcc -B/home/niranjan/labwork/gcc-4.5.1/objdir/./gcc/ -B/home/niranjan/labwork/gcc-4.5.1/objdir/../installdir/i686-pc-linux-gnu/bin/ -B/home/niranjan/labwork/gcc-4.5.1/objdir/../installdir/i686-pc-linux-gnu/lib/ -isystem /home/niranjan/labwork/gcc-4.5.1/objdir/../installdir/i686-pc-linux-gnu/include -isystem /home/niranjan/labwork/gcc-4.5.1/objdir/../installdir/i686-pc-linux-gnu/sys-include    -c -O2 -g  conftest.c >&5
configure:7574: $? = 0
configure:7574: result: yes
configure:7574: checking for strings.h
configure:7574: /home/niranjan/labwork/gcc-4.5.1/objdir/./gcc/xgcc -B/home/niranjan/labwork/gcc-4.5.1/objdir/./gcc/ -B/home/niranjan/labwork/gcc-4.5.1/objdir/../installdir/i686-pc-linux-gnu/bin/ -B/home/niranjan/labwork/gcc-4.5.1/objdir/../installdir/i686-pc-linux-gnu/lib/ -isystem /home/niranjan/labwork/gcc-4.5.1/objdir/../installdir/i686-pc-linux-gnu/include -isystem /home/niranjan/labwork/gcc-4.5.1/objdir/../installdir/i686-pc-linux-gnu/sys-include    -c -O2 -g  conftest.c >&5
configure:7574: $? = 0
configure:7574: result: yes
configure:7574: checking for inttypes.h
configure:7574: /home/niranjan/labwork/gcc-4.5.1/objdir/./gcc/xgcc -B/home/niranjan/labwork/gcc-4.5.1/objdir/./gcc/ -B/home/niranjan/labwork/gcc-4.5.1/objdir/../installdir/i686-pc-linux-gnu/bin/ -B/home/niranjan/labwork/gcc-4.5.1/objdir/../installdir/i686-pc-linux-gnu/lib/ -isystem /home/niranjan/labwork/gcc-4.5.1/objdir/../installdir/i686-pc-linux-gnu/include -isystem /home/niranjan/labwork/gcc-4.5.1/objdir/../installdir/i686-pc-linux-gnu/sys-include    -c -O2 -g  conftest.c >&5
configure:7574: $? = 0
configure:7574: result: yes
configure:7574: checking for stdint.h
configure:7574: /home/niranjan/labwork/gcc-4.5.1/objdir/./gcc/xgcc -B/home/niranjan/labwork/gcc-4.5.1/objdir/./gcc/ -B/home/niranjan/labwork/gcc-4.5.1/objdir/../installdir/i686-pc-linux-gnu/bin/ -B/home/niranjan/labwork/gcc-4.5.1/objdir/../installdir/i686-pc-linux-gnu/lib/ -isystem /home/niranjan/labwork/gcc-4.5.1/objdir/../installdir/i686-pc-linux-gnu/include -isystem /home/niranjan/labwork/gcc-4.5.1/objdir/../installdir/i686-pc-linux-gnu/sys-include    -c -O2 -g  conftest.c >&5
configure:7574: $? = 0
configure:7574: result: yes
configure:7574: checking for unistd.h
configure:7574: /home/niranjan/labwork/gcc-4.5.1/objdir/./gcc/xgcc -B/home/niranjan/labwork/gcc-4.5.1/objdir/./gcc/ -B/home/niranjan/labwork/gcc-4.5.1/objdir/../installdir/i686-pc-linux-gnu/bin/ -B/home/niranjan/labwork/gcc-4.5.1/objdir/../installdir/i686-pc-linux-gnu/lib/ -isystem /home/niranjan/labwork/gcc-4.5.1/objdir/../installdir/i686-pc-linux-gnu/include -isystem /home/niranjan/labwork/gcc-4.5.1/objdir/../installdir/i686-pc-linux-gnu/sys-include    -c -O2 -g  conftest.c >&5
configure:7574: $? = 0
configure:7574: result: yes
configure:7589: checking for dlfcn.h
configure:7589: /home/niranjan/labwork/gcc-4.5.1/objdir/./gcc/xgcc -B/home/niranjan/labwork/gcc-4.5.1/objdir/./gcc/ -B/home/niranjan/labwork/gcc-4.5.1/objdir/../installdir/i686-pc-linux-gnu/bin/ -B/home/niranjan/labwork/gcc-4.5.1/objdir/../installdir/i686-pc-linux-gnu/lib/ -isystem /home/niranjan/labwork/gcc-4.5.1/objdir/../installdir/i686-pc-linux-gnu/include -isystem /home/niranjan/labwork/gcc-4.5.1/objdir/../installdir/i686-pc-linux-gnu/sys-include    -c -O2 -g  conftest.c >&5
configure:7589: $? = 0
configure:7589: result: yes
configure:7776: checking for objdir
configure:7791: result: .libs
configure:8062: checking if /home/niranjan/labwork/gcc-4.5.1/objdir/./gcc/xgcc -B/home/niranjan/labwork/gcc-4.5.1/objdir/./gcc/ -B/home/niranjan/labwork/gcc-4.5.1/objdir/../installdir/i686-pc-linux-gnu/bin/ -B/home/niranjan/labwork/gcc-4.5.1/objdir/../installdir/i686-pc-linux-gnu/lib/ -isystem /home/niranjan/labwork/gcc-4.5.1/objdir/../installdir/i686-pc-linux-gnu/include -isystem /home/niranjan/labwork/gcc-4.5.1/objdir/../installdir/i686-pc-linux-gnu/sys-include    supports -fno-rtti -fno-exceptions
configure:8080: /home/niranjan/labwork/gcc-4.5.1/objdir/./gcc/xgcc -B/home/niranjan/labwork/gcc-4.5.1/objdir/./gcc/ -B/home/niranjan/labwork/gcc-4.5.1/objdir/../installdir/i686-pc-linux-gnu/bin/ -B/home/niranjan/labwork/gcc-4.5.1/objdir/../installdir/i686-pc-linux-gnu/lib/ -isystem /home/niranjan/labwork/gcc-4.5.1/objdir/../installdir/i686-pc-linux-gnu/include -isystem /home/niranjan/labwork/gcc-4.5.1/objdir/../installdir/i686-pc-linux-gnu/sys-include    -c -O2 -g  -fno-rtti -fno-exceptions conftest.c >&5
cc1: warning: command line option "-fno-rtti" is valid for C++/ObjC++ but not for C
configure:8084: $? = 0
configure:8097: result: no
configure:8117: checking for /home/niranjan/labwork/gcc-4.5.1/objdir/./gcc/xgcc -B/home/niranjan/labwork/gcc-4.5.1/objdir/./gcc/ -B/home/niranjan/labwork/gcc-4.5.1/objdir/../installdir/i686-pc-linux-gnu/bin/ -B/home/niranjan/labwork/gcc-4.5.1/objdir/../installdir/i686-pc-linux-gnu/lib/ -isystem /home/niranjan/labwork/gcc-4.5.1/objdir/../installdir/i686-pc-linux-gnu/include -isystem /home/niranjan/labwork/gcc-4.5.1/objdir/../installdir/i686-pc-linux-gnu/sys-include    option to produce PIC
configure:8402: result: -fPIC -DPIC
configure:8414: checking if /home/niranjan/labwork/gcc-4.5.1/objdir/./gcc/xgcc -B/home/niranjan/labwork/gcc-4.5.1/objdir/./gcc/ -B/home/niranjan/labwork/gcc-4.5.1/objdir/../installdir/i686-pc-linux-gnu/bin/ -B/home/niranjan/labwork/gcc-4.5.1/objdir/../installdir/i686-pc-linux-gnu/lib/ -isystem /home/niranjan/labwork/gcc-4.5.1/objdir/../installdir/i686-pc-linux-gnu/include -isystem /home/niranjan/labwork/gcc-4.5.1/objdir/../installdir/i686-pc-linux-gnu/sys-include    PIC flag -fPIC -DPIC works
configure:8432: /home/niranjan/labwork/gcc-4.5.1/objdir/./gcc/xgcc -B/home/niranjan/labwork/gcc-4.5.1/objdir/./gcc/ -B/home/niranjan/labwork/gcc-4.5.1/objdir/../installdir/i686-pc-linux-gnu/bin/ -B/home/niranjan/labwork/gcc-4.5.1/objdir/../installdir/i686-pc-linux-gnu/lib/ -isystem /home/niranjan/labwork/gcc-4.5.1/objdir/../installdir/i686-pc-linux-gnu/include -isystem /home/niranjan/labwork/gcc-4.5.1/objdir/../installdir/i686-pc-linux-gnu/sys-include    -c -O2 -g  -fPIC -DPIC -DPIC conftest.c >&5
configure:8436: $? = 0
configure:8449: result: yes
configure:8473: checking if /home/niranjan/labwork/gcc-4.5.1/objdir/./gcc/xgcc -B/home/niranjan/labwork/gcc-4.5.1/objdir/./gcc/ -B/home/niranjan/labwork/gcc-4.5.1/objdir/../installdir/i686-pc-linux-gnu/bin/ -B/home/niranjan/labwork/gcc-4.5.1/objdir/../installdir/i686-pc-linux-gnu/lib/ -isystem /home/niranjan/labwork/gcc-4.5.1/objdir/../installdir/i686-pc-linux-gnu/include -isystem /home/niranjan/labwork/gcc-4.5.1/objdir/../installdir/i686-pc-linux-gnu/sys-include    static flag -static works
configure:8501: result: yes
configure:8516: checking if /home/niranjan/labwork/gcc-4.5.1/objdir/./gcc/xgcc -B/home/niranjan/labwork/gcc-4.5.1/objdir/./gcc/ -B/home/niranjan/labwork/gcc-4.5.1/objdir/../installdir/i686-pc-linux-gnu/bin/ -B/home/niranjan/labwork/gcc-4.5.1/objdir/../installdir/i686-pc-linux-gnu/lib/ -isystem /home/niranjan/labwork/gcc-4.5.1/objdir/../installdir/i686-pc-linux-gnu/include -isystem /home/niranjan/labwork/gcc-4.5.1/objdir/../installdir/i686-pc-linux-gnu/sys-include    supports -c -o file.o
configure:8537: /home/niranjan/labwork/gcc-4.5.1/objdir/./gcc/xgcc -B/home/niranjan/labwork/gcc-4.5.1/objdir/./gcc/ -B/home/niranjan/labwork/gcc-4.5.1/objdir/../installdir/i686-pc-linux-gnu/bin/ -B/home/niranjan/labwork/gcc-4.5.1/objdir/../installdir/i686-pc-linux-gnu/lib/ -isystem /home/niranjan/labwork/gcc-4.5.1/objdir/../installdir/i686-pc-linux-gnu/include -isystem /home/niranjan/labwork/gcc-4.5.1/objdir/../installdir/i686-pc-linux-gnu/sys-include    -c -O2 -g  -o out/conftest2.o conftest.c >&5
configure:8541: $? = 0
configure:8563: result: yes
configure:8571: checking if /home/niranjan/labwork/gcc-4.5.1/objdir/./gcc/xgcc -B/home/niranjan/labwork/gcc-4.5.1/objdir/./gcc/ -B/home/niranjan/labwork/gcc-4.5.1/objdir/../installdir/i686-pc-linux-gnu/bin/ -B/home/niranjan/labwork/gcc-4.5.1/objdir/../installdir/i686-pc-linux-gnu/lib/ -isystem /home/niranjan/labwork/gcc-4.5.1/objdir/../installdir/i686-pc-linux-gnu/include -isystem /home/niranjan/labwork/gcc-4.5.1/objdir/../installdir/i686-pc-linux-gnu/sys-include    supports -c -o file.o
configure:8618: result: yes
configure:8651: checking whether the /home/niranjan/labwork/gcc-4.5.1/objdir/./gcc/xgcc -B/home/niranjan/labwork/gcc-4.5.1/objdir/./gcc/ -B/home/niranjan/labwork/gcc-4.5.1/objdir/../installdir/i686-pc-linux-gnu/bin/ -B/home/niranjan/labwork/gcc-4.5.1/objdir/../installdir/i686-pc-linux-gnu/lib/ -isystem /home/niranjan/labwork/gcc-4.5.1/objdir/../installdir/i686-pc-linux-gnu/include -isystem /home/niranjan/labwork/gcc-4.5.1/objdir/../installdir/i686-pc-linux-gnu/sys-include    linker (/home/niranjan/labwork/gcc-4.5.1/objdir/./gcc/collect-ld) supports shared libraries
configure:9726: result: yes
configure:9763: checking whether -lc should be explicitly linked in
configure:9771: /home/niranjan/labwork/gcc-4.5.1/objdir/./gcc/xgcc -B/home/niranjan/labwork/gcc-4.5.1/objdir/./gcc/ -B/home/niranjan/labwork/gcc-4.5.1/objdir/../installdir/i686-pc-linux-gnu/bin/ -B/home/niranjan/labwork/gcc-4.5.1/objdir/../installdir/i686-pc-linux-gnu/lib/ -isystem /home/niranjan/labwork/gcc-4.5.1/objdir/../installdir/i686-pc-linux-gnu/include -isystem /home/niranjan/labwork/gcc-4.5.1/objdir/../installdir/i686-pc-linux-gnu/sys-include    -c -O2 -g  conftest.c >&5
configure:9774: $? = 0
configure:9789: /home/niranjan/labwork/gcc-4.5.1/objdir/./gcc/xgcc -B/home/niranjan/labwork/gcc-4.5.1/objdir/./gcc/ -B/home/niranjan/labwork/gcc-4.5.1/objdir/../installdir/i686-pc-linux-gnu/bin/ -B/home/niranjan/labwork/gcc-4.5.1/objdir/../installdir/i686-pc-linux-gnu/lib/ -isystem /home/niranjan/labwork/gcc-4.5.1/objdir/../installdir/i686-pc-linux-gnu/include -isystem /home/niranjan/labwork/gcc-4.5.1/objdir/../installdir/i686-pc-linux-gnu/sys-include    -shared conftest.o  -v -Wl,-soname -Wl,conftest -o conftest 2\>\&1 \| /bin/grep  -lc  \>/dev/null 2\>\&1
configure:9792: $? = 0
configure:9806: result: no
configure:9971: checking dynamic linker characteristics
configure:10426: /home/niranjan/labwork/gcc-4.5.1/objdir/./gcc/xgcc -B/home/niranjan/labwork/gcc-4.5.1/objdir/./gcc/ -B/home/niranjan/labwork/gcc-4.5.1/objdir/../installdir/i686-pc-linux-gnu/bin/ -B/home/niranjan/labwork/gcc-4.5.1/objdir/../installdir/i686-pc-linux-gnu/lib/ -isystem /home/niranjan/labwork/gcc-4.5.1/objdir/../installdir/i686-pc-linux-gnu/include -isystem /home/niranjan/labwork/gcc-4.5.1/objdir/../installdir/i686-pc-linux-gnu/sys-include    -o conftest -O2 -g   -Wl,-rpath -Wl,/foo conftest.c  >&5
configure:10426: $? = 0
configure:10648: result: GNU/Linux ld.so
configure:10755: checking how to hardcode library paths into programs
configure:10780: result: immediate
configure:11320: checking whether stripping libraries is possible
configure:11325: result: yes
configure:11360: checking if libtool supports shared libraries
configure:11362: result: yes
configure:11365: checking whether to build shared libraries
configure:11386: result: yes
configure:11389: checking whether to build static libraries
configure:11393: result: yes
configure:11432: checking whether to enable maintainer-specific portions of Makefiles
configure:11441: result: no
configure:11478: checking for i686-pc-linux-gnu-gfortran
configure:11505: result: no
configure:11575: checking for Fortran compiler version
configure:11584: no --version >&5
/home/niranjan/labwork/gcc-4.5.1/libgomp/configure: line 11586: no: command not found
configure:11595: $? = 127
configure:11584: no -v >&5
/home/niranjan/labwork/gcc-4.5.1/libgomp/configure: line 11586: no: command not found
configure:11595: $? = 127
configure:11584: no -V >&5
/home/niranjan/labwork/gcc-4.5.1/libgomp/configure: line 11586: no: command not found
configure:11595: $? = 127
configure:11584: no -qversion >&5
/home/niranjan/labwork/gcc-4.5.1/libgomp/configure: line 11586: no: command not found
configure:11595: $? = 127
configure:11604: checking whether we are using the GNU Fortran compiler
configure:11617: no -c   conftest.F >&5
/home/niranjan/labwork/gcc-4.5.1/libgomp/configure: line 1796: no: command not found
configure:11617: $? = 127
configure: failed program was:
|       program main
| #ifndef __GNUC__
|        choke me
| #endif
| 
|       end
configure:11626: result: no
configure:11632: checking whether no accepts -g
configure:11643: no -c -g  conftest.f >&5
/home/niranjan/labwork/gcc-4.5.1/libgomp/configure: line 1796: no: command not found
configure:11643: $? = 127
configure: failed program was:
|       program main
| 
|       end
configure:11651: result: no
configure:14380: checking for ANSI C header files
configure:14484: result: yes
configure:14492: checking whether time.h and sys/time.h may both be included
configure:14512: /home/niranjan/labwork/gcc-4.5.1/objdir/./gcc/xgcc -B/home/niranjan/labwork/gcc-4.5.1/objdir/./gcc/ -B/home/niranjan/labwork/gcc-4.5.1/objdir/../installdir/i686-pc-linux-gnu/bin/ -B/home/niranjan/labwork/gcc-4.5.1/objdir/../installdir/i686-pc-linux-gnu/lib/ -isystem /home/niranjan/labwork/gcc-4.5.1/objdir/../installdir/i686-pc-linux-gnu/include -isystem /home/niranjan/labwork/gcc-4.5.1/objdir/../installdir/i686-pc-linux-gnu/sys-include    -c -O2 -g  conftest.c >&5
configure:14512: $? = 0
configure:14519: result: yes
configure:14527: checking whether string.h and strings.h may both be included
configure:14544: /home/niranjan/labwork/gcc-4.5.1/objdir/./gcc/xgcc -B/home/niranjan/labwork/gcc-4.5.1/objdir/./gcc/ -B/home/niranjan/labwork/gcc-4.5.1/objdir/../installdir/i686-pc-linux-gnu/bin/ -B/home/niranjan/labwork/gcc-4.5.1/objdir/../installdir/i686-pc-linux-gnu/lib/ -isystem /home/niranjan/labwork/gcc-4.5.1/objdir/../installdir/i686-pc-linux-gnu/include -isystem /home/niranjan/labwork/gcc-4.5.1/objdir/../installdir/i686-pc-linux-gnu/sys-include    -c -O2 -g  conftest.c >&5
configure:14544: $? = 0
configure:14551: result: yes
configure:14562: checking for unistd.h
configure:14562: result: yes
configure:14562: checking semaphore.h usability
configure:14562: /home/niranjan/labwork/gcc-4.5.1/objdir/./gcc/xgcc -B/home/niranjan/labwork/gcc-4.5.1/objdir/./gcc/ -B/home/niranjan/labwork/gcc-4.5.1/objdir/../installdir/i686-pc-linux-gnu/bin/ -B/home/niranjan/labwork/gcc-4.5.1/objdir/../installdir/i686-pc-linux-gnu/lib/ -isystem /home/niranjan/labwork/gcc-4.5.1/objdir/../installdir/i686-pc-linux-gnu/include -isystem /home/niranjan/labwork/gcc-4.5.1/objdir/../installdir/i686-pc-linux-gnu/sys-include    -c -O2 -g  conftest.c >&5
configure:14562: $? = 0
configure:14562: result: yes
configure:14562: checking semaphore.h presence
configure:14562: /home/niranjan/labwork/gcc-4.5.1/objdir/./gcc/xgcc -B/home/niranjan/labwork/gcc-4.5.1/objdir/./gcc/ -B/home/niranjan/labwork/gcc-4.5.1/objdir/../installdir/i686-pc-linux-gnu/bin/ -B/home/niranjan/labwork/gcc-4.5.1/objdir/../installdir/i686-pc-linux-gnu/lib/ -isystem /home/niranjan/labwork/gcc-4.5.1/objdir/../installdir/i686-pc-linux-gnu/include -isystem /home/niranjan/labwork/gcc-4.5.1/objdir/../installdir/i686-pc-linux-gnu/sys-include    -E  conftest.c
configure:14562: $? = 0
configure:14562: result: yes
configure:14562: checking for semaphore.h
configure:14562: result: yes
configure:14562: checking sys/loadavg.h usability
configure:14562: /home/niranjan/labwork/gcc-4.5.1/objdir/./gcc/xgcc -B/home/niranjan/labwork/gcc-4.5.1/objdir/./gcc/ -B/home/niranjan/labwork/gcc-4.5.1/objdir/../installdir/i686-pc-linux-gnu/bin/ -B/home/niranjan/labwork/gcc-4.5.1/objdir/../installdir/i686-pc-linux-gnu/lib/ -isystem /home/niranjan/labwork/gcc-4.5.1/objdir/../installdir/i686-pc-linux-gnu/include -isystem /home/niranjan/labwork/gcc-4.5.1/objdir/../installdir/i686-pc-linux-gnu/sys-include    -c -O2 -g  conftest.c >&5
conftest.c:61:25: fatal error: sys/loadavg.h: No such file or directory
compilation terminated.
configure:14562: $? = 1
configure: failed program was:
| /* confdefs.h */
| #define PACKAGE_NAME "GNU OpenMP Runtime Library"
| #define PACKAGE_TARNAME "libgomp"
| #define PACKAGE_VERSION "1.0"
| #define PACKAGE_STRING "GNU OpenMP Runtime Library 1.0"
| #define PACKAGE_BUGREPORT ""
| #define PACKAGE_URL "http://www.gnu.org/software/libgomp/"
| #define PACKAGE "libgomp"
| #define VERSION "1.0"
| #define STDC_HEADERS 1
| #define HAVE_SYS_TYPES_H 1
| #define HAVE_SYS_STAT_H 1
| #define HAVE_STDLIB_H 1
| #define HAVE_STRING_H 1
| #define HAVE_MEMORY_H 1
| #define HAVE_STRINGS_H 1
| #define HAVE_INTTYPES_H 1
| #define HAVE_STDINT_H 1
| #define HAVE_UNISTD_H 1
| #define HAVE_DLFCN_H 1
| #define LT_OBJDIR ".libs/"
| #define STDC_HEADERS 1
| #define TIME_WITH_SYS_TIME 1
| #define STRING_WITH_STRINGS 1
| #define HAVE_UNISTD_H 1
| #define HAVE_SEMAPHORE_H 1
| /* end confdefs.h.  */
| #include <stdio.h>
| #ifdef HAVE_SYS_TYPES_H
| # include <sys/types.h>
| #endif
| #ifdef HAVE_SYS_STAT_H
| # include <sys/stat.h>
| #endif
| #ifdef STDC_HEADERS
| # include <stdlib.h>
| # include <stddef.h>
| #else
| # ifdef HAVE_STDLIB_H
| #  include <stdlib.h>
| # endif
| #endif
| #ifdef HAVE_STRING_H
| # if !defined STDC_HEADERS && defined HAVE_MEMORY_H
| #  include <memory.h>
| # endif
| # include <string.h>
| #endif
| #ifdef HAVE_STRINGS_H
| # include <strings.h>
| #endif
| #ifdef HAVE_INTTYPES_H
| # include <inttypes.h>
| #endif
| #ifdef HAVE_STDINT_H
| # include <stdint.h>
| #endif
| #ifdef HAVE_UNISTD_H
| # include <unistd.h>
| #endif
| #include <sys/loadavg.h>
configure:14562: result: no
configure:14562: checking sys/loadavg.h presence
configure:14562: /home/niranjan/labwork/gcc-4.5.1/objdir/./gcc/xgcc -B/home/niranjan/labwork/gcc-4.5.1/objdir/./gcc/ -B/home/niranjan/labwork/gcc-4.5.1/objdir/../installdir/i686-pc-linux-gnu/bin/ -B/home/niranjan/labwork/gcc-4.5.1/objdir/../installdir/i686-pc-linux-gnu/lib/ -isystem /home/niranjan/labwork/gcc-4.5.1/objdir/../installdir/i686-pc-linux-gnu/include -isystem /home/niranjan/labwork/gcc-4.5.1/objdir/../installdir/i686-pc-linux-gnu/sys-include    -E  conftest.c
conftest.c:28:25: fatal error: sys/loadavg.h: No such file or directory
compilation terminated.
configure:14562: $? = 1
configure: failed program was:
| /* confdefs.h */
| #define PACKAGE_NAME "GNU OpenMP Runtime Library"
| #define PACKAGE_TARNAME "libgomp"
| #define PACKAGE_VERSION "1.0"
| #define PACKAGE_STRING "GNU OpenMP Runtime Library 1.0"
| #define PACKAGE_BUGREPORT ""
| #define PACKAGE_URL "http://www.gnu.org/software/libgomp/"
| #define PACKAGE "libgomp"
| #define VERSION "1.0"
| #define STDC_HEADERS 1
| #define HAVE_SYS_TYPES_H 1
| #define HAVE_SYS_STAT_H 1
| #define HAVE_STDLIB_H 1
| #define HAVE_STRING_H 1
| #define HAVE_MEMORY_H 1
| #define HAVE_STRINGS_H 1
| #define HAVE_INTTYPES_H 1
| #define HAVE_STDINT_H 1
| #define HAVE_UNISTD_H 1
| #define HAVE_DLFCN_H 1
| #define LT_OBJDIR ".libs/"
| #define STDC_HEADERS 1
| #define TIME_WITH_SYS_TIME 1
| #define STRING_WITH_STRINGS 1
| #define HAVE_UNISTD_H 1
| #define HAVE_SEMAPHORE_H 1
| /* end confdefs.h.  */
| #include <sys/loadavg.h>
configure:14562: result: no
configure:14562: checking for sys/loadavg.h
configure:14562: result: no
configure:14562: checking sys/time.h usability
configure:14562: /home/niranjan/labwork/gcc-4.5.1/objdir/./gcc/xgcc -B/home/niranjan/labwork/gcc-4.5.1/objdir/./gcc/ -B/home/niranjan/labwork/gcc-4.5.1/objdir/../installdir/i686-pc-linux-gnu/bin/ -B/home/niranjan/labwork/gcc-4.5.1/objdir/../installdir/i686-pc-linux-gnu/lib/ -isystem /home/niranjan/labwork/gcc-4.5.1/objdir/../installdir/i686-pc-linux-gnu/include -isystem /home/niranjan/labwork/gcc-4.5.1/objdir/../installdir/i686-pc-linux-gnu/sys-include    -c -O2 -g  conftest.c >&5
configure:14562: $? = 0
configure:14562: result: yes
configure:14562: checking sys/time.h presence
configure:14562: /home/niranjan/labwork/gcc-4.5.1/objdir/./gcc/xgcc -B/home/niranjan/labwork/gcc-4.5.1/objdir/./gcc/ -B/home/niranjan/labwork/gcc-4.5.1/objdir/../installdir/i686-pc-linux-gnu/bin/ -B/home/niranjan/labwork/gcc-4.5.1/objdir/../installdir/i686-pc-linux-gnu/lib/ -isystem /home/niranjan/labwork/gcc-4.5.1/objdir/../installdir/i686-pc-linux-gnu/include -isystem /home/niranjan/labwork/gcc-4.5.1/objdir/../installdir/i686-pc-linux-gnu/sys-include    -E  conftest.c
configure:14562: $? = 0
configure:14562: result: yes
configure:14562: checking for sys/time.h
configure:14562: result: yes
configure:14562: checking for sys/time.h
configure:14562: result: yes
configure:14587: checking for uintmax_t
configure:14587: /home/niranjan/labwork/gcc-4.5.1/objdir/./gcc/xgcc -B/home/niranjan/labwork/gcc-4.5.1/objdir/./gcc/ -B/home/niranjan/labwork/gcc-4.5.1/objdir/../installdir/i686-pc-linux-gnu/bin/ -B/home/niranjan/labwork/gcc-4.5.1/objdir/../installdir/i686-pc-linux-gnu/lib/ -isystem /home/niranjan/labwork/gcc-4.5.1/objdir/../installdir/i686-pc-linux-gnu/include -isystem /home/niranjan/labwork/gcc-4.5.1/objdir/../installdir/i686-pc-linux-gnu/sys-include    -c -O2 -g  conftest.c >&5
configure:14587: $? = 0
configure:14587: /home/niranjan/labwork/gcc-4.5.1/objdir/./gcc/xgcc -B/home/niranjan/labwork/gcc-4.5.1/objdir/./gcc/ -B/home/niranjan/labwork/gcc-4.5.1/objdir/../installdir/i686-pc-linux-gnu/bin/ -B/home/niranjan/labwork/gcc-4.5.1/objdir/../installdir/i686-pc-linux-gnu/lib/ -isystem /home/niranjan/labwork/gcc-4.5.1/objdir/../installdir/i686-pc-linux-gnu/include -isystem /home/niranjan/labwork/gcc-4.5.1/objdir/../installdir/i686-pc-linux-gnu/sys-include    -c -O2 -g  conftest.c >&5
conftest.c: In function 'main':
conftest.c:36:24: error: expected expression before ')' token
configure:14587: $? = 1
configure: failed program was:
| /* confdefs.h */
| #define PACKAGE_NAME "GNU OpenMP Runtime Library"
| #define PACKAGE_TARNAME "libgomp"
| #define PACKAGE_VERSION "1.0"
| #define PACKAGE_STRING "GNU OpenMP Runtime Library 1.0"
| #define PACKAGE_BUGREPORT ""
| #define PACKAGE_URL "http://www.gnu.org/software/libgomp/"
| #define PACKAGE "libgomp"
| #define VERSION "1.0"
| #define STDC_HEADERS 1
| #define HAVE_SYS_TYPES_H 1
| #define HAVE_SYS_STAT_H 1
| #define HAVE_STDLIB_H 1
| #define HAVE_STRING_H 1
| #define HAVE_MEMORY_H 1
| #define HAVE_STRINGS_H 1
| #define HAVE_INTTYPES_H 1
| #define HAVE_STDINT_H 1
| #define HAVE_UNISTD_H 1
| #define HAVE_DLFCN_H 1
| #define LT_OBJDIR ".libs/"
| #define STDC_HEADERS 1
| #define TIME_WITH_SYS_TIME 1
| #define STRING_WITH_STRINGS 1
| #define HAVE_UNISTD_H 1
| #define HAVE_SEMAPHORE_H 1
| #define HAVE_SYS_TIME_H 1
| #define HAVE_SYS_TIME_H 1
| /* end confdefs.h.  */
| #include <sys/types.h>
| #include <stdint.h>
| 
| int
| main ()
| {
| if (sizeof ((uintmax_t)))
| 	    return 0;
|   ;
|   return 0;
| }
configure:14587: result: yes
configure:14596: checking for uintptr_t
configure:14596: /home/niranjan/labwork/gcc-4.5.1/objdir/./gcc/xgcc -B/home/niranjan/labwork/gcc-4.5.1/objdir/./gcc/ -B/home/niranjan/labwork/gcc-4.5.1/objdir/../installdir/i686-pc-linux-gnu/bin/ -B/home/niranjan/labwork/gcc-4.5.1/objdir/../installdir/i686-pc-linux-gnu/lib/ -isystem /home/niranjan/labwork/gcc-4.5.1/objdir/../installdir/i686-pc-linux-gnu/include -isystem /home/niranjan/labwork/gcc-4.5.1/objdir/../installdir/i686-pc-linux-gnu/sys-include    -c -O2 -g  conftest.c >&5
configure:14596: $? = 0
configure:14596: /home/niranjan/labwork/gcc-4.5.1/objdir/./gcc/xgcc -B/home/niranjan/labwork/gcc-4.5.1/objdir/./gcc/ -B/home/niranjan/labwork/gcc-4.5.1/objdir/../installdir/i686-pc-linux-gnu/bin/ -B/home/niranjan/labwork/gcc-4.5.1/objdir/../installdir/i686-pc-linux-gnu/lib/ -isystem /home/niranjan/labwork/gcc-4.5.1/objdir/../installdir/i686-pc-linux-gnu/include -isystem /home/niranjan/labwork/gcc-4.5.1/objdir/../installdir/i686-pc-linux-gnu/sys-include    -c -O2 -g  conftest.c >&5
conftest.c: In function 'main':
conftest.c:36:24: error: expected expression before ')' token
configure:14596: $? = 1
configure: failed program was:
| /* confdefs.h */
| #define PACKAGE_NAME "GNU OpenMP Runtime Library"
| #define PACKAGE_TARNAME "libgomp"
| #define PACKAGE_VERSION "1.0"
| #define PACKAGE_STRING "GNU OpenMP Runtime Library 1.0"
| #define PACKAGE_BUGREPORT ""
| #define PACKAGE_URL "http://www.gnu.org/software/libgomp/"
| #define PACKAGE "libgomp"
| #define VERSION "1.0"
| #define STDC_HEADERS 1
| #define HAVE_SYS_TYPES_H 1
| #define HAVE_SYS_STAT_H 1
| #define HAVE_STDLIB_H 1
| #define HAVE_STRING_H 1
| #define HAVE_MEMORY_H 1
| #define HAVE_STRINGS_H 1
| #define HAVE_INTTYPES_H 1
| #define HAVE_STDINT_H 1
| #define HAVE_UNISTD_H 1
| #define HAVE_DLFCN_H 1
| #define LT_OBJDIR ".libs/"
| #define STDC_HEADERS 1
| #define TIME_WITH_SYS_TIME 1
| #define STRING_WITH_STRINGS 1
| #define HAVE_UNISTD_H 1
| #define HAVE_SEMAPHORE_H 1
| #define HAVE_SYS_TIME_H 1
| #define HAVE_SYS_TIME_H 1
| /* end confdefs.h.  */
| #include <sys/types.h>
| #include <stdint.h>
| 
| int
| main ()
| {
| if (sizeof ((uintptr_t)))
| 	    return 0;
|   ;
|   return 0;
| }
configure:14596: result: yes
configure:14605: checking for int_least32_t
configure:14605: /home/niranjan/labwork/gcc-4.5.1/objdir/./gcc/xgcc -B/home/niranjan/labwork/gcc-4.5.1/objdir/./gcc/ -B/home/niranjan/labwork/gcc-4.5.1/objdir/../installdir/i686-pc-linux-gnu/bin/ -B/home/niranjan/labwork/gcc-4.5.1/objdir/../installdir/i686-pc-linux-gnu/lib/ -isystem /home/niranjan/labwork/gcc-4.5.1/objdir/../installdir/i686-pc-linux-gnu/include -isystem /home/niranjan/labwork/gcc-4.5.1/objdir/../installdir/i686-pc-linux-gnu/sys-include    -c -O2 -g  conftest.c >&5
configure:14605: $? = 0
configure:14605: /home/niranjan/labwork/gcc-4.5.1/objdir/./gcc/xgcc -B/home/niranjan/labwork/gcc-4.5.1/objdir/./gcc/ -B/home/niranjan/labwork/gcc-4.5.1/objdir/../installdir/i686-pc-linux-gnu/bin/ -B/home/niranjan/labwork/gcc-4.5.1/objdir/../installdir/i686-pc-linux-gnu/lib/ -isystem /home/niranjan/labwork/gcc-4.5.1/objdir/../installdir/i686-pc-linux-gnu/include -isystem /home/niranjan/labwork/gcc-4.5.1/objdir/../installdir/i686-pc-linux-gnu/sys-include    -c -O2 -g  conftest.c >&5
conftest.c: In function 'main':
conftest.c:36:28: error: expected expression before ')' token
configure:14605: $? = 1
configure: failed program was:
| /* confdefs.h */
| #define PACKAGE_NAME "GNU OpenMP Runtime Library"
| #define PACKAGE_TARNAME "libgomp"
| #define PACKAGE_VERSION "1.0"
| #define PACKAGE_STRING "GNU OpenMP Runtime Library 1.0"
| #define PACKAGE_BUGREPORT ""
| #define PACKAGE_URL "http://www.gnu.org/software/libgomp/"
| #define PACKAGE "libgomp"
| #define VERSION "1.0"
| #define STDC_HEADERS 1
| #define HAVE_SYS_TYPES_H 1
| #define HAVE_SYS_STAT_H 1
| #define HAVE_STDLIB_H 1
| #define HAVE_STRING_H 1
| #define HAVE_MEMORY_H 1
| #define HAVE_STRINGS_H 1
| #define HAVE_INTTYPES_H 1
| #define HAVE_STDINT_H 1
| #define HAVE_UNISTD_H 1
| #define HAVE_DLFCN_H 1
| #define LT_OBJDIR ".libs/"
| #define STDC_HEADERS 1
| #define TIME_WITH_SYS_TIME 1
| #define STRING_WITH_STRINGS 1
| #define HAVE_UNISTD_H 1
| #define HAVE_SEMAPHORE_H 1
| #define HAVE_SYS_TIME_H 1
| #define HAVE_SYS_TIME_H 1
| /* end confdefs.h.  */
| #include <sys/types.h>
| #include <stdint.h>
| 
| int
| main ()
| {
| if (sizeof ((int_least32_t)))
| 	    return 0;
|   ;
|   return 0;
| }
configure:14605: result: yes
configure:14614: checking for int_fast32_t
configure:14614: /home/niranjan/labwork/gcc-4.5.1/objdir/./gcc/xgcc -B/home/niranjan/labwork/gcc-4.5.1/objdir/./gcc/ -B/home/niranjan/labwork/gcc-4.5.1/objdir/../installdir/i686-pc-linux-gnu/bin/ -B/home/niranjan/labwork/gcc-4.5.1/objdir/../installdir/i686-pc-linux-gnu/lib/ -isystem /home/niranjan/labwork/gcc-4.5.1/objdir/../installdir/i686-pc-linux-gnu/include -isystem /home/niranjan/labwork/gcc-4.5.1/objdir/../installdir/i686-pc-linux-gnu/sys-include    -c -O2 -g  conftest.c >&5
configure:14614: $? = 0
configure:14614: /home/niranjan/labwork/gcc-4.5.1/objdir/./gcc/xgcc -B/home/niranjan/labwork/gcc-4.5.1/objdir/./gcc/ -B/home/niranjan/labwork/gcc-4.5.1/objdir/../installdir/i686-pc-linux-gnu/bin/ -B/home/niranjan/labwork/gcc-4.5.1/objdir/../installdir/i686-pc-linux-gnu/lib/ -isystem /home/niranjan/labwork/gcc-4.5.1/objdir/../installdir/i686-pc-linux-gnu/include -isystem /home/niranjan/labwork/gcc-4.5.1/objdir/../installdir/i686-pc-linux-gnu/sys-include    -c -O2 -g  conftest.c >&5
conftest.c: In function 'main':
conftest.c:36:27: error: expected expression before ')' token
configure:14614: $? = 1
configure: failed program was:
| /* confdefs.h */
| #define PACKAGE_NAME "GNU OpenMP Runtime Library"
| #define PACKAGE_TARNAME "libgomp"
| #define PACKAGE_VERSION "1.0"
| #define PACKAGE_STRING "GNU OpenMP Runtime Library 1.0"
| #define PACKAGE_BUGREPORT ""
| #define PACKAGE_URL "http://www.gnu.org/software/libgomp/"
| #define PACKAGE "libgomp"
| #define VERSION "1.0"
| #define STDC_HEADERS 1
| #define HAVE_SYS_TYPES_H 1
| #define HAVE_SYS_STAT_H 1
| #define HAVE_STDLIB_H 1
| #define HAVE_STRING_H 1
| #define HAVE_MEMORY_H 1
| #define HAVE_STRINGS_H 1
| #define HAVE_INTTYPES_H 1
| #define HAVE_STDINT_H 1
| #define HAVE_UNISTD_H 1
| #define HAVE_DLFCN_H 1
| #define LT_OBJDIR ".libs/"
| #define STDC_HEADERS 1
| #define TIME_WITH_SYS_TIME 1
| #define STRING_WITH_STRINGS 1
| #define HAVE_UNISTD_H 1
| #define HAVE_SEMAPHORE_H 1
| #define HAVE_SYS_TIME_H 1
| #define HAVE_SYS_TIME_H 1
| /* end confdefs.h.  */
| #include <sys/types.h>
| #include <stdint.h>
| 
| int
| main ()
| {
| if (sizeof ((int_fast32_t)))
| 	    return 0;
|   ;
|   return 0;
| }
configure:14614: result: yes
configure:14623: checking for uint64_t
configure:14623: /home/niranjan/labwork/gcc-4.5.1/objdir/./gcc/xgcc -B/home/niranjan/labwork/gcc-4.5.1/objdir/./gcc/ -B/home/niranjan/labwork/gcc-4.5.1/objdir/../installdir/i686-pc-linux-gnu/bin/ -B/home/niranjan/labwork/gcc-4.5.1/objdir/../installdir/i686-pc-linux-gnu/lib/ -isystem /home/niranjan/labwork/gcc-4.5.1/objdir/../installdir/i686-pc-linux-gnu/include -isystem /home/niranjan/labwork/gcc-4.5.1/objdir/../installdir/i686-pc-linux-gnu/sys-include    -c -O2 -g  conftest.c >&5
configure:14623: $? = 0
configure:14623: /home/niranjan/labwork/gcc-4.5.1/objdir/./gcc/xgcc -B/home/niranjan/labwork/gcc-4.5.1/objdir/./gcc/ -B/home/niranjan/labwork/gcc-4.5.1/objdir/../installdir/i686-pc-linux-gnu/bin/ -B/home/niranjan/labwork/gcc-4.5.1/objdir/../installdir/i686-pc-linux-gnu/lib/ -isystem /home/niranjan/labwork/gcc-4.5.1/objdir/../installdir/i686-pc-linux-gnu/include -isystem /home/niranjan/labwork/gcc-4.5.1/objdir/../installdir/i686-pc-linux-gnu/sys-include    -c -O2 -g  conftest.c >&5
conftest.c: In function 'main':
conftest.c:36:23: error: expected expression before ')' token
configure:14623: $? = 1
configure: failed program was:
| /* confdefs.h */
| #define PACKAGE_NAME "GNU OpenMP Runtime Library"
| #define PACKAGE_TARNAME "libgomp"
| #define PACKAGE_VERSION "1.0"
| #define PACKAGE_STRING "GNU OpenMP Runtime Library 1.0"
| #define PACKAGE_BUGREPORT ""
| #define PACKAGE_URL "http://www.gnu.org/software/libgomp/"
| #define PACKAGE "libgomp"
| #define VERSION "1.0"
| #define STDC_HEADERS 1
| #define HAVE_SYS_TYPES_H 1
| #define HAVE_SYS_STAT_H 1
| #define HAVE_STDLIB_H 1
| #define HAVE_STRING_H 1
| #define HAVE_MEMORY_H 1
| #define HAVE_STRINGS_H 1
| #define HAVE_INTTYPES_H 1
| #define HAVE_STDINT_H 1
| #define HAVE_UNISTD_H 1
| #define HAVE_DLFCN_H 1
| #define LT_OBJDIR ".libs/"
| #define STDC_HEADERS 1
| #define TIME_WITH_SYS_TIME 1
| #define STRING_WITH_STRINGS 1
| #define HAVE_UNISTD_H 1
| #define HAVE_SEMAPHORE_H 1
| #define HAVE_SYS_TIME_H 1
| #define HAVE_SYS_TIME_H 1
| /* end confdefs.h.  */
| #include <sys/types.h>
| #include <stdint.h>
| 
| int
| main ()
| {
| if (sizeof ((uint64_t)))
| 	    return 0;
|   ;
|   return 0;
| }
configure:14623: result: yes
configure:14704: checking what to include in gstdint.h
configure:14732: result: stdint.h (already complete)
configure:15001: /home/niranjan/labwork/gcc-4.5.1/objdir/./gcc/xgcc -B/home/niranjan/labwork/gcc-4.5.1/objdir/./gcc/ -B/home/niranjan/labwork/gcc-4.5.1/objdir/../installdir/i686-pc-linux-gnu/bin/ -B/home/niranjan/labwork/gcc-4.5.1/objdir/../installdir/i686-pc-linux-gnu/lib/ -isystem /home/niranjan/labwork/gcc-4.5.1/objdir/../installdir/i686-pc-linux-gnu/include -isystem /home/niranjan/labwork/gcc-4.5.1/objdir/../installdir/i686-pc-linux-gnu/sys-include    -o conftest -O2 -g -pthread   conftest.c  >&5
configure:15001: $? = 0
configure:15032: checking for getloadavg
configure:15032: /home/niranjan/labwork/gcc-4.5.1/objdir/./gcc/xgcc -B/home/niranjan/labwork/gcc-4.5.1/objdir/./gcc/ -B/home/niranjan/labwork/gcc-4.5.1/objdir/../installdir/i686-pc-linux-gnu/bin/ -B/home/niranjan/labwork/gcc-4.5.1/objdir/../installdir/i686-pc-linux-gnu/lib/ -isystem /home/niranjan/labwork/gcc-4.5.1/objdir/../installdir/i686-pc-linux-gnu/include -isystem /home/niranjan/labwork/gcc-4.5.1/objdir/../installdir/i686-pc-linux-gnu/sys-include    -o conftest -O2 -g -pthread   conftest.c  >&5
configure:15032: $? = 0
configure:15032: result: yes
configure:15032: checking for clock_gettime
configure:15032: /home/niranjan/labwork/gcc-4.5.1/objdir/./gcc/xgcc -B/home/niranjan/labwork/gcc-4.5.1/objdir/./gcc/ -B/home/niranjan/labwork/gcc-4.5.1/objdir/../installdir/i686-pc-linux-gnu/bin/ -B/home/niranjan/labwork/gcc-4.5.1/objdir/../installdir/i686-pc-linux-gnu/lib/ -isystem /home/niranjan/labwork/gcc-4.5.1/objdir/../installdir/i686-pc-linux-gnu/include -isystem /home/niranjan/labwork/gcc-4.5.1/objdir/../installdir/i686-pc-linux-gnu/sys-include    -o conftest -O2 -g -pthread   conftest.c  >&5
/tmp/cc7QU7tx.o: In function `main':
/home/niranjan/labwork/gcc-4.5.1/objdir/i686-pc-linux-gnu/libgomp/conftest.c:65: undefined reference to `clock_gettime'
collect2: ld returned 1 exit status
configure:15032: $? = 1
configure: failed program was:
| /* confdefs.h */
| #define PACKAGE_NAME "GNU OpenMP Runtime Library"
| #define PACKAGE_TARNAME "libgomp"
| #define PACKAGE_VERSION "1.0"
| #define PACKAGE_STRING "GNU OpenMP Runtime Library 1.0"
| #define PACKAGE_BUGREPORT ""
| #define PACKAGE_URL "http://www.gnu.org/software/libgomp/"
| #define PACKAGE "libgomp"
| #define VERSION "1.0"
| #define STDC_HEADERS 1
| #define HAVE_SYS_TYPES_H 1
| #define HAVE_SYS_STAT_H 1
| #define HAVE_STDLIB_H 1
| #define HAVE_STRING_H 1
| #define HAVE_MEMORY_H 1
| #define HAVE_STRINGS_H 1
| #define HAVE_INTTYPES_H 1
| #define HAVE_STDINT_H 1
| #define HAVE_UNISTD_H 1
| #define HAVE_DLFCN_H 1
| #define LT_OBJDIR ".libs/"
| #define STDC_HEADERS 1
| #define TIME_WITH_SYS_TIME 1
| #define STRING_WITH_STRINGS 1
| #define HAVE_UNISTD_H 1
| #define HAVE_SEMAPHORE_H 1
| #define HAVE_SYS_TIME_H 1
| #define HAVE_SYS_TIME_H 1
| #define HAVE_GETLOADAVG 1
| /* end confdefs.h.  */
| /* Define clock_gettime to an innocuous variant, in case <limits.h> declares clock_gettime.
|    For example, HP-UX 11i <limits.h> declares gettimeofday.  */
| #define clock_gettime innocuous_clock_gettime
| 
| /* System header to define __stub macros and hopefully few prototypes,
|     which can conflict with char clock_gettime (); below.
|     Prefer <limits.h> to <assert.h> if __STDC__ is defined, since
|     <limits.h> exists even on freestanding compilers.  */
| 
| #ifdef __STDC__
| # include <limits.h>
| #else
| # include <assert.h>
| #endif
| 
| #undef clock_gettime
| 
| /* Override any GCC internal prototype to avoid an error.
|    Use char because int might match the return type of a GCC
|    builtin and then its argument prototype would still apply.  */
| #ifdef __cplusplus
| extern "C"
| #endif
| char clock_gettime ();
| /* The GNU C library defines this for functions which it implements
|     to always fail with ENOSYS.  Some functions are actually named
|     something starting with __ and the normal name is an alias.  */
| #if defined __stub_clock_gettime || defined __stub___clock_gettime
| choke me
| #endif
| 
| int
| main ()
| {
| return clock_gettime ();
|   ;
|   return 0;
| }
configure:15032: result: no
configure:15032: checking for strtoull
configure:15032: /home/niranjan/labwork/gcc-4.5.1/objdir/./gcc/xgcc -B/home/niranjan/labwork/gcc-4.5.1/objdir/./gcc/ -B/home/niranjan/labwork/gcc-4.5.1/objdir/../installdir/i686-pc-linux-gnu/bin/ -B/home/niranjan/labwork/gcc-4.5.1/objdir/../installdir/i686-pc-linux-gnu/lib/ -isystem /home/niranjan/labwork/gcc-4.5.1/objdir/../installdir/i686-pc-linux-gnu/include -isystem /home/niranjan/labwork/gcc-4.5.1/objdir/../installdir/i686-pc-linux-gnu/sys-include    -o conftest -O2 -g -pthread   conftest.c  >&5
configure:15032: $? = 0
configure:15032: result: yes
configure:15089: /home/niranjan/labwork/gcc-4.5.1/objdir/./gcc/xgcc -B/home/niranjan/labwork/gcc-4.5.1/objdir/./gcc/ -B/home/niranjan/labwork/gcc-4.5.1/objdir/../installdir/i686-pc-linux-gnu/bin/ -B/home/niranjan/labwork/gcc-4.5.1/objdir/../installdir/i686-pc-linux-gnu/lib/ -isystem /home/niranjan/labwork/gcc-4.5.1/objdir/../installdir/i686-pc-linux-gnu/include -isystem /home/niranjan/labwork/gcc-4.5.1/objdir/../installdir/i686-pc-linux-gnu/sys-include    -o conftest -O2 -g -pthread   conftest.c  >&5
configure:15089: $? = 0
configure:15107: /home/niranjan/labwork/gcc-4.5.1/objdir/./gcc/xgcc -B/home/niranjan/labwork/gcc-4.5.1/objdir/./gcc/ -B/home/niranjan/labwork/gcc-4.5.1/objdir/../installdir/i686-pc-linux-gnu/bin/ -B/home/niranjan/labwork/gcc-4.5.1/objdir/../installdir/i686-pc-linux-gnu/lib/ -isystem /home/niranjan/labwork/gcc-4.5.1/objdir/../installdir/i686-pc-linux-gnu/include -isystem /home/niranjan/labwork/gcc-4.5.1/objdir/../installdir/i686-pc-linux-gnu/sys-include    -o conftest -O2 -g -pthread   conftest.c -lpthread  >&5
configure:15107: $? = 0
configure:15183: /home/niranjan/labwork/gcc-4.5.1/objdir/./gcc/xgcc -B/home/niranjan/labwork/gcc-4.5.1/objdir/./gcc/ -B/home/niranjan/labwork/gcc-4.5.1/objdir/../installdir/i686-pc-linux-gnu/bin/ -B/home/niranjan/labwork/gcc-4.5.1/objdir/../installdir/i686-pc-linux-gnu/lib/ -isystem /home/niranjan/labwork/gcc-4.5.1/objdir/../installdir/i686-pc-linux-gnu/include -isystem /home/niranjan/labwork/gcc-4.5.1/objdir/../installdir/i686-pc-linux-gnu/sys-include    -o conftest -O2 -g -pthread   conftest.c  >&5
configure:15183: $? = 0
configure:15194: checking for clock_gettime in -lrt
configure:15219: /home/niranjan/labwork/gcc-4.5.1/objdir/./gcc/xgcc -B/home/niranjan/labwork/gcc-4.5.1/objdir/./gcc/ -B/home/niranjan/labwork/gcc-4.5.1/objdir/../installdir/i686-pc-linux-gnu/bin/ -B/home/niranjan/labwork/gcc-4.5.1/objdir/../installdir/i686-pc-linux-gnu/lib/ -isystem /home/niranjan/labwork/gcc-4.5.1/objdir/../installdir/i686-pc-linux-gnu/include -isystem /home/niranjan/labwork/gcc-4.5.1/objdir/../installdir/i686-pc-linux-gnu/sys-include    -o conftest -O2 -g -pthread   conftest.c -lrt   >&5
configure:15219: $? = 0
configure:15228: result: yes
configure:15255: checking whether the target supports thread-local storage
configure:15310: /home/niranjan/labwork/gcc-4.5.1/objdir/./gcc/xgcc -B/home/niranjan/labwork/gcc-4.5.1/objdir/./gcc/ -B/home/niranjan/labwork/gcc-4.5.1/objdir/../installdir/i686-pc-linux-gnu/bin/ -B/home/niranjan/labwork/gcc-4.5.1/objdir/../installdir/i686-pc-linux-gnu/lib/ -isystem /home/niranjan/labwork/gcc-4.5.1/objdir/../installdir/i686-pc-linux-gnu/include -isystem /home/niranjan/labwork/gcc-4.5.1/objdir/../installdir/i686-pc-linux-gnu/sys-include    -o conftest -O2 -g -pthread   conftest.c -lrt  >&5
configure:15310: $? = 0
configure:15310: ./conftest
configure:15310: $? = 0
configure:15317: /home/niranjan/labwork/gcc-4.5.1/objdir/./gcc/xgcc -B/home/niranjan/labwork/gcc-4.5.1/objdir/./gcc/ -B/home/niranjan/labwork/gcc-4.5.1/objdir/../installdir/i686-pc-linux-gnu/bin/ -B/home/niranjan/labwork/gcc-4.5.1/objdir/../installdir/i686-pc-linux-gnu/lib/ -isystem /home/niranjan/labwork/gcc-4.5.1/objdir/../installdir/i686-pc-linux-gnu/include -isystem /home/niranjan/labwork/gcc-4.5.1/objdir/../installdir/i686-pc-linux-gnu/sys-include    -o conftest -O2 -g -pthread  -static  conftest.c -lrt  >&5
configure:15317: $? = 0
configure:15328: /home/niranjan/labwork/gcc-4.5.1/objdir/./gcc/xgcc -B/home/niranjan/labwork/gcc-4.5.1/objdir/./gcc/ -B/home/niranjan/labwork/gcc-4.5.1/objdir/../installdir/i686-pc-linux-gnu/bin/ -B/home/niranjan/labwork/gcc-4.5.1/objdir/../installdir/i686-pc-linux-gnu/lib/ -isystem /home/niranjan/labwork/gcc-4.5.1/objdir/../installdir/i686-pc-linux-gnu/include -isystem /home/niranjan/labwork/gcc-4.5.1/objdir/../installdir/i686-pc-linux-gnu/sys-include    -o conftest -O2 -g -pthread  -static  conftest.c -lrt  >&5
configure:15328: $? = 0
configure:15328: ./conftest
configure:15328: $? = 0
configure:15360: /home/niranjan/labwork/gcc-4.5.1/objdir/./gcc/xgcc -B/home/niranjan/labwork/gcc-4.5.1/objdir/./gcc/ -B/home/niranjan/labwork/gcc-4.5.1/objdir/../installdir/i686-pc-linux-gnu/bin/ -B/home/niranjan/labwork/gcc-4.5.1/objdir/../installdir/i686-pc-linux-gnu/lib/ -isystem /home/niranjan/labwork/gcc-4.5.1/objdir/../installdir/i686-pc-linux-gnu/include -isystem /home/niranjan/labwork/gcc-4.5.1/objdir/../installdir/i686-pc-linux-gnu/sys-include    -o conftest  -O2 -g -pthread   conftest.c -lrt  >&5
configure:15360: $? = 0
configure:15406: /home/niranjan/labwork/gcc-4.5.1/objdir/./gcc/xgcc -B/home/niranjan/labwork/gcc-4.5.1/objdir/./gcc/ -B/home/niranjan/labwork/gcc-4.5.1/objdir/../installdir/i686-pc-linux-gnu/bin/ -B/home/niranjan/labwork/gcc-4.5.1/objdir/../installdir/i686-pc-linux-gnu/lib/ -isystem /home/niranjan/labwork/gcc-4.5.1/objdir/../installdir/i686-pc-linux-gnu/include -isystem /home/niranjan/labwork/gcc-4.5.1/objdir/../installdir/i686-pc-linux-gnu/sys-include    -o conftest  -O2 -g -pthread   conftest.c -lrt  >&5
configure:15406: $? = 0
configure:15406: ./conftest
configure:15406: $? = 0
configure:15426: result: yes
configure:15436: checking whether the target supports hidden visibility
configure:15455: /home/niranjan/labwork/gcc-4.5.1/objdir/./gcc/xgcc -B/home/niranjan/labwork/gcc-4.5.1/objdir/./gcc/ -B/home/niranjan/labwork/gcc-4.5.1/objdir/../installdir/i686-pc-linux-gnu/bin/ -B/home/niranjan/labwork/gcc-4.5.1/objdir/../installdir/i686-pc-linux-gnu/lib/ -isystem /home/niranjan/labwork/gcc-4.5.1/objdir/../installdir/i686-pc-linux-gnu/include -isystem /home/niranjan/labwork/gcc-4.5.1/objdir/../installdir/i686-pc-linux-gnu/sys-include    -c -O2 -g -pthread -Werror  conftest.c >&5
configure:15455: $? = 0
configure:15463: result: yes
configure:15471: checking whether the target supports dllexport
configure:15490: /home/niranjan/labwork/gcc-4.5.1/objdir/./gcc/xgcc -B/home/niranjan/labwork/gcc-4.5.1/objdir/./gcc/ -B/home/niranjan/labwork/gcc-4.5.1/objdir/../installdir/i686-pc-linux-gnu/bin/ -B/home/niranjan/labwork/gcc-4.5.1/objdir/../installdir/i686-pc-linux-gnu/lib/ -isystem /home/niranjan/labwork/gcc-4.5.1/objdir/../installdir/i686-pc-linux-gnu/include -isystem /home/niranjan/labwork/gcc-4.5.1/objdir/../installdir/i686-pc-linux-gnu/sys-include    -c -O2 -g -pthread -Werror  conftest.c >&5
cc1: warnings being treated as errors
conftest.c:36:1: error: 'dllexport' attribute directive ignored
configure:15490: $? = 1
configure: failed program was:
| /* confdefs.h */
| #define PACKAGE_NAME "GNU OpenMP Runtime Library"
| #define PACKAGE_TARNAME "libgomp"
| #define PACKAGE_VERSION "1.0"
| #define PACKAGE_STRING "GNU OpenMP Runtime Library 1.0"
| #define PACKAGE_BUGREPORT ""
| #define PACKAGE_URL "http://www.gnu.org/software/libgomp/"
| #define PACKAGE "libgomp"
| #define VERSION "1.0"
| #define STDC_HEADERS 1
| #define HAVE_SYS_TYPES_H 1
| #define HAVE_SYS_STAT_H 1
| #define HAVE_STDLIB_H 1
| #define HAVE_STRING_H 1
| #define HAVE_MEMORY_H 1
| #define HAVE_STRINGS_H 1
| #define HAVE_INTTYPES_H 1
| #define HAVE_STDINT_H 1
| #define HAVE_UNISTD_H 1
| #define HAVE_DLFCN_H 1
| #define LT_OBJDIR ".libs/"
| #define STDC_HEADERS 1
| #define TIME_WITH_SYS_TIME 1
| #define STRING_WITH_STRINGS 1
| #define HAVE_UNISTD_H 1
| #define HAVE_SEMAPHORE_H 1
| #define HAVE_SYS_TIME_H 1
| #define HAVE_SYS_TIME_H 1
| #define HAVE_GETLOADAVG 1
| #define HAVE_STRTOULL 1
| #define HAVE_PTHREAD_AFFINITY_NP 1
| #define HAVE_CLOCK_GETTIME 1
| #define HAVE_TLS 1
| #define HAVE_ATTRIBUTE_VISIBILITY 1
| /* end confdefs.h.  */
| void __attribute__((dllexport)) foo(void) { }
| int
| main ()
| {
| 
|   ;
|   return 0;
| }
configure:15498: result: no
configure:15506: checking whether the target supports symbol aliases
configure:15525: /home/niranjan/labwork/gcc-4.5.1/objdir/./gcc/xgcc -B/home/niranjan/labwork/gcc-4.5.1/objdir/./gcc/ -B/home/niranjan/labwork/gcc-4.5.1/objdir/../installdir/i686-pc-linux-gnu/bin/ -B/home/niranjan/labwork/gcc-4.5.1/objdir/../installdir/i686-pc-linux-gnu/lib/ -isystem /home/niranjan/labwork/gcc-4.5.1/objdir/../installdir/i686-pc-linux-gnu/include -isystem /home/niranjan/labwork/gcc-4.5.1/objdir/../installdir/i686-pc-linux-gnu/sys-include    -o conftest -O2 -g -pthread   conftest.c -lrt  >&5
configure:15525: $? = 0
configure:15533: result: yes
configure:15552: checking for ld used by /home/niranjan/labwork/gcc-4.5.1/objdir/./gcc/xgcc -B/home/niranjan/labwork/gcc-4.5.1/objdir/./gcc/ -B/home/niranjan/labwork/gcc-4.5.1/objdir/../installdir/i686-pc-linux-gnu/bin/ -B/home/niranjan/labwork/gcc-4.5.1/objdir/../installdir/i686-pc-linux-gnu/lib/ -isystem /home/niranjan/labwork/gcc-4.5.1/objdir/../installdir/i686-pc-linux-gnu/include -isystem /home/niranjan/labwork/gcc-4.5.1/objdir/../installdir/i686-pc-linux-gnu/sys-include   
configure:15619: result: /home/niranjan/labwork/gcc-4.5.1/objdir/./gcc/collect-ld
configure:15626: checking if the linker (/home/niranjan/labwork/gcc-4.5.1/objdir/./gcc/collect-ld) is GNU ld
configure:15641: result: yes
configure:15778: checking for shared libgcc
configure:15793: /home/niranjan/labwork/gcc-4.5.1/objdir/./gcc/xgcc -B/home/niranjan/labwork/gcc-4.5.1/objdir/./gcc/ -B/home/niranjan/labwork/gcc-4.5.1/objdir/../installdir/i686-pc-linux-gnu/bin/ -B/home/niranjan/labwork/gcc-4.5.1/objdir/../installdir/i686-pc-linux-gnu/lib/ -isystem /home/niranjan/labwork/gcc-4.5.1/objdir/../installdir/i686-pc-linux-gnu/include -isystem /home/niranjan/labwork/gcc-4.5.1/objdir/../installdir/i686-pc-linux-gnu/sys-include    -o conftest  -lgcc_s   conftest.c -lrt  >&5
configure:15793: $? = 0
configure:15831: result: yes
configure:15886: checking whether the target supports .symver directive
configure:15903: /home/niranjan/labwork/gcc-4.5.1/objdir/./gcc/xgcc -B/home/niranjan/labwork/gcc-4.5.1/objdir/./gcc/ -B/home/niranjan/labwork/gcc-4.5.1/objdir/../installdir/i686-pc-linux-gnu/bin/ -B/home/niranjan/labwork/gcc-4.5.1/objdir/../installdir/i686-pc-linux-gnu/lib/ -isystem /home/niranjan/labwork/gcc-4.5.1/objdir/../installdir/i686-pc-linux-gnu/include -isystem /home/niranjan/labwork/gcc-4.5.1/objdir/../installdir/i686-pc-linux-gnu/sys-include    -c -O2 -g -pthread  conftest.c >&5
configure:15903: $? = 0
configure:15910: result: yes
configure:15926: versioning on shared library symbols is gnu
configure:15943: checking whether the target supports __sync_*_compare_and_swap
configure:15960: /home/niranjan/labwork/gcc-4.5.1/objdir/./gcc/xgcc -B/home/niranjan/labwork/gcc-4.5.1/objdir/./gcc/ -B/home/niranjan/labwork/gcc-4.5.1/objdir/../installdir/i686-pc-linux-gnu/bin/ -B/home/niranjan/labwork/gcc-4.5.1/objdir/../installdir/i686-pc-linux-gnu/lib/ -isystem /home/niranjan/labwork/gcc-4.5.1/objdir/../installdir/i686-pc-linux-gnu/include -isystem /home/niranjan/labwork/gcc-4.5.1/objdir/../installdir/i686-pc-linux-gnu/sys-include    -o conftest -O2 -g -pthread  -Wall -Werror -ftls-model=initial-exec -march=i486 -mtune=i686   conftest.c -lrt  >&5
configure:15960: $? = 0
configure:15968: result: yes
configure:16049: updating cache ./config.cache
configure:16097: /home/niranjan/labwork/gcc-4.5.1/objdir/./gcc/xgcc -B/home/niranjan/labwork/gcc-4.5.1/objdir/./gcc/ -B/home/niranjan/labwork/gcc-4.5.1/objdir/../installdir/i686-pc-linux-gnu/bin/ -B/home/niranjan/labwork/gcc-4.5.1/objdir/../installdir/i686-pc-linux-gnu/lib/ -isystem /home/niranjan/labwork/gcc-4.5.1/objdir/../installdir/i686-pc-linux-gnu/include -isystem /home/niranjan/labwork/gcc-4.5.1/objdir/../installdir/i686-pc-linux-gnu/sys-include    -o conftest -O2 -g -pthread -include confdefs.h -include ../../../libgomp/config/linux/omp-lock.h   conftest.c -lrt  >&5
configure:16097: $? = 0
configure:16097: ./conftest
configure:16097: $? = 0
configure:16104: /home/niranjan/labwork/gcc-4.5.1/objdir/./gcc/xgcc -B/home/niranjan/labwork/gcc-4.5.1/objdir/./gcc/ -B/home/niranjan/labwork/gcc-4.5.1/objdir/../installdir/i686-pc-linux-gnu/bin/ -B/home/niranjan/labwork/gcc-4.5.1/objdir/../installdir/i686-pc-linux-gnu/lib/ -isystem /home/niranjan/labwork/gcc-4.5.1/objdir/../installdir/i686-pc-linux-gnu/include -isystem /home/niranjan/labwork/gcc-4.5.1/objdir/../installdir/i686-pc-linux-gnu/sys-include    -o conftest -O2 -g -pthread -include confdefs.h -include ../../../libgomp/config/linux/omp-lock.h   conftest.c -lrt  >&5
configure:16104: $? = 0
configure:16104: ./conftest
configure:16104: $? = 0
configure:16109: /home/niranjan/labwork/gcc-4.5.1/objdir/./gcc/xgcc -B/home/niranjan/labwork/gcc-4.5.1/objdir/./gcc/ -B/home/niranjan/labwork/gcc-4.5.1/objdir/../installdir/i686-pc-linux-gnu/bin/ -B/home/niranjan/labwork/gcc-4.5.1/objdir/../installdir/i686-pc-linux-gnu/lib/ -isystem /home/niranjan/labwork/gcc-4.5.1/objdir/../installdir/i686-pc-linux-gnu/include -isystem /home/niranjan/labwork/gcc-4.5.1/objdir/../installdir/i686-pc-linux-gnu/sys-include    -o conftest -O2 -g -pthread -include confdefs.h -include ../../../libgomp/config/linux/omp-lock.h   conftest.c -lrt  >&5
configure:16109: $? = 0
configure:16109: ./conftest
configure:16109: $? = 0
configure:16114: /home/niranjan/labwork/gcc-4.5.1/objdir/./gcc/xgcc -B/home/niranjan/labwork/gcc-4.5.1/objdir/./gcc/ -B/home/niranjan/labwork/gcc-4.5.1/objdir/../installdir/i686-pc-linux-gnu/bin/ -B/home/niranjan/labwork/gcc-4.5.1/objdir/../installdir/i686-pc-linux-gnu/lib/ -isystem /home/niranjan/labwork/gcc-4.5.1/objdir/../installdir/i686-pc-linux-gnu/include -isystem /home/niranjan/labwork/gcc-4.5.1/objdir/../installdir/i686-pc-linux-gnu/sys-include    -o conftest -O2 -g -pthread -include confdefs.h -include ../../../libgomp/config/linux/omp-lock.h   conftest.c -lrt  >&5
configure:16114: $? = 0
configure:16114: ./conftest
configure:16114: $? = 0
configure:16119: /home/niranjan/labwork/gcc-4.5.1/objdir/./gcc/xgcc -B/home/niranjan/labwork/gcc-4.5.1/objdir/./gcc/ -B/home/niranjan/labwork/gcc-4.5.1/objdir/../installdir/i686-pc-linux-gnu/bin/ -B/home/niranjan/labwork/gcc-4.5.1/objdir/../installdir/i686-pc-linux-gnu/lib/ -isystem /home/niranjan/labwork/gcc-4.5.1/objdir/../installdir/i686-pc-linux-gnu/include -isystem /home/niranjan/labwork/gcc-4.5.1/objdir/../installdir/i686-pc-linux-gnu/sys-include    -o conftest -O2 -g -pthread -include confdefs.h -include ../../../libgomp/config/linux/omp-lock.h   conftest.c -lrt  >&5
configure:16119: $? = 0
configure:16119: ./conftest
configure:16119: $? = 0
configure:16126: /home/niranjan/labwork/gcc-4.5.1/objdir/./gcc/xgcc -B/home/niranjan/labwork/gcc-4.5.1/objdir/./gcc/ -B/home/niranjan/labwork/gcc-4.5.1/objdir/../installdir/i686-pc-linux-gnu/bin/ -B/home/niranjan/labwork/gcc-4.5.1/objdir/../installdir/i686-pc-linux-gnu/lib/ -isystem /home/niranjan/labwork/gcc-4.5.1/objdir/../installdir/i686-pc-linux-gnu/include -isystem /home/niranjan/labwork/gcc-4.5.1/objdir/../installdir/i686-pc-linux-gnu/sys-include    -o conftest -O2 -g -pthread -include confdefs.h -include ../../../libgomp/config/linux/omp-lock.h   conftest.c -lrt  >&5
configure:16126: $? = 0
configure:16126: ./conftest
configure:16126: $? = 0
configure:16131: /home/niranjan/labwork/gcc-4.5.1/objdir/./gcc/xgcc -B/home/niranjan/labwork/gcc-4.5.1/objdir/./gcc/ -B/home/niranjan/labwork/gcc-4.5.1/objdir/../installdir/i686-pc-linux-gnu/bin/ -B/home/niranjan/labwork/gcc-4.5.1/objdir/../installdir/i686-pc-linux-gnu/lib/ -isystem /home/niranjan/labwork/gcc-4.5.1/objdir/../installdir/i686-pc-linux-gnu/include -isystem /home/niranjan/labwork/gcc-4.5.1/objdir/../installdir/i686-pc-linux-gnu/sys-include    -o conftest -O2 -g -pthread -include confdefs.h -include ../../../libgomp/config/linux/omp-lock.h   conftest.c -lrt  >&5
configure:16131: $? = 0
configure:16131: ./conftest
configure:16131: $? = 0
configure:16136: /home/niranjan/labwork/gcc-4.5.1/objdir/./gcc/xgcc -B/home/niranjan/labwork/gcc-4.5.1/objdir/./gcc/ -B/home/niranjan/labwork/gcc-4.5.1/objdir/../installdir/i686-pc-linux-gnu/bin/ -B/home/niranjan/labwork/gcc-4.5.1/objdir/../installdir/i686-pc-linux-gnu/lib/ -isystem /home/niranjan/labwork/gcc-4.5.1/objdir/../installdir/i686-pc-linux-gnu/include -isystem /home/niranjan/labwork/gcc-4.5.1/objdir/../installdir/i686-pc-linux-gnu/sys-include    -o conftest -O2 -g -pthread -include confdefs.h -include ../../../libgomp/config/linux/omp-lock.h   conftest.c -lrt  >&5
configure:16136: $? = 0
configure:16136: ./conftest
configure:16136: $? = 0
configure:16320: creating ./config.status

## ---------------------- ##
## Running config.status. ##
## ---------------------- ##

This file was extended by GNU OpenMP Runtime Library config.status 1.0, which was
generated by GNU Autoconf 2.64.  Invocation command line was

  CONFIG_FILES    = 
  CONFIG_HEADERS  = 
  CONFIG_LINKS    = 
  CONFIG_COMMANDS = 
  $ ./config.status 

on niranjan-seagate

config.status:1225: creating omp.h
config.status:1225: creating omp_lib.h
config.status:1225: creating omp_lib.f90
config.status:1225: creating libgomp_f.h
config.status:1225: creating Makefile
config.status:1225: creating testsuite/Makefile
config.status:1225: creating libgomp.spec
config.status:1225: creating config.h
config.status:1438: executing default-1 commands
config.status:1438: executing depfiles commands
config.status:1438: executing libtool commands
config.status:1438: executing gstdint.h commands

## ---------------- ##
## Cache variables. ##
## ---------------- ##

ac_cv_build=i686-pc-linux-gnu
ac_cv_c_compiler_gnu=yes
ac_cv_env_CPPFLAGS_set=set
ac_cv_env_CPPFLAGS_value=
ac_cv_env_CPP_set=
ac_cv_env_CPP_value=
ac_cv_env_FCFLAGS_set=
ac_cv_env_FCFLAGS_value=
ac_cv_env_FC_set=
ac_cv_env_FC_value=
ac_cv_env_LDFLAGS_set=set
ac_cv_env_LDFLAGS_value=
ac_cv_env_LIBS_set=
ac_cv_env_LIBS_value=
ac_cv_env_build_alias_set=set
ac_cv_env_build_alias_value=i686-pc-linux-gnu
ac_cv_env_host_alias_set=set
ac_cv_env_host_alias_value=i686-pc-linux-gnu
ac_cv_env_target_alias_set=set
ac_cv_env_target_alias_value=i686-pc-linux-gnu
ac_cv_fc_compiler_gnu=no
ac_cv_func_clock_gettime=no
ac_cv_func_getloadavg=yes
ac_cv_func_strtoull=yes
ac_cv_header_dlfcn_h=yes
ac_cv_header_inttypes_h=yes
ac_cv_header_memory_h=yes
ac_cv_header_semaphore_h=yes
ac_cv_header_stdc=yes
ac_cv_header_stdint_h=yes
ac_cv_header_stdlib_h=yes
ac_cv_header_string_h=yes
ac_cv_header_strings_h=yes
ac_cv_header_sys_loadavg_h=no
ac_cv_header_sys_stat_h=yes
ac_cv_header_sys_time_h=yes
ac_cv_header_sys_types_h=yes
ac_cv_header_time=yes
ac_cv_header_unistd_h=yes
ac_cv_host=i686-pc-linux-gnu
ac_cv_lib_rt_clock_gettime=yes
ac_cv_objext=o
ac_cv_path_EGREP='/bin/grep -E'
ac_cv_path_FGREP='/bin/grep -F'
ac_cv_path_GREP=/bin/grep
ac_cv_path_PERL=/usr/bin/perl
ac_cv_path_SED=/bin/sed
ac_cv_path_mkdir=/bin/mkdir
ac_cv_prog_AR=ar
ac_cv_prog_AWK=gawk
ac_cv_prog_CC='/home/niranjan/labwork/gcc-4.5.1/objdir/./gcc/xgcc -B/home/niranjan/labwork/gcc-4.5.1/objdir/./gcc/ -B/home/niranjan/labwork/gcc-4.5.1/objdir/../installdir/i686-pc-linux-gnu/bin/ -B/home/niranjan/labwork/gcc-4.5.1/objdir/../installdir/i686-pc-linux-gnu/lib/ -isystem /home/niranjan/labwork/gcc-4.5.1/objdir/../installdir/i686-pc-linux-gnu/include -isystem /home/niranjan/labwork/gcc-4.5.1/objdir/../installdir/i686-pc-linux-gnu/sys-include   '
ac_cv_prog_CPP='/home/niranjan/labwork/gcc-4.5.1/objdir/./gcc/xgcc -B/home/niranjan/labwork/gcc-4.5.1/objdir/./gcc/ -B/home/niranjan/labwork/gcc-4.5.1/objdir/../installdir/i686-pc-linux-gnu/bin/ -B/home/niranjan/labwork/gcc-4.5.1/objdir/../installdir/i686-pc-linux-gnu/lib/ -isystem /home/niranjan/labwork/gcc-4.5.1/objdir/../installdir/i686-pc-linux-gnu/include -isystem /home/niranjan/labwork/gcc-4.5.1/objdir/../installdir/i686-pc-linux-gnu/sys-include    -E'
ac_cv_prog_FC=no
ac_cv_prog_MAKEINFO='/home/niranjan/labwork/gcc-4.5.1/missing makeinfo --split-size=5000000'
ac_cv_prog_OBJDUMP=objdump
ac_cv_prog_RANLIB=ranlib
ac_cv_prog_STRIP=strip
ac_cv_prog_cc_c89=
ac_cv_prog_cc_g=yes
ac_cv_prog_fc_g=no
ac_cv_prog_make_make_set=yes
ac_cv_target=i686-pc-linux-gnu
ac_cv_type_int_fast32_t=yes
ac_cv_type_int_least32_t=yes
ac_cv_type_u_int64_t=no
ac_cv_type_uint64_t=yes
ac_cv_type_uintmax_t=yes
ac_cv_type_uintptr_t=yes
acx_cv_header_stdint=stdint.h
acx_cv_header_stdint_kind='(already complete)'
am_cv_CC_dependencies_compiler_type=gcc3
gcc_cv_have_tls=yes
gcc_cv_header_string=yes
gcc_cv_prog_makeinfo_modern=no
libgomp_cv_have_as_symver_directive=yes
libgomp_cv_have_attribute_alias=yes
libgomp_cv_have_attribute_dllexport=no
libgomp_cv_have_attribute_visibility=yes
libgomp_cv_have_sync_builtins=yes
lt_cv_archive_cmds_need_lc=no
lt_cv_deplibs_check_method=pass_all
lt_cv_file_magic_cmd='$MAGIC_CMD'
lt_cv_file_magic_test_file=
lt_cv_ld_reload_flag=-r
lt_cv_nm_interface='BSD nm'
lt_cv_objdir=.libs
lt_cv_path_LD=/home/niranjan/labwork/gcc-4.5.1/objdir/./gcc/collect-ld
lt_cv_path_NM=/home/niranjan/labwork/gcc-4.5.1/objdir/./gcc/nm
lt_cv_prog_compiler_c_o=yes
lt_cv_prog_compiler_pic_works=yes
lt_cv_prog_compiler_rtti_exceptions=no
lt_cv_prog_compiler_static_works=yes
lt_cv_prog_gnu_ld=yes
lt_cv_shlibpath_overrides_runpath=no
lt_cv_sys_global_symbol_pipe='sed -n -e '\''s/^.*[	 ]\([ABCDGIRSTW][ABCDGIRSTW]*\)[	 ][	 ]*\([_A-Za-z][_A-Za-z0-9]*\)$/\1 \2 \2/p'\'''
lt_cv_sys_global_symbol_to_c_name_address='sed -n -e '\''s/^: \([^ ]*\) $/  {\"\1\", (void *) 0},/p'\'' -e '\''s/^[ABCDGIRSTW]* \([^ ]*\) \([^ ]*\)$/  {"\2", (void *) \&\2},/p'\'''
lt_cv_sys_global_symbol_to_c_name_address_lib_prefix='sed -n -e '\''s/^: \([^ ]*\) $/  {\"\1\", (void *) 0},/p'\'' -e '\''s/^[ABCDGIRSTW]* \([^ ]*\) \(lib[^ ]*\)$/  {"\2", (void *) \&\2},/p'\'' -e '\''s/^[ABCDGIRSTW]* \([^ ]*\) \([^ ]*\)$/  {"lib\2", (void *) \&\2},/p'\'''
lt_cv_sys_global_symbol_to_cdecl='sed -n -e '\''s/^T .* \(.*\)$/extern int \1();/p'\'' -e '\''s/^[ABCDGIRSTW]* .* \(.*\)$/extern char \1;/p'\'''
lt_cv_sys_max_cmd_len=805306365

## ----------------- ##
## Output variables. ##
## ----------------- ##

ACLOCAL='${SHELL} /home/niranjan/labwork/gcc-4.5.1/missing --run aclocal-1.11'
AMDEPBACKSLASH='\'
AMDEP_FALSE='#'
AMDEP_TRUE=''
AMTAR='${SHELL} /home/niranjan/labwork/gcc-4.5.1/missing --run tar'
AR='ar'
AUTOCONF='${SHELL} /home/niranjan/labwork/gcc-4.5.1/missing --run autoconf'
AUTOHEADER='${SHELL} /home/niranjan/labwork/gcc-4.5.1/missing --run autoheader'
AUTOMAKE='${SHELL} /home/niranjan/labwork/gcc-4.5.1/missing --run automake-1.11'
AWK='gawk'
BUILD_INFO_FALSE=''
BUILD_INFO_TRUE='#'
CC='/home/niranjan/labwork/gcc-4.5.1/objdir/./gcc/xgcc -B/home/niranjan/labwork/gcc-4.5.1/objdir/./gcc/ -B/home/niranjan/labwork/gcc-4.5.1/objdir/../installdir/i686-pc-linux-gnu/bin/ -B/home/niranjan/labwork/gcc-4.5.1/objdir/../installdir/i686-pc-linux-gnu/lib/ -isystem /home/niranjan/labwork/gcc-4.5.1/objdir/../installdir/i686-pc-linux-gnu/include -isystem /home/niranjan/labwork/gcc-4.5.1/objdir/../installdir/i686-pc-linux-gnu/sys-include   '
CCDEPMODE='depmode=gcc3'
CFLAGS='-O2 -g -pthread'
CPP='/home/niranjan/labwork/gcc-4.5.1/objdir/./gcc/xgcc -B/home/niranjan/labwork/gcc-4.5.1/objdir/./gcc/ -B/home/niranjan/labwork/gcc-4.5.1/objdir/../installdir/i686-pc-linux-gnu/bin/ -B/home/niranjan/labwork/gcc-4.5.1/objdir/../installdir/i686-pc-linux-gnu/lib/ -isystem /home/niranjan/labwork/gcc-4.5.1/objdir/../installdir/i686-pc-linux-gnu/include -isystem /home/niranjan/labwork/gcc-4.5.1/objdir/../installdir/i686-pc-linux-gnu/sys-include    -E'
CPPFLAGS=''
CYGPATH_W='echo'
DEFS='-DHAVE_CONFIG_H'
DEPDIR='.deps'
DSYMUTIL=''
DUMPBIN=''
ECHO_C=''
ECHO_N='-n'
ECHO_T=''
EGREP='/bin/grep -E'
EXEEXT=''
FC='no'
FCFLAGS=' -Wall'
FGREP='/bin/grep -F'
GENINSRC_FALSE=''
GENINSRC_TRUE='#'
GREP='/bin/grep'
INSTALL_DATA='/usr/bin/install -c -m 644'
INSTALL_PROGRAM='/usr/bin/install -c'
INSTALL_SCRIPT='/usr/bin/install -c'
INSTALL_STRIP_PROGRAM='$(install_sh) -c -s'
LD='/home/niranjan/labwork/gcc-4.5.1/objdir/./gcc/collect-ld'
LDFLAGS=''
LIBGOMP_BUILD_VERSIONED_SHLIB_FALSE='#'
LIBGOMP_BUILD_VERSIONED_SHLIB_TRUE=''
LIBOBJS=''
LIBS='-lrt '
LIBTOOL='$(SHELL) $(top_builddir)/libtool'
LIPO='lipo'
LN_S='ln -s'
LTLIBOBJS=''
MAINT='#'
MAINTAINER_MODE_FALSE=''
MAINTAINER_MODE_TRUE='#'
MAKEINFO='/bin/bash ../../../libgomp/../missing makeinfo'
MKDIR_P='/bin/mkdir -p'
NM='/home/niranjan/labwork/gcc-4.5.1/objdir/./gcc/nm'
NMEDIT=''
OBJDUMP='objdump'
OBJEXT='o'
OMP_LOCK_25_ALIGN='4'
OMP_LOCK_25_KIND='4'
OMP_LOCK_25_SIZE='4'
OMP_LOCK_ALIGN='4'
OMP_LOCK_KIND='4'
OMP_LOCK_SIZE='4'
OMP_NEST_LOCK_25_ALIGN='4'
OMP_NEST_LOCK_25_KIND='8'
OMP_NEST_LOCK_25_SIZE='8'
OMP_NEST_LOCK_ALIGN='4'
OMP_NEST_LOCK_KIND='8'
OMP_NEST_LOCK_SIZE='12'
OPT_LDFLAGS='-Wl,-O1 '
OTOOL64=''
OTOOL=''
PACKAGE='libgomp'
PACKAGE_BUGREPORT=''
PACKAGE_NAME='GNU OpenMP Runtime Library'
PACKAGE_STRING='GNU OpenMP Runtime Library 1.0'
PACKAGE_TARNAME='libgomp'
PACKAGE_URL='http://www.gnu.org/software/libgomp/'
PACKAGE_VERSION='1.0'
PATH_SEPARATOR=':'
PERL='/usr/bin/perl'
RANLIB='ranlib'
SECTION_LDFLAGS=''
SED='/bin/sed'
SET_MAKE=''
SHELL='/bin/bash'
STRIP='strip'
USE_FORTRAN_FALSE=''
USE_FORTRAN_TRUE='#'
VERSION='1.0'
XCFLAGS=' -Wall -Werror -ftls-model=initial-exec -march=i486 -mtune=i686 -Wc,-pthread'
XLDFLAGS=''
ac_ct_CC=''
ac_ct_DUMPBIN=''
ac_ct_FC=''
am__EXEEXT_FALSE=''
am__EXEEXT_TRUE='#'
am__fastdepCC_FALSE='#'
am__fastdepCC_TRUE=''
am__include='include'
am__isrc=' -I$(srcdir)'
am__leading_dot='.'
am__quote=''
am__tar='${AMTAR} chof - "$$tardir"'
am__untar='${AMTAR} xf -'
bindir='${exec_prefix}/bin'
build='i686-pc-linux-gnu'
build_alias='i686-pc-linux-gnu'
build_cpu='i686'
build_os='linux-gnu'
build_vendor='pc'
config_path='linux/x86 linux posix'
datadir='${datarootdir}'
datarootdir='${prefix}/share'
docdir='${datarootdir}/doc/${PACKAGE_TARNAME}'
dvidir='${docdir}'
enable_shared='yes'
enable_static='yes'
exec_prefix='${prefix}'
host='i686-pc-linux-gnu'
host_alias='i686-pc-linux-gnu'
host_cpu='i686'
host_os='linux-gnu'
host_vendor='pc'
htmldir='${docdir}'
includedir='${prefix}/include'
infodir='${datarootdir}/info'
install_sh='${SHELL} /home/niranjan/labwork/gcc-4.5.1/install-sh'
libdir='${exec_prefix}/lib'
libexecdir='${exec_prefix}/libexec'
libtool_VERSION='1:0:0'
link_gomp='-lgomp %{static: -lrt }'
localedir='${datarootdir}/locale'
localstatedir='${prefix}/var'
mandir='${datarootdir}/man'
mkdir_p='/bin/mkdir -p'
multi_basedir='../../../libgomp/..'
oldincludedir='/usr/include'
pdfdir='${docdir}'
prefix='/home/niranjan/labwork/gcc-4.5.1/objdir/../installdir'
program_transform_name='s,y,y,'
psdir='${docdir}'
sbindir='${exec_prefix}/sbin'
sharedstatedir='${prefix}/com'
sysconfdir='${prefix}/etc'
target='i686-pc-linux-gnu'
target_alias='i686-pc-linux-gnu'
target_cpu='i686'
target_os='linux-gnu'
target_vendor='pc'
toolexecdir='$(libdir)/gcc-lib/$(target_alias)'
toolexeclibdir='$(libdir)'

## ----------- ##
## confdefs.h. ##
## ----------- ##

/* confdefs.h */
#define PACKAGE_NAME "GNU OpenMP Runtime Library"
#define PACKAGE_TARNAME "libgomp"
#define PACKAGE_VERSION "1.0"
#define PACKAGE_STRING "GNU OpenMP Runtime Library 1.0"
#define PACKAGE_BUGREPORT ""
#define PACKAGE_URL "http://www.gnu.org/software/libgomp/"
#define PACKAGE "libgomp"
#define VERSION "1.0"
#define STDC_HEADERS 1
#define HAVE_SYS_TYPES_H 1
#define HAVE_SYS_STAT_H 1
#define HAVE_STDLIB_H 1
#define HAVE_STRING_H 1
#define HAVE_MEMORY_H 1
#define HAVE_STRINGS_H 1
#define HAVE_INTTYPES_H 1
#define HAVE_STDINT_H 1
#define HAVE_UNISTD_H 1
#define HAVE_DLFCN_H 1
#define LT_OBJDIR ".libs/"
#define STDC_HEADERS 1
#define TIME_WITH_SYS_TIME 1
#define STRING_WITH_STRINGS 1
#define HAVE_UNISTD_H 1
#define HAVE_SEMAPHORE_H 1
#define HAVE_SYS_TIME_H 1
#define HAVE_SYS_TIME_H 1
#define HAVE_GETLOADAVG 1
#define HAVE_STRTOULL 1
#define HAVE_PTHREAD_AFFINITY_NP 1
#define HAVE_CLOCK_GETTIME 1
#define HAVE_TLS 1
#define HAVE_ATTRIBUTE_VISIBILITY 1
#define HAVE_ATTRIBUTE_ALIAS 1
#define HAVE_AS_SYMVER_DIRECTIVE 1
#define LIBGOMP_GNU_SYMBOL_VERSIONING 1
#define HAVE_SYNC_BUILTINS 1

configure: exit 0
