This file contains any messages produced by compilers while
running configure, to aid debugging if configure makes a mistake.

It was created by configure, which was
generated by GNU Autoconf 2.59.  Invocation command line was

  $ ./configure --with-ppl=/media/work_stonybrook/labwork/gcc-4.5.1/cloog-ppl/../ppl-0.10/installdir --with-gmp=/media/work_stonybrook/labwork/gcc-4.5.1/cloog-ppl/../gmp --prefix=/media/work_stonybrook/labwork/gcc-4.5.1/cloog-ppl/installdir --without-cloog --with-bits=32

## --------- ##
## Platform. ##
## --------- ##

hostname = niranjan-laptop
uname -m = i686
uname -r = 2.6.28-19-generic
uname -s = Linux
uname -v = #66-Ubuntu SMP Sat Oct 16 17:39:04 UTC 2010

/usr/bin/uname -p = unknown
/bin/uname -X     = unknown

/bin/arch              = unknown
/usr/bin/arch -k       = unknown
/usr/convex/getsysinfo = unknown
hostinfo               = unknown
/bin/machine           = unknown
/usr/bin/oslevel       = unknown
/bin/universe          = unknown

PATH: /usr/local/sbin
PATH: /usr/local/bin
PATH: /usr/sbin
PATH: /usr/bin
PATH: /sbin
PATH: /bin
PATH: /usr/games


## ----------- ##
## Core tests. ##
## ----------- ##

configure:1548: checking for a BSD-compatible install
configure:1603: result: /usr/bin/install -c
configure:1614: checking whether build environment is sane
configure:1657: result: yes
configure:1690: checking for gawk
configure:1706: found /usr/bin/gawk
configure:1716: result: gawk
configure:1726: checking whether make sets $(MAKE)
configure:1746: result: yes
configure:1987: checking for gcc
configure:2003: found /usr/bin/gcc
configure:2013: result: gcc
configure:2257: checking for C compiler version
configure:2260: gcc --version </dev/null >&5
gcc (Ubuntu 4.3.3-5ubuntu4) 4.3.3
Copyright (C) 2008 Free Software Foundation, Inc.
This is free software; see the source for copying conditions.  There is NO
warranty; not even for MERCHANTABILITY or FITNESS FOR A PARTICULAR PURPOSE.

configure:2263: $? = 0
configure:2265: gcc -v </dev/null >&5
Using built-in specs.
Target: i486-linux-gnu
Configured with: ../src/configure -v --with-pkgversion='Ubuntu 4.3.3-5ubuntu4' --with-bugurl=file:///usr/share/doc/gcc-4.3/README.Bugs --enable-languages=c,c++,fortran,objc,obj-c++ --prefix=/usr --enable-shared --with-system-zlib --libexecdir=/usr/lib --without-included-gettext --enable-threads=posix --enable-nls --with-gxx-include-dir=/usr/include/c++/4.3 --program-suffix=-4.3 --enable-clocale=gnu --enable-libstdcxx-debug --enable-objc-gc --enable-mpfr --enable-targets=all --with-tune=generic --enable-checking=release --build=i486-linux-gnu --host=i486-linux-gnu --target=i486-linux-gnu
Thread model: posix
gcc version 4.3.3 (Ubuntu 4.3.3-5ubuntu4) 
configure:2268: $? = 0
configure:2270: gcc -V </dev/null >&5
gcc: '-V' option must have argument
configure:2273: $? = 1
configure:2296: checking for C compiler default output file name
configure:2299: gcc    conftest.c  >&5
configure:2302: $? = 0
configure:2348: result: a.out
configure:2353: checking whether the C compiler works
configure:2359: ./a.out
configure:2362: $? = 0
configure:2379: result: yes
configure:2386: checking whether we are cross compiling
configure:2388: result: no
configure:2391: checking for suffix of executables
configure:2393: gcc -o conftest    conftest.c  >&5
configure:2396: $? = 0
configure:2421: result: 
configure:2427: checking for suffix of object files
configure:2448: gcc -c   conftest.c >&5
configure:2451: $? = 0
configure:2473: result: o
configure:2477: checking whether we are using the GNU C compiler
configure:2501: gcc -c   conftest.c >&5
configure:2507: $? = 0
configure:2511: test -z 
			 || test ! -s conftest.err
configure:2514: $? = 0
configure:2517: test -s conftest.o
configure:2520: $? = 0
configure:2533: result: yes
configure:2539: checking whether gcc accepts -g
configure:2560: gcc -c -g  conftest.c >&5
configure:2566: $? = 0
configure:2570: test -z 
			 || test ! -s conftest.err
configure:2573: $? = 0
configure:2576: test -s conftest.o
configure:2579: $? = 0
configure:2590: result: yes
configure:2607: checking for gcc option to accept ANSI C
configure:2677: gcc  -c -g -O2  conftest.c >&5
configure:2683: $? = 0
configure:2687: test -z 
			 || test ! -s conftest.err
configure:2690: $? = 0
configure:2693: test -s conftest.o
configure:2696: $? = 0
configure:2714: result: none needed
configure:2732: gcc -c -g -O2  conftest.c >&5
conftest.c:2: error: expected '=', ',', ';', 'asm' or '__attribute__' before 'me'
configure:2738: $? = 1
configure: failed program was:
| #ifndef __cplusplus
|   choke me
| #endif
configure:2882: checking for style of include used by make
configure:2910: result: GNU
configure:2938: checking dependency style of gcc
configure:3021: result: gcc3
configure:3038: checking whether ln -s works
configure:3042: result: yes
configure:3049: checking whether make sets $(MAKE)
configure:3069: result: yes
configure:3080: checking for cd
configure:3109: result: no
configure:3126: checking for a BSD-compatible install
configure:3181: result: /usr/bin/install -c
configure:3270: checking build system type
configure:3288: result: i686-pc-linux-gnu
configure:3296: checking host system type
configure:3310: result: i686-pc-linux-gnu
configure:3318: checking for a sed that does not truncate output
configure:3374: result: /bin/sed
configure:3377: checking for egrep
configure:3387: result: grep -E
configure:3403: checking for ld used by gcc
configure:3470: result: /usr/bin/ld
configure:3479: checking if the linker (/usr/bin/ld) is GNU ld
configure:3494: result: yes
configure:3499: checking for /usr/bin/ld option to reload object files
configure:3506: result: -r
configure:3524: checking for BSD-compatible nm
configure:3573: result: /usr/bin/nm -B
configure:3577: checking how to recognize dependent libraries
configure:3763: result: pass_all
configure:4011: checking how to run the C preprocessor
configure:4046: gcc -E  conftest.c
configure:4052: $? = 0
configure:4084: gcc -E  conftest.c
conftest.c:11:28: error: ac_nonexistent.h: No such file or directory
configure:4090: $? = 1
configure: failed program was:
| /* confdefs.h.  */
| 
| #define PACKAGE_NAME ""
| #define PACKAGE_TARNAME ""
| #define PACKAGE_VERSION ""
| #define PACKAGE_STRING ""
| #define PACKAGE_BUGREPORT ""
| #define PACKAGE "cloog"
| #define VERSION "0.15"
| /* end confdefs.h.  */
| #include <ac_nonexistent.h>
configure:4129: result: gcc -E
configure:4153: gcc -E  conftest.c
configure:4159: $? = 0
configure:4191: gcc -E  conftest.c
conftest.c:11:28: error: ac_nonexistent.h: No such file or directory
configure:4197: $? = 1
configure: failed program was:
| /* confdefs.h.  */
| 
| #define PACKAGE_NAME ""
| #define PACKAGE_TARNAME ""
| #define PACKAGE_VERSION ""
| #define PACKAGE_STRING ""
| #define PACKAGE_BUGREPORT ""
| #define PACKAGE "cloog"
| #define VERSION "0.15"
| /* end confdefs.h.  */
| #include <ac_nonexistent.h>
configure:4241: checking for ANSI C header files
configure:4266: gcc -c -g -O2  conftest.c >&5
configure:4272: $? = 0
configure:4276: test -z 
			 || test ! -s conftest.err
configure:4279: $? = 0
configure:4282: test -s conftest.o
configure:4285: $? = 0
configure:4374: gcc -o conftest -g -O2   conftest.c  >&5
conftest.c: In function 'main':
conftest.c:28: warning: incompatible implicit declaration of built-in function 'exit'
configure:4377: $? = 0
configure:4379: ./conftest
configure:4382: $? = 0
configure:4397: result: yes
configure:4421: checking for sys/types.h
configure:4437: gcc -c -g -O2  conftest.c >&5
configure:4443: $? = 0
configure:4447: test -z 
			 || test ! -s conftest.err
configure:4450: $? = 0
configure:4453: test -s conftest.o
configure:4456: $? = 0
configure:4467: result: yes
configure:4421: checking for sys/stat.h
configure:4437: gcc -c -g -O2  conftest.c >&5
configure:4443: $? = 0
configure:4447: test -z 
			 || test ! -s conftest.err
configure:4450: $? = 0
configure:4453: test -s conftest.o
configure:4456: $? = 0
configure:4467: result: yes
configure:4421: checking for stdlib.h
configure:4437: gcc -c -g -O2  conftest.c >&5
configure:4443: $? = 0
configure:4447: test -z 
			 || test ! -s conftest.err
configure:4450: $? = 0
configure:4453: test -s conftest.o
configure:4456: $? = 0
configure:4467: result: yes
configure:4421: checking for string.h
configure:4437: gcc -c -g -O2  conftest.c >&5
configure:4443: $? = 0
configure:4447: test -z 
			 || test ! -s conftest.err
configure:4450: $? = 0
configure:4453: test -s conftest.o
configure:4456: $? = 0
configure:4467: result: yes
configure:4421: checking for memory.h
configure:4437: gcc -c -g -O2  conftest.c >&5
configure:4443: $? = 0
configure:4447: test -z 
			 || test ! -s conftest.err
configure:4450: $? = 0
configure:4453: test -s conftest.o
configure:4456: $? = 0
configure:4467: result: yes
configure:4421: checking for strings.h
configure:4437: gcc -c -g -O2  conftest.c >&5
configure:4443: $? = 0
configure:4447: test -z 
			 || test ! -s conftest.err
configure:4450: $? = 0
configure:4453: test -s conftest.o
configure:4456: $? = 0
configure:4467: result: yes
configure:4421: checking for inttypes.h
configure:4437: gcc -c -g -O2  conftest.c >&5
configure:4443: $? = 0
configure:4447: test -z 
			 || test ! -s conftest.err
configure:4450: $? = 0
configure:4453: test -s conftest.o
configure:4456: $? = 0
configure:4467: result: yes
configure:4421: checking for stdint.h
configure:4437: gcc -c -g -O2  conftest.c >&5
configure:4443: $? = 0
configure:4447: test -z 
			 || test ! -s conftest.err
configure:4450: $? = 0
configure:4453: test -s conftest.o
configure:4456: $? = 0
configure:4467: result: yes
configure:4421: checking for unistd.h
configure:4437: gcc -c -g -O2  conftest.c >&5
configure:4443: $? = 0
configure:4447: test -z 
			 || test ! -s conftest.err
configure:4450: $? = 0
configure:4453: test -s conftest.o
configure:4456: $? = 0
configure:4467: result: yes
configure:4493: checking dlfcn.h usability
configure:4505: gcc -c -g -O2  conftest.c >&5
configure:4511: $? = 0
configure:4515: test -z 
			 || test ! -s conftest.err
configure:4518: $? = 0
configure:4521: test -s conftest.o
configure:4524: $? = 0
configure:4534: result: yes
configure:4538: checking dlfcn.h presence
configure:4548: gcc -E  conftest.c
configure:4554: $? = 0
configure:4574: result: yes
configure:4609: checking for dlfcn.h
configure:4616: result: yes
configure:4681: checking for g++
configure:4697: found /usr/bin/g++
configure:4707: result: g++
configure:4723: checking for C++ compiler version
configure:4726: g++ --version </dev/null >&5
g++ (Ubuntu 4.3.3-5ubuntu4) 4.3.3
Copyright (C) 2008 Free Software Foundation, Inc.
This is free software; see the source for copying conditions.  There is NO
warranty; not even for MERCHANTABILITY or FITNESS FOR A PARTICULAR PURPOSE.

configure:4729: $? = 0
configure:4731: g++ -v </dev/null >&5
Using built-in specs.
Target: i486-linux-gnu
Configured with: ../src/configure -v --with-pkgversion='Ubuntu 4.3.3-5ubuntu4' --with-bugurl=file:///usr/share/doc/gcc-4.3/README.Bugs --enable-languages=c,c++,fortran,objc,obj-c++ --prefix=/usr --enable-shared --with-system-zlib --libexecdir=/usr/lib --without-included-gettext --enable-threads=posix --enable-nls --with-gxx-include-dir=/usr/include/c++/4.3 --program-suffix=-4.3 --enable-clocale=gnu --enable-libstdcxx-debug --enable-objc-gc --enable-mpfr --enable-targets=all --with-tune=generic --enable-checking=release --build=i486-linux-gnu --host=i486-linux-gnu --target=i486-linux-gnu
Thread model: posix
gcc version 4.3.3 (Ubuntu 4.3.3-5ubuntu4) 
configure:4734: $? = 0
configure:4736: g++ -V </dev/null >&5
g++: '-V' option must have argument
configure:4739: $? = 1
configure:4742: checking whether we are using the GNU C++ compiler
configure:4766: g++ -c   conftest.cc >&5
configure:4772: $? = 0
configure:4776: test -z 
			 || test ! -s conftest.err
configure:4779: $? = 0
configure:4782: test -s conftest.o
configure:4785: $? = 0
configure:4798: result: yes
configure:4804: checking whether g++ accepts -g
configure:4825: g++ -c -g  conftest.cc >&5
configure:4831: $? = 0
configure:4835: test -z 
			 || test ! -s conftest.err
configure:4838: $? = 0
configure:4841: test -s conftest.o
configure:4844: $? = 0
configure:4855: result: yes
configure:4897: g++ -c -g -O2  conftest.cc >&5
configure:4903: $? = 0
configure:4907: test -z 
			 || test ! -s conftest.err
configure:4910: $? = 0
configure:4913: test -s conftest.o
configure:4916: $? = 0
configure:4942: g++ -c -g -O2  conftest.cc >&5
conftest.cc: In function 'int main()':
conftest.cc:26: error: 'exit' was not declared in this scope
configure:4948: $? = 1
configure: failed program was:
| /* confdefs.h.  */
| 
| #define PACKAGE_NAME ""
| #define PACKAGE_TARNAME ""
| #define PACKAGE_VERSION ""
| #define PACKAGE_STRING ""
| #define PACKAGE_BUGREPORT ""
| #define PACKAGE "cloog"
| #define VERSION "0.15"
| #define STDC_HEADERS 1
| #define HAVE_SYS_TYPES_H 1
| #define HAVE_SYS_STAT_H 1
| #define HAVE_STDLIB_H 1
| #define HAVE_STRING_H 1
| #define HAVE_MEMORY_H 1
| #define HAVE_STRINGS_H 1
| #define HAVE_INTTYPES_H 1
| #define HAVE_STDINT_H 1
| #define HAVE_UNISTD_H 1
| #define HAVE_DLFCN_H 1
| /* end confdefs.h.  */
| 
| int
| main ()
| {
| exit (42);
|   ;
|   return 0;
| }
configure:4897: g++ -c -g -O2  conftest.cc >&5
conftest.cc:22: error: 'void std::exit(int)' should have been declared inside 'std'
configure:4903: $? = 1
configure: failed program was:
| /* confdefs.h.  */
| 
| #define PACKAGE_NAME ""
| #define PACKAGE_TARNAME ""
| #define PACKAGE_VERSION ""
| #define PACKAGE_STRING ""
| #define PACKAGE_BUGREPORT ""
| #define PACKAGE "cloog"
| #define VERSION "0.15"
| #define STDC_HEADERS 1
| #define HAVE_SYS_TYPES_H 1
| #define HAVE_SYS_STAT_H 1
| #define HAVE_STDLIB_H 1
| #define HAVE_STRING_H 1
| #define HAVE_MEMORY_H 1
| #define HAVE_STRINGS_H 1
| #define HAVE_INTTYPES_H 1
| #define HAVE_STDINT_H 1
| #define HAVE_UNISTD_H 1
| #define HAVE_DLFCN_H 1
| /* end confdefs.h.  */
| extern "C" void std::exit (int) throw (); using std::exit;
| #include <stdlib.h>
| int
| main ()
| {
| exit (42);
|   ;
|   return 0;
| }
configure:4897: g++ -c -g -O2  conftest.cc >&5
conftest.cc:22: error: 'void std::exit(int)' should have been declared inside 'std'
In file included from conftest.cc:23:
/usr/include/stdlib.h:531: error: declaration of 'void std::exit(int) throw ()' throws different exceptions
conftest.cc:22: error: from previous declaration 'void std::exit(int)'
configure:4903: $? = 1
configure: failed program was:
| /* confdefs.h.  */
| 
| #define PACKAGE_NAME ""
| #define PACKAGE_TARNAME ""
| #define PACKAGE_VERSION ""
| #define PACKAGE_STRING ""
| #define PACKAGE_BUGREPORT ""
| #define PACKAGE "cloog"
| #define VERSION "0.15"
| #define STDC_HEADERS 1
| #define HAVE_SYS_TYPES_H 1
| #define HAVE_SYS_STAT_H 1
| #define HAVE_STDLIB_H 1
| #define HAVE_STRING_H 1
| #define HAVE_MEMORY_H 1
| #define HAVE_STRINGS_H 1
| #define HAVE_INTTYPES_H 1
| #define HAVE_STDINT_H 1
| #define HAVE_UNISTD_H 1
| #define HAVE_DLFCN_H 1
| /* end confdefs.h.  */
| extern "C" void std::exit (int); using std::exit;
| #include <stdlib.h>
| int
| main ()
| {
| exit (42);
|   ;
|   return 0;
| }
configure:4897: g++ -c -g -O2  conftest.cc >&5
configure:4903: $? = 0
configure:4907: test -z 
			 || test ! -s conftest.err
configure:4910: $? = 0
configure:4913: test -s conftest.o
configure:4916: $? = 0
configure:4942: g++ -c -g -O2  conftest.cc >&5
configure:4948: $? = 0
configure:4952: test -z 
			 || test ! -s conftest.err
configure:4955: $? = 0
configure:4958: test -s conftest.o
configure:4961: $? = 0
configure:4986: checking dependency style of g++
configure:5069: result: gcc3
configure:5096: checking how to run the C++ preprocessor
configure:5127: g++ -E  conftest.cc
configure:5133: $? = 0
configure:5165: g++ -E  conftest.cc
conftest.cc:25:28: error: ac_nonexistent.h: No such file or directory
configure:5171: $? = 1
configure: failed program was:
| /* confdefs.h.  */
| 
| #define PACKAGE_NAME ""
| #define PACKAGE_TARNAME ""
| #define PACKAGE_VERSION ""
| #define PACKAGE_STRING ""
| #define PACKAGE_BUGREPORT ""
| #define PACKAGE "cloog"
| #define VERSION "0.15"
| #define STDC_HEADERS 1
| #define HAVE_SYS_TYPES_H 1
| #define HAVE_SYS_STAT_H 1
| #define HAVE_STDLIB_H 1
| #define HAVE_STRING_H 1
| #define HAVE_MEMORY_H 1
| #define HAVE_STRINGS_H 1
| #define HAVE_INTTYPES_H 1
| #define HAVE_STDINT_H 1
| #define HAVE_UNISTD_H 1
| #define HAVE_DLFCN_H 1
| #ifdef __cplusplus
| extern "C" void exit (int) throw ();
| #endif
| /* end confdefs.h.  */
| #include <ac_nonexistent.h>
configure:5210: result: g++ -E
configure:5234: g++ -E  conftest.cc
configure:5240: $? = 0
configure:5272: g++ -E  conftest.cc
conftest.cc:25:28: error: ac_nonexistent.h: No such file or directory
configure:5278: $? = 1
configure: failed program was:
| /* confdefs.h.  */
| 
| #define PACKAGE_NAME ""
| #define PACKAGE_TARNAME ""
| #define PACKAGE_VERSION ""
| #define PACKAGE_STRING ""
| #define PACKAGE_BUGREPORT ""
| #define PACKAGE "cloog"
| #define VERSION "0.15"
| #define STDC_HEADERS 1
| #define HAVE_SYS_TYPES_H 1
| #define HAVE_SYS_STAT_H 1
| #define HAVE_STDLIB_H 1
| #define HAVE_STRING_H 1
| #define HAVE_MEMORY_H 1
| #define HAVE_STRINGS_H 1
| #define HAVE_INTTYPES_H 1
| #define HAVE_STDINT_H 1
| #define HAVE_UNISTD_H 1
| #define HAVE_DLFCN_H 1
| #ifdef __cplusplus
| extern "C" void exit (int) throw ();
| #endif
| /* end confdefs.h.  */
| #include <ac_nonexistent.h>
configure:5375: checking for g77
configure:5404: result: no
configure:5375: checking for f77
configure:5404: result: no
configure:5375: checking for xlf
configure:5404: result: no
configure:5375: checking for frt
configure:5404: result: no
configure:5375: checking for pgf77
configure:5404: result: no
configure:5375: checking for fort77
configure:5404: result: no
configure:5375: checking for fl32
configure:5404: result: no
configure:5375: checking for af77
configure:5404: result: no
configure:5375: checking for f90
configure:5404: result: no
configure:5375: checking for xlf90
configure:5404: result: no
configure:5375: checking for pgf90
configure:5404: result: no
configure:5375: checking for epcf90
configure:5404: result: no
configure:5375: checking for f95
configure:5391: found /usr/bin/f95
configure:5401: result: f95
configure:5416: checking for Fortran 77 compiler version
configure:5419: f95 --version </dev/null >&5
GNU Fortran (Ubuntu 4.3.3-5ubuntu4) 4.3.3
Copyright (C) 2008 Free Software Foundation, Inc.

GNU Fortran comes with NO WARRANTY, to the extent permitted by law.
You may redistribute copies of GNU Fortran
under the terms of the GNU General Public License.
For more information about these matters, see the file named COPYING

configure:5422: $? = 0
configure:5424: f95 -v </dev/null >&5
Using built-in specs.
Target: i486-linux-gnu
Configured with: ../src/configure -v --with-pkgversion='Ubuntu 4.3.3-5ubuntu4' --with-bugurl=file:///usr/share/doc/gcc-4.3/README.Bugs --enable-languages=c,c++,fortran,objc,obj-c++ --prefix=/usr --enable-shared --with-system-zlib --libexecdir=/usr/lib --without-included-gettext --enable-threads=posix --enable-nls --with-gxx-include-dir=/usr/include/c++/4.3 --program-suffix=-4.3 --enable-clocale=gnu --enable-libstdcxx-debug --enable-objc-gc --enable-mpfr --enable-targets=all --with-tune=generic --enable-checking=release --build=i486-linux-gnu --host=i486-linux-gnu --target=i486-linux-gnu
Thread model: posix
gcc version 4.3.3 (Ubuntu 4.3.3-5ubuntu4) 
configure:5427: $? = 0
configure:5429: f95 -V </dev/null >&5
f95: '-V' option must have argument
configure:5432: $? = 1
configure:5440: checking whether we are using the GNU Fortran 77 compiler
configure:5454: f95 -c  conftest.F >&5
configure:5460: $? = 0
configure:5464: test -z 
			 || test ! -s conftest.err
configure:5467: $? = 0
configure:5470: test -s conftest.o
configure:5473: $? = 0
configure:5486: result: yes
configure:5492: checking whether f95 accepts -g
configure:5504: f95 -c -g conftest.f >&5
configure:5510: $? = 0
configure:5514: test -z 
			 || test ! -s conftest.err
configure:5517: $? = 0
configure:5520: test -s conftest.o
configure:5523: $? = 0
configure:5535: result: yes
configure:5564: checking the maximum length of command line arguments
configure:5676: result: 1572864
configure:5688: checking command to parse /usr/bin/nm -B output from gcc object
configure:5793: gcc -c -g -O2  conftest.c >&5
configure:5796: $? = 0
configure:5800: /usr/bin/nm -B conftest.o \| sed -n -e 's/^.*[ 	]\([ABCDGIRSTW][ABCDGIRSTW]*\)[ 	][ 	]*\([_A-Za-z][_A-Za-z0-9]*\)$/\1 \2 \2/p' \> conftest.nm
configure:5803: $? = 0
configure:5855: gcc -o conftest -g -O2   conftest.c conftstm.o >&5
configure:5858: $? = 0
configure:5896: result: ok
configure:5900: checking for objdir
configure:5915: result: .libs
configure:6005: checking for ar
configure:6021: found /usr/bin/ar
configure:6032: result: ar
configure:6085: checking for ranlib
configure:6101: found /usr/bin/ranlib
configure:6112: result: ranlib
configure:6165: checking for strip
configure:6181: found /usr/bin/strip
configure:6192: result: strip
configure:6747: checking if gcc supports -fno-rtti -fno-exceptions
configure:6765: gcc -c -g -O2  -fno-rtti -fno-exceptions conftest.c >&5
cc1: warning: command line option "-fno-rtti" is valid for C++/ObjC++ but not for C
configure:6769: $? = 0
configure:6782: result: no
configure:6797: checking for gcc option to produce PIC
configure:7029: result: -fPIC
configure:7037: checking if gcc PIC flag -fPIC works
configure:7055: gcc -c -g -O2  -fPIC -DPIC conftest.c >&5
configure:7059: $? = 0
configure:7072: result: yes
configure:7100: checking if gcc static flag -static works
configure:7128: result: yes
configure:7138: checking if gcc supports -c -o file.o
configure:7159: gcc -c -g -O2  -o out/conftest2.o conftest.c >&5
configure:7163: $? = 0
configure:7185: result: yes
configure:7211: checking whether the gcc linker (/usr/bin/ld) supports shared libraries
configure:8196: result: yes
configure:8217: checking whether -lc should be explicitly linked in
configure:8222: gcc -c -g -O2  conftest.c >&5
configure:8225: $? = 0
configure:8240: gcc -shared conftest.o  -v -Wl,-soname -Wl,conftest -o conftest 2\>\&1 \| grep  -lc  \>/dev/null 2\>\&1
configure:8243: $? = 0
configure:8255: result: no
configure:8263: checking dynamic linker characteristics
configure:8877: result: GNU/Linux ld.so
configure:8901: checking how to hardcode library paths into programs
configure:8926: result: immediate
configure:8940: checking whether stripping libraries is possible
configure:8945: result: yes
configure:9780: checking if libtool supports shared libraries
configure:9782: result: yes
configure:9785: checking whether to build shared libraries
configure:9806: result: yes
configure:9809: checking whether to build static libraries
configure:9813: result: yes
configure:9907: creating libtool
configure:10500: checking for ld used by g++
configure:10567: result: /usr/bin/ld
configure:10576: checking if the linker (/usr/bin/ld) is GNU ld
configure:10591: result: yes
configure:10642: checking whether the g++ linker (/usr/bin/ld) supports shared libraries
configure:11592: result: yes
configure:11609: g++ -c -g -O2  conftest.cpp >&5
configure:11612: $? = 0
configure:11768: checking for g++ option to produce PIC
configure:12052: result: -fPIC
configure:12060: checking if g++ PIC flag -fPIC works
configure:12078: g++ -c -g -O2  -fPIC -DPIC conftest.cpp >&5
configure:12082: $? = 0
configure:12095: result: yes
configure:12123: checking if g++ static flag -static works
configure:12151: result: yes
configure:12161: checking if g++ supports -c -o file.o
configure:12182: g++ -c -g -O2  -o out/conftest2.o conftest.cpp >&5
configure:12186: $? = 0
configure:12208: result: yes
configure:12234: checking whether the g++ linker (/usr/bin/ld) supports shared libraries
configure:12263: result: yes
configure:12330: checking dynamic linker characteristics
configure:12892: result: GNU/Linux ld.so
configure:12916: checking how to hardcode library paths into programs
configure:12941: result: immediate
configure:13480: checking if libtool supports shared libraries
configure:13482: result: yes
configure:13485: checking whether to build shared libraries
configure:13505: result: yes
configure:13508: checking whether to build static libraries
configure:13512: result: yes
configure:13522: checking for f95 option to produce PIC
configure:13754: result: -fPIC
configure:13762: checking if f95 PIC flag -fPIC works
configure:13780: f95 -c -g -O2 -fPIC conftest.f >&5
configure:13784: $? = 0
configure:13797: result: yes
configure:13825: checking if f95 static flag -static works
configure:13853: result: yes
configure:13863: checking if f95 supports -c -o file.o
configure:13884: f95 -c -g -O2 -o out/conftest2.o conftest.f >&5
configure:13888: $? = 0
configure:13910: result: yes
configure:13936: checking whether the f95 linker (/usr/bin/ld) supports shared libraries
configure:14901: result: yes
configure:14968: checking dynamic linker characteristics
configure:15530: result: GNU/Linux ld.so
configure:15554: checking how to hardcode library paths into programs
configure:15579: result: immediate
configure:19200: checking for an ANSI C-conforming const
configure:19267: gcc -c -g -O2  conftest.c >&5
configure:19273: $? = 0
configure:19277: test -z 
			 || test ! -s conftest.err
configure:19280: $? = 0
configure:19283: test -s conftest.o
configure:19286: $? = 0
configure:19297: result: yes
configure:19307: checking for size_t
configure:19331: gcc -c -g -O2  conftest.c >&5
configure:19337: $? = 0
configure:19341: test -z 
			 || test ! -s conftest.err
configure:19344: $? = 0
configure:19347: test -s conftest.o
configure:19350: $? = 0
configure:19361: result: yes
configure:19376: checking for ANSI C header files
configure:19532: result: yes
configure:19548: checking for strtol
configure:19605: gcc -o conftest -g -O2   conftest.c  >&5
configure:19611: $? = 0
configure:19615: test -z 
			 || test ! -s conftest.err
configure:19618: $? = 0
configure:19621: test -s conftest
configure:19624: $? = 0
configure:19636: result: yes
configure:19657: checking sys/resource.h usability
configure:19669: gcc -c -g -O2  conftest.c >&5
configure:19675: $? = 0
configure:19679: test -z 
			 || test ! -s conftest.err
configure:19682: $? = 0
configure:19685: test -s conftest.o
configure:19688: $? = 0
configure:19698: result: yes
configure:19702: checking sys/resource.h presence
configure:19712: gcc -E  conftest.c
configure:19718: $? = 0
configure:19738: result: yes
configure:19773: checking for sys/resource.h
configure:19780: result: yes
configure:19875: checking whether gmp works
configure:20130: checking gmp.h usability
configure:20142: gcc -c -g -O2 -I/media/work_stonybrook/labwork/gcc-4.5.1/cloog-ppl/../gmp/include  conftest.c >&5
configure:20148: $? = 0
configure:20152: test -z 
			 || test ! -s conftest.err
configure:20155: $? = 0
configure:20158: test -s conftest.o
configure:20161: $? = 0
configure:20171: result: yes
configure:20175: checking gmp.h presence
configure:20185: gcc -E -I/media/work_stonybrook/labwork/gcc-4.5.1/cloog-ppl/../gmp/include  conftest.c
configure:20191: $? = 0
configure:20211: result: yes
configure:20246: checking for gmp.h
configure:20253: result: yes
configure:20266: checking for __gmpz_init in -lgmp
configure:20296: gcc -o conftest -g -O2 -I/media/work_stonybrook/labwork/gcc-4.5.1/cloog-ppl/../gmp/include  -L/media/work_stonybrook/labwork/gcc-4.5.1/cloog-ppl/../gmp/lib  conftest.c -lgmp   >&5
configure:20302: $? = 0
configure:20306: test -z 
			 || test ! -s conftest.err
configure:20309: $? = 0
configure:20312: test -s conftest
configure:20315: $? = 0
configure:20328: result: yes
configure:20339: result: yes
configure:20367: checking for location of PolyLib
configure:20401: result: installed in standard location
configure:20407: checking for PolyhedronTSort in -lpolylib32
configure:20437: gcc -o conftest -g -O2 -I/media/work_stonybrook/labwork/gcc-4.5.1/cloog-ppl/../gmp/include  -L/media/work_stonybrook/labwork/gcc-4.5.1/cloog-ppl/../gmp/lib  conftest.c -lpolylib32   -lgmp >&5
/usr/bin/ld: cannot find -lpolylib32
collect2: ld returned 1 exit status
configure:20443: $? = 1
configure: failed program was:
| /* confdefs.h.  */
| 
| #define PACKAGE_NAME ""
| #define PACKAGE_TARNAME ""
| #define PACKAGE_VERSION ""
| #define PACKAGE_STRING ""
| #define PACKAGE_BUGREPORT ""
| #define PACKAGE "cloog"
| #define VERSION "0.15"
| #define STDC_HEADERS 1
| #define HAVE_SYS_TYPES_H 1
| #define HAVE_SYS_STAT_H 1
| #define HAVE_STDLIB_H 1
| #define HAVE_STRING_H 1
| #define HAVE_MEMORY_H 1
| #define HAVE_STRINGS_H 1
| #define HAVE_INTTYPES_H 1
| #define HAVE_STDINT_H 1
| #define HAVE_UNISTD_H 1
| #define HAVE_DLFCN_H 1
| #ifdef __cplusplus
| extern "C" void exit (int) throw ();
| #endif
| #define STDC_HEADERS 1
| #define HAVE_STRTOL 1
| #define HAS_SYS_RESOURCE_H 1
| #define LINEAR_VALUE_IS_MP 1
| /* end confdefs.h.  */
| 
| /* Override any gcc2 internal prototype to avoid an error.  */
| #ifdef __cplusplus
| extern "C"
| #endif
| /* We use char because int might match the return type of a gcc2
|    builtin and then its argument prototype would still apply.  */
| char PolyhedronTSort ();
| int
| main ()
| {
| PolyhedronTSort ();
|   ;
|   return 0;
| }
configure:20469: result: no
configure:20482: result: Can't find PolyLib.
configure:20652: checking for Parma Polyhedral Library (PPL)
configure:20662: result: installed in /media/work_stonybrook/labwork/gcc-4.5.1/cloog-ppl/../ppl-0.10/installdir
configure:20680: checking ppl_c.h usability
configure:20692: gcc -c -g -O2 -I/media/work_stonybrook/labwork/gcc-4.5.1/cloog-ppl/../ppl-0.10/installdir/include -I/media/work_stonybrook/labwork/gcc-4.5.1/cloog-ppl/../gmp/include  conftest.c >&5
configure:20698: $? = 0
configure:20702: test -z 
			 || test ! -s conftest.err
configure:20705: $? = 0
configure:20708: test -s conftest.o
configure:20711: $? = 0
configure:20721: result: yes
configure:20725: checking ppl_c.h presence
configure:20735: gcc -E -I/media/work_stonybrook/labwork/gcc-4.5.1/cloog-ppl/../ppl-0.10/installdir/include -I/media/work_stonybrook/labwork/gcc-4.5.1/cloog-ppl/../gmp/include  conftest.c
configure:20741: $? = 0
configure:20761: result: yes
configure:20796: checking for ppl_c.h
configure:20803: result: yes
configure:20817: checking for version 0.10 of PPL
configure:20839: gcc -c -g -O2 -I/media/work_stonybrook/labwork/gcc-4.5.1/cloog-ppl/../ppl-0.10/installdir/include -I/media/work_stonybrook/labwork/gcc-4.5.1/cloog-ppl/../gmp/include  conftest.c >&5
configure:20845: $? = 0
configure:20849: test -z 
			 || test ! -s conftest.err
configure:20852: $? = 0
configure:20855: test -s conftest.o
configure:20858: $? = 0
configure:20860: result: yes
configure:21023: creating ./config.status

## ---------------------- ##
## Running config.status. ##
## ---------------------- ##

This file was extended by config.status, which was
generated by GNU Autoconf 2.59.  Invocation command line was

  CONFIG_FILES    = 
  CONFIG_HEADERS  = 
  CONFIG_LINKS    = 
  CONFIG_COMMANDS = 
  $ ./config.status 

on niranjan-laptop

config.status:741: creating Makefile
config.status:741: creating test/Makefile
config.status:741: creating include/cloog/cloog.h
config.status:741: creating autoconf/Doxyfile
config.status:741: creating doc/Makefile
config.status:741: creating genversion.sh
config.status:849: creating include/cloog/cloog-config.h
config.status:967: include/cloog/cloog-config.h is unchanged
config.status:1147: executing depfiles commands
config.status:1147: executing version.h commands
config.status:1147: executing doc/gitversion.texi commands

## ---------------- ##
## Cache variables. ##
## ---------------- ##

ac_cv_build=i686-pc-linux-gnu
ac_cv_build_alias=i686-pc-linux-gnu
ac_cv_c_compiler_gnu=yes
ac_cv_c_const=yes
ac_cv_cxx_compiler_gnu=yes
ac_cv_env_CC_set=
ac_cv_env_CC_value=
ac_cv_env_CFLAGS_set=
ac_cv_env_CFLAGS_value=
ac_cv_env_CPPFLAGS_set=
ac_cv_env_CPPFLAGS_value=
ac_cv_env_CPP_set=
ac_cv_env_CPP_value=
ac_cv_env_CXXCPP_set=
ac_cv_env_CXXCPP_value=
ac_cv_env_CXXFLAGS_set=
ac_cv_env_CXXFLAGS_value=
ac_cv_env_CXX_set=
ac_cv_env_CXX_value=
ac_cv_env_F77_set=
ac_cv_env_F77_value=
ac_cv_env_FFLAGS_set=
ac_cv_env_FFLAGS_value=
ac_cv_env_LDFLAGS_set=
ac_cv_env_LDFLAGS_value=
ac_cv_env_build_alias_set=
ac_cv_env_build_alias_value=
ac_cv_env_host_alias_set=
ac_cv_env_host_alias_value=
ac_cv_env_target_alias_set=
ac_cv_env_target_alias_value=
ac_cv_exeext=
ac_cv_f77_compiler_gnu=yes
ac_cv_func_strtol=yes
ac_cv_header_dlfcn_h=yes
ac_cv_header_gmp_h=yes
ac_cv_header_inttypes_h=yes
ac_cv_header_memory_h=yes
ac_cv_header_ppl_c_h=yes
ac_cv_header_stdc=yes
ac_cv_header_stdint_h=yes
ac_cv_header_stdlib_h=yes
ac_cv_header_string_h=yes
ac_cv_header_strings_h=yes
ac_cv_header_sys_resource_h=yes
ac_cv_header_sys_stat_h=yes
ac_cv_header_sys_types_h=yes
ac_cv_header_unistd_h=yes
ac_cv_host=i686-pc-linux-gnu
ac_cv_host_alias=i686-pc-linux-gnu
ac_cv_lib_gmp___gmpz_init=yes
ac_cv_lib_polylib32___PolyhedronTSort=no
ac_cv_objext=o
ac_cv_path_install='/usr/bin/install -c'
ac_cv_prog_AWK=gawk
ac_cv_prog_CPP='gcc -E'
ac_cv_prog_CXXCPP='g++ -E'
ac_cv_prog_ac_ct_AR=ar
ac_cv_prog_ac_ct_CC=gcc
ac_cv_prog_ac_ct_CXX=g++
ac_cv_prog_ac_ct_F77=f95
ac_cv_prog_ac_ct_RANLIB=ranlib
ac_cv_prog_ac_ct_STRIP=strip
ac_cv_prog_cc_g=yes
ac_cv_prog_cc_stdc=
ac_cv_prog_cxx_g=yes
ac_cv_prog_egrep='grep -E'
ac_cv_prog_f77_g=yes
ac_cv_prog_make_make_set=yes
ac_cv_type_size_t=yes
am_cv_CC_dependencies_compiler_type=gcc3
am_cv_CXX_dependencies_compiler_type=gcc3
cl_cv_polylib=missing
lt_cv_deplibs_check_method=pass_all
lt_cv_file_magic_cmd='$MAGIC_CMD'
lt_cv_file_magic_test_file=
lt_cv_ld_reload_flag=-r
lt_cv_objdir=.libs
lt_cv_path_LD=/usr/bin/ld
lt_cv_path_LDCXX=/usr/bin/ld
lt_cv_path_NM='/usr/bin/nm -B'
lt_cv_path_SED=/bin/sed
lt_cv_prog_compiler_c_o=yes
lt_cv_prog_compiler_c_o_CXX=yes
lt_cv_prog_compiler_c_o_F77=yes
lt_cv_prog_compiler_pic_works=yes
lt_cv_prog_compiler_pic_works_CXX=yes
lt_cv_prog_compiler_pic_works_F77=yes
lt_cv_prog_compiler_rtti_exceptions=no
lt_cv_prog_compiler_static_works=yes
lt_cv_prog_compiler_static_works_CXX=yes
lt_cv_prog_compiler_static_works_F77=yes
lt_cv_prog_gnu_ld=yes
lt_cv_prog_gnu_ldcxx=yes
lt_cv_sys_global_symbol_pipe='sed -n -e '\''s/^.*[ 	]\([ABCDGIRSTW][ABCDGIRSTW]*\)[ 	][ 	]*\([_A-Za-z][_A-Za-z0-9]*\)$/\1 \2 \2/p'\'''
lt_cv_sys_global_symbol_to_c_name_address='sed -n -e '\''s/^: \([^ ]*\) $/  {\"\1\", (lt_ptr) 0},/p'\'' -e '\''s/^[BCDEGRST] \([^ ]*\) \([^ ]*\)$/  {"\2", (lt_ptr) \&\2},/p'\'''
lt_cv_sys_global_symbol_to_cdecl='sed -n -e '\''s/^. .* \(.*\)$/extern int \1;/p'\'''
lt_cv_sys_lib_dlsearch_path_spec='/lib /usr/lib /lib/i486-linux-gnu /usr/lib/i486-linux-gnu /usr/lib/alsa-lib /usr/local/lib /usr/local/bdb/lib/ '
lt_cv_sys_lib_search_path_spec='/usr/lib/gcc/i486-linux-gnu/4.3.3 /usr/lib /lib'
lt_cv_sys_max_cmd_len=1572864
lt_lt_cv_prog_compiler_c_o='"yes"'
lt_lt_cv_prog_compiler_c_o_CXX='"yes"'
lt_lt_cv_prog_compiler_c_o_F77='"yes"'
lt_lt_cv_sys_global_symbol_pipe='"sed -n -e '\''s/^.*[ 	]\\([ABCDGIRSTW][ABCDGIRSTW]*\\)[ 	][ 	]*\\([_A-Za-z][_A-Za-z0-9]*\\)\$/\\1 \\2 \\2/p'\''"'
lt_lt_cv_sys_global_symbol_to_c_name_address='"sed -n -e '\''s/^: \\([^ ]*\\) \$/  {\\\"\\1\\\", (lt_ptr) 0},/p'\'' -e '\''s/^[BCDEGRST] \\([^ ]*\\) \\([^ ]*\\)\$/  {\"\\2\", (lt_ptr) \\&\\2},/p'\''"'
lt_lt_cv_sys_global_symbol_to_cdecl='"sed -n -e '\''s/^. .* \\(.*\\)\$/extern int \\1;/p'\''"'

## ----------------- ##
## Output variables. ##
## ----------------- ##

ACLOCAL='${SHELL} /media/work_stonybrook/labwork/gcc-4.5.1/cloog-ppl/autoconf/missing --run aclocal-1.7'
AMDEPBACKSLASH='\'
AMDEP_FALSE='#'
AMDEP_TRUE=''
AMTAR='${SHELL} /media/work_stonybrook/labwork/gcc-4.5.1/cloog-ppl/autoconf/missing --run tar'
AR='ar'
AUTOCONF='${SHELL} /media/work_stonybrook/labwork/gcc-4.5.1/cloog-ppl/autoconf/missing --run autoconf'
AUTOHEADER='${SHELL} /media/work_stonybrook/labwork/gcc-4.5.1/cloog-ppl/autoconf/missing --run autoheader'
AUTOMAKE='${SHELL} /media/work_stonybrook/labwork/gcc-4.5.1/cloog-ppl/autoconf/missing --run automake-1.7'
AWK='gawk'
BITS='32'
CC='gcc'
CCDEPMODE='depmode=gcc3'
CD=''
CFLAGS='-g -O2'
CLOOG_VERSION_BETA='0'
CLOOG_VERSION_MAJOR='0'
CLOOG_VERSION_MINOR='15'
CLOOG_VERSION_REVISION='0'
CPP='gcc -E'
CPPFLAGS='-I/media/work_stonybrook/labwork/gcc-4.5.1/cloog-ppl/../ppl-0.10/installdir/include -I/media/work_stonybrook/labwork/gcc-4.5.1/cloog-ppl/../gmp/include '
CXX='g++'
CXXCPP='g++ -E'
CXXDEPMODE='depmode=gcc3'
CXXFLAGS='-g -O2'
CYGPATH_W='echo'
DEFS='-DHAVE_CONFIG_H'
DEPDIR='.deps'
DSYMUTIL=''
ECHO='echo'
ECHO_C=''
ECHO_N='-n'
ECHO_T=''
EGREP='grep -E'
EXEEXT=''
F77='f95'
FFLAGS='-g -O2'
GIT_INDEX=''
INSTALL='/usr/bin/install -c'
INSTALL_DATA='${INSTALL} -m 644'
INSTALL_PROGRAM='${INSTALL}'
INSTALL_SCRIPT='${INSTALL}'
INSTALL_STRIP_PROGRAM='${SHELL} $(install_sh) -c -s'
LDFLAGS='-L/media/work_stonybrook/labwork/gcc-4.5.1/cloog-ppl/../ppl-0.10/installdir/lib -L/media/work_stonybrook/labwork/gcc-4.5.1/cloog-ppl/../gmp/lib '
LIBOBJS=''
LIBS=' -lgmp -lppl_c -lppl -lgmpxx'
LIBTOOL='$(SHELL) $(top_builddir)/libtool'
LN_S='ln -s'
LTLIBOBJS=''
MAKEINFO='${SHELL} /media/work_stonybrook/labwork/gcc-4.5.1/cloog-ppl/autoconf/missing --run makeinfo'
NMEDIT=''
OBJEXT='o'
PACKAGE='cloog'
PACKAGE_BUGREPORT=''
PACKAGE_NAME=''
PACKAGE_STRING=''
PACKAGE_TARNAME=''
PACKAGE_VERSION=''
PATH_SEPARATOR=':'
POLYHEDRAL_BACKEND='ppl'
POLYLIB_CPPFLAGS=''
POLYLIB_LDFLAGS=''
POLYLIB_LIBS=''
PPL_CPPFLAGS=''
PPL_LDFLAGS=''
PPL_LIBS=''
RANLIB='ranlib'
SED='/bin/sed'
SET_MAKE=''
SHELL='/bin/bash'
SHEXT=''
STRIP='strip'
VERSION='0.15'
ac_ct_AR='ar'
ac_ct_CC='gcc'
ac_ct_CXX='g++'
ac_ct_DSYMUTIL=''
ac_ct_F77='f95'
ac_ct_NMEDIT=''
ac_ct_RANLIB='ranlib'
ac_ct_STRIP='strip'
am__fastdepCC_FALSE='#'
am__fastdepCC_TRUE=''
am__fastdepCXX_FALSE='#'
am__fastdepCXX_TRUE=''
am__include='include'
am__leading_dot='.'
am__quote=''
bindir='${exec_prefix}/bin'
build='i686-pc-linux-gnu'
build_alias=''
build_cpu='i686'
build_os='linux-gnu'
build_vendor='pc'
cl_cv_polylib='missing'
datadir='${prefix}/share'
exec_prefix='${prefix}'
host='i686-pc-linux-gnu'
host_alias=''
host_cpu='i686'
host_os='linux-gnu'
host_vendor='pc'
includedir='${prefix}/include'
infodir='${prefix}/info'
install_sh='/media/work_stonybrook/labwork/gcc-4.5.1/cloog-ppl/autoconf/install-sh'
libdir='${exec_prefix}/lib'
libexecdir='${exec_prefix}/libexec'
localstatedir='${prefix}/var'
mandir='${prefix}/man'
oldincludedir='/usr/include'
prefix='/media/work_stonybrook/labwork/gcc-4.5.1/cloog-ppl/installdir'
program_transform_name='s,x,x,'
sbindir='${exec_prefix}/sbin'
sharedstatedir='${prefix}/com'
sysconfdir='${prefix}/etc'
target=''
target_alias=''

## ----------- ##
## confdefs.h. ##
## ----------- ##

#define CLOOG_PPL_BACKEND 1
#define HAS_SYS_RESOURCE_H 1
#define HAVE_DLFCN_H 1
#define HAVE_INTTYPES_H 1
#define HAVE_MEMORY_H 1
#define HAVE_STDINT_H 1
#define HAVE_STDLIB_H 1
#define HAVE_STRINGS_H 1
#define HAVE_STRING_H 1
#define HAVE_STRTOL 1
#define HAVE_SYS_STAT_H 1
#define HAVE_SYS_TYPES_H 1
#define HAVE_UNISTD_H 1
#define LINEAR_VALUE_IS_MP 1
#define PACKAGE "cloog"
#define PACKAGE_BUGREPORT ""
#define PACKAGE_NAME ""
#define PACKAGE_STRING ""
#define PACKAGE_TARNAME ""
#define PACKAGE_VERSION ""
#define STDC_HEADERS 1
#define STDC_HEADERS 1
#define VERSION "0.15"
#endif
#ifdef __cplusplus
extern "C" void exit (int) throw ();

configure: exit 0
