This file contains any messages produced by compilers while
running configure, to aid debugging if configure makes a mistake.

It was created by configure, which was
generated by GNU Autoconf 2.65.  Invocation command line was

  $ ./configure --with-ppl=/media/work_stonybrook/labwork/gcc-4.5.1/cloog-ppl-0.15.10/../ppl-0.11/installdir --with-gmp=/media/work_stonybrook/labwork/gcc-4.5.1/cloog-ppl-0.15.10/../gmp --prefix=/media/work_stonybrook/labwork/gcc-4.5.1/cloog-ppl-0.15.10/installdir

## --------- ##
## Platform. ##
## --------- ##

hostname = niranjan-laptop
uname -m = i686
uname -r = 2.6.28-19-generic
uname -s = Linux
uname -v = #66-Ubuntu SMP Sat Oct 16 17:39:04 UTC 2010

/usr/bin/uname -p = unknown
/bin/uname -X     = unknown

/bin/arch              = unknown
/usr/bin/arch -k       = unknown
/usr/convex/getsysinfo = unknown
/usr/bin/hostinfo      = unknown
/bin/machine           = unknown
/usr/bin/oslevel       = unknown
/bin/universe          = unknown

PATH: /usr/local/sbin
PATH: /usr/local/bin
PATH: /usr/sbin
PATH: /usr/bin
PATH: /sbin
PATH: /bin
PATH: /usr/games


## ----------- ##
## Core tests. ##
## ----------- ##

configure:2421: checking for a BSD-compatible install
configure:2489: result: /usr/bin/install -c
configure:2500: checking whether build environment is sane
configure:2537: result: yes
configure:2599: checking for gawk
configure:2615: found /usr/bin/gawk
configure:2626: result: gawk
configure:2637: checking whether make sets $(MAKE)
configure:2659: result: yes
configure:2916: checking for gcc
configure:2932: found /usr/bin/gcc
configure:2943: result: gcc
configure:3172: checking for C compiler version
configure:3181: gcc --version >&5
gcc (Ubuntu 4.3.3-5ubuntu4) 4.3.3
Copyright (C) 2008 Free Software Foundation, Inc.
This is free software; see the source for copying conditions.  There is NO
warranty; not even for MERCHANTABILITY or FITNESS FOR A PARTICULAR PURPOSE.

configure:3192: $? = 0
configure:3181: gcc -v >&5
Using built-in specs.
Target: i486-linux-gnu
Configured with: ../src/configure -v --with-pkgversion='Ubuntu 4.3.3-5ubuntu4' --with-bugurl=file:///usr/share/doc/gcc-4.3/README.Bugs --enable-languages=c,c++,fortran,objc,obj-c++ --prefix=/usr --enable-shared --with-system-zlib --libexecdir=/usr/lib --without-included-gettext --enable-threads=posix --enable-nls --with-gxx-include-dir=/usr/include/c++/4.3 --program-suffix=-4.3 --enable-clocale=gnu --enable-libstdcxx-debug --enable-objc-gc --enable-mpfr --enable-targets=all --with-tune=generic --enable-checking=release --build=i486-linux-gnu --host=i486-linux-gnu --target=i486-linux-gnu
Thread model: posix
gcc version 4.3.3 (Ubuntu 4.3.3-5ubuntu4) 
configure:3192: $? = 0
configure:3181: gcc -V >&5
gcc: '-V' option must have argument
configure:3192: $? = 1
configure:3181: gcc -qversion >&5
gcc: unrecognized option '-qversion'
gcc: no input files
configure:3192: $? = 1
configure:3212: checking whether the C compiler works
configure:3234: gcc    conftest.c  >&5
configure:3238: $? = 0
configure:3287: result: yes
configure:3290: checking for C compiler default output file name
configure:3292: result: a.out
configure:3298: checking for suffix of executables
configure:3305: gcc -o conftest    conftest.c  >&5
configure:3309: $? = 0
configure:3331: result: 
configure:3353: checking whether we are cross compiling
configure:3361: gcc -o conftest    conftest.c  >&5
configure:3365: $? = 0
configure:3372: ./conftest
configure:3376: $? = 0
configure:3391: result: no
configure:3396: checking for suffix of object files
configure:3418: gcc -c   conftest.c >&5
configure:3422: $? = 0
configure:3443: result: o
configure:3447: checking whether we are using the GNU C compiler
configure:3466: gcc -c   conftest.c >&5
configure:3466: $? = 0
configure:3475: result: yes
configure:3484: checking whether gcc accepts -g
configure:3504: gcc -c -g  conftest.c >&5
configure:3504: $? = 0
configure:3545: result: yes
configure:3562: checking for gcc option to accept ISO C89
configure:3626: gcc  -c -g -O2  conftest.c >&5
configure:3626: $? = 0
configure:3639: result: none needed
configure:3670: checking for style of include used by make
configure:3698: result: GNU
configure:3726: checking dependency style of gcc
configure:3816: result: gcc3
configure:3833: checking whether ln -s works
configure:3837: result: yes
configure:3844: checking whether make sets $(MAKE)
configure:3866: result: yes
configure:3877: checking for cd
configure:3907: result: no
configure:3942: checking build system type
configure:3956: result: i686-pc-linux-gnu
configure:3976: checking host system type
configure:3989: result: i686-pc-linux-gnu
configure:4009: checking for a sed that does not truncate output
configure:4073: result: /bin/sed
configure:4091: checking for grep that handles long lines and -e
configure:4149: result: /bin/grep
configure:4154: checking for egrep
configure:4216: result: /bin/grep -E
configure:4221: checking for fgrep
configure:4283: result: /bin/grep -F
configure:4318: checking for ld used by gcc
configure:4385: result: /usr/bin/ld
configure:4392: checking if the linker (/usr/bin/ld) is GNU ld
configure:4407: result: yes
configure:4419: checking for BSD- or MS-compatible name lister (nm)
configure:4468: result: /usr/bin/nm -B
configure:4586: checking the name lister (/usr/bin/nm -B) interface
configure:4593: gcc -c -g -O2  conftest.c >&5
configure:4596: /usr/bin/nm -B "conftest.o"
configure:4599: output
00000000 B some_variable
configure:4606: result: BSD nm
configure:4610: checking the maximum length of command line arguments
configure:4730: result: 1572864
configure:4747: checking whether the shell understands some XSI constructs
configure:4757: result: yes
configure:4761: checking whether the shell understands "+="
configure:4767: result: yes
configure:4802: checking for /usr/bin/ld option to reload object files
configure:4809: result: -r
configure:4878: checking for objdump
configure:4894: found /usr/bin/objdump
configure:4905: result: objdump
configure:4937: checking how to recognize dependent libraries
configure:5133: result: pass_all
configure:5193: checking for ar
configure:5209: found /usr/bin/ar
configure:5220: result: ar
configure:5298: checking for strip
configure:5314: found /usr/bin/strip
configure:5325: result: strip
configure:5397: checking for ranlib
configure:5413: found /usr/bin/ranlib
configure:5424: result: ranlib
configure:5514: checking command to parse /usr/bin/nm -B output from gcc object
configure:5632: gcc -c -g -O2  conftest.c >&5
configure:5635: $? = 0
configure:5639: /usr/bin/nm -B conftest.o \| sed -n -e 's/^.*[	 ]\([ABCDGIRSTW][ABCDGIRSTW]*\)[	 ][	 ]*\([_A-Za-z][_A-Za-z0-9]*\)$/\1 \2 \2/p' \> conftest.nm
configure:5642: $? = 0
configure:5696: gcc -o conftest -g -O2   conftest.c conftstm.o >&5
configure:5699: $? = 0
configure:5737: result: ok
configure:6546: checking how to run the C preprocessor
configure:6577: gcc -E  conftest.c
configure:6577: $? = 0
configure:6591: gcc -E  conftest.c
conftest.c:11:28: error: ac_nonexistent.h: No such file or directory
configure:6591: $? = 1
configure: failed program was:
| /* confdefs.h */
| #define PACKAGE_NAME ""
| #define PACKAGE_TARNAME ""
| #define PACKAGE_VERSION ""
| #define PACKAGE_STRING ""
| #define PACKAGE_BUGREPORT ""
| #define PACKAGE_URL ""
| #define PACKAGE "cloog"
| #define VERSION "0.15"
| /* end confdefs.h.  */
| #include <ac_nonexistent.h>
configure:6616: result: gcc -E
configure:6636: gcc -E  conftest.c
configure:6636: $? = 0
configure:6650: gcc -E  conftest.c
conftest.c:11:28: error: ac_nonexistent.h: No such file or directory
configure:6650: $? = 1
configure: failed program was:
| /* confdefs.h */
| #define PACKAGE_NAME ""
| #define PACKAGE_TARNAME ""
| #define PACKAGE_VERSION ""
| #define PACKAGE_STRING ""
| #define PACKAGE_BUGREPORT ""
| #define PACKAGE_URL ""
| #define PACKAGE "cloog"
| #define VERSION "0.15"
| /* end confdefs.h.  */
| #include <ac_nonexistent.h>
configure:6679: checking for ANSI C header files
configure:6699: gcc -c -g -O2  conftest.c >&5
configure:6699: $? = 0
configure:6772: gcc -o conftest -g -O2   conftest.c  >&5
configure:6772: $? = 0
configure:6772: ./conftest
configure:6772: $? = 0
configure:6783: result: yes
configure:6796: checking for sys/types.h
configure:6796: gcc -c -g -O2  conftest.c >&5
configure:6796: $? = 0
configure:6796: result: yes
configure:6796: checking for sys/stat.h
configure:6796: gcc -c -g -O2  conftest.c >&5
configure:6796: $? = 0
configure:6796: result: yes
configure:6796: checking for stdlib.h
configure:6796: gcc -c -g -O2  conftest.c >&5
configure:6796: $? = 0
configure:6796: result: yes
configure:6796: checking for string.h
configure:6796: gcc -c -g -O2  conftest.c >&5
configure:6796: $? = 0
configure:6796: result: yes
configure:6796: checking for memory.h
configure:6796: gcc -c -g -O2  conftest.c >&5
configure:6796: $? = 0
configure:6796: result: yes
configure:6796: checking for strings.h
configure:6796: gcc -c -g -O2  conftest.c >&5
configure:6796: $? = 0
configure:6796: result: yes
configure:6796: checking for inttypes.h
configure:6796: gcc -c -g -O2  conftest.c >&5
configure:6796: $? = 0
configure:6796: result: yes
configure:6796: checking for stdint.h
configure:6796: gcc -c -g -O2  conftest.c >&5
configure:6796: $? = 0
configure:6796: result: yes
configure:6796: checking for unistd.h
configure:6796: gcc -c -g -O2  conftest.c >&5
configure:6796: $? = 0
configure:6796: result: yes
configure:6811: checking for dlfcn.h
configure:6811: gcc -c -g -O2  conftest.c >&5
configure:6811: $? = 0
configure:6811: result: yes
configure:6995: checking for objdir
configure:7010: result: .libs
configure:7306: checking if gcc supports -fno-rtti -fno-exceptions
configure:7324: gcc -c -g -O2  -fno-rtti -fno-exceptions conftest.c >&5
cc1: warning: command line option "-fno-rtti" is valid for C++/ObjC++ but not for C
configure:7328: $? = 0
configure:7341: result: no
configure:7361: checking for gcc option to produce PIC
configure:7633: result: -fPIC -DPIC
configure:7645: checking if gcc PIC flag -fPIC -DPIC works
configure:7663: gcc -c -g -O2  -fPIC -DPIC -DPIC conftest.c >&5
configure:7667: $? = 0
configure:7680: result: yes
configure:7704: checking if gcc static flag -static works
configure:7732: result: yes
configure:7747: checking if gcc supports -c -o file.o
configure:7768: gcc -c -g -O2  -o out/conftest2.o conftest.c >&5
configure:7772: $? = 0
configure:7794: result: yes
configure:7802: checking if gcc supports -c -o file.o
configure:7849: result: yes
configure:7882: checking whether the gcc linker (/usr/bin/ld) supports shared libraries
configure:8869: result: yes
configure:8906: checking whether -lc should be explicitly linked in
configure:8911: gcc -c -g -O2  conftest.c >&5
configure:8914: $? = 0
configure:8929: gcc -shared conftest.o  -v -Wl,-soname -Wl,conftest -o conftest 2\>\&1 \| /bin/grep  -lc  \>/dev/null 2\>\&1
configure:8932: $? = 0
configure:8944: result: no
configure:9108: checking dynamic linker characteristics
configure:9541: gcc -o conftest -g -O2   -Wl,-rpath -Wl,/foo conftest.c  >&5
configure:9541: $? = 0
configure:9771: result: GNU/Linux ld.so
configure:9873: checking how to hardcode library paths into programs
configure:9898: result: immediate
configure:10418: checking whether stripping libraries is possible
configure:10423: result: yes
configure:10458: checking if libtool supports shared libraries
configure:10460: result: yes
configure:10463: checking whether to build shared libraries
configure:10484: result: yes
configure:10487: checking whether to build static libraries
configure:10491: result: yes
configure:10528: checking for an ANSI C-conforming const
configure:10593: gcc -c -g -O2  conftest.c >&5
configure:10593: $? = 0
configure:10600: result: yes
configure:10608: checking for size_t
configure:10608: gcc -c -g -O2  conftest.c >&5
configure:10608: $? = 0
configure:10608: gcc -c -g -O2  conftest.c >&5
conftest.c: In function 'main':
conftest.c:59: error: expected expression before ')' token
configure:10608: $? = 1
configure: failed program was:
| /* confdefs.h */
| #define PACKAGE_NAME ""
| #define PACKAGE_TARNAME ""
| #define PACKAGE_VERSION ""
| #define PACKAGE_STRING ""
| #define PACKAGE_BUGREPORT ""
| #define PACKAGE_URL ""
| #define PACKAGE "cloog"
| #define VERSION "0.15"
| #define STDC_HEADERS 1
| #define HAVE_SYS_TYPES_H 1
| #define HAVE_SYS_STAT_H 1
| #define HAVE_STDLIB_H 1
| #define HAVE_STRING_H 1
| #define HAVE_MEMORY_H 1
| #define HAVE_STRINGS_H 1
| #define HAVE_INTTYPES_H 1
| #define HAVE_STDINT_H 1
| #define HAVE_UNISTD_H 1
| #define HAVE_DLFCN_H 1
| #define LT_OBJDIR ".libs/"
| /* end confdefs.h.  */
| #include <stdio.h>
| #ifdef HAVE_SYS_TYPES_H
| # include <sys/types.h>
| #endif
| #ifdef HAVE_SYS_STAT_H
| # include <sys/stat.h>
| #endif
| #ifdef STDC_HEADERS
| # include <stdlib.h>
| # include <stddef.h>
| #else
| # ifdef HAVE_STDLIB_H
| #  include <stdlib.h>
| # endif
| #endif
| #ifdef HAVE_STRING_H
| # if !defined STDC_HEADERS && defined HAVE_MEMORY_H
| #  include <memory.h>
| # endif
| # include <string.h>
| #endif
| #ifdef HAVE_STRINGS_H
| # include <strings.h>
| #endif
| #ifdef HAVE_INTTYPES_H
| # include <inttypes.h>
| #endif
| #ifdef HAVE_STDINT_H
| # include <stdint.h>
| #endif
| #ifdef HAVE_UNISTD_H
| # include <unistd.h>
| #endif
| int
| main ()
| {
| if (sizeof ((size_t)))
| 	    return 0;
|   ;
|   return 0;
| }
configure:10608: result: yes
configure:10622: checking for ANSI C header files
configure:10726: result: yes
configure:10738: checking for strtol
configure:10738: gcc -o conftest -g -O2   conftest.c  >&5
configure:10738: $? = 0
configure:10738: result: yes
configure:10748: checking sys/resource.h usability
configure:10748: gcc -c -g -O2  conftest.c >&5
configure:10748: $? = 0
configure:10748: result: yes
configure:10748: checking sys/resource.h presence
configure:10748: gcc -E  conftest.c
configure:10748: $? = 0
configure:10748: result: yes
configure:10748: checking for sys/resource.h
configure:10748: result: yes
configure:10837: checking whether gmp works
configure:10918: checking gmp.h usability
configure:10918: gcc -c -g -O2 -I/media/work_stonybrook/labwork/gcc-4.5.1/cloog-ppl-0.15.10/../gmp/include  conftest.c >&5
configure:10918: $? = 0
configure:10918: result: yes
configure:10918: checking gmp.h presence
configure:10918: gcc -E -I/media/work_stonybrook/labwork/gcc-4.5.1/cloog-ppl-0.15.10/../gmp/include  conftest.c
configure:10918: $? = 0
configure:10918: result: yes
configure:10918: checking for gmp.h
configure:10918: result: yes
configure:10926: checking for __gmpz_init in -lgmp
configure:10951: gcc -o conftest -g -O2 -I/media/work_stonybrook/labwork/gcc-4.5.1/cloog-ppl-0.15.10/../gmp/include  -L/media/work_stonybrook/labwork/gcc-4.5.1/cloog-ppl-0.15.10/../gmp/lib  conftest.c -lgmp   >&5
configure:10951: $? = 0
configure:10960: result: yes
configure:10969: result: yes
configure:10995: checking for location of PolyLib
configure:11029: result: installed in standard location
configure:11035: checking for PolyhedronTSort in -lpolylib64
configure:11060: gcc -o conftest -g -O2 -I/media/work_stonybrook/labwork/gcc-4.5.1/cloog-ppl-0.15.10/../gmp/include  -L/media/work_stonybrook/labwork/gcc-4.5.1/cloog-ppl-0.15.10/../gmp/lib  conftest.c -lpolylib64   -lgmp >&5
/usr/bin/ld: cannot find -lpolylib64
collect2: ld returned 1 exit status
configure:11060: $? = 1
configure: failed program was:
| /* confdefs.h */
| #define PACKAGE_NAME ""
| #define PACKAGE_TARNAME ""
| #define PACKAGE_VERSION ""
| #define PACKAGE_STRING ""
| #define PACKAGE_BUGREPORT ""
| #define PACKAGE_URL ""
| #define PACKAGE "cloog"
| #define VERSION "0.15"
| #define STDC_HEADERS 1
| #define HAVE_SYS_TYPES_H 1
| #define HAVE_SYS_STAT_H 1
| #define HAVE_STDLIB_H 1
| #define HAVE_STRING_H 1
| #define HAVE_MEMORY_H 1
| #define HAVE_STRINGS_H 1
| #define HAVE_INTTYPES_H 1
| #define HAVE_STDINT_H 1
| #define HAVE_UNISTD_H 1
| #define HAVE_DLFCN_H 1
| #define LT_OBJDIR ".libs/"
| #define STDC_HEADERS 1
| #define HAVE_STRTOL 1
| #define HAS_SYS_RESOURCE_H 1
| #define LINEAR_VALUE_IS_MP 1
| /* end confdefs.h.  */
| 
| /* Override any GCC internal prototype to avoid an error.
|    Use char because int might match the return type of a GCC
|    builtin and then its argument prototype would still apply.  */
| #ifdef __cplusplus
| extern "C"
| #endif
| char PolyhedronTSort ();
| int
| main ()
| {
| return PolyhedronTSort ();
|   ;
|   return 0;
| }
configure:11070: result: no
configure:11084: result: Can't find PolyLib.
configure:11115: checking for Parma Polyhedral Library (PPL)
configure:11125: result: installed in /media/work_stonybrook/labwork/gcc-4.5.1/cloog-ppl-0.15.10/../ppl-0.11/installdir
configure:11137: checking ppl_c.h usability
configure:11137: gcc -c -g -O2 -I/media/work_stonybrook/labwork/gcc-4.5.1/cloog-ppl-0.15.10/../ppl-0.11/installdir/include -I/media/work_stonybrook/labwork/gcc-4.5.1/cloog-ppl-0.15.10/../gmp/include  conftest.c >&5
configure:11137: $? = 0
configure:11137: result: yes
configure:11137: checking ppl_c.h presence
configure:11137: gcc -E -I/media/work_stonybrook/labwork/gcc-4.5.1/cloog-ppl-0.15.10/../ppl-0.11/installdir/include -I/media/work_stonybrook/labwork/gcc-4.5.1/cloog-ppl-0.15.10/../gmp/include  conftest.c
configure:11137: $? = 0
configure:11137: result: yes
configure:11137: checking for ppl_c.h
configure:11137: result: yes
configure:11146: checking for version 0.10 (or later revision) of PPL
configure:11163: gcc -c -g -O2 -I/media/work_stonybrook/labwork/gcc-4.5.1/cloog-ppl-0.15.10/../ppl-0.11/installdir/include -I/media/work_stonybrook/labwork/gcc-4.5.1/cloog-ppl-0.15.10/../gmp/include  conftest.c >&5
configure:11163: $? = 0
configure:11164: result: yes
configure:11327: creating ./config.status

## ---------------------- ##
## Running config.status. ##
## ---------------------- ##

This file was extended by config.status, which was
generated by GNU Autoconf 2.65.  Invocation command line was

  CONFIG_FILES    = 
  CONFIG_HEADERS  = 
  CONFIG_LINKS    = 
  CONFIG_COMMANDS = 
  $ ./config.status 

on niranjan-laptop

config.status:1089: creating Makefile
config.status:1089: creating test/Makefile
config.status:1089: creating include/cloog/cloog.h
config.status:1089: creating autoconf/Doxyfile
config.status:1089: creating doc/Makefile
config.status:1089: creating genversion.sh
config.status:1089: creating include/cloog/cloog-config.h
config.status:1255: include/cloog/cloog-config.h is unchanged
config.status:1302: executing depfiles commands
config.status:1302: executing libtool commands
config.status:1302: executing version.h commands
config.status:1302: executing doc/gitversion.texi commands

## ---------------- ##
## Cache variables. ##
## ---------------- ##

ac_cv_build=i686-pc-linux-gnu
ac_cv_c_compiler_gnu=yes
ac_cv_c_const=yes
ac_cv_env_CC_set=
ac_cv_env_CC_value=
ac_cv_env_CFLAGS_set=
ac_cv_env_CFLAGS_value=
ac_cv_env_CPPFLAGS_set=
ac_cv_env_CPPFLAGS_value=
ac_cv_env_CPP_set=
ac_cv_env_CPP_value=
ac_cv_env_LDFLAGS_set=
ac_cv_env_LDFLAGS_value=
ac_cv_env_LIBS_set=
ac_cv_env_LIBS_value=
ac_cv_env_build_alias_set=
ac_cv_env_build_alias_value=
ac_cv_env_host_alias_set=
ac_cv_env_host_alias_value=
ac_cv_env_target_alias_set=
ac_cv_env_target_alias_value=
ac_cv_func_strtol=yes
ac_cv_header_dlfcn_h=yes
ac_cv_header_gmp_h=yes
ac_cv_header_inttypes_h=yes
ac_cv_header_memory_h=yes
ac_cv_header_ppl_c_h=yes
ac_cv_header_stdc=yes
ac_cv_header_stdint_h=yes
ac_cv_header_stdlib_h=yes
ac_cv_header_string_h=yes
ac_cv_header_strings_h=yes
ac_cv_header_sys_resource_h=yes
ac_cv_header_sys_stat_h=yes
ac_cv_header_sys_types_h=yes
ac_cv_header_unistd_h=yes
ac_cv_host=i686-pc-linux-gnu
ac_cv_lib_gmp___gmpz_init=yes
ac_cv_lib_polylib64___PolyhedronTSort=no
ac_cv_objext=o
ac_cv_path_EGREP='/bin/grep -E'
ac_cv_path_FGREP='/bin/grep -F'
ac_cv_path_GREP=/bin/grep
ac_cv_path_SED=/bin/sed
ac_cv_path_install='/usr/bin/install -c'
ac_cv_prog_AWK=gawk
ac_cv_prog_CPP='gcc -E'
ac_cv_prog_ac_ct_AR=ar
ac_cv_prog_ac_ct_CC=gcc
ac_cv_prog_ac_ct_OBJDUMP=objdump
ac_cv_prog_ac_ct_RANLIB=ranlib
ac_cv_prog_ac_ct_STRIP=strip
ac_cv_prog_cc_c89=
ac_cv_prog_cc_g=yes
ac_cv_prog_make_make_set=yes
ac_cv_type_size_t=yes
am_cv_CC_dependencies_compiler_type=gcc3
cl_cv_polylib=missing
lt_cv_deplibs_check_method=pass_all
lt_cv_file_magic_cmd='$MAGIC_CMD'
lt_cv_file_magic_test_file=
lt_cv_ld_reload_flag=-r
lt_cv_nm_interface='BSD nm'
lt_cv_objdir=.libs
lt_cv_path_LD=/usr/bin/ld
lt_cv_path_NM='/usr/bin/nm -B'
lt_cv_prog_compiler_c_o=yes
lt_cv_prog_compiler_pic_works=yes
lt_cv_prog_compiler_rtti_exceptions=no
lt_cv_prog_compiler_static_works=yes
lt_cv_prog_gnu_ld=yes
lt_cv_sys_global_symbol_pipe='sed -n -e '\''s/^.*[	 ]\([ABCDGIRSTW][ABCDGIRSTW]*\)[	 ][	 ]*\([_A-Za-z][_A-Za-z0-9]*\)$/\1 \2 \2/p'\'''
lt_cv_sys_global_symbol_to_c_name_address='sed -n -e '\''s/^: \([^ ]*\) $/  {\"\1\", (void *) 0},/p'\'' -e '\''s/^[ABCDGIRSTW]* \([^ ]*\) \([^ ]*\)$/  {"\2", (void *) \&\2},/p'\'''
lt_cv_sys_global_symbol_to_c_name_address_lib_prefix='sed -n -e '\''s/^: \([^ ]*\) $/  {\"\1\", (void *) 0},/p'\'' -e '\''s/^[ABCDGIRSTW]* \([^ ]*\) \(lib[^ ]*\)$/  {"\2", (void *) \&\2},/p'\'' -e '\''s/^[ABCDGIRSTW]* \([^ ]*\) \([^ ]*\)$/  {"lib\2", (void *) \&\2},/p'\'''
lt_cv_sys_global_symbol_to_cdecl='sed -n -e '\''s/^T .* \(.*\)$/extern int \1();/p'\'' -e '\''s/^[ABCDGIRSTW]* .* \(.*\)$/extern char \1;/p'\'''
lt_cv_sys_max_cmd_len=1572864

## ----------------- ##
## Output variables. ##
## ----------------- ##

ACLOCAL='${SHELL} /media/work_stonybrook/labwork/gcc-4.5.1/cloog-ppl-0.15.10/autoconf/missing --run aclocal-1.9'
AMDEPBACKSLASH='\'
AMDEP_FALSE='#'
AMDEP_TRUE=''
AMTAR='${SHELL} /media/work_stonybrook/labwork/gcc-4.5.1/cloog-ppl-0.15.10/autoconf/missing --run tar'
AR='ar'
AUTOCONF='${SHELL} /media/work_stonybrook/labwork/gcc-4.5.1/cloog-ppl-0.15.10/autoconf/missing --run autoconf'
AUTOHEADER='${SHELL} /media/work_stonybrook/labwork/gcc-4.5.1/cloog-ppl-0.15.10/autoconf/missing --run autoheader'
AUTOMAKE='${SHELL} /media/work_stonybrook/labwork/gcc-4.5.1/cloog-ppl-0.15.10/autoconf/missing --run automake-1.9'
AWK='gawk'
BITS='64'
CC='gcc'
CCDEPMODE='depmode=gcc3'
CD=''
CFLAGS='-g -O2'
CLOOG_VERSION_BETA='0'
CLOOG_VERSION_MAJOR='0'
CLOOG_VERSION_MINOR='15'
CLOOG_VERSION_REVISION='0'
CPP='gcc -E'
CPPFLAGS='-I/media/work_stonybrook/labwork/gcc-4.5.1/cloog-ppl-0.15.10/../ppl-0.11/installdir/include -I/media/work_stonybrook/labwork/gcc-4.5.1/cloog-ppl-0.15.10/../gmp/include '
CYGPATH_W='echo'
DEFS='-DHAVE_CONFIG_H'
DEPDIR='.deps'
DSYMUTIL=''
DUMPBIN=''
ECHO_C=''
ECHO_N='-n'
ECHO_T=''
EGREP='/bin/grep -E'
EXEEXT=''
FGREP='/bin/grep -F'
GIT_INDEX=''
GREP='/bin/grep'
INSTALL='/usr/bin/install -c'
INSTALL_DATA='${INSTALL} -m 644'
INSTALL_PROGRAM='${INSTALL}'
INSTALL_SCRIPT='${INSTALL}'
INSTALL_STRIP_PROGRAM='${SHELL} $(install_sh) -c -s'
LD='/usr/bin/ld'
LDFLAGS='-L/media/work_stonybrook/labwork/gcc-4.5.1/cloog-ppl-0.15.10/../ppl-0.11/installdir/lib -L/media/work_stonybrook/labwork/gcc-4.5.1/cloog-ppl-0.15.10/../gmp/lib '
LIBOBJS=''
LIBS=' -lgmp -lppl_c -lppl -lgmpxx '
LIBTOOL='$(SHELL) $(top_builddir)/libtool'
LIPO=''
LN_S='ln -s'
LTLIBOBJS=''
MAKEINFO='${SHELL} /media/work_stonybrook/labwork/gcc-4.5.1/cloog-ppl-0.15.10/autoconf/missing --run makeinfo'
NM='/usr/bin/nm -B'
NMEDIT=''
OBJDUMP='objdump'
OBJEXT='o'
OTOOL64=''
OTOOL=''
PACKAGE='cloog'
PACKAGE_BUGREPORT=''
PACKAGE_NAME=''
PACKAGE_STRING=''
PACKAGE_TARNAME=''
PACKAGE_URL=''
PACKAGE_VERSION=''
PATH_SEPARATOR=':'
POLYHEDRAL_BACKEND='ppl'
POLYLIB_CPPFLAGS=''
POLYLIB_LDFLAGS=''
POLYLIB_LIBS=''
PPL_CPPFLAGS=''
PPL_LDFLAGS=''
PPL_LIBS=''
RANLIB='ranlib'
SED='/bin/sed'
SET_MAKE=''
SHELL='/bin/bash'
SHEXT=''
STRIP='strip'
VERSION='0.15'
ac_ct_CC='gcc'
ac_ct_DUMPBIN=''
am__fastdepCC_FALSE='#'
am__fastdepCC_TRUE=''
am__include='include'
am__leading_dot='.'
am__quote=''
am__tar='${AMTAR} chof - "$$tardir"'
am__untar='${AMTAR} xf -'
bindir='${exec_prefix}/bin'
build='i686-pc-linux-gnu'
build_alias=''
build_cpu='i686'
build_os='linux-gnu'
build_vendor='pc'
cl_cv_polylib='missing'
datadir='${datarootdir}'
datarootdir='${prefix}/share'
docdir='${datarootdir}/doc/${PACKAGE}'
dvidir='${docdir}'
exec_prefix='${prefix}'
host='i686-pc-linux-gnu'
host_alias=''
host_cpu='i686'
host_os='linux-gnu'
host_vendor='pc'
htmldir='${docdir}'
includedir='${prefix}/include'
infodir='${datarootdir}/info'
install_sh='/media/work_stonybrook/labwork/gcc-4.5.1/cloog-ppl-0.15.10/autoconf/install-sh'
libdir='${exec_prefix}/lib'
libexecdir='${exec_prefix}/libexec'
localedir='${datarootdir}/locale'
localstatedir='${prefix}/var'
lt_ECHO='echo'
mandir='${datarootdir}/man'
mkdir_p='mkdir -p --'
oldincludedir='/usr/include'
pdfdir='${docdir}'
prefix='/media/work_stonybrook/labwork/gcc-4.5.1/cloog-ppl-0.15.10/installdir'
program_transform_name='s,x,x,'
psdir='${docdir}'
sbindir='${exec_prefix}/sbin'
sharedstatedir='${prefix}/com'
sysconfdir='${prefix}/etc'
target=''
target_alias=''

## ----------- ##
## confdefs.h. ##
## ----------- ##

/* confdefs.h */
#define PACKAGE_NAME ""
#define PACKAGE_TARNAME ""
#define PACKAGE_VERSION ""
#define PACKAGE_STRING ""
#define PACKAGE_BUGREPORT ""
#define PACKAGE_URL ""
#define PACKAGE "cloog"
#define VERSION "0.15"
#define STDC_HEADERS 1
#define HAVE_SYS_TYPES_H 1
#define HAVE_SYS_STAT_H 1
#define HAVE_STDLIB_H 1
#define HAVE_STRING_H 1
#define HAVE_MEMORY_H 1
#define HAVE_STRINGS_H 1
#define HAVE_INTTYPES_H 1
#define HAVE_STDINT_H 1
#define HAVE_UNISTD_H 1
#define HAVE_DLFCN_H 1
#define LT_OBJDIR ".libs/"
#define STDC_HEADERS 1
#define HAVE_STRTOL 1
#define HAS_SYS_RESOURCE_H 1
#define LINEAR_VALUE_IS_MP 1
#define CLOOG_PPL_BACKEND 1

configure: exit 0
